2017/09/12 09:59:20 [error] [exception.CHttpException.404] exception 'CHttpException' with message 'Unable to resolve the request "favicon.ico".' in D:\zyweb\Yii1\web\CWebApplication.php:286
Stack trace:
#0 D:\zyweb\Yii1\web\CWebApplication.php(141): CWebApplication->runController('favicon.ico')
#1 D:\zyweb\Yii1\base\CApplication.php(180): CWebApplication->processRequest()
#2 D:\zyweb\pcb_wl\website\api\index.php(47): CApplication->run()
#3 {main}
REQUEST_URI=/favicon.ico
HTTP_REFERER=http://api.logistics.com/gii/default/login
---
2017/09/12 09:59:28 [warning] [application] Failed to set unsafe attribute "baseFormClass" of "GiixAllCode".
in D:\zyweb\pcb_wl\website\api\index.php (47)
2017/09/12 09:59:28 [warning] [application] Failed to set unsafe attribute "formPath" of "GiixAllCode".
in D:\zyweb\pcb_wl\website\api\index.php (47)
2017/09/12 09:59:29 [warning] [application] Failed to set unsafe attribute "baseFormClass" of "GiixAllCode".
in D:\zyweb\pcb_wl\website\api\index.php (47)
2017/09/12 09:59:29 [warning] [application] Failed to set unsafe attribute "formPath" of "GiixAllCode".
in D:\zyweb\pcb_wl\website\api\index.php (47)
2017/09/12 14:50:59 [warning] [application] Failed to set unsafe attribute "baseFormClass" of "GiixAllCode".
in D:\zyweb\pcb_wl\website\api\index.php (47)
2017/09/12 14:50:59 [warning] [application] Failed to set unsafe attribute "formPath" of "GiixAllCode".
in D:\zyweb\pcb_wl\website\api\index.php (47)
2017/09/12 14:51:01 [warning] [application] Failed to set unsafe attribute "baseFormClass" of "GiixAllCode".
in D:\zyweb\pcb_wl\website\api\index.php (47)
2017/09/12 14:51:01 [warning] [application] Failed to set unsafe attribute "formPath" of "GiixAllCode".
in D:\zyweb\pcb_wl\website\api\index.php (47)
2017/09/12 16:00:32 [error] [exception.CHttpException.404] exception 'CHttpException' with message 'The system is unable to find the requested action "list".' in D:\zyweb\Yii1\web\CController.php:483
Stack trace:
#0 D:\zyweb\Yii1\web\CController.php(270): CController->missingAction('list')
#1 D:\zyweb\pcb_wl\applications\api\components\Controller.php(64): CController->run('list')
#2 D:\zyweb\Yii1\web\CWebApplication.php(282): Controller->run('list')
#3 D:\zyweb\Yii1\web\CWebApplication.php(141): CWebApplication->runController('demand/list')
#4 D:\zyweb\Yii1\base\CApplication.php(180): CWebApplication->processRequest()
#5 D:\zyweb\pcb_wl\website\api\index.php(47): CApplication->run()
#6 {main}
REQUEST_URI=/demand/list
---
2017/09/12 16:09:17 [error] [exception.CHttpException.404] exception 'CHttpException' with message 'Unable to resolve the request "favicon.ico".' in D:\zyweb\Yii1\web\CWebApplication.php:286
Stack trace:
#0 D:\zyweb\Yii1\web\CWebApplication.php(141): CWebApplication->runController('favicon.ico')
#1 D:\zyweb\Yii1\base\CApplication.php(180): CWebApplication->processRequest()
#2 D:\zyweb\pcb_wl\website\api\index.php(47): CApplication->run()
#3 {main}
REQUEST_URI=/favicon.ico
HTTP_REFERER=http://api.logistics.com/gii/default/login
---
2017/09/12 16:09:23 [warning] [application] Failed to set unsafe attribute "baseFormClass" of "GiixAllCode".
in D:\zyweb\pcb_wl\website\api\index.php (47)
2017/09/12 16:09:23 [warning] [application] Failed to set unsafe attribute "formPath" of "GiixAllCode".
in D:\zyweb\pcb_wl\website\api\index.php (47)
2017/09/12 16:09:24 [warning] [application] Failed to set unsafe attribute "baseFormClass" of "GiixAllCode".
in D:\zyweb\pcb_wl\website\api\index.php (47)
2017/09/12 16:09:24 [warning] [application] Failed to set unsafe attribute "formPath" of "GiixAllCode".
in D:\zyweb\pcb_wl\website\api\index.php (47)
