2017/10/19 09:23:33 [error] [exception.CHttpException.404] exception 'CHttpException' with message 'Unable to resolve the request "favicon.ico".' in D:\zyweb\Yii1\web\CWebApplication.php:286
Stack trace:
#0 D:\zyweb\Yii1\web\CWebApplication.php(141): CWebApplication->runController('favicon.ico')
#1 D:\zyweb\Yii1\base\CApplication.php(180): CWebApplication->processRequest()
#2 D:\zyweb\pcb_wl\website\api\index.php(47): CApplication->run()
#3 {main}
REQUEST_URI=/favicon.ico
HTTP_REFERER=http://api.logistics.com/gii/default/login
---
2017/10/19 09:23:44 [warning] [application] Failed to set unsafe attribute "baseFormClass" of "GiixAllCode".
in D:\zyweb\pcb_wl\website\api\index.php (47)
2017/10/19 09:23:44 [warning] [application] Failed to set unsafe attribute "formPath" of "GiixAllCode".
in D:\zyweb\pcb_wl\website\api\index.php (47)
2017/10/19 09:23:46 [warning] [application] Failed to set unsafe attribute "baseFormClass" of "GiixAllCode".
in D:\zyweb\pcb_wl\website\api\index.php (47)
2017/10/19 09:23:46 [warning] [application] Failed to set unsafe attribute "formPath" of "GiixAllCode".
in D:\zyweb\pcb_wl\website\api\index.php (47)
2017/10/19 10:28:51 [error] [exception.CHttpException.404] exception 'CHttpException' with message 'Unable to resolve the request "favicon.ico".' in D:\zyweb\Yii1\web\CWebApplication.php:286
Stack trace:
#0 D:\zyweb\Yii1\web\CWebApplication.php(141): CWebApplication->runController('favicon.ico')
#1 D:\zyweb\Yii1\base\CApplication.php(180): CWebApplication->processRequest()
#2 D:\zyweb\pcb_wl\website\api\index.php(47): CApplication->run()
#3 {main}
REQUEST_URI=/favicon.ico
HTTP_REFERER=http://api.logistics.com/gii/default/login
---
2017/10/19 10:29:01 [warning] [application] Failed to set unsafe attribute "baseFormClass" of "GiixAllCode".
in D:\zyweb\pcb_wl\website\api\index.php (47)
2017/10/19 10:29:01 [warning] [application] Failed to set unsafe attribute "formPath" of "GiixAllCode".
in D:\zyweb\pcb_wl\website\api\index.php (47)
2017/10/19 10:29:02 [warning] [application] Failed to set unsafe attribute "baseFormClass" of "GiixAllCode".
in D:\zyweb\pcb_wl\website\api\index.php (47)
2017/10/19 10:29:02 [warning] [application] Failed to set unsafe attribute "formPath" of "GiixAllCode".
in D:\zyweb\pcb_wl\website\api\index.php (47)
2017/10/19 13:44:31 [warning] [application] Failed to set unsafe attribute "baseFormClass" of "GiixAllCode".
in D:\zyweb\pcb_wl\website\api\index.php (47)
2017/10/19 13:44:31 [warning] [application] Failed to set unsafe attribute "formPath" of "GiixAllCode".
in D:\zyweb\pcb_wl\website\api\index.php (47)
2017/10/19 13:44:32 [warning] [application] Failed to set unsafe attribute "baseFormClass" of "GiixAllCode".
in D:\zyweb\pcb_wl\website\api\index.php (47)
2017/10/19 13:44:32 [warning] [application] Failed to set unsafe attribute "formPath" of "GiixAllCode".
in D:\zyweb\pcb_wl\website\api\index.php (47)
2017/10/19 17:12:06 [error] [exception.CHttpException.404] exception 'CHttpException' with message 'Unable to resolve the request "favicon.ico".' in D:\zyweb\Yii1\web\CWebApplication.php:286
Stack trace:
#0 D:\zyweb\Yii1\web\CWebApplication.php(141): CWebApplication->runController('favicon.ico')
#1 D:\zyweb\Yii1\base\CApplication.php(180): CWebApplication->processRequest()
#2 D:\zyweb\pcb_wl\website\api\index.php(47): CApplication->run()
#3 {main}
REQUEST_URI=/favicon.ico
HTTP_REFERER=http://api.logistics.com/gii/default/login
---
2017/10/19 17:12:42 [warning] [application] Failed to set unsafe attribute "baseFormClass" of "GiixAllCode".
in D:\zyweb\pcb_wl\website\api\index.php (47)
2017/10/19 17:12:42 [warning] [application] Failed to set unsafe attribute "formPath" of "GiixAllCode".
in D:\zyweb\pcb_wl\website\api\index.php (47)
2017/10/19 17:12:43 [warning] [application] Failed to set unsafe attribute "baseFormClass" of "GiixAllCode".
in D:\zyweb\pcb_wl\website\api\index.php (47)
2017/10/19 17:12:43 [warning] [application] Failed to set unsafe attribute "formPath" of "GiixAllCode".
in D:\zyweb\pcb_wl\website\api\index.php (47)
