2017/11/21 09:17:56 [error] [exception.CHttpException.404] exception 'CHttpException' with message 'Unable to resolve the request "favicon.ico".' in D:\zyweb\Yii1\web\CWebApplication.php:286
Stack trace:
#0 D:\zyweb\Yii1\web\CWebApplication.php(141): CWebApplication->runController('favicon.ico')
#1 D:\zyweb\Yii1\base\CApplication.php(180): CWebApplication->processRequest()
#2 D:\zyweb\pcb_logistics\website\home\index.php(38): CApplication->run()
#3 {main}
REQUEST_URI=/favicon.ico
HTTP_REFERER=http://www.wllogistics.com/index/index
---
2017/11/21 09:21:10 [error] [exception.CHttpException.404] exception 'CHttpException' with message 'Unable to resolve the request "favicon.ico".' in D:\zyweb\Yii1\web\CWebApplication.php:286
Stack trace:
#0 D:\zyweb\Yii1\web\CWebApplication.php(141): CWebApplication->runController('favicon.ico')
#1 D:\zyweb\Yii1\base\CApplication.php(180): CWebApplication->processRequest()
#2 D:\zyweb\pcb_logistics\website\home\index.php(38): CApplication->run()
#3 {main}
REQUEST_URI=/favicon.ico
HTTP_REFERER=http://www.wllogistics.com/address/edit
---
2017/11/21 09:21:11 [error] [exception.CHttpException.404] exception 'CHttpException' with message 'Unable to resolve the request "favicon.ico".' in D:\zyweb\Yii1\web\CWebApplication.php:286
Stack trace:
#0 D:\zyweb\Yii1\web\CWebApplication.php(141): CWebApplication->runController('favicon.ico')
#1 D:\zyweb\Yii1\base\CApplication.php(180): CWebApplication->processRequest()
#2 D:\zyweb\pcb_logistics\website\home\index.php(38): CApplication->run()
#3 {main}
REQUEST_URI=/favicon.ico
HTTP_REFERER=http://www.wllogistics.com/address/edit
---
2017/11/21 09:46:37 [error] [exception.CHttpException.404] exception 'CHttpException' with message 'Unable to resolve the request "favicon.ico".' in D:\zyweb\Yii1\web\CWebApplication.php:286
Stack trace:
#0 D:\zyweb\Yii1\web\CWebApplication.php(141): CWebApplication->runController('favicon.ico')
#1 D:\zyweb\Yii1\base\CApplication.php(180): CWebApplication->processRequest()
#2 D:\zyweb\pcb_logistics\website\home\index.php(38): CApplication->run()
#3 {main}
REQUEST_URI=/favicon.ico
HTTP_REFERER=http://www.wllogistics.com/address/edit/id/13
---
2017/11/21 09:46:37 [error] [exception.CHttpException.404] exception 'CHttpException' with message 'Unable to resolve the request "favicon.ico".' in D:\zyweb\Yii1\web\CWebApplication.php:286
Stack trace:
#0 D:\zyweb\Yii1\web\CWebApplication.php(141): CWebApplication->runController('favicon.ico')
#1 D:\zyweb\Yii1\base\CApplication.php(180): CWebApplication->processRequest()
#2 D:\zyweb\pcb_logistics\website\home\index.php(38): CApplication->run()
#3 {main}
REQUEST_URI=/favicon.ico
HTTP_REFERER=http://www.wllogistics.com/address/edit/id/13
---
2017/11/21 09:46:37 [error] [exception.CHttpException.404] exception 'CHttpException' with message 'Unable to resolve the request "favicon.ico".' in D:\zyweb\Yii1\web\CWebApplication.php:286
Stack trace:
#0 D:\zyweb\Yii1\web\CWebApplication.php(141): CWebApplication->runController('favicon.ico')
#1 D:\zyweb\Yii1\base\CApplication.php(180): CWebApplication->processRequest()
#2 D:\zyweb\pcb_logistics\website\home\index.php(38): CApplication->run()
#3 {main}
REQUEST_URI=/favicon.ico
HTTP_REFERER=http://www.wllogistics.com/address/edit/id/13
---
2017/11/21 09:47:15 [error] [exception.CException] exception 'CException' with message 'Property "AddressForm.longititude" is not defined.' in D:\zyweb\Yii1\base\CComponent.php:130
Stack trace:
#0 D:\zyweb\pcb_logistics\applications\home\views\address\edit.php(170): CComponent->__get('longititude')
#1 D:\zyweb\Yii1\web\CBaseController.php(126): require('D:\\zyweb\\pcb_lo...')
#2 D:\zyweb\Yii1\web\CBaseController.php(95): CBaseController->renderInternal('D:\\zyweb\\pcb_lo...', Array, true)
#3 D:\zyweb\Yii1\web\CController.php(869): CBaseController->renderFile('D:\\zyweb\\pcb_lo...', Array, true)
#4 D:\zyweb\Yii1\web\CController.php(782): CController->renderPartial('edit', Array, true)
#5 D:\zyweb\pcb_logistics\applications\home\components\Controller.php(52): CController->render('edit', Array, false)
#6 D:\zyweb\pcb_logistics\applications\home\controllers\AddressController.php(40): Controller->render('edit', Array)
#7 D:\zyweb\Yii1\web\actions\CInlineAction.php(49): AddressController->actionEdit()
#8 D:\zyweb\Yii1\web\CController.php(308): CInlineAction->runWithParams(Array)
#9 D:\zyweb\Yii1\web\CController.php(286): CController->runAction(Object(CInlineAction))
#10 D:\zyweb\Yii1\web\CController.php(265): CController->runActionWithFilters(Object(CInlineAction), Array)
#11 D:\zyweb\pcb_logistics\applications\home\components\Controller.php(30): CController->run('edit')
#12 D:\zyweb\Yii1\web\CWebApplication.php(282): Controller->run('edit')
#13 D:\zyweb\Yii1\web\CWebApplication.php(141): CWebApplication->runController('address/edit/id...')
#14 D:\zyweb\Yii1\base\CApplication.php(180): CWebApplication->processRequest()
#15 D:\zyweb\pcb_logistics\website\home\index.php(38): CApplication->run()
#16 {main}
REQUEST_URI=/address/edit/id/13
HTTP_REFERER=http://www.wllogistics.com/address/list
---
2017/11/21 09:50:32 [error] [exception.CException] exception 'CException' with message 'Property "AddressForm.logitude" is not defined.' in D:\zyweb\Yii1\base\CComponent.php:130
Stack trace:
#0 D:\zyweb\pcb_logistics\applications\home\views\address\edit.php(170): CComponent->__get('logitude')
#1 D:\zyweb\Yii1\web\CBaseController.php(126): require('D:\\zyweb\\pcb_lo...')
#2 D:\zyweb\Yii1\web\CBaseController.php(95): CBaseController->renderInternal('D:\\zyweb\\pcb_lo...', Array, true)
#3 D:\zyweb\Yii1\web\CController.php(869): CBaseController->renderFile('D:\\zyweb\\pcb_lo...', Array, true)
#4 D:\zyweb\Yii1\web\CController.php(782): CController->renderPartial('edit', Array, true)
#5 D:\zyweb\pcb_logistics\applications\home\components\Controller.php(52): CController->render('edit', Array, false)
#6 D:\zyweb\pcb_logistics\applications\home\controllers\AddressController.php(40): Controller->render('edit', Array)
#7 D:\zyweb\Yii1\web\actions\CInlineAction.php(49): AddressController->actionEdit()
#8 D:\zyweb\Yii1\web\CController.php(308): CInlineAction->runWithParams(Array)
#9 D:\zyweb\Yii1\web\CController.php(286): CController->runAction(Object(CInlineAction))
#10 D:\zyweb\Yii1\web\CController.php(265): CController->runActionWithFilters(Object(CInlineAction), Array)
#11 D:\zyweb\pcb_logistics\applications\home\components\Controller.php(30): CController->run('edit')
#12 D:\zyweb\Yii1\web\CWebApplication.php(282): Controller->run('edit')
#13 D:\zyweb\Yii1\web\CWebApplication.php(141): CWebApplication->runController('address/edit/id...')
#14 D:\zyweb\Yii1\base\CApplication.php(180): CWebApplication->processRequest()
#15 D:\zyweb\pcb_logistics\website\home\index.php(38): CApplication->run()
#16 {main}
REQUEST_URI=/address/edit/id/13
HTTP_REFERER=http://www.wllogistics.com/address/list
---
2017/11/21 11:05:09 [error] [php] array_diff(): Argument #2 is not an array (D:\zyweb\pcb_logistics\applications\home\service\AddressService.php:91)
Stack trace:
#0 D:\zyweb\Yii1\web\actions\CInlineAction.php(49): AddressController->actionEdit()
#1 D:\zyweb\Yii1\web\CController.php(308): CInlineAction->runWithParams()
#2 D:\zyweb\Yii1\web\CController.php(286): AddressController->runAction()
#3 D:\zyweb\Yii1\web\CController.php(265): AddressController->runActionWithFilters()
#4 D:\zyweb\pcb_logistics\applications\home\components\Controller.php(30): AddressController->run()
#5 D:\zyweb\Yii1\web\CWebApplication.php(282): AddressController->run()
#6 D:\zyweb\Yii1\web\CWebApplication.php(141): CWebApplication->runController()
#7 D:\zyweb\Yii1\base\CApplication.php(180): CWebApplication->processRequest()
#8 D:\zyweb\pcb_logistics\website\home\index.php(38): CWebApplication->run()
REQUEST_URI=/address/edit/id/13
in D:\zyweb\pcb_logistics\applications\home\service\AddressService.php (91)
in D:\zyweb\pcb_logistics\applications\home\controllers\AddressController.php (33)
in D:\zyweb\pcb_logistics\applications\home\components\Controller.php (30)
2017/11/21 11:05:17 [error] [php] array_diff(): Argument #2 is not an array (D:\zyweb\pcb_logistics\applications\home\service\AddressService.php:91)
Stack trace:
#0 D:\zyweb\Yii1\web\actions\CInlineAction.php(49): AddressController->actionEdit()
#1 D:\zyweb\Yii1\web\CController.php(308): CInlineAction->runWithParams()
#2 D:\zyweb\Yii1\web\CController.php(286): AddressController->runAction()
#3 D:\zyweb\Yii1\web\CController.php(265): AddressController->runActionWithFilters()
#4 D:\zyweb\pcb_logistics\applications\home\components\Controller.php(30): AddressController->run()
#5 D:\zyweb\Yii1\web\CWebApplication.php(282): AddressController->run()
#6 D:\zyweb\Yii1\web\CWebApplication.php(141): CWebApplication->runController()
#7 D:\zyweb\Yii1\base\CApplication.php(180): CWebApplication->processRequest()
#8 D:\zyweb\pcb_logistics\website\home\index.php(38): CWebApplication->run()
REQUEST_URI=/address/edit/id/13
in D:\zyweb\pcb_logistics\applications\home\service\AddressService.php (91)
in D:\zyweb\pcb_logistics\applications\home\controllers\AddressController.php (33)
in D:\zyweb\pcb_logistics\applications\home\components\Controller.php (30)
2017/11/21 11:13:56 [error] [php] array_diff(): Argument #2 is not an array (D:\zyweb\pcb_logistics\applications\home\service\AddressService.php:91)
Stack trace:
#0 D:\zyweb\Yii1\web\actions\CInlineAction.php(49): AddressController->actionEdit()
#1 D:\zyweb\Yii1\web\CController.php(308): CInlineAction->runWithParams()
#2 D:\zyweb\Yii1\web\CController.php(286): AddressController->runAction()
#3 D:\zyweb\Yii1\web\CController.php(265): AddressController->runActionWithFilters()
#4 D:\zyweb\pcb_logistics\applications\home\components\Controller.php(30): AddressController->run()
#5 D:\zyweb\Yii1\web\CWebApplication.php(282): AddressController->run()
#6 D:\zyweb\Yii1\web\CWebApplication.php(141): CWebApplication->runController()
#7 D:\zyweb\Yii1\base\CApplication.php(180): CWebApplication->processRequest()
#8 D:\zyweb\pcb_logistics\website\home\index.php(38): CWebApplication->run()
REQUEST_URI=/address/edit/id/13
in D:\zyweb\pcb_logistics\applications\home\service\AddressService.php (91)
in D:\zyweb\pcb_logistics\applications\home\controllers\AddressController.php (33)
in D:\zyweb\pcb_logistics\applications\home\components\Controller.php (30)
2017/11/21 11:15:16 [error] [php] array_diff(): Argument #2 is not an array (D:\zyweb\pcb_logistics\applications\home\service\AddressService.php:91)
Stack trace:
#0 D:\zyweb\Yii1\web\actions\CInlineAction.php(49): AddressController->actionEdit()
#1 D:\zyweb\Yii1\web\CController.php(308): CInlineAction->runWithParams()
#2 D:\zyweb\Yii1\web\CController.php(286): AddressController->runAction()
#3 D:\zyweb\Yii1\web\CController.php(265): AddressController->runActionWithFilters()
#4 D:\zyweb\pcb_logistics\applications\home\components\Controller.php(30): AddressController->run()
#5 D:\zyweb\Yii1\web\CWebApplication.php(282): AddressController->run()
#6 D:\zyweb\Yii1\web\CWebApplication.php(141): CWebApplication->runController()
#7 D:\zyweb\Yii1\base\CApplication.php(180): CWebApplication->processRequest()
#8 D:\zyweb\pcb_logistics\website\home\index.php(38): CWebApplication->run()
REQUEST_URI=/address/edit/id/13
in D:\zyweb\pcb_logistics\applications\home\service\AddressService.php (91)
in D:\zyweb\pcb_logistics\applications\home\controllers\AddressController.php (33)
in D:\zyweb\pcb_logistics\applications\home\components\Controller.php (30)
2017/11/21 11:15:37 [error] [php] array_diff(): Argument #2 is not an array (D:\zyweb\pcb_logistics\applications\home\service\AddressService.php:91)
Stack trace:
#0 D:\zyweb\Yii1\web\actions\CInlineAction.php(49): AddressController->actionEdit()
#1 D:\zyweb\Yii1\web\CController.php(308): CInlineAction->runWithParams()
#2 D:\zyweb\Yii1\web\CController.php(286): AddressController->runAction()
#3 D:\zyweb\Yii1\web\CController.php(265): AddressController->runActionWithFilters()
#4 D:\zyweb\pcb_logistics\applications\home\components\Controller.php(30): AddressController->run()
#5 D:\zyweb\Yii1\web\CWebApplication.php(282): AddressController->run()
#6 D:\zyweb\Yii1\web\CWebApplication.php(141): CWebApplication->runController()
#7 D:\zyweb\Yii1\base\CApplication.php(180): CWebApplication->processRequest()
#8 D:\zyweb\pcb_logistics\website\home\index.php(38): CWebApplication->run()
REQUEST_URI=/address/edit/id/13
in D:\zyweb\pcb_logistics\applications\home\service\AddressService.php (91)
in D:\zyweb\pcb_logistics\applications\home\controllers\AddressController.php (33)
in D:\zyweb\pcb_logistics\applications\home\components\Controller.php (30)
2017/11/21 11:22:52 [error] [php] Undefined index: ids (D:\zyweb\pcb_logistics\applications\home\service\AddressService.php:91)
Stack trace:
#0 D:\zyweb\Yii1\web\CController.php(308): CInlineAction->runWithParams()
#1 D:\zyweb\Yii1\web\CController.php(286): AddressController->runAction()
#2 D:\zyweb\Yii1\web\CController.php(265): AddressController->runActionWithFilters()
#3 D:\zyweb\pcb_logistics\applications\home\components\Controller.php(30): AddressController->run()
#4 D:\zyweb\Yii1\web\CWebApplication.php(282): AddressController->run()
#5 D:\zyweb\Yii1\web\CWebApplication.php(141): CWebApplication->runController()
#6 D:\zyweb\Yii1\base\CApplication.php(180): CWebApplication->processRequest()
#7 D:\zyweb\pcb_logistics\website\home\index.php(38): CWebApplication->run()
REQUEST_URI=/address/edit/id/13
in D:\zyweb\pcb_logistics\applications\home\service\AddressService.php (91)
in D:\zyweb\pcb_logistics\applications\home\controllers\AddressController.php (33)
in D:\zyweb\pcb_logistics\applications\home\components\Controller.php (30)
2017/11/21 11:46:35 [error] [exception.CHttpException.404] exception 'CHttpException' with message 'Unable to resolve the request "1".' in D:\zyweb\Yii1\web\CWebApplication.php:286
Stack trace:
#0 D:\zyweb\Yii1\web\CWebApplication.php(141): CWebApplication->runController('1')
#1 D:\zyweb\Yii1\base\CApplication.php(180): CWebApplication->processRequest()
#2 D:\zyweb\pcb_logistics\website\home\index.php(38): CApplication->run()
#3 {main}
REQUEST_URI=/1
HTTP_REFERER=http://www.wllogistics.com/goods/list
---
2017/11/21 11:46:39 [error] [exception.CHttpException.404] exception 'CHttpException' with message 'Unable to resolve the request "1".' in D:\zyweb\Yii1\web\CWebApplication.php:286
Stack trace:
#0 D:\zyweb\Yii1\web\CWebApplication.php(141): CWebApplication->runController('1')
#1 D:\zyweb\Yii1\base\CApplication.php(180): CWebApplication->processRequest()
#2 D:\zyweb\pcb_logistics\website\home\index.php(38): CApplication->run()
#3 {main}
REQUEST_URI=/1
HTTP_REFERER=http://www.wllogistics.com/goods/list
---
2017/11/21 13:51:50 [error] [exception.CHttpException.404] exception 'CHttpException' with message 'Unable to resolve the request "1".' in D:\zyweb\Yii1\web\CWebApplication.php:286
Stack trace:
#0 D:\zyweb\Yii1\web\CWebApplication.php(141): CWebApplication->runController('1')
#1 D:\zyweb\Yii1\base\CApplication.php(180): CWebApplication->processRequest()
#2 D:\zyweb\pcb_logistics\website\home\index.php(38): CApplication->run()
#3 {main}
REQUEST_URI=/1
HTTP_REFERER=http://www.wllogistics.com/address/list
---
2017/11/21 13:55:43 [error] [exception.CHttpException.404] exception 'CHttpException' with message 'Unable to resolve the request "1".' in D:\zyweb\Yii1\web\CWebApplication.php:286
Stack trace:
#0 D:\zyweb\Yii1\web\CWebApplication.php(141): CWebApplication->runController('1')
#1 D:\zyweb\Yii1\base\CApplication.php(180): CWebApplication->processRequest()
#2 D:\zyweb\pcb_logistics\website\home\index.php(38): CApplication->run()
#3 {main}
REQUEST_URI=/1
HTTP_REFERER=http://www.wllogistics.com/address/list
---
2017/11/21 13:55:44 [error] [exception.CHttpException.404] exception 'CHttpException' with message 'Unable to resolve the request "1".' in D:\zyweb\Yii1\web\CWebApplication.php:286
Stack trace:
#0 D:\zyweb\Yii1\web\CWebApplication.php(141): CWebApplication->runController('1')
#1 D:\zyweb\Yii1\base\CApplication.php(180): CWebApplication->processRequest()
#2 D:\zyweb\pcb_logistics\website\home\index.php(38): CApplication->run()
#3 {main}
REQUEST_URI=/1
HTTP_REFERER=http://www.wllogistics.com/address/list
---
2017/11/21 13:55:44 [error] [exception.CHttpException.404] exception 'CHttpException' with message 'Unable to resolve the request "1".' in D:\zyweb\Yii1\web\CWebApplication.php:286
Stack trace:
#0 D:\zyweb\Yii1\web\CWebApplication.php(141): CWebApplication->runController('1')
#1 D:\zyweb\Yii1\base\CApplication.php(180): CWebApplication->processRequest()
#2 D:\zyweb\pcb_logistics\website\home\index.php(38): CApplication->run()
#3 {main}
REQUEST_URI=/1
HTTP_REFERER=http://www.wllogistics.com/address/list
---
2017/11/21 13:55:44 [error] [exception.CHttpException.404] exception 'CHttpException' with message 'Unable to resolve the request "1".' in D:\zyweb\Yii1\web\CWebApplication.php:286
Stack trace:
#0 D:\zyweb\Yii1\web\CWebApplication.php(141): CWebApplication->runController('1')
#1 D:\zyweb\Yii1\base\CApplication.php(180): CWebApplication->processRequest()
#2 D:\zyweb\pcb_logistics\website\home\index.php(38): CApplication->run()
#3 {main}
REQUEST_URI=/1
HTTP_REFERER=http://www.wllogistics.com/address/list
---
2017/11/21 13:55:45 [error] [exception.CHttpException.404] exception 'CHttpException' with message 'Unable to resolve the request "1".' in D:\zyweb\Yii1\web\CWebApplication.php:286
Stack trace:
#0 D:\zyweb\Yii1\web\CWebApplication.php(141): CWebApplication->runController('1')
#1 D:\zyweb\Yii1\base\CApplication.php(180): CWebApplication->processRequest()
#2 D:\zyweb\pcb_logistics\website\home\index.php(38): CApplication->run()
#3 {main}
REQUEST_URI=/1
HTTP_REFERER=http://www.wllogistics.com/address/list
---
2017/11/21 13:55:46 [error] [exception.CHttpException.404] exception 'CHttpException' with message 'Unable to resolve the request "1".' in D:\zyweb\Yii1\web\CWebApplication.php:286
Stack trace:
#0 D:\zyweb\Yii1\web\CWebApplication.php(141): CWebApplication->runController('1')
#1 D:\zyweb\Yii1\base\CApplication.php(180): CWebApplication->processRequest()
#2 D:\zyweb\pcb_logistics\website\home\index.php(38): CApplication->run()
#3 {main}
REQUEST_URI=/1
HTTP_REFERER=http://www.wllogistics.com/address/list
---
2017/11/21 13:55:47 [error] [exception.CHttpException.404] exception 'CHttpException' with message 'Unable to resolve the request "1".' in D:\zyweb\Yii1\web\CWebApplication.php:286
Stack trace:
#0 D:\zyweb\Yii1\web\CWebApplication.php(141): CWebApplication->runController('1')
#1 D:\zyweb\Yii1\base\CApplication.php(180): CWebApplication->processRequest()
#2 D:\zyweb\pcb_logistics\website\home\index.php(38): CApplication->run()
#3 {main}
REQUEST_URI=/1
HTTP_REFERER=http://www.wllogistics.com/address/list
---
2017/11/21 13:55:48 [error] [exception.CHttpException.404] exception 'CHttpException' with message 'Unable to resolve the request "1".' in D:\zyweb\Yii1\web\CWebApplication.php:286
Stack trace:
#0 D:\zyweb\Yii1\web\CWebApplication.php(141): CWebApplication->runController('1')
#1 D:\zyweb\Yii1\base\CApplication.php(180): CWebApplication->processRequest()
#2 D:\zyweb\pcb_logistics\website\home\index.php(38): CApplication->run()
#3 {main}
REQUEST_URI=/1
HTTP_REFERER=http://www.wllogistics.com/address/list
---
2017/11/21 13:55:49 [error] [exception.CHttpException.404] exception 'CHttpException' with message 'Unable to resolve the request "1".' in D:\zyweb\Yii1\web\CWebApplication.php:286
Stack trace:
#0 D:\zyweb\Yii1\web\CWebApplication.php(141): CWebApplication->runController('1')
#1 D:\zyweb\Yii1\base\CApplication.php(180): CWebApplication->processRequest()
#2 D:\zyweb\pcb_logistics\website\home\index.php(38): CApplication->run()
#3 {main}
REQUEST_URI=/1
HTTP_REFERER=http://www.wllogistics.com/address/list
---
2017/11/21 13:55:50 [error] [exception.CHttpException.404] exception 'CHttpException' with message 'Unable to resolve the request "1".' in D:\zyweb\Yii1\web\CWebApplication.php:286
Stack trace:
#0 D:\zyweb\Yii1\web\CWebApplication.php(141): CWebApplication->runController('1')
#1 D:\zyweb\Yii1\base\CApplication.php(180): CWebApplication->processRequest()
#2 D:\zyweb\pcb_logistics\website\home\index.php(38): CApplication->run()
#3 {main}
REQUEST_URI=/1
HTTP_REFERER=http://www.wllogistics.com/address/list
---
2017/11/21 13:55:52 [error] [exception.CHttpException.404] exception 'CHttpException' with message 'Unable to resolve the request "1".' in D:\zyweb\Yii1\web\CWebApplication.php:286
Stack trace:
#0 D:\zyweb\Yii1\web\CWebApplication.php(141): CWebApplication->runController('1')
#1 D:\zyweb\Yii1\base\CApplication.php(180): CWebApplication->processRequest()
#2 D:\zyweb\pcb_logistics\website\home\index.php(38): CApplication->run()
#3 {main}
REQUEST_URI=/1
HTTP_REFERER=http://www.wllogistics.com/goods/list
---
2017/11/21 14:08:43 [error] [exception.CHttpException.404] exception 'CHttpException' with message 'Unable to resolve the request "favicon.ico".' in D:\zyweb\Yii1\web\CWebApplication.php:286
Stack trace:
#0 D:\zyweb\Yii1\web\CWebApplication.php(141): CWebApplication->runController('favicon.ico')
#1 D:\zyweb\Yii1\base\CApplication.php(180): CWebApplication->processRequest()
#2 D:\zyweb\pcb_logistics\website\home\index.php(38): CApplication->run()
#3 {main}
REQUEST_URI=/favicon.ico
HTTP_REFERER=http://www.wllogistics.com/goods/edit
---
2017/11/21 14:08:43 [error] [exception.CHttpException.404] exception 'CHttpException' with message 'Unable to resolve the request "favicon.ico".' in D:\zyweb\Yii1\web\CWebApplication.php:286
Stack trace:
#0 D:\zyweb\Yii1\web\CWebApplication.php(141): CWebApplication->runController('favicon.ico')
#1 D:\zyweb\Yii1\base\CApplication.php(180): CWebApplication->processRequest()
#2 D:\zyweb\pcb_logistics\website\home\index.php(38): CApplication->run()
#3 {main}
REQUEST_URI=/favicon.ico
HTTP_REFERER=http://www.wllogistics.com/goods/edit
---
2017/11/21 14:08:43 [error] [exception.CHttpException.404] exception 'CHttpException' with message 'Unable to resolve the request "favicon.ico".' in D:\zyweb\Yii1\web\CWebApplication.php:286
Stack trace:
#0 D:\zyweb\Yii1\web\CWebApplication.php(141): CWebApplication->runController('favicon.ico')
#1 D:\zyweb\Yii1\base\CApplication.php(180): CWebApplication->processRequest()
#2 D:\zyweb\pcb_logistics\website\home\index.php(38): CApplication->run()
#3 {main}
REQUEST_URI=/favicon.ico
HTTP_REFERER=http://www.wllogistics.com/goods/edit
---
2017/11/21 14:08:44 [error] [exception.CHttpException.404] exception 'CHttpException' with message 'Unable to resolve the request "favicon.ico".' in D:\zyweb\Yii1\web\CWebApplication.php:286
Stack trace:
#0 D:\zyweb\Yii1\web\CWebApplication.php(141): CWebApplication->runController('favicon.ico')
#1 D:\zyweb\Yii1\base\CApplication.php(180): CWebApplication->processRequest()
#2 D:\zyweb\pcb_logistics\website\home\index.php(38): CApplication->run()
#3 {main}
REQUEST_URI=/favicon.ico
HTTP_REFERER=http://www.wllogistics.com/goods/edit
---
2017/11/21 14:08:44 [error] [exception.CHttpException.404] exception 'CHttpException' with message 'Unable to resolve the request "favicon.ico".' in D:\zyweb\Yii1\web\CWebApplication.php:286
Stack trace:
#0 D:\zyweb\Yii1\web\CWebApplication.php(141): CWebApplication->runController('favicon.ico')
#1 D:\zyweb\Yii1\base\CApplication.php(180): CWebApplication->processRequest()
#2 D:\zyweb\pcb_logistics\website\home\index.php(38): CApplication->run()
#3 {main}
REQUEST_URI=/favicon.ico
HTTP_REFERER=http://www.wllogistics.com/goods/edit
---
2017/11/21 14:11:51 [error] [exception.CHttpException.404] exception 'CHttpException' with message 'Unable to resolve the request "1".' in D:\zyweb\Yii1\web\CWebApplication.php:286
Stack trace:
#0 D:\zyweb\Yii1\web\CWebApplication.php(141): CWebApplication->runController('1')
#1 D:\zyweb\Yii1\base\CApplication.php(180): CWebApplication->processRequest()
#2 D:\zyweb\pcb_logistics\website\home\index.php(38): CApplication->run()
#3 {main}
REQUEST_URI=/1
HTTP_REFERER=http://www.wllogistics.com/goods/list
---
2017/11/21 14:11:51 [error] [exception.CHttpException.404] exception 'CHttpException' with message 'Unable to resolve the request "1".' in D:\zyweb\Yii1\web\CWebApplication.php:286
Stack trace:
#0 D:\zyweb\Yii1\web\CWebApplication.php(141): CWebApplication->runController('1')
#1 D:\zyweb\Yii1\base\CApplication.php(180): CWebApplication->processRequest()
#2 D:\zyweb\pcb_logistics\website\home\index.php(38): CApplication->run()
#3 {main}
REQUEST_URI=/1
HTTP_REFERER=http://www.wllogistics.com/goods/list
---
2017/11/21 14:12:24 [error] [exception.CHttpException.404] exception 'CHttpException' with message 'Unable to resolve the request "1".' in D:\zyweb\Yii1\web\CWebApplication.php:286
Stack trace:
#0 D:\zyweb\Yii1\web\CWebApplication.php(141): CWebApplication->runController('1')
#1 D:\zyweb\Yii1\base\CApplication.php(180): CWebApplication->processRequest()
#2 D:\zyweb\pcb_logistics\website\home\index.php(38): CApplication->run()
#3 {main}
REQUEST_URI=/1
HTTP_REFERER=http://www.wllogistics.com/goods/list
---
2017/11/21 14:12:25 [error] [exception.CHttpException.404] exception 'CHttpException' with message 'Unable to resolve the request "1".' in D:\zyweb\Yii1\web\CWebApplication.php:286
Stack trace:
#0 D:\zyweb\Yii1\web\CWebApplication.php(141): CWebApplication->runController('1')
#1 D:\zyweb\Yii1\base\CApplication.php(180): CWebApplication->processRequest()
#2 D:\zyweb\pcb_logistics\website\home\index.php(38): CApplication->run()
#3 {main}
REQUEST_URI=/1
HTTP_REFERER=http://www.wllogistics.com/goods/list
---
2017/11/21 14:12:26 [error] [exception.CHttpException.404] exception 'CHttpException' with message 'Unable to resolve the request "1".' in D:\zyweb\Yii1\web\CWebApplication.php:286
Stack trace:
#0 D:\zyweb\Yii1\web\CWebApplication.php(141): CWebApplication->runController('1')
#1 D:\zyweb\Yii1\base\CApplication.php(180): CWebApplication->processRequest()
#2 D:\zyweb\pcb_logistics\website\home\index.php(38): CApplication->run()
#3 {main}
REQUEST_URI=/1
HTTP_REFERER=http://www.wllogistics.com/goods/list?GoodsForm%5BgoodsName%5D=
---
2017/11/21 14:12:27 [error] [exception.CHttpException.404] exception 'CHttpException' with message 'Unable to resolve the request "1".' in D:\zyweb\Yii1\web\CWebApplication.php:286
Stack trace:
#0 D:\zyweb\Yii1\web\CWebApplication.php(141): CWebApplication->runController('1')
#1 D:\zyweb\Yii1\base\CApplication.php(180): CWebApplication->processRequest()
#2 D:\zyweb\pcb_logistics\website\home\index.php(38): CApplication->run()
#3 {main}
REQUEST_URI=/1
HTTP_REFERER=http://www.wllogistics.com/goods/list?GoodsForm%5BgoodsName%5D=&GoodsForm%5BgoodsName%5D=
---
2017/11/21 14:13:06 [error] [exception.CHttpException.404] exception 'CHttpException' with message 'Unable to resolve the request "1".' in D:\zyweb\Yii1\web\CWebApplication.php:286
Stack trace:
#0 D:\zyweb\Yii1\web\CWebApplication.php(141): CWebApplication->runController('1')
#1 D:\zyweb\Yii1\base\CApplication.php(180): CWebApplication->processRequest()
#2 D:\zyweb\pcb_logistics\website\home\index.php(38): CApplication->run()
#3 {main}
REQUEST_URI=/1
HTTP_REFERER=http://www.wllogistics.com/goods/list
---
2017/11/21 14:15:27 [error] [exception.CHttpException.404] exception 'CHttpException' with message 'Unable to resolve the request "1".' in D:\zyweb\Yii1\web\CWebApplication.php:286
Stack trace:
#0 D:\zyweb\Yii1\web\CWebApplication.php(141): CWebApplication->runController('1')
#1 D:\zyweb\Yii1\base\CApplication.php(180): CWebApplication->processRequest()
#2 D:\zyweb\pcb_logistics\website\home\index.php(38): CApplication->run()
#3 {main}
REQUEST_URI=/1
HTTP_REFERER=http://www.wllogistics.com/goods/list
---
2017/11/21 14:15:32 [error] [exception.CHttpException.404] exception 'CHttpException' with message 'Unable to resolve the request "1".' in D:\zyweb\Yii1\web\CWebApplication.php:286
Stack trace:
#0 D:\zyweb\Yii1\web\CWebApplication.php(141): CWebApplication->runController('1')
#1 D:\zyweb\Yii1\base\CApplication.php(180): CWebApplication->processRequest()
#2 D:\zyweb\pcb_logistics\website\home\index.php(38): CApplication->run()
#3 {main}
REQUEST_URI=/1
HTTP_REFERER=http://www.wllogistics.com/goods/list
---
2017/11/21 14:15:43 [error] [exception.CHttpException.404] exception 'CHttpException' with message 'Unable to resolve the request "1".' in D:\zyweb\Yii1\web\CWebApplication.php:286
Stack trace:
#0 D:\zyweb\Yii1\web\CWebApplication.php(141): CWebApplication->runController('1')
#1 D:\zyweb\Yii1\base\CApplication.php(180): CWebApplication->processRequest()
#2 D:\zyweb\pcb_logistics\website\home\index.php(38): CApplication->run()
#3 {main}
REQUEST_URI=/1
HTTP_REFERER=http://www.wllogistics.com/goods/list
---
2017/11/21 14:15:44 [error] [exception.CHttpException.404] exception 'CHttpException' with message 'Unable to resolve the request "1".' in D:\zyweb\Yii1\web\CWebApplication.php:286
Stack trace:
#0 D:\zyweb\Yii1\web\CWebApplication.php(141): CWebApplication->runController('1')
#1 D:\zyweb\Yii1\base\CApplication.php(180): CWebApplication->processRequest()
#2 D:\zyweb\pcb_logistics\website\home\index.php(38): CApplication->run()
#3 {main}
REQUEST_URI=/1
HTTP_REFERER=http://www.wllogistics.com/goods/list?GoodsForm%5BgoodsName%5D=
---
2017/11/21 14:15:52 [error] [exception.CHttpException.404] exception 'CHttpException' with message 'Unable to resolve the request "1".' in D:\zyweb\Yii1\web\CWebApplication.php:286
Stack trace:
#0 D:\zyweb\Yii1\web\CWebApplication.php(141): CWebApplication->runController('1')
#1 D:\zyweb\Yii1\base\CApplication.php(180): CWebApplication->processRequest()
#2 D:\zyweb\pcb_logistics\website\home\index.php(38): CApplication->run()
#3 {main}
REQUEST_URI=/1
HTTP_REFERER=http://www.wllogistics.com/goods/list?GoodsForm%5BgoodsName%5D=
---
2017/11/21 14:15:57 [error] [exception.CHttpException.404] exception 'CHttpException' with message 'Unable to resolve the request "1".' in D:\zyweb\Yii1\web\CWebApplication.php:286
Stack trace:
#0 D:\zyweb\Yii1\web\CWebApplication.php(141): CWebApplication->runController('1')
#1 D:\zyweb\Yii1\base\CApplication.php(180): CWebApplication->processRequest()
#2 D:\zyweb\pcb_logistics\website\home\index.php(38): CApplication->run()
#3 {main}
REQUEST_URI=/1
HTTP_REFERER=http://www.wllogistics.com/goods/list
---
2017/11/21 14:59:55 [error] [exception.CHttpException.404] exception 'CHttpException' with message 'Unable to resolve the request "1".' in D:\zyweb\Yii1\web\CWebApplication.php:286
Stack trace:
#0 D:\zyweb\Yii1\web\CWebApplication.php(141): CWebApplication->runController('1')
#1 D:\zyweb\Yii1\base\CApplication.php(180): CWebApplication->processRequest()
#2 D:\zyweb\pcb_logistics\website\home\index.php(38): CApplication->run()
#3 {main}
REQUEST_URI=/1
HTTP_REFERER=http://www.wllogistics.com/orders/list
---
2017/11/21 14:59:56 [error] [exception.CHttpException.404] exception 'CHttpException' with message 'Unable to resolve the request "favicon.ico".' in D:\zyweb\Yii1\web\CWebApplication.php:286
Stack trace:
#0 D:\zyweb\Yii1\web\CWebApplication.php(141): CWebApplication->runController('favicon.ico')
#1 D:\zyweb\Yii1\base\CApplication.php(180): CWebApplication->processRequest()
#2 D:\zyweb\pcb_logistics\website\home\index.php(38): CApplication->run()
#3 {main}
REQUEST_URI=/favicon.ico
HTTP_REFERER=http://www.wllogistics.com/orders/list
---
2017/11/21 14:59:56 [error] [exception.CHttpException.404] exception 'CHttpException' with message 'Unable to resolve the request "1".' in D:\zyweb\Yii1\web\CWebApplication.php:286
Stack trace:
#0 D:\zyweb\Yii1\web\CWebApplication.php(141): CWebApplication->runController('1')
#1 D:\zyweb\Yii1\base\CApplication.php(180): CWebApplication->processRequest()
#2 D:\zyweb\pcb_logistics\website\home\index.php(38): CApplication->run()
#3 {main}
REQUEST_URI=/1
HTTP_REFERER=http://www.wllogistics.com/orders/list
---
2017/11/21 14:59:57 [error] [exception.CHttpException.404] exception 'CHttpException' with message 'Unable to resolve the request "1".' in D:\zyweb\Yii1\web\CWebApplication.php:286
Stack trace:
#0 D:\zyweb\Yii1\web\CWebApplication.php(141): CWebApplication->runController('1')
#1 D:\zyweb\Yii1\base\CApplication.php(180): CWebApplication->processRequest()
#2 D:\zyweb\pcb_logistics\website\home\index.php(38): CApplication->run()
#3 {main}
REQUEST_URI=/1
HTTP_REFERER=http://www.wllogistics.com/orders/list
---
2017/11/21 14:59:57 [error] [exception.CHttpException.404] exception 'CHttpException' with message 'Unable to resolve the request "1".' in D:\zyweb\Yii1\web\CWebApplication.php:286
Stack trace:
#0 D:\zyweb\Yii1\web\CWebApplication.php(141): CWebApplication->runController('1')
#1 D:\zyweb\Yii1\base\CApplication.php(180): CWebApplication->processRequest()
#2 D:\zyweb\pcb_logistics\website\home\index.php(38): CApplication->run()
#3 {main}
REQUEST_URI=/1
HTTP_REFERER=http://www.wllogistics.com/orders/list
---
2017/11/21 15:00:04 [error] [exception.CHttpException.404] exception 'CHttpException' with message 'Unable to resolve the request "1".' in D:\zyweb\Yii1\web\CWebApplication.php:286
Stack trace:
#0 D:\zyweb\Yii1\web\CWebApplication.php(141): CWebApplication->runController('1')
#1 D:\zyweb\Yii1\base\CApplication.php(180): CWebApplication->processRequest()
#2 D:\zyweb\pcb_logistics\website\home\index.php(38): CApplication->run()
#3 {main}
REQUEST_URI=/1
HTTP_REFERER=http://www.wllogistics.com/address/list
---
2017/11/21 15:13:15 [error] [exception.CHttpException.404] exception 'CHttpException' with message 'Unable to resolve the request "favicon.ico".' in D:\zyweb\Yii1\web\CWebApplication.php:286
Stack trace:
#0 D:\zyweb\Yii1\web\CWebApplication.php(141): CWebApplication->runController('favicon.ico')
#1 D:\zyweb\Yii1\base\CApplication.php(180): CWebApplication->processRequest()
#2 D:\zyweb\pcb_logistics\website\home\index.php(38): CApplication->run()
#3 {main}
REQUEST_URI=/favicon.ico
HTTP_REFERER=http://www.wllogistics.com/router/editrouter
---
2017/11/21 15:13:19 [error] [exception.CHttpException.404] exception 'CHttpException' with message 'Unable to resolve the request "1".' in D:\zyweb\Yii1\web\CWebApplication.php:286
Stack trace:
#0 D:\zyweb\Yii1\web\CWebApplication.php(141): CWebApplication->runController('1')
#1 D:\zyweb\Yii1\base\CApplication.php(180): CWebApplication->processRequest()
#2 D:\zyweb\pcb_logistics\website\home\index.php(38): CApplication->run()
#3 {main}
REQUEST_URI=/1
HTTP_REFERER=http://www.wllogistics.com/goods/list
---
2017/11/21 15:17:00 [error] [exception.CHttpException.404] exception 'CHttpException' with message 'Unable to resolve the request "favicon.ico".' in D:\zyweb\Yii1\web\CWebApplication.php:286
Stack trace:
#0 D:\zyweb\Yii1\web\CWebApplication.php(141): CWebApplication->runController('favicon.ico')
#1 D:\zyweb\Yii1\base\CApplication.php(180): CWebApplication->processRequest()
#2 D:\zyweb\pcb_logistics\website\home\index.php(38): CApplication->run()
#3 {main}
REQUEST_URI=/favicon.ico
HTTP_REFERER=http://www.wllogistics.com/router/routerlist
---
2017/11/21 15:17:42 [error] [exception.CHttpException.404] exception 'CHttpException' with message 'Unable to resolve the request "favicon.ico".' in D:\zyweb\Yii1\web\CWebApplication.php:286
Stack trace:
#0 D:\zyweb\Yii1\web\CWebApplication.php(141): CWebApplication->runController('favicon.ico')
#1 D:\zyweb\Yii1\base\CApplication.php(180): CWebApplication->processRequest()
#2 D:\zyweb\pcb_logistics\website\home\index.php(38): CApplication->run()
#3 {main}
REQUEST_URI=/favicon.ico
HTTP_REFERER=http://www.wllogistics.com/router/editrouter
---
2017/11/21 15:18:22 [error] [exception.CHttpException.404] exception 'CHttpException' with message 'Unable to resolve the request "favicon.ico".' in D:\zyweb\Yii1\web\CWebApplication.php:286
Stack trace:
#0 D:\zyweb\Yii1\web\CWebApplication.php(141): CWebApplication->runController('favicon.ico')
#1 D:\zyweb\Yii1\base\CApplication.php(180): CWebApplication->processRequest()
#2 D:\zyweb\pcb_logistics\website\home\index.php(38): CApplication->run()
#3 {main}
REQUEST_URI=/favicon.ico
HTTP_REFERER=http://www.wllogistics.com/router/editrouter
---
2017/11/21 15:18:22 [error] [exception.CHttpException.404] exception 'CHttpException' with message 'Unable to resolve the request "favicon.ico".' in D:\zyweb\Yii1\web\CWebApplication.php:286
Stack trace:
#0 D:\zyweb\Yii1\web\CWebApplication.php(141): CWebApplication->runController('favicon.ico')
#1 D:\zyweb\Yii1\base\CApplication.php(180): CWebApplication->processRequest()
#2 D:\zyweb\pcb_logistics\website\home\index.php(38): CApplication->run()
#3 {main}
REQUEST_URI=/favicon.ico
HTTP_REFERER=http://www.wllogistics.com/router/editrouter
---
2017/11/21 15:18:23 [error] [exception.CHttpException.404] exception 'CHttpException' with message 'Unable to resolve the request "favicon.ico".' in D:\zyweb\Yii1\web\CWebApplication.php:286
Stack trace:
#0 D:\zyweb\Yii1\web\CWebApplication.php(141): CWebApplication->runController('favicon.ico')
#1 D:\zyweb\Yii1\base\CApplication.php(180): CWebApplication->processRequest()
#2 D:\zyweb\pcb_logistics\website\home\index.php(38): CApplication->run()
#3 {main}
REQUEST_URI=/favicon.ico
HTTP_REFERER=http://www.wllogistics.com/router/editrouter
---
2017/11/21 16:17:22 [error] [exception.CHttpException.404] exception 'CHttpException' with message 'Unable to resolve the request "1".' in D:\zyweb\Yii1\web\CWebApplication.php:286
Stack trace:
#0 D:\zyweb\Yii1\web\CWebApplication.php(141): CWebApplication->runController('1')
#1 D:\zyweb\Yii1\base\CApplication.php(180): CWebApplication->processRequest()
#2 D:\zyweb\pcb_logistics\website\home\index.php(38): CApplication->run()
#3 {main}
REQUEST_URI=/1
HTTP_REFERER=http://www.wllogistics.com/orders/list
---
2017/11/21 16:38:58 [error] [exception.CHttpException.404] exception 'CHttpException' with message 'Unable to resolve the request "favicon.ico".' in D:\zyweb\Yii1\web\CWebApplication.php:286
Stack trace:
#0 D:\zyweb\Yii1\web\CWebApplication.php(141): CWebApplication->runController('favicon.ico')
#1 D:\zyweb\Yii1\base\CApplication.php(180): CWebApplication->processRequest()
#2 D:\zyweb\pcb_logistics\website\home\index.php(38): CApplication->run()
#3 {main}
REQUEST_URI=/favicon.ico
HTTP_REFERER=http://www.wllogistics.com/router/editrouter
---
2017/11/21 16:38:58 [error] [exception.CHttpException.404] exception 'CHttpException' with message 'Unable to resolve the request "favicon.ico".' in D:\zyweb\Yii1\web\CWebApplication.php:286
Stack trace:
#0 D:\zyweb\Yii1\web\CWebApplication.php(141): CWebApplication->runController('favicon.ico')
#1 D:\zyweb\Yii1\base\CApplication.php(180): CWebApplication->processRequest()
#2 D:\zyweb\pcb_logistics\website\home\index.php(38): CApplication->run()
#3 {main}
REQUEST_URI=/favicon.ico
HTTP_REFERER=http://www.wllogistics.com/router/editrouter
---
2017/11/21 16:38:58 [error] [exception.CHttpException.404] exception 'CHttpException' with message 'Unable to resolve the request "favicon.ico".' in D:\zyweb\Yii1\web\CWebApplication.php:286
Stack trace:
#0 D:\zyweb\Yii1\web\CWebApplication.php(141): CWebApplication->runController('favicon.ico')
#1 D:\zyweb\Yii1\base\CApplication.php(180): CWebApplication->processRequest()
#2 D:\zyweb\pcb_logistics\website\home\index.php(38): CApplication->run()
#3 {main}
REQUEST_URI=/favicon.ico
HTTP_REFERER=http://www.wllogistics.com/router/editrouter
---
2017/11/21 16:44:35 [error] [exception.CHttpException.404] exception 'CHttpException' with message 'Unable to resolve the request "1".' in D:\zyweb\Yii1\web\CWebApplication.php:286
Stack trace:
#0 D:\zyweb\Yii1\web\CWebApplication.php(141): CWebApplication->runController('1')
#1 D:\zyweb\Yii1\base\CApplication.php(180): CWebApplication->processRequest()
#2 D:\zyweb\pcb_logistics\website\home\index.php(38): CApplication->run()
#3 {main}
REQUEST_URI=/1
HTTP_REFERER=http://www.wllogistics.com/goods/list
---
2017/11/21 16:44:39 [error] [exception.CHttpException.404] exception 'CHttpException' with message 'Unable to resolve the request "1".' in D:\zyweb\Yii1\web\CWebApplication.php:286
Stack trace:
#0 D:\zyweb\Yii1\web\CWebApplication.php(141): CWebApplication->runController('1')
#1 D:\zyweb\Yii1\base\CApplication.php(180): CWebApplication->processRequest()
#2 D:\zyweb\pcb_logistics\website\home\index.php(38): CApplication->run()
#3 {main}
REQUEST_URI=/1
HTTP_REFERER=http://www.wllogistics.com/orders/list
---
2017/11/21 16:45:59 [error] [exception.CHttpException.404] exception 'CHttpException' with message 'Unable to resolve the request "1".' in D:\zyweb\Yii1\web\CWebApplication.php:286
Stack trace:
#0 D:\zyweb\Yii1\web\CWebApplication.php(141): CWebApplication->runController('1')
#1 D:\zyweb\Yii1\base\CApplication.php(180): CWebApplication->processRequest()
#2 D:\zyweb\pcb_logistics\website\home\index.php(38): CApplication->run()
#3 {main}
REQUEST_URI=/1
HTTP_REFERER=http://www.wllogistics.com/goods/list
---
2017/11/21 16:46:01 [error] [exception.CHttpException.404] exception 'CHttpException' with message 'Unable to resolve the request "1".' in D:\zyweb\Yii1\web\CWebApplication.php:286
Stack trace:
#0 D:\zyweb\Yii1\web\CWebApplication.php(141): CWebApplication->runController('1')
#1 D:\zyweb\Yii1\base\CApplication.php(180): CWebApplication->processRequest()
#2 D:\zyweb\pcb_logistics\website\home\index.php(38): CApplication->run()
#3 {main}
REQUEST_URI=/1
HTTP_REFERER=http://www.wllogistics.com/goods/list
---
2017/11/21 16:46:02 [error] [exception.CHttpException.404] exception 'CHttpException' with message 'Unable to resolve the request "1".' in D:\zyweb\Yii1\web\CWebApplication.php:286
Stack trace:
#0 D:\zyweb\Yii1\web\CWebApplication.php(141): CWebApplication->runController('1')
#1 D:\zyweb\Yii1\base\CApplication.php(180): CWebApplication->processRequest()
#2 D:\zyweb\pcb_logistics\website\home\index.php(38): CApplication->run()
#3 {main}
REQUEST_URI=/1
HTTP_REFERER=http://www.wllogistics.com/goods/list
---
2017/11/21 16:46:03 [error] [exception.CHttpException.404] exception 'CHttpException' with message 'Unable to resolve the request "1".' in D:\zyweb\Yii1\web\CWebApplication.php:286
Stack trace:
#0 D:\zyweb\Yii1\web\CWebApplication.php(141): CWebApplication->runController('1')
#1 D:\zyweb\Yii1\base\CApplication.php(180): CWebApplication->processRequest()
#2 D:\zyweb\pcb_logistics\website\home\index.php(38): CApplication->run()
#3 {main}
REQUEST_URI=/1
HTTP_REFERER=http://www.wllogistics.com/goods/list
---
2017/11/21 16:46:04 [error] [exception.CHttpException.404] exception 'CHttpException' with message 'Unable to resolve the request "1".' in D:\zyweb\Yii1\web\CWebApplication.php:286
Stack trace:
#0 D:\zyweb\Yii1\web\CWebApplication.php(141): CWebApplication->runController('1')
#1 D:\zyweb\Yii1\base\CApplication.php(180): CWebApplication->processRequest()
#2 D:\zyweb\pcb_logistics\website\home\index.php(38): CApplication->run()
#3 {main}
REQUEST_URI=/1
HTTP_REFERER=http://www.wllogistics.com/goods/list
---
2017/11/21 16:55:12 [error] [exception.CHttpException.404] exception 'CHttpException' with message 'Unable to resolve the request "1".' in D:\zyweb\Yii1\web\CWebApplication.php:286
Stack trace:
#0 D:\zyweb\Yii1\web\CWebApplication.php(141): CWebApplication->runController('1')
#1 D:\zyweb\Yii1\base\CApplication.php(180): CWebApplication->processRequest()
#2 D:\zyweb\pcb_logistics\website\home\index.php(38): CApplication->run()
#3 {main}
REQUEST_URI=/1
HTTP_REFERER=http://www.wllogistics.com/address/list
---
2017/11/21 17:01:59 [error] [exception.CHttpException.404] exception 'CHttpException' with message 'Unable to resolve the request "1".' in D:\zyweb\Yii1\web\CWebApplication.php:286
Stack trace:
#0 D:\zyweb\Yii1\web\CWebApplication.php(141): CWebApplication->runController('1')
#1 D:\zyweb\Yii1\base\CApplication.php(180): CWebApplication->processRequest()
#2 D:\zyweb\pcb_logistics\website\home\index.php(38): CApplication->run()
#3 {main}
REQUEST_URI=/1
HTTP_REFERER=http://www.wllogistics.com/address/list
---
2017/11/21 17:17:58 [error] [exception.CHttpException.404] exception 'CHttpException' with message 'Unable to resolve the request "favicon.ico".' in D:\zyweb\Yii1\web\CWebApplication.php:286
Stack trace:
#0 D:\zyweb\Yii1\web\CWebApplication.php(141): CWebApplication->runController('favicon.ico')
#1 D:\zyweb\Yii1\base\CApplication.php(180): CWebApplication->processRequest()
#2 D:\zyweb\pcb_logistics\website\home\index.php(38): CApplication->run()
#3 {main}
REQUEST_URI=/favicon.ico
HTTP_REFERER=http://www.wllogistics.com/router/routerlist?RouterForm%5Bname%5D=&RouterForm%5Bname%5D=&RouterForm%5Bname%5D=
---
2017/11/21 17:17:59 [error] [exception.CHttpException.404] exception 'CHttpException' with message 'Unable to resolve the request "favicon.ico".' in D:\zyweb\Yii1\web\CWebApplication.php:286
Stack trace:
#0 D:\zyweb\Yii1\web\CWebApplication.php(141): CWebApplication->runController('favicon.ico')
#1 D:\zyweb\Yii1\base\CApplication.php(180): CWebApplication->processRequest()
#2 D:\zyweb\pcb_logistics\website\home\index.php(38): CApplication->run()
#3 {main}
REQUEST_URI=/favicon.ico
HTTP_REFERER=http://www.wllogistics.com/router/routerlist?RouterForm%5Bname%5D=&RouterForm%5Bname%5D=&RouterForm%5Bname%5D=
---
2017/11/21 17:18:32 [error] [exception.CHttpException.404] exception 'CHttpException' with message 'Unable to resolve the request "favicon.ico".' in D:\zyweb\Yii1\web\CWebApplication.php:286
Stack trace:
#0 D:\zyweb\Yii1\web\CWebApplication.php(141): CWebApplication->runController('favicon.ico')
#1 D:\zyweb\Yii1\base\CApplication.php(180): CWebApplication->processRequest()
#2 D:\zyweb\pcb_logistics\website\home\index.php(38): CApplication->run()
#3 {main}
REQUEST_URI=/favicon.ico
HTTP_REFERER=http://www.wllogistics.com/router/routerlist?RouterForm%5Bname%5D=&RouterForm%5Bname%5D=&RouterForm%5Bname%5D=&RouterForm%5Bname%5D=&RouterForm%5Bname%5D=&RouterForm%5Bname%5D=
---
2017/11/21 17:18:51 [error] [exception.CHttpException.404] exception 'CHttpException' with message 'Unable to resolve the request "favicon.ico".' in D:\zyweb\Yii1\web\CWebApplication.php:286
Stack trace:
#0 D:\zyweb\Yii1\web\CWebApplication.php(141): CWebApplication->runController('favicon.ico')
#1 D:\zyweb\Yii1\base\CApplication.php(180): CWebApplication->processRequest()
#2 D:\zyweb\pcb_logistics\website\home\index.php(38): CApplication->run()
#3 {main}
REQUEST_URI=/favicon.ico
HTTP_REFERER=http://www.wllogistics.com/router/routerlist?RouterForm%5Bname%5D=&RouterForm%5Bname%5D=&RouterForm%5Bname%5D=&RouterForm%5Bname%5D=&RouterForm%5Bname%5D=&RouterForm%5Bname%5D=
---
2017/11/21 17:18:51 [error] [exception.CHttpException.404] exception 'CHttpException' with message 'Unable to resolve the request "favicon.ico".' in D:\zyweb\Yii1\web\CWebApplication.php:286
Stack trace:
#0 D:\zyweb\Yii1\web\CWebApplication.php(141): CWebApplication->runController('favicon.ico')
#1 D:\zyweb\Yii1\base\CApplication.php(180): CWebApplication->processRequest()
#2 D:\zyweb\pcb_logistics\website\home\index.php(38): CApplication->run()
#3 {main}
REQUEST_URI=/favicon.ico
HTTP_REFERER=http://www.wllogistics.com/router/routerlist?RouterForm%5Bname%5D=&RouterForm%5Bname%5D=&RouterForm%5Bname%5D=&RouterForm%5Bname%5D=&RouterForm%5Bname%5D=&RouterForm%5Bname%5D=
---
2017/11/21 17:19:28 [error] [exception.CHttpException.404] exception 'CHttpException' with message 'Unable to resolve the request "favicon.ico".' in D:\zyweb\Yii1\web\CWebApplication.php:286
Stack trace:
#0 D:\zyweb\Yii1\web\CWebApplication.php(141): CWebApplication->runController('favicon.ico')
#1 D:\zyweb\Yii1\base\CApplication.php(180): CWebApplication->processRequest()
#2 D:\zyweb\pcb_logistics\website\home\index.php(38): CApplication->run()
#3 {main}
REQUEST_URI=/favicon.ico
HTTP_REFERER=http://www.wllogistics.com/router/routerlist?RouterForm%5Bname%5D=&RouterForm%5Bname%5D=&RouterForm%5Bname%5D=&RouterForm%5Bname%5D=&RouterForm%5Bname%5D=&RouterForm%5Bname%5D=&RouterForm%5Bname%5D=&RouterForm%5Bname%5D=
---
2017/11/21 17:19:29 [error] [exception.CHttpException.404] exception 'CHttpException' with message 'Unable to resolve the request "favicon.ico".' in D:\zyweb\Yii1\web\CWebApplication.php:286
Stack trace:
#0 D:\zyweb\Yii1\web\CWebApplication.php(141): CWebApplication->runController('favicon.ico')
#1 D:\zyweb\Yii1\base\CApplication.php(180): CWebApplication->processRequest()
#2 D:\zyweb\pcb_logistics\website\home\index.php(38): CApplication->run()
#3 {main}
REQUEST_URI=/favicon.ico
HTTP_REFERER=http://www.wllogistics.com/router/routerlist?RouterForm%5Bname%5D=&RouterForm%5Bname%5D=&RouterForm%5Bname%5D=&RouterForm%5Bname%5D=&RouterForm%5Bname%5D=&RouterForm%5Bname%5D=&RouterForm%5Bname%5D=&RouterForm%5Bname%5D=
---
2017/11/21 17:19:50 [error] [exception.CHttpException.404] exception 'CHttpException' with message 'Unable to resolve the request "favicon.ico".' in D:\zyweb\Yii1\web\CWebApplication.php:286
Stack trace:
#0 D:\zyweb\Yii1\web\CWebApplication.php(141): CWebApplication->runController('favicon.ico')
#1 D:\zyweb\Yii1\base\CApplication.php(180): CWebApplication->processRequest()
#2 D:\zyweb\pcb_logistics\website\home\index.php(38): CApplication->run()
#3 {main}
REQUEST_URI=/favicon.ico
HTTP_REFERER=http://www.wllogistics.com/router/routerlist?RouterForm%5Bname%5D=&RouterForm%5Bname%5D=&RouterForm%5Bname%5D=&RouterForm%5Bname%5D=&RouterForm%5Bname%5D=&RouterForm%5Bname%5D=&RouterForm%5Bname%5D=&RouterForm%5Bname%5D=
---
2017/11/21 17:19:50 [error] [exception.CHttpException.404] exception 'CHttpException' with message 'Unable to resolve the request "favicon.ico".' in D:\zyweb\Yii1\web\CWebApplication.php:286
Stack trace:
#0 D:\zyweb\Yii1\web\CWebApplication.php(141): CWebApplication->runController('favicon.ico')
#1 D:\zyweb\Yii1\base\CApplication.php(180): CWebApplication->processRequest()
#2 D:\zyweb\pcb_logistics\website\home\index.php(38): CApplication->run()
#3 {main}
REQUEST_URI=/favicon.ico
HTTP_REFERER=http://www.wllogistics.com/router/routerlist?RouterForm%5Bname%5D=&RouterForm%5Bname%5D=&RouterForm%5Bname%5D=&RouterForm%5Bname%5D=&RouterForm%5Bname%5D=&RouterForm%5Bname%5D=&RouterForm%5Bname%5D=&RouterForm%5Bname%5D=
---
2017/11/21 17:28:16 [error] [exception.CHttpException.404] exception 'CHttpException' with message 'Unable to resolve the request "favicon.ico".' in D:\zyweb\Yii1\web\CWebApplication.php:286
Stack trace:
#0 D:\zyweb\Yii1\web\CWebApplication.php(141): CWebApplication->runController('favicon.ico')
#1 D:\zyweb\Yii1\base\CApplication.php(180): CWebApplication->processRequest()
#2 D:\zyweb\pcb_logistics\website\home\index.php(38): CApplication->run()
#3 {main}
REQUEST_URI=/favicon.ico
HTTP_REFERER=http://www.wllogistics.com/router/routerlist?RouterForm%5Bname%5D=&RouterForm%5Bname%5D=&RouterForm%5Bname%5D=&RouterForm%5Bname%5D=&RouterForm%5Bname%5D=&RouterForm%5Bname%5D=&RouterForm%5Bname%5D=&RouterForm%5Bname%5D=
---
