2017/10/18 09:20:11 [error] [exception.CHttpException.404] exception 'CHttpException' with message 'Unable to resolve the request "favicon.ico".' in D:\zyweb\Yii1\web\CWebApplication.php:286
Stack trace:
#0 D:\zyweb\Yii1\web\CWebApplication.php(141): CWebApplication->runController('favicon.ico')
#1 D:\zyweb\Yii1\base\CApplication.php(180): CWebApplication->processRequest()
#2 D:\zyweb\pcb_wl\website\admin\index.php(32): CApplication->run()
#3 {main}
REQUEST_URI=/favicon.ico
HTTP_REFERER=http://admin.logistics.com/
---
2017/10/18 09:25:05 [error] [php] Undefined variable: personModel (D:\zyweb\pcb_wl\applications\admin\views\user\driverEdit.php:12)
Stack trace:
#0 D:\zyweb\Yii1\web\CController.php(869): UserController->renderFile()
#1 D:\zyweb\pcb_wl\applications\admin\controllers\UserController.php(101): UserController->renderPartial()
#2 D:\zyweb\Yii1\web\actions\CInlineAction.php(49): UserController->actionChooseRole()
#3 D:\zyweb\Yii1\web\CController.php(308): CInlineAction->runWithParams()
#4 D:\zyweb\Yii1\web\CController.php(286): UserController->runAction()
#5 D:\zyweb\Yii1\web\CController.php(265): UserController->runActionWithFilters()
#6 D:\zyweb\pcb_wl\applications\admin\components\Controller.php(43): UserController->run()
#7 D:\zyweb\Yii1\web\CWebApplication.php(282): UserController->run()
#8 D:\zyweb\Yii1\web\CWebApplication.php(141): CWebApplication->runController()
#9 D:\zyweb\Yii1\base\CApplication.php(180): CWebApplication->processRequest()
#10 D:\zyweb\pcb_wl\website\admin\index.php(32): CWebApplication->run()
REQUEST_URI=/user/ChooseRole?typeId=1&userId=2
in D:\zyweb\pcb_wl\applications\admin\views\user\driverEdit.php (12)
in D:\zyweb\pcb_wl\applications\admin\controllers\UserController.php (101)
in D:\zyweb\pcb_wl\applications\admin\components\Controller.php (43)
2017/10/18 09:25:05 [error] [php] Undefined variable: personModel (D:\zyweb\pcb_wl\applications\admin\views\user\driverEdit.php:12)
Stack trace:
#0 D:\zyweb\Yii1\web\CController.php(869): UserController->renderFile()
#1 D:\zyweb\pcb_wl\applications\admin\controllers\UserController.php(101): UserController->renderPartial()
#2 D:\zyweb\Yii1\web\actions\CInlineAction.php(49): UserController->actionChooseRole()
#3 D:\zyweb\Yii1\web\CController.php(308): CInlineAction->runWithParams()
#4 D:\zyweb\Yii1\web\CController.php(286): UserController->runAction()
#5 D:\zyweb\Yii1\web\CController.php(265): UserController->runActionWithFilters()
#6 D:\zyweb\pcb_wl\applications\admin\components\Controller.php(43): UserController->run()
#7 D:\zyweb\Yii1\web\CWebApplication.php(282): UserController->run()
#8 D:\zyweb\Yii1\web\CWebApplication.php(141): CWebApplication->runController()
#9 D:\zyweb\Yii1\base\CApplication.php(180): CWebApplication->processRequest()
#10 D:\zyweb\pcb_wl\website\admin\index.php(32): CWebApplication->run()
REQUEST_URI=/user/ChooseRole?typeId=1&userId=2
in D:\zyweb\pcb_wl\applications\admin\views\user\driverEdit.php (12)
in D:\zyweb\pcb_wl\applications\admin\controllers\UserController.php (101)
in D:\zyweb\pcb_wl\applications\admin\components\Controller.php (43)
2017/10/18 09:36:58 [error] [php] Undefined variable: personModel (D:\zyweb\pcb_wl\applications\admin\views\user\person.php:12)
Stack trace:
#0 D:\zyweb\Yii1\web\CController.php(869): UserController->renderFile()
#1 D:\zyweb\pcb_wl\applications\admin\controllers\UserController.php(114): UserController->renderPartial()
#2 D:\zyweb\Yii1\web\actions\CInlineAction.php(49): UserController->actionChooseRole()
#3 D:\zyweb\Yii1\web\CController.php(308): CInlineAction->runWithParams()
#4 D:\zyweb\Yii1\web\CController.php(286): UserController->runAction()
#5 D:\zyweb\Yii1\web\CController.php(265): UserController->runActionWithFilters()
#6 D:\zyweb\pcb_wl\applications\admin\components\Controller.php(43): UserController->run()
#7 D:\zyweb\Yii1\web\CWebApplication.php(282): UserController->run()
#8 D:\zyweb\Yii1\web\CWebApplication.php(141): CWebApplication->runController()
#9 D:\zyweb\Yii1\base\CApplication.php(180): CWebApplication->processRequest()
#10 D:\zyweb\pcb_wl\website\admin\index.php(32): CWebApplication->run()
REQUEST_URI=/user/ChooseRole?typeId=2&userId=2
in D:\zyweb\pcb_wl\applications\admin\views\user\person.php (12)
in D:\zyweb\pcb_wl\applications\admin\controllers\UserController.php (114)
in D:\zyweb\pcb_wl\applications\admin\components\Controller.php (43)
2017/10/18 09:37:00 [error] [php] Undefined variable: personModel (D:\zyweb\pcb_wl\applications\admin\views\user\driverEdit.php:13)
Stack trace:
#0 D:\zyweb\Yii1\web\CController.php(869): UserController->renderFile()
#1 D:\zyweb\pcb_wl\applications\admin\controllers\UserController.php(101): UserController->renderPartial()
#2 D:\zyweb\Yii1\web\actions\CInlineAction.php(49): UserController->actionChooseRole()
#3 D:\zyweb\Yii1\web\CController.php(308): CInlineAction->runWithParams()
#4 D:\zyweb\Yii1\web\CController.php(286): UserController->runAction()
#5 D:\zyweb\Yii1\web\CController.php(265): UserController->runActionWithFilters()
#6 D:\zyweb\pcb_wl\applications\admin\components\Controller.php(43): UserController->run()
#7 D:\zyweb\Yii1\web\CWebApplication.php(282): UserController->run()
#8 D:\zyweb\Yii1\web\CWebApplication.php(141): CWebApplication->runController()
#9 D:\zyweb\Yii1\base\CApplication.php(180): CWebApplication->processRequest()
#10 D:\zyweb\pcb_wl\website\admin\index.php(32): CWebApplication->run()
REQUEST_URI=/user/ChooseRole?typeId=1&userId=2
in D:\zyweb\pcb_wl\applications\admin\views\user\driverEdit.php (13)
in D:\zyweb\pcb_wl\applications\admin\controllers\UserController.php (101)
in D:\zyweb\pcb_wl\applications\admin\components\Controller.php (43)
2017/10/18 09:37:00 [error] [php] Undefined variable: personModel (D:\zyweb\pcb_wl\applications\admin\views\user\person.php:12)
Stack trace:
#0 D:\zyweb\Yii1\web\CController.php(869): UserController->renderFile()
#1 D:\zyweb\pcb_wl\applications\admin\controllers\UserController.php(114): UserController->renderPartial()
#2 D:\zyweb\Yii1\web\actions\CInlineAction.php(49): UserController->actionChooseRole()
#3 D:\zyweb\Yii1\web\CController.php(308): CInlineAction->runWithParams()
#4 D:\zyweb\Yii1\web\CController.php(286): UserController->runAction()
#5 D:\zyweb\Yii1\web\CController.php(265): UserController->runActionWithFilters()
#6 D:\zyweb\pcb_wl\applications\admin\components\Controller.php(43): UserController->run()
#7 D:\zyweb\Yii1\web\CWebApplication.php(282): UserController->run()
#8 D:\zyweb\Yii1\web\CWebApplication.php(141): CWebApplication->runController()
#9 D:\zyweb\Yii1\base\CApplication.php(180): CWebApplication->processRequest()
#10 D:\zyweb\pcb_wl\website\admin\index.php(32): CWebApplication->run()
REQUEST_URI=/user/ChooseRole?typeId=2&userId=2
in D:\zyweb\pcb_wl\applications\admin\views\user\person.php (12)
in D:\zyweb\pcb_wl\applications\admin\controllers\UserController.php (114)
in D:\zyweb\pcb_wl\applications\admin\components\Controller.php (43)
2017/10/18 09:37:00 [error] [php] Undefined variable: personModel (D:\zyweb\pcb_wl\applications\admin\views\user\person.php:12)
Stack trace:
#0 D:\zyweb\Yii1\web\CController.php(869): UserController->renderFile()
#1 D:\zyweb\pcb_wl\applications\admin\controllers\UserController.php(114): UserController->renderPartial()
#2 D:\zyweb\Yii1\web\actions\CInlineAction.php(49): UserController->actionChooseRole()
#3 D:\zyweb\Yii1\web\CController.php(308): CInlineAction->runWithParams()
#4 D:\zyweb\Yii1\web\CController.php(286): UserController->runAction()
#5 D:\zyweb\Yii1\web\CController.php(265): UserController->runActionWithFilters()
#6 D:\zyweb\pcb_wl\applications\admin\components\Controller.php(43): UserController->run()
#7 D:\zyweb\Yii1\web\CWebApplication.php(282): UserController->run()
#8 D:\zyweb\Yii1\web\CWebApplication.php(141): CWebApplication->runController()
#9 D:\zyweb\Yii1\base\CApplication.php(180): CWebApplication->processRequest()
#10 D:\zyweb\pcb_wl\website\admin\index.php(32): CWebApplication->run()
REQUEST_URI=/user/ChooseRole?typeId=2&userId=2
in D:\zyweb\pcb_wl\applications\admin\views\user\person.php (12)
in D:\zyweb\pcb_wl\applications\admin\controllers\UserController.php (114)
in D:\zyweb\pcb_wl\applications\admin\components\Controller.php (43)
2017/10/18 09:37:01 [error] [php] Undefined variable: personModel (D:\zyweb\pcb_wl\applications\admin\views\user\driverEdit.php:13)
Stack trace:
#0 D:\zyweb\Yii1\web\CController.php(869): UserController->renderFile()
#1 D:\zyweb\pcb_wl\applications\admin\controllers\UserController.php(101): UserController->renderPartial()
#2 D:\zyweb\Yii1\web\actions\CInlineAction.php(49): UserController->actionChooseRole()
#3 D:\zyweb\Yii1\web\CController.php(308): CInlineAction->runWithParams()
#4 D:\zyweb\Yii1\web\CController.php(286): UserController->runAction()
#5 D:\zyweb\Yii1\web\CController.php(265): UserController->runActionWithFilters()
#6 D:\zyweb\pcb_wl\applications\admin\components\Controller.php(43): UserController->run()
#7 D:\zyweb\Yii1\web\CWebApplication.php(282): UserController->run()
#8 D:\zyweb\Yii1\web\CWebApplication.php(141): CWebApplication->runController()
#9 D:\zyweb\Yii1\base\CApplication.php(180): CWebApplication->processRequest()
#10 D:\zyweb\pcb_wl\website\admin\index.php(32): CWebApplication->run()
REQUEST_URI=/user/ChooseRole?typeId=1&userId=2
in D:\zyweb\pcb_wl\applications\admin\views\user\driverEdit.php (13)
in D:\zyweb\pcb_wl\applications\admin\controllers\UserController.php (101)
in D:\zyweb\pcb_wl\applications\admin\components\Controller.php (43)
2017/10/18 09:37:02 [error] [php] Undefined variable: personModel (D:\zyweb\pcb_wl\applications\admin\views\user\person.php:12)
Stack trace:
#0 D:\zyweb\Yii1\web\CController.php(869): UserController->renderFile()
#1 D:\zyweb\pcb_wl\applications\admin\controllers\UserController.php(114): UserController->renderPartial()
#2 D:\zyweb\Yii1\web\actions\CInlineAction.php(49): UserController->actionChooseRole()
#3 D:\zyweb\Yii1\web\CController.php(308): CInlineAction->runWithParams()
#4 D:\zyweb\Yii1\web\CController.php(286): UserController->runAction()
#5 D:\zyweb\Yii1\web\CController.php(265): UserController->runActionWithFilters()
#6 D:\zyweb\pcb_wl\applications\admin\components\Controller.php(43): UserController->run()
#7 D:\zyweb\Yii1\web\CWebApplication.php(282): UserController->run()
#8 D:\zyweb\Yii1\web\CWebApplication.php(141): CWebApplication->runController()
#9 D:\zyweb\Yii1\base\CApplication.php(180): CWebApplication->processRequest()
#10 D:\zyweb\pcb_wl\website\admin\index.php(32): CWebApplication->run()
REQUEST_URI=/user/ChooseRole?typeId=2&userId=2
in D:\zyweb\pcb_wl\applications\admin\views\user\person.php (12)
in D:\zyweb\pcb_wl\applications\admin\controllers\UserController.php (114)
in D:\zyweb\pcb_wl\applications\admin\components\Controller.php (43)
2017/10/18 09:37:02 [error] [php] Undefined variable: personModel (D:\zyweb\pcb_wl\applications\admin\views\user\person.php:12)
Stack trace:
#0 D:\zyweb\Yii1\web\CController.php(869): UserController->renderFile()
#1 D:\zyweb\pcb_wl\applications\admin\controllers\UserController.php(114): UserController->renderPartial()
#2 D:\zyweb\Yii1\web\actions\CInlineAction.php(49): UserController->actionChooseRole()
#3 D:\zyweb\Yii1\web\CController.php(308): CInlineAction->runWithParams()
#4 D:\zyweb\Yii1\web\CController.php(286): UserController->runAction()
#5 D:\zyweb\Yii1\web\CController.php(265): UserController->runActionWithFilters()
#6 D:\zyweb\pcb_wl\applications\admin\components\Controller.php(43): UserController->run()
#7 D:\zyweb\Yii1\web\CWebApplication.php(282): UserController->run()
#8 D:\zyweb\Yii1\web\CWebApplication.php(141): CWebApplication->runController()
#9 D:\zyweb\Yii1\base\CApplication.php(180): CWebApplication->processRequest()
#10 D:\zyweb\pcb_wl\website\admin\index.php(32): CWebApplication->run()
REQUEST_URI=/user/ChooseRole?typeId=2&userId=2
in D:\zyweb\pcb_wl\applications\admin\views\user\person.php (12)
in D:\zyweb\pcb_wl\applications\admin\controllers\UserController.php (114)
in D:\zyweb\pcb_wl\applications\admin\components\Controller.php (43)
2017/10/18 09:37:02 [error] [php] Undefined variable: personModel (D:\zyweb\pcb_wl\applications\admin\views\user\driverEdit.php:13)
Stack trace:
#0 D:\zyweb\Yii1\web\CController.php(869): UserController->renderFile()
#1 D:\zyweb\pcb_wl\applications\admin\controllers\UserController.php(101): UserController->renderPartial()
#2 D:\zyweb\Yii1\web\actions\CInlineAction.php(49): UserController->actionChooseRole()
#3 D:\zyweb\Yii1\web\CController.php(308): CInlineAction->runWithParams()
#4 D:\zyweb\Yii1\web\CController.php(286): UserController->runAction()
#5 D:\zyweb\Yii1\web\CController.php(265): UserController->runActionWithFilters()
#6 D:\zyweb\pcb_wl\applications\admin\components\Controller.php(43): UserController->run()
#7 D:\zyweb\Yii1\web\CWebApplication.php(282): UserController->run()
#8 D:\zyweb\Yii1\web\CWebApplication.php(141): CWebApplication->runController()
#9 D:\zyweb\Yii1\base\CApplication.php(180): CWebApplication->processRequest()
#10 D:\zyweb\pcb_wl\website\admin\index.php(32): CWebApplication->run()
REQUEST_URI=/user/ChooseRole?typeId=1&userId=2
in D:\zyweb\pcb_wl\applications\admin\views\user\driverEdit.php (13)
in D:\zyweb\pcb_wl\applications\admin\controllers\UserController.php (101)
in D:\zyweb\pcb_wl\applications\admin\components\Controller.php (43)
2017/10/18 09:37:13 [error] [php] Undefined variable: personModel (D:\zyweb\pcb_wl\applications\admin\views\user\person.php:12)
Stack trace:
#0 D:\zyweb\Yii1\web\CController.php(869): UserController->renderFile()
#1 D:\zyweb\pcb_wl\applications\admin\controllers\UserController.php(114): UserController->renderPartial()
#2 D:\zyweb\Yii1\web\actions\CInlineAction.php(49): UserController->actionChooseRole()
#3 D:\zyweb\Yii1\web\CController.php(308): CInlineAction->runWithParams()
#4 D:\zyweb\Yii1\web\CController.php(286): UserController->runAction()
#5 D:\zyweb\Yii1\web\CController.php(265): UserController->runActionWithFilters()
#6 D:\zyweb\pcb_wl\applications\admin\components\Controller.php(43): UserController->run()
#7 D:\zyweb\Yii1\web\CWebApplication.php(282): UserController->run()
#8 D:\zyweb\Yii1\web\CWebApplication.php(141): CWebApplication->runController()
#9 D:\zyweb\Yii1\base\CApplication.php(180): CWebApplication->processRequest()
#10 D:\zyweb\pcb_wl\website\admin\index.php(32): CWebApplication->run()
REQUEST_URI=/user/ChooseRole?typeId=2&userId=2
in D:\zyweb\pcb_wl\applications\admin\views\user\person.php (12)
in D:\zyweb\pcb_wl\applications\admin\controllers\UserController.php (114)
in D:\zyweb\pcb_wl\applications\admin\components\Controller.php (43)
2017/10/18 09:37:14 [error] [php] Undefined variable: personModel (D:\zyweb\pcb_wl\applications\admin\views\user\driverEdit.php:13)
Stack trace:
#0 D:\zyweb\Yii1\web\CController.php(869): UserController->renderFile()
#1 D:\zyweb\pcb_wl\applications\admin\controllers\UserController.php(101): UserController->renderPartial()
#2 D:\zyweb\Yii1\web\actions\CInlineAction.php(49): UserController->actionChooseRole()
#3 D:\zyweb\Yii1\web\CController.php(308): CInlineAction->runWithParams()
#4 D:\zyweb\Yii1\web\CController.php(286): UserController->runAction()
#5 D:\zyweb\Yii1\web\CController.php(265): UserController->runActionWithFilters()
#6 D:\zyweb\pcb_wl\applications\admin\components\Controller.php(43): UserController->run()
#7 D:\zyweb\Yii1\web\CWebApplication.php(282): UserController->run()
#8 D:\zyweb\Yii1\web\CWebApplication.php(141): CWebApplication->runController()
#9 D:\zyweb\Yii1\base\CApplication.php(180): CWebApplication->processRequest()
#10 D:\zyweb\pcb_wl\website\admin\index.php(32): CWebApplication->run()
REQUEST_URI=/user/ChooseRole?typeId=1&userId=2
in D:\zyweb\pcb_wl\applications\admin\views\user\driverEdit.php (13)
in D:\zyweb\pcb_wl\applications\admin\controllers\UserController.php (101)
in D:\zyweb\pcb_wl\applications\admin\components\Controller.php (43)
2017/10/18 09:37:15 [error] [php] Undefined variable: personModel (D:\zyweb\pcb_wl\applications\admin\views\user\person.php:12)
Stack trace:
#0 D:\zyweb\Yii1\web\CController.php(869): UserController->renderFile()
#1 D:\zyweb\pcb_wl\applications\admin\controllers\UserController.php(114): UserController->renderPartial()
#2 D:\zyweb\Yii1\web\actions\CInlineAction.php(49): UserController->actionChooseRole()
#3 D:\zyweb\Yii1\web\CController.php(308): CInlineAction->runWithParams()
#4 D:\zyweb\Yii1\web\CController.php(286): UserController->runAction()
#5 D:\zyweb\Yii1\web\CController.php(265): UserController->runActionWithFilters()
#6 D:\zyweb\pcb_wl\applications\admin\components\Controller.php(43): UserController->run()
#7 D:\zyweb\Yii1\web\CWebApplication.php(282): UserController->run()
#8 D:\zyweb\Yii1\web\CWebApplication.php(141): CWebApplication->runController()
#9 D:\zyweb\Yii1\base\CApplication.php(180): CWebApplication->processRequest()
#10 D:\zyweb\pcb_wl\website\admin\index.php(32): CWebApplication->run()
REQUEST_URI=/user/ChooseRole?typeId=2&userId=2
in D:\zyweb\pcb_wl\applications\admin\views\user\person.php (12)
in D:\zyweb\pcb_wl\applications\admin\controllers\UserController.php (114)
in D:\zyweb\pcb_wl\applications\admin\components\Controller.php (43)
2017/10/18 09:37:15 [error] [php] Undefined variable: personModel (D:\zyweb\pcb_wl\applications\admin\views\user\driverEdit.php:13)
Stack trace:
#0 D:\zyweb\Yii1\web\CController.php(869): UserController->renderFile()
#1 D:\zyweb\pcb_wl\applications\admin\controllers\UserController.php(101): UserController->renderPartial()
#2 D:\zyweb\Yii1\web\actions\CInlineAction.php(49): UserController->actionChooseRole()
#3 D:\zyweb\Yii1\web\CController.php(308): CInlineAction->runWithParams()
#4 D:\zyweb\Yii1\web\CController.php(286): UserController->runAction()
#5 D:\zyweb\Yii1\web\CController.php(265): UserController->runActionWithFilters()
#6 D:\zyweb\pcb_wl\applications\admin\components\Controller.php(43): UserController->run()
#7 D:\zyweb\Yii1\web\CWebApplication.php(282): UserController->run()
#8 D:\zyweb\Yii1\web\CWebApplication.php(141): CWebApplication->runController()
#9 D:\zyweb\Yii1\base\CApplication.php(180): CWebApplication->processRequest()
#10 D:\zyweb\pcb_wl\website\admin\index.php(32): CWebApplication->run()
REQUEST_URI=/user/ChooseRole?typeId=1&userId=2
in D:\zyweb\pcb_wl\applications\admin\views\user\driverEdit.php (13)
in D:\zyweb\pcb_wl\applications\admin\controllers\UserController.php (101)
in D:\zyweb\pcb_wl\applications\admin\components\Controller.php (43)
2017/10/18 09:37:16 [error] [php] Undefined variable: personModel (D:\zyweb\pcb_wl\applications\admin\views\user\person.php:12)
Stack trace:
#0 D:\zyweb\Yii1\web\CController.php(869): UserController->renderFile()
#1 D:\zyweb\pcb_wl\applications\admin\controllers\UserController.php(114): UserController->renderPartial()
#2 D:\zyweb\Yii1\web\actions\CInlineAction.php(49): UserController->actionChooseRole()
#3 D:\zyweb\Yii1\web\CController.php(308): CInlineAction->runWithParams()
#4 D:\zyweb\Yii1\web\CController.php(286): UserController->runAction()
#5 D:\zyweb\Yii1\web\CController.php(265): UserController->runActionWithFilters()
#6 D:\zyweb\pcb_wl\applications\admin\components\Controller.php(43): UserController->run()
#7 D:\zyweb\Yii1\web\CWebApplication.php(282): UserController->run()
#8 D:\zyweb\Yii1\web\CWebApplication.php(141): CWebApplication->runController()
#9 D:\zyweb\Yii1\base\CApplication.php(180): CWebApplication->processRequest()
#10 D:\zyweb\pcb_wl\website\admin\index.php(32): CWebApplication->run()
REQUEST_URI=/user/ChooseRole?typeId=2&userId=2
in D:\zyweb\pcb_wl\applications\admin\views\user\person.php (12)
in D:\zyweb\pcb_wl\applications\admin\controllers\UserController.php (114)
in D:\zyweb\pcb_wl\applications\admin\components\Controller.php (43)
2017/10/18 09:37:16 [error] [php] Undefined variable: personModel (D:\zyweb\pcb_wl\applications\admin\views\user\driverEdit.php:13)
Stack trace:
#0 D:\zyweb\Yii1\web\CController.php(869): UserController->renderFile()
#1 D:\zyweb\pcb_wl\applications\admin\controllers\UserController.php(101): UserController->renderPartial()
#2 D:\zyweb\Yii1\web\actions\CInlineAction.php(49): UserController->actionChooseRole()
#3 D:\zyweb\Yii1\web\CController.php(308): CInlineAction->runWithParams()
#4 D:\zyweb\Yii1\web\CController.php(286): UserController->runAction()
#5 D:\zyweb\Yii1\web\CController.php(265): UserController->runActionWithFilters()
#6 D:\zyweb\pcb_wl\applications\admin\components\Controller.php(43): UserController->run()
#7 D:\zyweb\Yii1\web\CWebApplication.php(282): UserController->run()
#8 D:\zyweb\Yii1\web\CWebApplication.php(141): CWebApplication->runController()
#9 D:\zyweb\Yii1\base\CApplication.php(180): CWebApplication->processRequest()
#10 D:\zyweb\pcb_wl\website\admin\index.php(32): CWebApplication->run()
REQUEST_URI=/user/ChooseRole?typeId=1&userId=2
in D:\zyweb\pcb_wl\applications\admin\views\user\driverEdit.php (13)
in D:\zyweb\pcb_wl\applications\admin\controllers\UserController.php (101)
in D:\zyweb\pcb_wl\applications\admin\components\Controller.php (43)
2017/10/18 09:37:37 [error] [php] Undefined variable: personModel (D:\zyweb\pcb_wl\applications\admin\views\user\person.php:12)
Stack trace:
#0 D:\zyweb\Yii1\web\CController.php(869): UserController->renderFile()
#1 D:\zyweb\pcb_wl\applications\admin\controllers\UserController.php(114): UserController->renderPartial()
#2 D:\zyweb\Yii1\web\actions\CInlineAction.php(49): UserController->actionChooseRole()
#3 D:\zyweb\Yii1\web\CController.php(308): CInlineAction->runWithParams()
#4 D:\zyweb\Yii1\web\CController.php(286): UserController->runAction()
#5 D:\zyweb\Yii1\web\CController.php(265): UserController->runActionWithFilters()
#6 D:\zyweb\pcb_wl\applications\admin\components\Controller.php(43): UserController->run()
#7 D:\zyweb\Yii1\web\CWebApplication.php(282): UserController->run()
#8 D:\zyweb\Yii1\web\CWebApplication.php(141): CWebApplication->runController()
#9 D:\zyweb\Yii1\base\CApplication.php(180): CWebApplication->processRequest()
#10 D:\zyweb\pcb_wl\website\admin\index.php(32): CWebApplication->run()
REQUEST_URI=/user/ChooseRole?typeId=2&userId=2
in D:\zyweb\pcb_wl\applications\admin\views\user\person.php (12)
in D:\zyweb\pcb_wl\applications\admin\controllers\UserController.php (114)
in D:\zyweb\pcb_wl\applications\admin\components\Controller.php (43)
2017/10/18 09:51:01 [error] [php] Undefined variable: personModel (D:\zyweb\pcb_wl\applications\admin\views\user\driverEdit.php:13)
Stack trace:
#0 D:\zyweb\Yii1\web\CController.php(869): UserController->renderFile()
#1 D:\zyweb\pcb_wl\applications\admin\controllers\UserController.php(101): UserController->renderPartial()
#2 D:\zyweb\Yii1\web\actions\CInlineAction.php(49): UserController->actionChooseRole()
#3 D:\zyweb\Yii1\web\CController.php(308): CInlineAction->runWithParams()
#4 D:\zyweb\Yii1\web\CController.php(286): UserController->runAction()
#5 D:\zyweb\Yii1\web\CController.php(265): UserController->runActionWithFilters()
#6 D:\zyweb\pcb_wl\applications\admin\components\Controller.php(43): UserController->run()
#7 D:\zyweb\Yii1\web\CWebApplication.php(282): UserController->run()
#8 D:\zyweb\Yii1\web\CWebApplication.php(141): CWebApplication->runController()
#9 D:\zyweb\Yii1\base\CApplication.php(180): CWebApplication->processRequest()
#10 D:\zyweb\pcb_wl\website\admin\index.php(32): CWebApplication->run()
REQUEST_URI=/user/ChooseRole?typeId=1&userId=2
in D:\zyweb\pcb_wl\applications\admin\views\user\driverEdit.php (13)
in D:\zyweb\pcb_wl\applications\admin\controllers\UserController.php (101)
in D:\zyweb\pcb_wl\applications\admin\components\Controller.php (43)
2017/10/18 09:51:20 [error] [php] Undefined variable: personModel (D:\zyweb\pcb_wl\applications\admin\views\user\driverEdit.php:13)
Stack trace:
#0 D:\zyweb\Yii1\web\CController.php(869): UserController->renderFile()
#1 D:\zyweb\pcb_wl\applications\admin\controllers\UserController.php(101): UserController->renderPartial()
#2 D:\zyweb\Yii1\web\actions\CInlineAction.php(49): UserController->actionChooseRole()
#3 D:\zyweb\Yii1\web\CController.php(308): CInlineAction->runWithParams()
#4 D:\zyweb\Yii1\web\CController.php(286): UserController->runAction()
#5 D:\zyweb\Yii1\web\CController.php(265): UserController->runActionWithFilters()
#6 D:\zyweb\pcb_wl\applications\admin\components\Controller.php(43): UserController->run()
#7 D:\zyweb\Yii1\web\CWebApplication.php(282): UserController->run()
#8 D:\zyweb\Yii1\web\CWebApplication.php(141): CWebApplication->runController()
#9 D:\zyweb\Yii1\base\CApplication.php(180): CWebApplication->processRequest()
#10 D:\zyweb\pcb_wl\website\admin\index.php(32): CWebApplication->run()
REQUEST_URI=/user/ChooseRole?typeId=1&userId=2
in D:\zyweb\pcb_wl\applications\admin\views\user\driverEdit.php (13)
in D:\zyweb\pcb_wl\applications\admin\controllers\UserController.php (101)
in D:\zyweb\pcb_wl\applications\admin\components\Controller.php (43)
2017/10/18 09:51:21 [error] [php] Undefined variable: personModel (D:\zyweb\pcb_wl\applications\admin\views\user\driverEdit.php:13)
Stack trace:
#0 D:\zyweb\Yii1\web\CController.php(869): UserController->renderFile()
#1 D:\zyweb\pcb_wl\applications\admin\controllers\UserController.php(101): UserController->renderPartial()
#2 D:\zyweb\Yii1\web\actions\CInlineAction.php(49): UserController->actionChooseRole()
#3 D:\zyweb\Yii1\web\CController.php(308): CInlineAction->runWithParams()
#4 D:\zyweb\Yii1\web\CController.php(286): UserController->runAction()
#5 D:\zyweb\Yii1\web\CController.php(265): UserController->runActionWithFilters()
#6 D:\zyweb\pcb_wl\applications\admin\components\Controller.php(43): UserController->run()
#7 D:\zyweb\Yii1\web\CWebApplication.php(282): UserController->run()
#8 D:\zyweb\Yii1\web\CWebApplication.php(141): CWebApplication->runController()
#9 D:\zyweb\Yii1\base\CApplication.php(180): CWebApplication->processRequest()
#10 D:\zyweb\pcb_wl\website\admin\index.php(32): CWebApplication->run()
REQUEST_URI=/user/ChooseRole?typeId=1&userId=2
in D:\zyweb\pcb_wl\applications\admin\views\user\driverEdit.php (13)
in D:\zyweb\pcb_wl\applications\admin\controllers\UserController.php (101)
in D:\zyweb\pcb_wl\applications\admin\components\Controller.php (43)
2017/10/18 09:51:21 [error] [php] Undefined variable: personModel (D:\zyweb\pcb_wl\applications\admin\views\user\driverEdit.php:13)
Stack trace:
#0 D:\zyweb\Yii1\web\CController.php(869): UserController->renderFile()
#1 D:\zyweb\pcb_wl\applications\admin\controllers\UserController.php(101): UserController->renderPartial()
#2 D:\zyweb\Yii1\web\actions\CInlineAction.php(49): UserController->actionChooseRole()
#3 D:\zyweb\Yii1\web\CController.php(308): CInlineAction->runWithParams()
#4 D:\zyweb\Yii1\web\CController.php(286): UserController->runAction()
#5 D:\zyweb\Yii1\web\CController.php(265): UserController->runActionWithFilters()
#6 D:\zyweb\pcb_wl\applications\admin\components\Controller.php(43): UserController->run()
#7 D:\zyweb\Yii1\web\CWebApplication.php(282): UserController->run()
#8 D:\zyweb\Yii1\web\CWebApplication.php(141): CWebApplication->runController()
#9 D:\zyweb\Yii1\base\CApplication.php(180): CWebApplication->processRequest()
#10 D:\zyweb\pcb_wl\website\admin\index.php(32): CWebApplication->run()
REQUEST_URI=/user/ChooseRole?typeId=1&userId=2
in D:\zyweb\pcb_wl\applications\admin\views\user\driverEdit.php (13)
in D:\zyweb\pcb_wl\applications\admin\controllers\UserController.php (101)
in D:\zyweb\pcb_wl\applications\admin\components\Controller.php (43)
2017/10/18 09:51:33 [error] [php] Undefined variable: personModel (D:\zyweb\pcb_wl\applications\admin\views\user\driverEdit.php:13)
Stack trace:
#0 D:\zyweb\Yii1\web\CController.php(869): UserController->renderFile()
#1 D:\zyweb\pcb_wl\applications\admin\controllers\UserController.php(101): UserController->renderPartial()
#2 D:\zyweb\Yii1\web\actions\CInlineAction.php(49): UserController->actionChooseRole()
#3 D:\zyweb\Yii1\web\CController.php(308): CInlineAction->runWithParams()
#4 D:\zyweb\Yii1\web\CController.php(286): UserController->runAction()
#5 D:\zyweb\Yii1\web\CController.php(265): UserController->runActionWithFilters()
#6 D:\zyweb\pcb_wl\applications\admin\components\Controller.php(43): UserController->run()
#7 D:\zyweb\Yii1\web\CWebApplication.php(282): UserController->run()
#8 D:\zyweb\Yii1\web\CWebApplication.php(141): CWebApplication->runController()
#9 D:\zyweb\Yii1\base\CApplication.php(180): CWebApplication->processRequest()
#10 D:\zyweb\pcb_wl\website\admin\index.php(32): CWebApplication->run()
REQUEST_URI=/user/ChooseRole?typeId=1&userId=2
in D:\zyweb\pcb_wl\applications\admin\views\user\driverEdit.php (13)
in D:\zyweb\pcb_wl\applications\admin\controllers\UserController.php (101)
in D:\zyweb\pcb_wl\applications\admin\components\Controller.php (43)
2017/10/18 11:12:51 [error] [exception.CException] exception 'CException' with message 'UserController 在它的 view "D:\zyweb\pcb_wl\applications\admin\views\user\driverEdit.php" 中含有未被适当巢状套叠的 widget 标签. CActiveForm widget 中没有呼叫 endWidget().' in D:\zyweb\Yii1\web\CBaseController.php:101
Stack trace:
#0 D:\zyweb\Yii1\web\CController.php(869): CBaseController->renderFile('D:\\zyweb\\pcb_wl...', Array, true)
#1 D:\zyweb\Yii1\web\CController.php(782): CController->renderPartial('driverEdit', Array, true)
#2 D:\zyweb\pcb_wl\applications\admin\controllers\UserController.php(102): CController->render('driverEdit', Array)
#3 D:\zyweb\Yii1\web\actions\CInlineAction.php(49): UserController->actionChooseRole()
#4 D:\zyweb\Yii1\web\CController.php(308): CInlineAction->runWithParams(Array)
#5 D:\zyweb\Yii1\web\CController.php(286): CController->runAction(Object(CInlineAction))
#6 D:\zyweb\Yii1\web\CController.php(265): CController->runActionWithFilters(Object(CInlineAction), Array)
#7 D:\zyweb\pcb_wl\applications\admin\components\Controller.php(43): CController->run('ChooseRole')
#8 D:\zyweb\Yii1\web\CWebApplication.php(282): Controller->run('ChooseRole')
#9 D:\zyweb\Yii1\web\CWebApplication.php(141): CWebApplication->runController('User/ChooseRole...')
#10 D:\zyweb\Yii1\base\CApplication.php(180): CWebApplication->processRequest()
#11 D:\zyweb\pcb_wl\website\admin\index.php(32): CApplication->run()
#12 {main}
REQUEST_URI=/User/ChooseRole/id/2/typeId/1
HTTP_REFERER=http://admin.logistics.com/User/List
---
2017/10/18 11:18:12 [error] [php] Undefined variable: driversModel (D:\zyweb\pcb_wl\applications\admin\views\user\driverEdit.php:61)
Stack trace:
#0 D:\zyweb\Yii1\web\CController.php(869): UserController->renderFile()
#1 D:\zyweb\Yii1\web\CController.php(782): UserController->renderPartial()
#2 D:\zyweb\pcb_wl\applications\admin\controllers\UserController.php(103): UserController->render()
#3 D:\zyweb\Yii1\web\actions\CInlineAction.php(49): UserController->actionChooseRole()
#4 D:\zyweb\Yii1\web\CController.php(308): CInlineAction->runWithParams()
#5 D:\zyweb\Yii1\web\CController.php(286): UserController->runAction()
#6 D:\zyweb\Yii1\web\CController.php(265): UserController->runActionWithFilters()
#7 D:\zyweb\pcb_wl\applications\admin\components\Controller.php(43): UserController->run()
#8 D:\zyweb\Yii1\web\CWebApplication.php(282): UserController->run()
#9 D:\zyweb\Yii1\web\CWebApplication.php(141): CWebApplication->runController()
#10 D:\zyweb\Yii1\base\CApplication.php(180): CWebApplication->processRequest()
#11 D:\zyweb\pcb_wl\website\admin\index.php(32): CWebApplication->run()
REQUEST_URI=/User/ChooseRole/id/2/typeId/1
in D:\zyweb\pcb_wl\applications\admin\views\user\driverEdit.php (61)
in D:\zyweb\pcb_wl\applications\admin\controllers\UserController.php (103)
in D:\zyweb\pcb_wl\applications\admin\components\Controller.php (43)
2017/10/18 11:18:30 [error] [exception.CException] exception 'CException' with message 'UserForm and its behaviors do not have a method or closure named "textField".' in D:\zyweb\Yii1\base\CComponent.php:266
Stack trace:
#0 D:\zyweb\pcb_wl\applications\admin\views\user\driverEdit.php(61): CComponent->__call('textField', Array)
#1 D:\zyweb\pcb_wl\applications\admin\views\user\driverEdit.php(61): UserForm->textField(Object(DriversForm), 'userId', Array)
#2 D:\zyweb\Yii1\web\CBaseController.php(126): require('D:\\zyweb\\pcb_wl...')
#3 D:\zyweb\Yii1\web\CBaseController.php(95): CBaseController->renderInternal('D:\\zyweb\\pcb_wl...', Array, true)
#4 D:\zyweb\Yii1\web\CController.php(869): CBaseController->renderFile('D:\\zyweb\\pcb_wl...', Array, true)
#5 D:\zyweb\Yii1\web\CController.php(782): CController->renderPartial('driverEdit', Array, true)
#6 D:\zyweb\pcb_wl\applications\admin\controllers\UserController.php(103): CController->render('driverEdit', Array)
#7 D:\zyweb\Yii1\web\actions\CInlineAction.php(49): UserController->actionChooseRole()
#8 D:\zyweb\Yii1\web\CController.php(308): CInlineAction->runWithParams(Array)
#9 D:\zyweb\Yii1\web\CController.php(286): CController->runAction(Object(CInlineAction))
#10 D:\zyweb\Yii1\web\CController.php(265): CController->runActionWithFilters(Object(CInlineAction), Array)
#11 D:\zyweb\pcb_wl\applications\admin\components\Controller.php(43): CController->run('ChooseRole')
#12 D:\zyweb\Yii1\web\CWebApplication.php(282): Controller->run('ChooseRole')
#13 D:\zyweb\Yii1\web\CWebApplication.php(141): CWebApplication->runController('User/ChooseRole...')
#14 D:\zyweb\Yii1\base\CApplication.php(180): CWebApplication->processRequest()
#15 D:\zyweb\pcb_wl\website\admin\index.php(32): CApplication->run()
#16 {main}
REQUEST_URI=/User/ChooseRole/id/2/typeId/1
HTTP_REFERER=http://admin.logistics.com/User/List
---
2017/10/18 14:36:14 [error] [php] Undefined variable: personModel (D:\zyweb\pcb_wl\applications\admin\controllers\UserController.php:204)
Stack trace:
#0 D:\zyweb\Yii1\web\CController.php(286): UserController->runAction()
#1 D:\zyweb\Yii1\web\CController.php(265): UserController->runActionWithFilters()
#2 D:\zyweb\pcb_wl\applications\admin\components\Controller.php(43): UserController->run()
#3 D:\zyweb\Yii1\web\CWebApplication.php(282): UserController->run()
#4 D:\zyweb\Yii1\web\CWebApplication.php(141): CWebApplication->runController()
#5 D:\zyweb\Yii1\base\CApplication.php(180): CWebApplication->processRequest()
#6 D:\zyweb\pcb_wl\website\admin\index.php(32): CWebApplication->run()
REQUEST_URI=/User/DriverCheckAuth
in D:\zyweb\pcb_wl\applications\admin\controllers\UserController.php (204)
in D:\zyweb\pcb_wl\applications\admin\components\Controller.php (43)
in D:\zyweb\pcb_wl\website\admin\index.php (32)
2017/10/18 14:38:25 [error] [php] Undefined variable: personModel (D:\zyweb\pcb_wl\applications\admin\controllers\UserController.php:204)
Stack trace:
#0 D:\zyweb\Yii1\web\CController.php(286): UserController->runAction()
#1 D:\zyweb\Yii1\web\CController.php(265): UserController->runActionWithFilters()
#2 D:\zyweb\pcb_wl\applications\admin\components\Controller.php(43): UserController->run()
#3 D:\zyweb\Yii1\web\CWebApplication.php(282): UserController->run()
#4 D:\zyweb\Yii1\web\CWebApplication.php(141): CWebApplication->runController()
#5 D:\zyweb\Yii1\base\CApplication.php(180): CWebApplication->processRequest()
#6 D:\zyweb\pcb_wl\website\admin\index.php(32): CWebApplication->run()
REQUEST_URI=/User/DriverCheckAuth
in D:\zyweb\pcb_wl\applications\admin\controllers\UserController.php (204)
in D:\zyweb\pcb_wl\applications\admin\components\Controller.php (43)
in D:\zyweb\pcb_wl\website\admin\index.php (32)
2017/10/18 14:39:16 [error] [exception.CException] exception 'CException' with message '属性 "DriversForm.idcardUrl" 未被定义.' in D:\zyweb\Yii1\base\CComponent.php:173
Stack trace:
#0 D:\zyweb\pcb_wl\applications\admin\controllers\UserController.php(200): CComponent->__set('idcardUrl', '/upload/g/20171...')
#1 D:\zyweb\Yii1\web\actions\CInlineAction.php(49): UserController->actionDriverCheckAuth()
#2 D:\zyweb\Yii1\web\CController.php(308): CInlineAction->runWithParams(Array)
#3 D:\zyweb\Yii1\web\CController.php(286): CController->runAction(Object(CInlineAction))
#4 D:\zyweb\Yii1\web\CController.php(265): CController->runActionWithFilters(Object(CInlineAction), Array)
#5 D:\zyweb\pcb_wl\applications\admin\components\Controller.php(43): CController->run('DriverCheckAuth')
#6 D:\zyweb\Yii1\web\CWebApplication.php(282): Controller->run('DriverCheckAuth')
#7 D:\zyweb\Yii1\web\CWebApplication.php(141): CWebApplication->runController('User/DriverChec...')
#8 D:\zyweb\Yii1\base\CApplication.php(180): CWebApplication->processRequest()
#9 D:\zyweb\pcb_wl\website\admin\index.php(32): CApplication->run()
#10 {main}
REQUEST_URI=/User/DriverCheckAuth
HTTP_REFERER=http://admin.logistics.com/User/ChooseRole/userId/2/typeId/1
---
2017/10/18 16:17:51 [error] [php] Undefined variable: model (D:\zyweb\pcb_wl\applications\admin\views\user\driverEdit.php:81)
Stack trace:
#0 D:\zyweb\Yii1\web\CController.php(869): UserController->renderFile()
#1 D:\zyweb\Yii1\web\CController.php(782): UserController->renderPartial()
#2 D:\zyweb\pcb_wl\applications\admin\controllers\UserController.php(108): UserController->render()
#3 D:\zyweb\Yii1\web\actions\CInlineAction.php(49): UserController->actionChooseRole()
#4 D:\zyweb\Yii1\web\CController.php(308): CInlineAction->runWithParams()
#5 D:\zyweb\Yii1\web\CController.php(286): UserController->runAction()
#6 D:\zyweb\Yii1\web\CController.php(265): UserController->runActionWithFilters()
#7 D:\zyweb\pcb_wl\applications\admin\components\Controller.php(43): UserController->run()
#8 D:\zyweb\Yii1\web\CWebApplication.php(282): UserController->run()
#9 D:\zyweb\Yii1\web\CWebApplication.php(141): CWebApplication->runController()
#10 D:\zyweb\Yii1\base\CApplication.php(180): CWebApplication->processRequest()
#11 D:\zyweb\pcb_wl\website\admin\index.php(32): CWebApplication->run()
REQUEST_URI=/User/ChooseRole/userId/2/typeId/1
in D:\zyweb\pcb_wl\applications\admin\views\user\driverEdit.php (81)
in D:\zyweb\pcb_wl\applications\admin\controllers\UserController.php (108)
in D:\zyweb\pcb_wl\applications\admin\components\Controller.php (43)
2017/10/18 16:23:41 [error] [exception.CException] exception 'CException' with message '属性 "DriversForm.unload_cityId" 未被定义.' in D:\zyweb\Yii1\base\CComponent.php:130
Stack trace:
#0 D:\zyweb\Yii1\base\CModel.php(596): CComponent->__get('unload_cityId')
#1 D:\zyweb\pcb_wl\applications\admin\views\user\driverEdit.php(81): CModel->offsetGet('unload_cityId')
#2 D:\zyweb\Yii1\web\CBaseController.php(126): require('D:\\zyweb\\pcb_wl...')
#3 D:\zyweb\Yii1\web\CBaseController.php(95): CBaseController->renderInternal('D:\\zyweb\\pcb_wl...', Array, true)
#4 D:\zyweb\Yii1\web\CController.php(869): CBaseController->renderFile('D:\\zyweb\\pcb_wl...', Array, true)
#5 D:\zyweb\Yii1\web\CController.php(782): CController->renderPartial('driverEdit', Array, true)
#6 D:\zyweb\pcb_wl\applications\admin\controllers\UserController.php(107): CController->render('driverEdit', Array)
#7 D:\zyweb\Yii1\web\actions\CInlineAction.php(49): UserController->actionChooseRole()
#8 D:\zyweb\Yii1\web\CController.php(308): CInlineAction->runWithParams(Array)
#9 D:\zyweb\Yii1\web\CController.php(286): CController->runAction(Object(CInlineAction))
#10 D:\zyweb\Yii1\web\CController.php(265): CController->runActionWithFilters(Object(CInlineAction), Array)
#11 D:\zyweb\pcb_wl\applications\admin\components\Controller.php(43): CController->run('ChooseRole')
#12 D:\zyweb\Yii1\web\CWebApplication.php(282): Controller->run('ChooseRole')
#13 D:\zyweb\Yii1\web\CWebApplication.php(141): CWebApplication->runController('User/ChooseRole...')
#14 D:\zyweb\Yii1\base\CApplication.php(180): CWebApplication->processRequest()
#15 D:\zyweb\pcb_wl\website\admin\index.php(32): CApplication->run()
#16 {main}
REQUEST_URI=/User/ChooseRole/userId/2/typeId/1
HTTP_REFERER=http://admin.logistics.com/User/List
---
2017/10/18 16:41:05 [error] [system.db.CDbCommand] CDbCommand::execute() failed: SQLSTATE[HY000]: General error: 1366 Incorrect integer value: '安徽省' for column 'frequenceCity' at row 1. The SQL statement executed was: UPDATE `Drivers` SET `userId`=:userId, `driverCard`=:driverCard, `driverExp`=:driverExp, `frequenceCity`=:frequenceCity, `vehicleId`=:vehicleId, `mobile`=:mobile, `companyPhone`=:companyPhone, `createTime`=:createTime, `updateTime`=:updateTime, `dToken`=:dToken WHERE `id` IN(7).
in D:\zyweb\pcb_wl\library\model\BaseModel.php (186)
in D:\zyweb\pcb_wl\library\model\BaseModel.php (122)
in D:\zyweb\pcb_wl\library\form\base\DriversBaseForm.php (75)
2017/10/18 16:42:22 [error] [php] Undefined offset: 0 (D:\zyweb\pcb_wl\applications\admin\controllers\UserController.php:103)
Stack trace:
#0 D:\zyweb\Yii1\web\CController.php(286): UserController->runAction()
#1 D:\zyweb\Yii1\web\CController.php(265): UserController->runActionWithFilters()
#2 D:\zyweb\pcb_wl\applications\admin\components\Controller.php(43): UserController->run()
#3 D:\zyweb\Yii1\web\CWebApplication.php(282): UserController->run()
#4 D:\zyweb\Yii1\web\CWebApplication.php(141): CWebApplication->runController()
#5 D:\zyweb\Yii1\base\CApplication.php(180): CWebApplication->processRequest()
#6 D:\zyweb\pcb_wl\website\admin\index.php(32): CWebApplication->run()
REQUEST_URI=/User/ChooseRole/userId/2/typeId/1
in D:\zyweb\pcb_wl\applications\admin\controllers\UserController.php (103)
in D:\zyweb\pcb_wl\applications\admin\components\Controller.php (43)
in D:\zyweb\pcb_wl\website\admin\index.php (32)
2017/10/18 16:43:55 [error] [php] Undefined offset: 0 (D:\zyweb\pcb_wl\applications\admin\controllers\UserController.php:104)
Stack trace:
#0 D:\zyweb\Yii1\web\CController.php(286): UserController->runAction()
#1 D:\zyweb\Yii1\web\CController.php(265): UserController->runActionWithFilters()
#2 D:\zyweb\pcb_wl\applications\admin\components\Controller.php(43): UserController->run()
#3 D:\zyweb\Yii1\web\CWebApplication.php(282): UserController->run()
#4 D:\zyweb\Yii1\web\CWebApplication.php(141): CWebApplication->runController()
#5 D:\zyweb\Yii1\base\CApplication.php(180): CWebApplication->processRequest()
#6 D:\zyweb\pcb_wl\website\admin\index.php(32): CWebApplication->run()
REQUEST_URI=/User/ChooseRole/userId/2/typeId/1
in D:\zyweb\pcb_wl\applications\admin\controllers\UserController.php (104)
in D:\zyweb\pcb_wl\applications\admin\components\Controller.php (43)
in D:\zyweb\pcb_wl\website\admin\index.php (32)
2017/10/18 16:44:49 [error] [php] Missing argument 2 for Areas::getAreaName(), called in D:\zyweb\pcb_wl\applications\admin\controllers\UserController.php on line 104 and defined (D:\zyweb\pcb_wl\library\model\base\Areas.php:178)
Stack trace:
#0 D:\zyweb\Yii1\web\CController.php(308): CInlineAction->runWithParams()
#1 D:\zyweb\Yii1\web\CController.php(286): UserController->runAction()
#2 D:\zyweb\Yii1\web\CController.php(265): UserController->runActionWithFilters()
#3 D:\zyweb\pcb_wl\applications\admin\components\Controller.php(43): UserController->run()
#4 D:\zyweb\Yii1\web\CWebApplication.php(282): UserController->run()
#5 D:\zyweb\Yii1\web\CWebApplication.php(141): CWebApplication->runController()
#6 D:\zyweb\Yii1\base\CApplication.php(180): CWebApplication->processRequest()
#7 D:\zyweb\pcb_wl\website\admin\index.php(32): CWebApplication->run()
REQUEST_URI=/User/ChooseRole/userId/2/typeId/1
in D:\zyweb\pcb_wl\library\model\base\Areas.php (178)
in D:\zyweb\pcb_wl\applications\admin\controllers\UserController.php (104)
in D:\zyweb\pcb_wl\applications\admin\components\Controller.php (43)
2017/10/18 16:45:29 [error] [exception.CException] exception 'CException' with message 'CDbCommand and its behaviors do not have a method or closure named "queryOne".' in D:\zyweb\Yii1\base\CComponent.php:266
Stack trace:
#0 D:\zyweb\pcb_wl\library\model\BaseModel.php(324): CComponent->__call('queryOne', Array)
#1 D:\zyweb\pcb_wl\library\model\BaseModel.php(324): CDbCommand->queryOne()
#2 D:\zyweb\pcb_wl\library\model\BaseModel.php(227): BaseModel->getData('SELECT * FROM `...', 'queryOne')
#3 D:\zyweb\pcb_wl\library\model\base\Areas.php(229): BaseModel->query(Object(CDbCriteria), 'queryOne')
#4 D:\zyweb\pcb_wl\applications\admin\controllers\UserController.php(104): Areas->getProvince('12')
#5 D:\zyweb\Yii1\web\actions\CInlineAction.php(49): UserController->actionChooseRole()
#6 D:\zyweb\Yii1\web\CController.php(308): CInlineAction->runWithParams(Array)
#7 D:\zyweb\Yii1\web\CController.php(286): CController->runAction(Object(CInlineAction))
#8 D:\zyweb\Yii1\web\CController.php(265): CController->runActionWithFilters(Object(CInlineAction), Array)
#9 D:\zyweb\pcb_wl\applications\admin\components\Controller.php(43): CController->run('ChooseRole')
#10 D:\zyweb\Yii1\web\CWebApplication.php(282): Controller->run('ChooseRole')
#11 D:\zyweb\Yii1\web\CWebApplication.php(141): CWebApplication->runController('User/ChooseRole...')
#12 D:\zyweb\Yii1\base\CApplication.php(180): CWebApplication->processRequest()
#13 D:\zyweb\pcb_wl\website\admin\index.php(32): CApplication->run()
#14 {main}
REQUEST_URI=/User/ChooseRole/userId/2/typeId/1
HTTP_REFERER=http://admin.logistics.com/User/List
---
2017/10/18 16:59:37 [error] [exception.CHttpException.404] exception 'CHttpException' with message 'Unable to resolve the request "favicon.ico".' in D:\zyweb\Yii1\web\CWebApplication.php:286
Stack trace:
#0 D:\zyweb\Yii1\web\CWebApplication.php(141): CWebApplication->runController('favicon.ico')
#1 D:\zyweb\Yii1\base\CApplication.php(180): CWebApplication->processRequest()
#2 D:\zyweb\pcb_wl\website\admin\index.php(32): CApplication->run()
#3 {main}
REQUEST_URI=/favicon.ico
HTTP_REFERER=http://admin.logistics.com/
---
