2017/12/01 10:17:19 [info] [request] 
url: /list
array()
array()
callback: array
(
    'code' => '1'
    'message' => '操作成功'
    'obj' => array
    (
        0 => array
        (
            'orderId' => '9'
            'orderNumber' => '17110811182203826995'
            'orderState' => '待收货'
            'startRouter' => '北京市 北京 天安门'
            'endRouter' => '福建省 福州市 鼓楼区 软件园'
            'middleRouter' => array()
            'goodsArr' => array
            (
                0 => array
                (
                    'goods' => '煤球'
                )
            )
            'time' => null
        )
        1 => array
        (
            'orderId' => '10'
            'orderNumber' => '17110811182203826997'
            'orderState' => '运输中'
            'startRouter' => '北京市 北京 天安门'
            'endRouter' => '福建省 福州市 鼓楼区 软件园'
            'middleRouter' => array()
            'goodsArr' => array()
            'time' => null
        )
        2 => array
        (
            'orderId' => '11'
            'orderNumber' => '171108111822038269912'
            'orderState' => '已签收'
            'startRouter' => '北京市 北京 天安门'
            'endRouter' => '福建省 福州市 鼓楼区 软件园'
            'middleRouter' => array()
            'goodsArr' => array()
            'time' => null
        )
        3 => array
        (
            'orderId' => '12'
            'orderNumber' => '171108111822038269932'
            'orderState' => '异常'
            'startRouter' => '北京市 北京 天安门'
            'endRouter' => '福建省 福州市 鼓楼区 软件园'
            'middleRouter' => array()
            'goodsArr' => array()
            'time' => null
        )
        4 => array
        (
            'orderId' => '14'
            'orderNumber' => '17112211477610168731'
            'orderState' => '待收货'
            'startRouter' => '北京 北京市 丰台区 朝阳区配pcbdoor'
            'endRouter' => '广东省 深圳市 南山区 中山大学产学研大楼1705'
            'middleRouter' => array()
            'goodsArr' => array
            (
                0 => array
                (
                    'goods' => '钢板'
                )
            )
            'time' => null
        )
        5 => array
        (
            'orderId' => '21'
            'orderNumber' => '17113014089209291381'
            'orderState' => '待收货'
            'startRouter' => '广东省 深圳市 南山区 中山大学产学研大楼1705'
            'endRouter' => '北京 北京市 丰台区 朝阳区配pcbdoor'
            'middleRouter' => array()
            'goodsArr' => array
            (
                0 => array
                (
                    'goods' => '模板2'
                )
            )
            'time' => null
        )
        6 => array
        (
            'orderId' => '23'
            'orderNumber' => '17113015174209208312'
            'orderState' => '待收货'
            'startRouter' => '广东省 深圳市 南山区 中山大学产学研大楼1705'
            'endRouter' => '北京 北京市 丰台区 朝阳区配pcbdoor'
            'middleRouter' => array()
            'goodsArr' => array
            (
                0 => array
                (
                    'goods' => '买个包子'
                )
            )
            'time' => null
        )
    )
)
in D:\zyweb\pcb_logistics\applications\api\components\Controller.php (132)
in D:\zyweb\pcb_logistics\applications\api\components\Controller.php (96)
in D:\zyweb\pcb_logistics\applications\api\controllers\buyer\v1\OrderController.php (52)
2017/12/01 10:17:39 [info] [request] 
url: /list
array()
array
(
    'oState' => ''
)
callback: array
(
    'code' => '1'
    'message' => '操作成功'
    'obj' => array
    (
        0 => array
        (
            'orderId' => '9'
            'orderNumber' => '17110811182203826995'
            'orderState' => '待收货'
            'startRouter' => '北京市 北京 天安门'
            'endRouter' => '福建省 福州市 鼓楼区 软件园'
            'middleRouter' => array()
            'goodsArr' => array
            (
                0 => array
                (
                    'goods' => '煤球'
                )
            )
            'time' => null
        )
        1 => array
        (
            'orderId' => '10'
            'orderNumber' => '17110811182203826997'
            'orderState' => '运输中'
            'startRouter' => '北京市 北京 天安门'
            'endRouter' => '福建省 福州市 鼓楼区 软件园'
            'middleRouter' => array()
            'goodsArr' => array()
            'time' => null
        )
        2 => array
        (
            'orderId' => '11'
            'orderNumber' => '171108111822038269912'
            'orderState' => '已签收'
            'startRouter' => '北京市 北京 天安门'
            'endRouter' => '福建省 福州市 鼓楼区 软件园'
            'middleRouter' => array()
            'goodsArr' => array()
            'time' => null
        )
        3 => array
        (
            'orderId' => '12'
            'orderNumber' => '171108111822038269932'
            'orderState' => '异常'
            'startRouter' => '北京市 北京 天安门'
            'endRouter' => '福建省 福州市 鼓楼区 软件园'
            'middleRouter' => array()
            'goodsArr' => array()
            'time' => null
        )
        4 => array
        (
            'orderId' => '14'
            'orderNumber' => '17112211477610168731'
            'orderState' => '待收货'
            'startRouter' => '北京 北京市 丰台区 朝阳区配pcbdoor'
            'endRouter' => '广东省 深圳市 南山区 中山大学产学研大楼1705'
            'middleRouter' => array()
            'goodsArr' => array
            (
                0 => array
                (
                    'goods' => '钢板'
                )
            )
            'time' => null
        )
        5 => array
        (
            'orderId' => '21'
            'orderNumber' => '17113014089209291381'
            'orderState' => '待收货'
            'startRouter' => '广东省 深圳市 南山区 中山大学产学研大楼1705'
            'endRouter' => '北京 北京市 丰台区 朝阳区配pcbdoor'
            'middleRouter' => array()
            'goodsArr' => array
            (
                0 => array
                (
                    'goods' => '模板2'
                )
            )
            'time' => null
        )
        6 => array
        (
            'orderId' => '23'
            'orderNumber' => '17113015174209208312'
            'orderState' => '待收货'
            'startRouter' => '广东省 深圳市 南山区 中山大学产学研大楼1705'
            'endRouter' => '北京 北京市 丰台区 朝阳区配pcbdoor'
            'middleRouter' => array()
            'goodsArr' => array
            (
                0 => array
                (
                    'goods' => '买个包子'
                )
            )
            'time' => null
        )
    )
)
in D:\zyweb\pcb_logistics\applications\api\components\Controller.php (132)
in D:\zyweb\pcb_logistics\applications\api\components\Controller.php (96)
in D:\zyweb\pcb_logistics\applications\api\controllers\buyer\v1\OrderController.php (52)
2017/12/01 10:17:48 [info] [request] 
url: /list
array()
array
(
    'oState' => '1'
)
callback: array
(
    'code' => '1'
    'message' => '操作成功'
    'obj' => array
    (
        0 => array
        (
            'orderId' => '9'
            'orderNumber' => '17110811182203826995'
            'orderState' => '待收货'
            'startRouter' => '北京市 北京 天安门'
            'endRouter' => '福建省 福州市 鼓楼区 软件园'
            'middleRouter' => array()
            'goodsArr' => array
            (
                0 => array
                (
                    'goods' => '煤球'
                )
            )
            'time' => null
        )
        1 => array
        (
            'orderId' => '14'
            'orderNumber' => '17112211477610168731'
            'orderState' => '待收货'
            'startRouter' => '北京 北京市 丰台区 朝阳区配pcbdoor'
            'endRouter' => '广东省 深圳市 南山区 中山大学产学研大楼1705'
            'middleRouter' => array()
            'goodsArr' => array
            (
                0 => array
                (
                    'goods' => '钢板'
                )
            )
            'time' => null
        )
        2 => array
        (
            'orderId' => '21'
            'orderNumber' => '17113014089209291381'
            'orderState' => '待收货'
            'startRouter' => '广东省 深圳市 南山区 中山大学产学研大楼1705'
            'endRouter' => '北京 北京市 丰台区 朝阳区配pcbdoor'
            'middleRouter' => array()
            'goodsArr' => array
            (
                0 => array
                (
                    'goods' => '模板2'
                )
            )
            'time' => null
        )
        3 => array
        (
            'orderId' => '23'
            'orderNumber' => '17113015174209208312'
            'orderState' => '待收货'
            'startRouter' => '广东省 深圳市 南山区 中山大学产学研大楼1705'
            'endRouter' => '北京 北京市 丰台区 朝阳区配pcbdoor'
            'middleRouter' => array()
            'goodsArr' => array
            (
                0 => array
                (
                    'goods' => '买个包子'
                )
            )
            'time' => null
        )
    )
)
in D:\zyweb\pcb_logistics\applications\api\components\Controller.php (132)
in D:\zyweb\pcb_logistics\applications\api\components\Controller.php (96)
in D:\zyweb\pcb_logistics\applications\api\controllers\buyer\v1\OrderController.php (52)
2017/12/01 10:17:55 [info] [request] 
url: /list
array()
array
(
    'oState' => '2'
)
callback: array
(
    'code' => '1'
    'message' => '操作成功'
    'obj' => array
    (
        0 => array
        (
            'orderId' => '10'
            'orderNumber' => '17110811182203826997'
            'orderState' => '运输中'
            'startRouter' => '北京市 北京 天安门'
            'endRouter' => '福建省 福州市 鼓楼区 软件园'
            'middleRouter' => array()
            'goodsArr' => array()
            'time' => null
        )
    )
)
in D:\zyweb\pcb_logistics\applications\api\components\Controller.php (132)
in D:\zyweb\pcb_logistics\applications\api\components\Controller.php (96)
in D:\zyweb\pcb_logistics\applications\api\controllers\buyer\v1\OrderController.php (52)
2017/12/01 11:17:15 [info] [request] 
url: /orderInfo
array()
array
(
    'id' => '21'
)
callback: array
(
    'code' => '1'
    'message' => '操作成功'
    'obj' => array
    (
        'id' => '21'
        'orderNumber' => '17113014089209291381'
        'distributeTime' => null
        'orderState' => '待收货'
        'startArea' => '广东省 深圳市 南山区 中山大学产学研大楼1705'
        'startReceiver' => '小王(先生)123123123'
        'startTime' => '2017-11-02 02:00:00'
        'endTime' => '2017-11-02 02:30:00'
        'middleArea' => array
        (
            0 => array
            (
                'address' => '广东省 深圳市 南山区 中山大学产学研大楼1705'
                'receiver' => '老王(未知)13823511111'
            )
        )
        'endArea' => '北京 北京市 丰台区 朝阳区配pcbdoor'
        'endReceiver' => '老王(未知)13823511111'
        'deliveryTime' => '2017-11-08 02:30:00'
        'orderGoods' => array
        (
            0 => array
            (
                'ordergoodsId' => '35'
                'goodsName' => '模板2'
                'goodsType' => '固体'
                'goodsWeight' => '222'
                'goodsVolumn' => '2x2x2'
                'pallets' => '1'
                'palletSize' => '2*3'
                'temperature' => ''
            )
        )
    )
)
in D:\zyweb\pcb_logistics\applications\api\components\Controller.php (132)
in D:\zyweb\pcb_logistics\applications\api\components\Controller.php (96)
in D:\zyweb\pcb_logistics\applications\api\controllers\buyer\v1\OrderController.php (110)
2017/12/01 11:23:03 [info] [request] 
url: /orderInfo
array()
array
(
    'id' => '21'
)
callback: array
(
    'code' => '1'
    'message' => '操作成功'
    'obj' => array
    (
        'id' => '21'
        'orderNumber' => '17113014089209291381'
        'distributeTime' => ''
        'orderState' => '待收货'
        'startArea' => '广东省 深圳市 南山区 中山大学产学研大楼1705'
        'startReceiver' => '小王(先生)123123123'
        'startTime' => '2017-11-02 02:00:00'
        'endTime' => '2017-11-02 02:30:00'
        'middleArea' => array
        (
            0 => array
            (
                'address' => '广东省 深圳市 南山区 中山大学产学研大楼1705'
                'receiver' => '老王(未知)13823511111'
            )
        )
        'endArea' => '北京 北京市 丰台区 朝阳区配pcbdoor'
        'endReceiver' => '老王(未知)13823511111'
        'deliveryTime' => '2017-11-08 02:30:00'
        'orderGoods' => array
        (
            0 => array
            (
                'ordergoodsId' => '35'
                'goodsName' => '模板2'
                'goodsType' => '固体'
                'goodsWeight' => '222'
                'goodsVolumn' => '2x2x2'
                'pallets' => '1'
                'palletSize' => '2*3'
                'temperature' => ''
            )
        )
    )
)
in D:\zyweb\pcb_logistics\applications\api\components\Controller.php (132)
in D:\zyweb\pcb_logistics\applications\api\components\Controller.php (96)
in D:\zyweb\pcb_logistics\applications\api\controllers\buyer\v1\OrderController.php (110)
