2017/09/27 09:32:20 [error] [exception.CHttpException.404] exception 'CHttpException' with message 'Unable to resolve the request "favicon.ico".' in D:\zyweb\Yii1\web\CWebApplication.php:286
Stack trace:
#0 D:\zyweb\Yii1\web\CWebApplication.php(141): CWebApplication->runController('favicon.ico')
#1 D:\zyweb\Yii1\base\CApplication.php(180): CWebApplication->processRequest()
#2 D:\zyweb\pcb_wl\website\admin\index.php(32): CApplication->run()
#3 {main}
REQUEST_URI=/favicon.ico
HTTP_REFERER=http://admin.logistics.com/
---
2017/09/27 09:32:27 [error] [php] Undefined variable: vo (D:\zyweb\pcb_wl\applications\admin\views\userDemand\index.php:17)
Stack trace:
#0 D:\zyweb\Yii1\web\CController.php(869): UserDemandController->renderFile()
#1 D:\zyweb\Yii1\web\CController.php(782): UserDemandController->renderPartial()
#2 D:\zyweb\pcb_wl\applications\admin\controllers\UserDemandController.php(22): UserDemandController->render()
#3 D:\zyweb\Yii1\web\actions\CInlineAction.php(49): UserDemandController->actionList()
#4 D:\zyweb\Yii1\web\CController.php(308): CInlineAction->runWithParams()
#5 D:\zyweb\Yii1\web\CController.php(286): UserDemandController->runAction()
#6 D:\zyweb\Yii1\web\CController.php(265): UserDemandController->runActionWithFilters()
#7 D:\zyweb\pcb_wl\applications\admin\components\Controller.php(43): UserDemandController->run()
#8 D:\zyweb\Yii1\web\CWebApplication.php(282): UserDemandController->run()
#9 D:\zyweb\Yii1\web\CWebApplication.php(141): CWebApplication->runController()
#10 D:\zyweb\Yii1\base\CApplication.php(180): CWebApplication->processRequest()
#11 D:\zyweb\pcb_wl\website\admin\index.php(32): CWebApplication->run()
REQUEST_URI=/UserDemand/List
in D:\zyweb\pcb_wl\applications\admin\views\userDemand\index.php (17)
in D:\zyweb\pcb_wl\applications\admin\controllers\UserDemandController.php (22)
in D:\zyweb\pcb_wl\applications\admin\components\Controller.php (43)
2017/09/27 09:38:28 [error] [exception.CHttpException.404] exception 'CHttpException' with message '系统无法找到请求的 "ddd" 动作.' in D:\zyweb\Yii1\web\CController.php:483
Stack trace:
#0 D:\zyweb\Yii1\web\CController.php(270): CController->missingAction('ddd')
#1 D:\zyweb\pcb_wl\applications\admin\components\Controller.php(43): CController->run('ddd')
#2 D:\zyweb\Yii1\web\CWebApplication.php(282): Controller->run('ddd')
#3 D:\zyweb\Yii1\web\CWebApplication.php(141): CWebApplication->runController('insurance/ddd')
#4 D:\zyweb\Yii1\base\CApplication.php(180): CWebApplication->processRequest()
#5 D:\zyweb\pcb_wl\website\admin\index.php(32): CApplication->run()
#6 {main}
REQUEST_URI=/insurance/ddd
HTTP_REFERER=http://admin.logistics.com/insurance/list
---
2017/09/27 09:50:50 [error] [php] include(checkQuality.php): failed to open stream: No such file or directory (D:\zyweb\Yii1\YiiBase.php:427)
Stack trace:
#0 D:\zyweb\Yii1\validators\CValidator.php(186): import()
#1 D:\zyweb\Yii1\base\CModel.php(287): createValidator()
#2 D:\zyweb\Yii1\base\CModel.php(260): InsuranceForm->createValidators()
#3 D:\zyweb\Yii1\web\helpers\CHtml.php(2236): InsuranceForm->getValidators()
#4 D:\zyweb\Yii1\web\helpers\CHtml.php(1434): activeInputField()
#5 D:\zyweb\Yii1\web\widgets\CActiveForm.php(725): activeTextField()
#6 D:\zyweb\pcb_wl\applications\admin\views\insurance\edit.php(17): CActiveForm->textField()
#7 D:\zyweb\Yii1\web\CBaseController.php(126): require()
#8 D:\zyweb\Yii1\web\CBaseController.php(95): InsuranceController->renderInternal()
#9 D:\zyweb\Yii1\web\CController.php(869): InsuranceController->renderFile()
#10 D:\zyweb\Yii1\web\CController.php(782): InsuranceController->renderPartial()
#11 D:\zyweb\pcb_wl\applications\admin\controllers\InsuranceController.php(37): InsuranceController->render()
#12 D:\zyweb\Yii1\web\actions\CInlineAction.php(49): InsuranceController->actionEdit()
#13 D:\zyweb\Yii1\web\CController.php(308): CInlineAction->runWithParams()
#14 D:\zyweb\Yii1\web\CController.php(286): InsuranceController->runAction()
#15 D:\zyweb\Yii1\web\CController.php(265): InsuranceController->runActionWithFilters()
#16 D:\zyweb\pcb_wl\applications\admin\components\Controller.php(43): InsuranceController->run()
#17 D:\zyweb\Yii1\web\CWebApplication.php(282): InsuranceController->run()
#18 D:\zyweb\Yii1\web\CWebApplication.php(141): CWebApplication->runController()
#19 D:\zyweb\Yii1\base\CApplication.php(180): CWebApplication->processRequest()
#20 D:\zyweb\pcb_wl\website\admin\index.php(32): CWebApplication->run()
REQUEST_URI=/insurance/edit
in D:\zyweb\pcb_wl\applications\admin\views\insurance\edit.php (17)
in D:\zyweb\pcb_wl\applications\admin\controllers\InsuranceController.php (37)
in D:\zyweb\pcb_wl\applications\admin\components\Controller.php (43)
2017/09/27 09:51:16 [error] [php] include(checkQuality.php): failed to open stream: No such file or directory (D:\zyweb\Yii1\YiiBase.php:427)
Stack trace:
#0 D:\zyweb\Yii1\validators\CValidator.php(186): import()
#1 D:\zyweb\Yii1\base\CModel.php(287): createValidator()
#2 D:\zyweb\Yii1\base\CModel.php(260): InsuranceForm->createValidators()
#3 D:\zyweb\Yii1\web\helpers\CHtml.php(2236): InsuranceForm->getValidators()
#4 D:\zyweb\Yii1\web\helpers\CHtml.php(1434): activeInputField()
#5 D:\zyweb\Yii1\web\widgets\CActiveForm.php(725): activeTextField()
#6 D:\zyweb\pcb_wl\applications\admin\views\insurance\edit.php(17): CActiveForm->textField()
#7 D:\zyweb\Yii1\web\CBaseController.php(126): require()
#8 D:\zyweb\Yii1\web\CBaseController.php(95): InsuranceController->renderInternal()
#9 D:\zyweb\Yii1\web\CController.php(869): InsuranceController->renderFile()
#10 D:\zyweb\Yii1\web\CController.php(782): InsuranceController->renderPartial()
#11 D:\zyweb\pcb_wl\applications\admin\controllers\InsuranceController.php(37): InsuranceController->render()
#12 D:\zyweb\Yii1\web\actions\CInlineAction.php(49): InsuranceController->actionEdit()
#13 D:\zyweb\Yii1\web\CController.php(308): CInlineAction->runWithParams()
#14 D:\zyweb\Yii1\web\CController.php(286): InsuranceController->runAction()
#15 D:\zyweb\Yii1\web\CController.php(265): InsuranceController->runActionWithFilters()
#16 D:\zyweb\pcb_wl\applications\admin\components\Controller.php(43): InsuranceController->run()
#17 D:\zyweb\Yii1\web\CWebApplication.php(282): InsuranceController->run()
#18 D:\zyweb\Yii1\web\CWebApplication.php(141): CWebApplication->runController()
#19 D:\zyweb\Yii1\base\CApplication.php(180): CWebApplication->processRequest()
#20 D:\zyweb\pcb_wl\website\admin\index.php(32): CWebApplication->run()
REQUEST_URI=/insurance/edit
in D:\zyweb\pcb_wl\applications\admin\views\insurance\edit.php (17)
in D:\zyweb\pcb_wl\applications\admin\controllers\InsuranceController.php (37)
in D:\zyweb\pcb_wl\applications\admin\components\Controller.php (43)
2017/09/27 09:51:17 [error] [php] include(checkQuality.php): failed to open stream: No such file or directory (D:\zyweb\Yii1\YiiBase.php:427)
Stack trace:
#0 D:\zyweb\Yii1\validators\CValidator.php(186): import()
#1 D:\zyweb\Yii1\base\CModel.php(287): createValidator()
#2 D:\zyweb\Yii1\base\CModel.php(260): InsuranceForm->createValidators()
#3 D:\zyweb\Yii1\web\helpers\CHtml.php(2236): InsuranceForm->getValidators()
#4 D:\zyweb\Yii1\web\helpers\CHtml.php(1434): activeInputField()
#5 D:\zyweb\Yii1\web\widgets\CActiveForm.php(725): activeTextField()
#6 D:\zyweb\pcb_wl\applications\admin\views\insurance\edit.php(17): CActiveForm->textField()
#7 D:\zyweb\Yii1\web\CBaseController.php(126): require()
#8 D:\zyweb\Yii1\web\CBaseController.php(95): InsuranceController->renderInternal()
#9 D:\zyweb\Yii1\web\CController.php(869): InsuranceController->renderFile()
#10 D:\zyweb\Yii1\web\CController.php(782): InsuranceController->renderPartial()
#11 D:\zyweb\pcb_wl\applications\admin\controllers\InsuranceController.php(37): InsuranceController->render()
#12 D:\zyweb\Yii1\web\actions\CInlineAction.php(49): InsuranceController->actionEdit()
#13 D:\zyweb\Yii1\web\CController.php(308): CInlineAction->runWithParams()
#14 D:\zyweb\Yii1\web\CController.php(286): InsuranceController->runAction()
#15 D:\zyweb\Yii1\web\CController.php(265): InsuranceController->runActionWithFilters()
#16 D:\zyweb\pcb_wl\applications\admin\components\Controller.php(43): InsuranceController->run()
#17 D:\zyweb\Yii1\web\CWebApplication.php(282): InsuranceController->run()
#18 D:\zyweb\Yii1\web\CWebApplication.php(141): CWebApplication->runController()
#19 D:\zyweb\Yii1\base\CApplication.php(180): CWebApplication->processRequest()
#20 D:\zyweb\pcb_wl\website\admin\index.php(32): CWebApplication->run()
REQUEST_URI=/insurance/edit
in D:\zyweb\pcb_wl\applications\admin\views\insurance\edit.php (17)
in D:\zyweb\pcb_wl\applications\admin\controllers\InsuranceController.php (37)
in D:\zyweb\pcb_wl\applications\admin\components\Controller.php (43)
2017/09/27 09:51:17 [error] [php] include(checkQuality.php): failed to open stream: No such file or directory (D:\zyweb\Yii1\YiiBase.php:427)
Stack trace:
#0 D:\zyweb\Yii1\validators\CValidator.php(186): import()
#1 D:\zyweb\Yii1\base\CModel.php(287): createValidator()
#2 D:\zyweb\Yii1\base\CModel.php(260): InsuranceForm->createValidators()
#3 D:\zyweb\Yii1\web\helpers\CHtml.php(2236): InsuranceForm->getValidators()
#4 D:\zyweb\Yii1\web\helpers\CHtml.php(1434): activeInputField()
#5 D:\zyweb\Yii1\web\widgets\CActiveForm.php(725): activeTextField()
#6 D:\zyweb\pcb_wl\applications\admin\views\insurance\edit.php(17): CActiveForm->textField()
#7 D:\zyweb\Yii1\web\CBaseController.php(126): require()
#8 D:\zyweb\Yii1\web\CBaseController.php(95): InsuranceController->renderInternal()
#9 D:\zyweb\Yii1\web\CController.php(869): InsuranceController->renderFile()
#10 D:\zyweb\Yii1\web\CController.php(782): InsuranceController->renderPartial()
#11 D:\zyweb\pcb_wl\applications\admin\controllers\InsuranceController.php(37): InsuranceController->render()
#12 D:\zyweb\Yii1\web\actions\CInlineAction.php(49): InsuranceController->actionEdit()
#13 D:\zyweb\Yii1\web\CController.php(308): CInlineAction->runWithParams()
#14 D:\zyweb\Yii1\web\CController.php(286): InsuranceController->runAction()
#15 D:\zyweb\Yii1\web\CController.php(265): InsuranceController->runActionWithFilters()
#16 D:\zyweb\pcb_wl\applications\admin\components\Controller.php(43): InsuranceController->run()
#17 D:\zyweb\Yii1\web\CWebApplication.php(282): InsuranceController->run()
#18 D:\zyweb\Yii1\web\CWebApplication.php(141): CWebApplication->runController()
#19 D:\zyweb\Yii1\base\CApplication.php(180): CWebApplication->processRequest()
#20 D:\zyweb\pcb_wl\website\admin\index.php(32): CWebApplication->run()
REQUEST_URI=/insurance/edit
in D:\zyweb\pcb_wl\applications\admin\views\insurance\edit.php (17)
in D:\zyweb\pcb_wl\applications\admin\controllers\InsuranceController.php (37)
in D:\zyweb\pcb_wl\applications\admin\components\Controller.php (43)
2017/09/27 09:51:17 [error] [php] include(checkQuality.php): failed to open stream: No such file or directory (D:\zyweb\Yii1\YiiBase.php:427)
Stack trace:
#0 D:\zyweb\Yii1\validators\CValidator.php(186): import()
#1 D:\zyweb\Yii1\base\CModel.php(287): createValidator()
#2 D:\zyweb\Yii1\base\CModel.php(260): InsuranceForm->createValidators()
#3 D:\zyweb\Yii1\web\helpers\CHtml.php(2236): InsuranceForm->getValidators()
#4 D:\zyweb\Yii1\web\helpers\CHtml.php(1434): activeInputField()
#5 D:\zyweb\Yii1\web\widgets\CActiveForm.php(725): activeTextField()
#6 D:\zyweb\pcb_wl\applications\admin\views\insurance\edit.php(17): CActiveForm->textField()
#7 D:\zyweb\Yii1\web\CBaseController.php(126): require()
#8 D:\zyweb\Yii1\web\CBaseController.php(95): InsuranceController->renderInternal()
#9 D:\zyweb\Yii1\web\CController.php(869): InsuranceController->renderFile()
#10 D:\zyweb\Yii1\web\CController.php(782): InsuranceController->renderPartial()
#11 D:\zyweb\pcb_wl\applications\admin\controllers\InsuranceController.php(37): InsuranceController->render()
#12 D:\zyweb\Yii1\web\actions\CInlineAction.php(49): InsuranceController->actionEdit()
#13 D:\zyweb\Yii1\web\CController.php(308): CInlineAction->runWithParams()
#14 D:\zyweb\Yii1\web\CController.php(286): InsuranceController->runAction()
#15 D:\zyweb\Yii1\web\CController.php(265): InsuranceController->runActionWithFilters()
#16 D:\zyweb\pcb_wl\applications\admin\components\Controller.php(43): InsuranceController->run()
#17 D:\zyweb\Yii1\web\CWebApplication.php(282): InsuranceController->run()
#18 D:\zyweb\Yii1\web\CWebApplication.php(141): CWebApplication->runController()
#19 D:\zyweb\Yii1\base\CApplication.php(180): CWebApplication->processRequest()
#20 D:\zyweb\pcb_wl\website\admin\index.php(32): CWebApplication->run()
REQUEST_URI=/insurance/edit
in D:\zyweb\pcb_wl\applications\admin\views\insurance\edit.php (17)
in D:\zyweb\pcb_wl\applications\admin\controllers\InsuranceController.php (37)
in D:\zyweb\pcb_wl\applications\admin\components\Controller.php (43)
2017/09/27 13:15:32 [error] [php] Undefined variable: vo (D:\zyweb\pcb_wl\applications\admin\views\userDemand\index.php:17)
Stack trace:
#0 D:\zyweb\Yii1\web\CController.php(869): UserDemandController->renderFile()
#1 D:\zyweb\Yii1\web\CController.php(782): UserDemandController->renderPartial()
#2 D:\zyweb\pcb_wl\applications\admin\controllers\UserDemandController.php(22): UserDemandController->render()
#3 D:\zyweb\Yii1\web\actions\CInlineAction.php(49): UserDemandController->actionList()
#4 D:\zyweb\Yii1\web\CController.php(308): CInlineAction->runWithParams()
#5 D:\zyweb\Yii1\web\CController.php(286): UserDemandController->runAction()
#6 D:\zyweb\Yii1\web\CController.php(265): UserDemandController->runActionWithFilters()
#7 D:\zyweb\pcb_wl\applications\admin\components\Controller.php(43): UserDemandController->run()
#8 D:\zyweb\Yii1\web\CWebApplication.php(282): UserDemandController->run()
#9 D:\zyweb\Yii1\web\CWebApplication.php(141): CWebApplication->runController()
#10 D:\zyweb\Yii1\base\CApplication.php(180): CWebApplication->processRequest()
#11 D:\zyweb\pcb_wl\website\admin\index.php(32): CWebApplication->run()
REQUEST_URI=/UserDemand/List
in D:\zyweb\pcb_wl\applications\admin\views\userDemand\index.php (17)
in D:\zyweb\pcb_wl\applications\admin\controllers\UserDemandController.php (22)
in D:\zyweb\pcb_wl\applications\admin\components\Controller.php (43)
2017/09/27 13:17:39 [error] [php] Undefined variable: vo (D:\zyweb\pcb_wl\applications\admin\views\userDemand\index.php:17)
Stack trace:
#0 D:\zyweb\Yii1\web\CController.php(869): UserDemandController->renderFile()
#1 D:\zyweb\Yii1\web\CController.php(782): UserDemandController->renderPartial()
#2 D:\zyweb\pcb_wl\applications\admin\controllers\UserDemandController.php(22): UserDemandController->render()
#3 D:\zyweb\Yii1\web\actions\CInlineAction.php(49): UserDemandController->actionList()
#4 D:\zyweb\Yii1\web\CController.php(308): CInlineAction->runWithParams()
#5 D:\zyweb\Yii1\web\CController.php(286): UserDemandController->runAction()
#6 D:\zyweb\Yii1\web\CController.php(265): UserDemandController->runActionWithFilters()
#7 D:\zyweb\pcb_wl\applications\admin\components\Controller.php(43): UserDemandController->run()
#8 D:\zyweb\Yii1\web\CWebApplication.php(282): UserDemandController->run()
#9 D:\zyweb\Yii1\web\CWebApplication.php(141): CWebApplication->runController()
#10 D:\zyweb\Yii1\base\CApplication.php(180): CWebApplication->processRequest()
#11 D:\zyweb\pcb_wl\website\admin\index.php(32): CWebApplication->run()
REQUEST_URI=/UserDemand/List
in D:\zyweb\pcb_wl\applications\admin\views\userDemand\index.php (17)
in D:\zyweb\pcb_wl\applications\admin\controllers\UserDemandController.php (22)
in D:\zyweb\pcb_wl\applications\admin\components\Controller.php (43)
2017/09/27 13:37:07 [error] [php] Undefined variable: vo (D:\zyweb\pcb_wl\applications\admin\views\user\index.php:13)
Stack trace:
#0 D:\zyweb\Yii1\web\CController.php(869): UserController->renderFile()
#1 D:\zyweb\Yii1\web\CController.php(782): UserController->renderPartial()
#2 D:\zyweb\pcb_wl\applications\admin\controllers\UserController.php(152): UserController->render()
#3 D:\zyweb\Yii1\web\actions\CInlineAction.php(49): UserController->actionList()
#4 D:\zyweb\Yii1\web\CController.php(308): CInlineAction->runWithParams()
#5 D:\zyweb\Yii1\web\CController.php(286): UserController->runAction()
#6 D:\zyweb\Yii1\web\CController.php(265): UserController->runActionWithFilters()
#7 D:\zyweb\pcb_wl\applications\admin\components\Controller.php(43): UserController->run()
#8 D:\zyweb\Yii1\web\CWebApplication.php(282): UserController->run()
#9 D:\zyweb\Yii1\web\CWebApplication.php(141): CWebApplication->runController()
#10 D:\zyweb\Yii1\base\CApplication.php(180): CWebApplication->processRequest()
#11 D:\zyweb\pcb_wl\website\admin\index.php(32): CWebApplication->run()
REQUEST_URI=/User/List
in D:\zyweb\pcb_wl\applications\admin\views\user\index.php (13)
in D:\zyweb\pcb_wl\applications\admin\controllers\UserController.php (152)
in D:\zyweb\pcb_wl\applications\admin\components\Controller.php (43)
2017/09/27 13:37:10 [error] [php] Undefined variable: vo (D:\zyweb\pcb_wl\applications\admin\views\user\index.php:13)
Stack trace:
#0 D:\zyweb\Yii1\web\CController.php(869): UserController->renderFile()
#1 D:\zyweb\Yii1\web\CController.php(782): UserController->renderPartial()
#2 D:\zyweb\pcb_wl\applications\admin\controllers\UserController.php(152): UserController->render()
#3 D:\zyweb\Yii1\web\actions\CInlineAction.php(49): UserController->actionList()
#4 D:\zyweb\Yii1\web\CController.php(308): CInlineAction->runWithParams()
#5 D:\zyweb\Yii1\web\CController.php(286): UserController->runAction()
#6 D:\zyweb\Yii1\web\CController.php(265): UserController->runActionWithFilters()
#7 D:\zyweb\pcb_wl\applications\admin\components\Controller.php(43): UserController->run()
#8 D:\zyweb\Yii1\web\CWebApplication.php(282): UserController->run()
#9 D:\zyweb\Yii1\web\CWebApplication.php(141): CWebApplication->runController()
#10 D:\zyweb\Yii1\base\CApplication.php(180): CWebApplication->processRequest()
#11 D:\zyweb\pcb_wl\website\admin\index.php(32): CWebApplication->run()
REQUEST_URI=/User/List
in D:\zyweb\pcb_wl\applications\admin\views\user\index.php (13)
in D:\zyweb\pcb_wl\applications\admin\controllers\UserController.php (152)
in D:\zyweb\pcb_wl\applications\admin\components\Controller.php (43)
2017/09/27 13:37:16 [error] [php] Undefined variable: vo (D:\zyweb\pcb_wl\applications\admin\views\userDemand\index.php:17)
Stack trace:
#0 D:\zyweb\Yii1\web\CController.php(869): UserDemandController->renderFile()
#1 D:\zyweb\Yii1\web\CController.php(782): UserDemandController->renderPartial()
#2 D:\zyweb\pcb_wl\applications\admin\controllers\UserDemandController.php(22): UserDemandController->render()
#3 D:\zyweb\Yii1\web\actions\CInlineAction.php(49): UserDemandController->actionList()
#4 D:\zyweb\Yii1\web\CController.php(308): CInlineAction->runWithParams()
#5 D:\zyweb\Yii1\web\CController.php(286): UserDemandController->runAction()
#6 D:\zyweb\Yii1\web\CController.php(265): UserDemandController->runActionWithFilters()
#7 D:\zyweb\pcb_wl\applications\admin\components\Controller.php(43): UserDemandController->run()
#8 D:\zyweb\Yii1\web\CWebApplication.php(282): UserDemandController->run()
#9 D:\zyweb\Yii1\web\CWebApplication.php(141): CWebApplication->runController()
#10 D:\zyweb\Yii1\base\CApplication.php(180): CWebApplication->processRequest()
#11 D:\zyweb\pcb_wl\website\admin\index.php(32): CWebApplication->run()
REQUEST_URI=/UserDemand/List
in D:\zyweb\pcb_wl\applications\admin\views\userDemand\index.php (17)
in D:\zyweb\pcb_wl\applications\admin\controllers\UserDemandController.php (22)
in D:\zyweb\pcb_wl\applications\admin\components\Controller.php (43)
2017/09/27 14:59:28 [error] [php] Undefined variable: vo (D:\zyweb\pcb_wl\applications\admin\views\userDemand\index.php:17)
Stack trace:
#0 D:\zyweb\Yii1\web\CController.php(869): UserDemandController->renderFile()
#1 D:\zyweb\Yii1\web\CController.php(782): UserDemandController->renderPartial()
#2 D:\zyweb\pcb_wl\applications\admin\controllers\UserDemandController.php(22): UserDemandController->render()
#3 D:\zyweb\Yii1\web\actions\CInlineAction.php(49): UserDemandController->actionList()
#4 D:\zyweb\Yii1\web\CController.php(308): CInlineAction->runWithParams()
#5 D:\zyweb\Yii1\web\CController.php(286): UserDemandController->runAction()
#6 D:\zyweb\Yii1\web\CController.php(265): UserDemandController->runActionWithFilters()
#7 D:\zyweb\pcb_wl\applications\admin\components\Controller.php(43): UserDemandController->run()
#8 D:\zyweb\Yii1\web\CWebApplication.php(282): UserDemandController->run()
#9 D:\zyweb\Yii1\web\CWebApplication.php(141): CWebApplication->runController()
#10 D:\zyweb\Yii1\base\CApplication.php(180): CWebApplication->processRequest()
#11 D:\zyweb\pcb_wl\website\admin\index.php(32): CWebApplication->run()
REQUEST_URI=/UserDemand/List
in D:\zyweb\pcb_wl\applications\admin\views\userDemand\index.php (17)
in D:\zyweb\pcb_wl\applications\admin\controllers\UserDemandController.php (22)
in D:\zyweb\pcb_wl\applications\admin\components\Controller.php (43)
2017/09/27 15:48:29 [error] [php] Undefined variable: vo (D:\zyweb\pcb_wl\applications\admin\views\userDemand\index.php:17)
Stack trace:
#0 D:\zyweb\Yii1\web\CController.php(869): UserDemandController->renderFile()
#1 D:\zyweb\Yii1\web\CController.php(782): UserDemandController->renderPartial()
#2 D:\zyweb\pcb_wl\applications\admin\controllers\UserDemandController.php(22): UserDemandController->render()
#3 D:\zyweb\Yii1\web\actions\CInlineAction.php(49): UserDemandController->actionList()
#4 D:\zyweb\Yii1\web\CController.php(308): CInlineAction->runWithParams()
#5 D:\zyweb\Yii1\web\CController.php(286): UserDemandController->runAction()
#6 D:\zyweb\Yii1\web\CController.php(265): UserDemandController->runActionWithFilters()
#7 D:\zyweb\pcb_wl\applications\admin\components\Controller.php(43): UserDemandController->run()
#8 D:\zyweb\Yii1\web\CWebApplication.php(282): UserDemandController->run()
#9 D:\zyweb\Yii1\web\CWebApplication.php(141): CWebApplication->runController()
#10 D:\zyweb\Yii1\base\CApplication.php(180): CWebApplication->processRequest()
#11 D:\zyweb\pcb_wl\website\admin\index.php(32): CWebApplication->run()
REQUEST_URI=/UserDemand/List
in D:\zyweb\pcb_wl\applications\admin\views\userDemand\index.php (17)
in D:\zyweb\pcb_wl\applications\admin\controllers\UserDemandController.php (22)
in D:\zyweb\pcb_wl\applications\admin\components\Controller.php (43)
2017/09/27 15:48:35 [error] [php] Undefined variable: unload_pca (D:\zyweb\pcb_wl\applications\admin\views\userDemand\edit.php:98)
Stack trace:
#0 D:\zyweb\Yii1\web\CController.php(869): UserDemandController->renderFile()
#1 D:\zyweb\Yii1\web\CController.php(782): UserDemandController->renderPartial()
#2 D:\zyweb\pcb_wl\applications\admin\controllers\UserDemandController.php(103): UserDemandController->render()
#3 D:\zyweb\Yii1\web\actions\CInlineAction.php(49): UserDemandController->actionCheckDemand()
#4 D:\zyweb\Yii1\web\CController.php(308): CInlineAction->runWithParams()
#5 D:\zyweb\Yii1\web\CController.php(286): UserDemandController->runAction()
#6 D:\zyweb\Yii1\web\CController.php(265): UserDemandController->runActionWithFilters()
#7 D:\zyweb\pcb_wl\applications\admin\components\Controller.php(43): UserDemandController->run()
#8 D:\zyweb\Yii1\web\CWebApplication.php(282): UserDemandController->run()
#9 D:\zyweb\Yii1\web\CWebApplication.php(141): CWebApplication->runController()
#10 D:\zyweb\Yii1\base\CApplication.php(180): CWebApplication->processRequest()
#11 D:\zyweb\pcb_wl\website\admin\index.php(32): CWebApplication->run()
REQUEST_URI=/UserDemand/CheckDemand/dId/8
in D:\zyweb\pcb_wl\applications\admin\views\userDemand\edit.php (98)
in D:\zyweb\pcb_wl\applications\admin\controllers\UserDemandController.php (103)
in D:\zyweb\pcb_wl\applications\admin\components\Controller.php (43)
2017/09/27 15:48:58 [error] [exception.CException] exception 'CException' with message '属性 "Area.unprovinceName" 未被定义.' in D:\zyweb\Yii1\base\CComponent.php:173
Stack trace:
#0 D:\zyweb\Yii1\web\CWidgetFactory.php(161): CComponent->__set('unprovinceName', 'UserDemandForm[...')
#1 D:\zyweb\Yii1\web\CBaseController.php(146): CWidgetFactory->createWidget(Object(UserDemandController), 'ext.webwidget.A...', Array)
#2 D:\zyweb\Yii1\web\CBaseController.php(172): CBaseController->createWidget('ext.webwidget.A...', Array)
#3 D:\zyweb\pcb_wl\applications\admin\views\userDemand\edit.php(109): CBaseController->widget('ext.webwidget.A...', Array)
#4 D:\zyweb\Yii1\web\CBaseController.php(126): require('D:\\zyweb\\pcb_wl...')
#5 D:\zyweb\Yii1\web\CBaseController.php(95): CBaseController->renderInternal('D:\\zyweb\\pcb_wl...', Array, true)
#6 D:\zyweb\Yii1\web\CController.php(869): CBaseController->renderFile('D:\\zyweb\\pcb_wl...', Array, true)
#7 D:\zyweb\Yii1\web\CController.php(782): CController->renderPartial('edit', Array, true)
#8 D:\zyweb\pcb_wl\applications\admin\controllers\UserDemandController.php(103): CController->render('edit', Array)
#9 D:\zyweb\Yii1\web\actions\CInlineAction.php(49): UserDemandController->actionCheckDemand()
#10 D:\zyweb\Yii1\web\CController.php(308): CInlineAction->runWithParams(Array)
#11 D:\zyweb\Yii1\web\CController.php(286): CController->runAction(Object(CInlineAction))
#12 D:\zyweb\Yii1\web\CController.php(265): CController->runActionWithFilters(Object(CInlineAction), Array)
#13 D:\zyweb\pcb_wl\applications\admin\components\Controller.php(43): CController->run('CheckDemand')
#14 D:\zyweb\Yii1\web\CWebApplication.php(282): Controller->run('CheckDemand')
#15 D:\zyweb\Yii1\web\CWebApplication.php(141): CWebApplication->runController('UserDemand/Chec...')
#16 D:\zyweb\Yii1\base\CApplication.php(180): CWebApplication->processRequest()
#17 D:\zyweb\pcb_wl\website\admin\index.php(32): CApplication->run()
#18 {main}
REQUEST_URI=/UserDemand/CheckDemand/dId/8
HTTP_REFERER=http://admin.logistics.com/UserDemand/List
---
2017/09/27 15:59:25 [error] [php] Undefined variable: vo (D:\zyweb\pcb_wl\applications\admin\views\userDemand\index.php:17)
Stack trace:
#0 D:\zyweb\Yii1\web\CController.php(869): UserDemandController->renderFile()
#1 D:\zyweb\Yii1\web\CController.php(782): UserDemandController->renderPartial()
#2 D:\zyweb\pcb_wl\applications\admin\controllers\UserDemandController.php(22): UserDemandController->render()
#3 D:\zyweb\Yii1\web\actions\CInlineAction.php(49): UserDemandController->actionList()
#4 D:\zyweb\Yii1\web\CController.php(308): CInlineAction->runWithParams()
#5 D:\zyweb\Yii1\web\CController.php(286): UserDemandController->runAction()
#6 D:\zyweb\Yii1\web\CController.php(265): UserDemandController->runActionWithFilters()
#7 D:\zyweb\pcb_wl\applications\admin\components\Controller.php(43): UserDemandController->run()
#8 D:\zyweb\Yii1\web\CWebApplication.php(282): UserDemandController->run()
#9 D:\zyweb\Yii1\web\CWebApplication.php(141): CWebApplication->runController()
#10 D:\zyweb\Yii1\base\CApplication.php(180): CWebApplication->processRequest()
#11 D:\zyweb\pcb_wl\website\admin\index.php(32): CWebApplication->run()
REQUEST_URI=/UserDemand/List
in D:\zyweb\pcb_wl\applications\admin\views\userDemand\index.php (17)
in D:\zyweb\pcb_wl\applications\admin\controllers\UserDemandController.php (22)
in D:\zyweb\pcb_wl\applications\admin\components\Controller.php (43)
