2017/10/26 09:21:34 [error] [exception.CHttpException.404] exception 'CHttpException' with message 'Unable to resolve the request "favicon.ico".' in D:\zyweb\Yii1\web\CWebApplication.php:286
Stack trace:
#0 D:\zyweb\Yii1\web\CWebApplication.php(141): CWebApplication->runController('favicon.ico')
#1 D:\zyweb\Yii1\base\CApplication.php(180): CWebApplication->processRequest()
#2 D:\zyweb\pcb_wl\website\admin\index.php(32): CApplication->run()
#3 {main}
REQUEST_URI=/favicon.ico
HTTP_REFERER=http://admin.logistics.com/
---
2017/10/26 14:50:56 [error] [php] Undefined offset: 3 (D:\zyweb\pcb_wl\applications\admin\service\DemandService.php:159)
Stack trace:
#0 D:\zyweb\Yii1\web\CController.php(308): CInlineAction->runWithParams()
#1 D:\zyweb\Yii1\web\CController.php(286): UserDemandController->runAction()
#2 D:\zyweb\Yii1\web\CController.php(265): UserDemandController->runActionWithFilters()
#3 D:\zyweb\pcb_wl\applications\admin\components\Controller.php(43): UserDemandController->run()
#4 D:\zyweb\Yii1\web\CWebApplication.php(282): UserDemandController->run()
#5 D:\zyweb\Yii1\web\CWebApplication.php(141): CWebApplication->runController()
#6 D:\zyweb\Yii1\base\CApplication.php(180): CWebApplication->processRequest()
#7 D:\zyweb\pcb_wl\website\admin\index.php(32): CWebApplication->run()
REQUEST_URI=/UserDemand/ChangePrice
in D:\zyweb\pcb_wl\applications\admin\service\DemandService.php (159)
in D:\zyweb\pcb_wl\applications\admin\controllers\UserDemandController.php (199)
in D:\zyweb\pcb_wl\applications\admin\components\Controller.php (43)
2017/10/26 14:51:16 [error] [php] Undefined offset: 3 (D:\zyweb\pcb_wl\applications\admin\service\DemandService.php:159)
Stack trace:
#0 D:\zyweb\Yii1\web\CController.php(308): CInlineAction->runWithParams()
#1 D:\zyweb\Yii1\web\CController.php(286): UserDemandController->runAction()
#2 D:\zyweb\Yii1\web\CController.php(265): UserDemandController->runActionWithFilters()
#3 D:\zyweb\pcb_wl\applications\admin\components\Controller.php(43): UserDemandController->run()
#4 D:\zyweb\Yii1\web\CWebApplication.php(282): UserDemandController->run()
#5 D:\zyweb\Yii1\web\CWebApplication.php(141): CWebApplication->runController()
#6 D:\zyweb\Yii1\base\CApplication.php(180): CWebApplication->processRequest()
#7 D:\zyweb\pcb_wl\website\admin\index.php(32): CWebApplication->run()
REQUEST_URI=/UserDemand/ChangePrice
in D:\zyweb\pcb_wl\applications\admin\service\DemandService.php (159)
in D:\zyweb\pcb_wl\applications\admin\controllers\UserDemandController.php (199)
in D:\zyweb\pcb_wl\applications\admin\components\Controller.php (43)
2017/10/26 14:51:30 [error] [php] Undefined offset: 3 (D:\zyweb\pcb_wl\applications\admin\service\DemandService.php:159)
Stack trace:
#0 D:\zyweb\Yii1\web\CController.php(308): CInlineAction->runWithParams()
#1 D:\zyweb\Yii1\web\CController.php(286): UserDemandController->runAction()
#2 D:\zyweb\Yii1\web\CController.php(265): UserDemandController->runActionWithFilters()
#3 D:\zyweb\pcb_wl\applications\admin\components\Controller.php(43): UserDemandController->run()
#4 D:\zyweb\Yii1\web\CWebApplication.php(282): UserDemandController->run()
#5 D:\zyweb\Yii1\web\CWebApplication.php(141): CWebApplication->runController()
#6 D:\zyweb\Yii1\base\CApplication.php(180): CWebApplication->processRequest()
#7 D:\zyweb\pcb_wl\website\admin\index.php(32): CWebApplication->run()
REQUEST_URI=/UserDemand/ChangePrice
in D:\zyweb\pcb_wl\applications\admin\service\DemandService.php (159)
in D:\zyweb\pcb_wl\applications\admin\controllers\UserDemandController.php (199)
in D:\zyweb\pcb_wl\applications\admin\components\Controller.php (43)
2017/10/26 14:52:30 [error] [php] Undefined offset: 3 (D:\zyweb\pcb_wl\applications\admin\service\DemandService.php:160)
Stack trace:
#0 D:\zyweb\Yii1\web\CController.php(308): CInlineAction->runWithParams()
#1 D:\zyweb\Yii1\web\CController.php(286): UserDemandController->runAction()
#2 D:\zyweb\Yii1\web\CController.php(265): UserDemandController->runActionWithFilters()
#3 D:\zyweb\pcb_wl\applications\admin\components\Controller.php(43): UserDemandController->run()
#4 D:\zyweb\Yii1\web\CWebApplication.php(282): UserDemandController->run()
#5 D:\zyweb\Yii1\web\CWebApplication.php(141): CWebApplication->runController()
#6 D:\zyweb\Yii1\base\CApplication.php(180): CWebApplication->processRequest()
#7 D:\zyweb\pcb_wl\website\admin\index.php(32): CWebApplication->run()
REQUEST_URI=/UserDemand/ChangePrice
in D:\zyweb\pcb_wl\applications\admin\service\DemandService.php (160)
in D:\zyweb\pcb_wl\applications\admin\controllers\UserDemandController.php (199)
in D:\zyweb\pcb_wl\applications\admin\components\Controller.php (43)
2017/10/26 15:30:01 [error] [php] Non-static method Vehicle::getVehicleDetail() should not be called statically, assuming $this from incompatible context (D:\zyweb\pcb_wl\applications\admin\views\userDemand\checkDemand.php:124)
Stack trace:
#0 D:\zyweb\Yii1\web\CController.php(869): UserDemandController->renderFile()
#1 D:\zyweb\Yii1\web\CController.php(782): UserDemandController->renderPartial()
#2 D:\zyweb\pcb_wl\applications\admin\controllers\UserDemandController.php(157): UserDemandController->render()
#3 D:\zyweb\Yii1\web\actions\CInlineAction.php(49): UserDemandController->actionAddDemandPrice()
#4 D:\zyweb\Yii1\web\CController.php(308): CInlineAction->runWithParams()
#5 D:\zyweb\Yii1\web\CController.php(286): UserDemandController->runAction()
#6 D:\zyweb\Yii1\web\CController.php(265): UserDemandController->runActionWithFilters()
#7 D:\zyweb\pcb_wl\applications\admin\components\Controller.php(43): UserDemandController->run()
#8 D:\zyweb\Yii1\web\CWebApplication.php(282): UserDemandController->run()
#9 D:\zyweb\Yii1\web\CWebApplication.php(141): CWebApplication->runController()
#10 D:\zyweb\Yii1\base\CApplication.php(180): CWebApplication->processRequest()
#11 D:\zyweb\pcb_wl\website\admin\index.php(32): CWebApplication->run()
REQUEST_URI=/UserDemand/addDemandPrice/dId/8
in D:\zyweb\pcb_wl\applications\admin\views\userDemand\checkDemand.php (124)
in D:\zyweb\pcb_wl\applications\admin\controllers\UserDemandController.php (157)
in D:\zyweb\pcb_wl\applications\admin\components\Controller.php (43)
2017/10/26 15:40:01 [error] [php] Undefined index: id (D:\zyweb\pcb_wl\applications\admin\service\DemandService.php:161)
Stack trace:
#0 D:\zyweb\Yii1\web\CController.php(308): CInlineAction->runWithParams()
#1 D:\zyweb\Yii1\web\CController.php(286): UserDemandController->runAction()
#2 D:\zyweb\Yii1\web\CController.php(265): UserDemandController->runActionWithFilters()
#3 D:\zyweb\pcb_wl\applications\admin\components\Controller.php(43): UserDemandController->run()
#4 D:\zyweb\Yii1\web\CWebApplication.php(282): UserDemandController->run()
#5 D:\zyweb\Yii1\web\CWebApplication.php(141): CWebApplication->runController()
#6 D:\zyweb\Yii1\base\CApplication.php(180): CWebApplication->processRequest()
#7 D:\zyweb\pcb_wl\website\admin\index.php(32): CWebApplication->run()
REQUEST_URI=/UserDemand/ChangePrice
in D:\zyweb\pcb_wl\applications\admin\service\DemandService.php (161)
in D:\zyweb\pcb_wl\applications\admin\controllers\UserDemandController.php (201)
in D:\zyweb\pcb_wl\applications\admin\components\Controller.php (43)
2017/10/26 15:40:34 [error] [php] Undefined index: id (D:\zyweb\pcb_wl\applications\admin\service\DemandService.php:162)
Stack trace:
#0 D:\zyweb\Yii1\web\CController.php(308): CInlineAction->runWithParams()
#1 D:\zyweb\Yii1\web\CController.php(286): UserDemandController->runAction()
#2 D:\zyweb\Yii1\web\CController.php(265): UserDemandController->runActionWithFilters()
#3 D:\zyweb\pcb_wl\applications\admin\components\Controller.php(43): UserDemandController->run()
#4 D:\zyweb\Yii1\web\CWebApplication.php(282): UserDemandController->run()
#5 D:\zyweb\Yii1\web\CWebApplication.php(141): CWebApplication->runController()
#6 D:\zyweb\Yii1\base\CApplication.php(180): CWebApplication->processRequest()
#7 D:\zyweb\pcb_wl\website\admin\index.php(32): CWebApplication->run()
REQUEST_URI=/UserDemand/ChangePrice
in D:\zyweb\pcb_wl\applications\admin\service\DemandService.php (162)
in D:\zyweb\pcb_wl\applications\admin\controllers\UserDemandController.php (201)
in D:\zyweb\pcb_wl\applications\admin\components\Controller.php (43)
2017/10/26 15:48:18 [error] [php] Array to string conversion (D:\zyweb\pcb_wl\applications\admin\views\userDemand\checkDemand.php:41)
Stack trace:
#0 D:\zyweb\Yii1\web\CController.php(869): UserDemandController->renderFile()
#1 D:\zyweb\Yii1\web\CController.php(782): UserDemandController->renderPartial()
#2 D:\zyweb\pcb_wl\applications\admin\controllers\UserDemandController.php(157): UserDemandController->render()
#3 D:\zyweb\Yii1\web\actions\CInlineAction.php(49): UserDemandController->actionAddDemandPrice()
#4 D:\zyweb\Yii1\web\CController.php(308): CInlineAction->runWithParams()
#5 D:\zyweb\Yii1\web\CController.php(286): UserDemandController->runAction()
#6 D:\zyweb\Yii1\web\CController.php(265): UserDemandController->runActionWithFilters()
#7 D:\zyweb\pcb_wl\applications\admin\components\Controller.php(43): UserDemandController->run()
#8 D:\zyweb\Yii1\web\CWebApplication.php(282): UserDemandController->run()
#9 D:\zyweb\Yii1\web\CWebApplication.php(141): CWebApplication->runController()
#10 D:\zyweb\Yii1\base\CApplication.php(180): CWebApplication->processRequest()
#11 D:\zyweb\pcb_wl\website\admin\index.php(32): CWebApplication->run()
REQUEST_URI=/UserDemand/AddDemandPrice/dId/
in D:\zyweb\pcb_wl\applications\admin\views\userDemand\checkDemand.php (41)
in D:\zyweb\pcb_wl\applications\admin\controllers\UserDemandController.php (157)
in D:\zyweb\pcb_wl\applications\admin\components\Controller.php (43)
2017/10/26 15:48:43 [error] [php] Array to string conversion (D:\zyweb\pcb_wl\applications\admin\views\userDemand\checkDemand.php:41)
Stack trace:
#0 D:\zyweb\Yii1\web\CController.php(869): UserDemandController->renderFile()
#1 D:\zyweb\Yii1\web\CController.php(782): UserDemandController->renderPartial()
#2 D:\zyweb\pcb_wl\applications\admin\controllers\UserDemandController.php(157): UserDemandController->render()
#3 D:\zyweb\Yii1\web\actions\CInlineAction.php(49): UserDemandController->actionAddDemandPrice()
#4 D:\zyweb\Yii1\web\CController.php(308): CInlineAction->runWithParams()
#5 D:\zyweb\Yii1\web\CController.php(286): UserDemandController->runAction()
#6 D:\zyweb\Yii1\web\CController.php(265): UserDemandController->runActionWithFilters()
#7 D:\zyweb\pcb_wl\applications\admin\components\Controller.php(43): UserDemandController->run()
#8 D:\zyweb\Yii1\web\CWebApplication.php(282): UserDemandController->run()
#9 D:\zyweb\Yii1\web\CWebApplication.php(141): CWebApplication->runController()
#10 D:\zyweb\Yii1\base\CApplication.php(180): CWebApplication->processRequest()
#11 D:\zyweb\pcb_wl\website\admin\index.php(32): CWebApplication->run()
REQUEST_URI=/UserDemand/AddDemandPrice/dId/
in D:\zyweb\pcb_wl\applications\admin\views\userDemand\checkDemand.php (41)
in D:\zyweb\pcb_wl\applications\admin\controllers\UserDemandController.php (157)
in D:\zyweb\pcb_wl\applications\admin\components\Controller.php (43)
2017/10/26 16:01:37 [error] [exception.CHttpException.404] exception 'CHttpException' with message 'Unable to resolve the request "favicon.ico".' in D:\zyweb\Yii1\web\CWebApplication.php:286
Stack trace:
#0 D:\zyweb\Yii1\web\CWebApplication.php(141): CWebApplication->runController('favicon.ico')
#1 D:\zyweb\Yii1\base\CApplication.php(180): CWebApplication->processRequest()
#2 D:\zyweb\pcb_wl\website\admin\index.php(32): CApplication->run()
#3 {main}
REQUEST_URI=/favicon.ico
HTTP_REFERER=http://admin.logistics.com/UserDemand/List
---
2017/10/26 16:01:37 [error] [exception.CHttpException.404] exception 'CHttpException' with message 'Unable to resolve the request "favicon.ico".' in D:\zyweb\Yii1\web\CWebApplication.php:286
Stack trace:
#0 D:\zyweb\Yii1\web\CWebApplication.php(141): CWebApplication->runController('favicon.ico')
#1 D:\zyweb\Yii1\base\CApplication.php(180): CWebApplication->processRequest()
#2 D:\zyweb\pcb_wl\website\admin\index.php(32): CApplication->run()
#3 {main}
REQUEST_URI=/favicon.ico
HTTP_REFERER=http://admin.logistics.com/UserDemand/List
---
