2017/11/10 09:15:25 [error] [exception.CHttpException.404] exception 'CHttpException' with message 'Unable to resolve the request "favicon.ico".' in D:\zyweb\Yii1\web\CWebApplication.php:286
Stack trace:
#0 D:\zyweb\Yii1\web\CWebApplication.php(141): CWebApplication->runController('favicon.ico')
#1 D:\zyweb\Yii1\base\CApplication.php(180): CWebApplication->processRequest()
#2 D:\zyweb\pcb_logistics\website\home\index.php(38): CApplication->run()
#3 {main}
REQUEST_URI=/favicon.ico
HTTP_REFERER=http://www.wllogistics.com/router/editrouter
---
2017/11/10 09:41:16 [error] [system.db.CDbCommand] CDbCommand::execute() failed: SQLSTATE[42000]: Syntax error or access violation: 1064 You have an error in your SQL syntax; check the manual that corresponds to your MySQL server version for the right syntax to use near ')' at line 1. The SQL statement executed was: UPDATE `RouterVehicle` SET `state`=:state, `updateTime`=:updateTime WHERE `id` IN().
in D:\zyweb\pcb_logistics\library\model\BaseModel.php (186)
in D:\zyweb\pcb_logistics\library\model\BaseModel.php (122)
in D:\zyweb\pcb_logistics\applications\home\controllers\RouterController.php (77)
2017/11/10 09:41:16 [error] [exception.CDbException] exception 'CDbException' with message 'CDbCommand failed to execute the SQL statement: SQLSTATE[42000]: Syntax error or access violation: 1064 You have an error in your SQL syntax; check the manual that corresponds to your MySQL server version for the right syntax to use near ')' at line 1. The SQL statement executed was: UPDATE `RouterVehicle` SET `state`=:state, `updateTime`=:updateTime WHERE `id` IN()' in D:\zyweb\Yii1\db\CDbCommand.php:363
Stack trace:
#0 D:\zyweb\Yii1\db\CDbCommand.php(1336): CDbCommand->execute(Array)
#1 D:\zyweb\pcb_logistics\library\model\BaseModel.php(186): CDbCommand->update('RouterVehicle', Array, '`id` IN()')
#2 D:\zyweb\pcb_logistics\library\model\BaseModel.php(122): BaseModel->update(Array, '`id` IN()')
#3 D:\zyweb\pcb_logistics\applications\home\controllers\RouterController.php(77): BaseModel->updateByPk('', Array)
#4 D:\zyweb\Yii1\web\actions\CInlineAction.php(49): RouterController->actionDelVehicle()
#5 D:\zyweb\Yii1\web\CController.php(308): CInlineAction->runWithParams(Array)
#6 D:\zyweb\Yii1\web\CController.php(286): CController->runAction(Object(CInlineAction))
#7 D:\zyweb\Yii1\web\CController.php(265): CController->runActionWithFilters(Object(CInlineAction), Array)
#8 D:\zyweb\pcb_logistics\applications\home\components\Controller.php(30): CController->run('DelVehicle')
#9 D:\zyweb\Yii1\web\CWebApplication.php(282): Controller->run('DelVehicle')
#10 D:\zyweb\Yii1\web\CWebApplication.php(141): CWebApplication->runController('Router/DelVehic...')
#11 D:\zyweb\Yii1\base\CApplication.php(180): CWebApplication->processRequest()
#12 D:\zyweb\pcb_logistics\website\home\index.php(38): CApplication->run()
#13 {main}
REQUEST_URI=/Router/DelVehicle
HTTP_REFERER=http://www.wllogistics.com/router/routerlist
---
2017/11/10 10:25:00 [error] [exception.CHttpException.404] exception 'CHttpException' with message 'Unable to resolve the request "1".' in D:\zyweb\Yii1\web\CWebApplication.php:286
Stack trace:
#0 D:\zyweb\Yii1\web\CWebApplication.php(141): CWebApplication->runController('1')
#1 D:\zyweb\Yii1\base\CApplication.php(180): CWebApplication->processRequest()
#2 D:\zyweb\pcb_logistics\website\home\index.php(38): CApplication->run()
#3 {main}
REQUEST_URI=/1
HTTP_REFERER=http://www.wllogistics.com/goods/list
---
2017/11/10 10:31:09 [error] [php] Undefined variable: urlVehicleList (D:\zyweb\pcb_logistics\applications\home\views\router\list.php:133)
Stack trace:
#0 D:\zyweb\Yii1\web\CController.php(869): RouterController->renderFile()
#1 D:\zyweb\Yii1\web\CController.php(782): RouterController->renderPartial()
#2 D:\zyweb\pcb_logistics\applications\home\components\Controller.php(52): RouterController->render()
#3 D:\zyweb\pcb_logistics\applications\home\controllers\RouterController.php(98): RouterController->render()
#4 D:\zyweb\Yii1\web\actions\CInlineAction.php(49): RouterController->actionRouterList()
#5 D:\zyweb\Yii1\web\CController.php(308): CInlineAction->runWithParams()
#6 D:\zyweb\Yii1\web\CController.php(286): RouterController->runAction()
#7 D:\zyweb\Yii1\web\CController.php(265): RouterController->runActionWithFilters()
#8 D:\zyweb\pcb_logistics\applications\home\components\Controller.php(30): RouterController->run()
#9 D:\zyweb\Yii1\web\CWebApplication.php(282): RouterController->run()
#10 D:\zyweb\Yii1\web\CWebApplication.php(141): CWebApplication->runController()
#11 D:\zyweb\Yii1\base\CApplication.php(180): CWebApplication->processRequest()
#12 D:\zyweb\pcb_logistics\website\home\index.php(38): CWebApplication->run()
REQUEST_URI=/router/routerlist
in D:\zyweb\pcb_logistics\applications\home\views\router\list.php (133)
in D:\zyweb\pcb_logistics\applications\home\components\Controller.php (52)
in D:\zyweb\pcb_logistics\applications\home\controllers\RouterController.php (98)
2017/11/10 13:40:06 [error] [system.db.CDbCommand] CDbCommand::execute() failed: SQLSTATE[42000]: Syntax error or access violation: 1064 You have an error in your SQL syntax; check the manual that corresponds to your MySQL server version for the right syntax to use near ')' at line 1. The SQL statement executed was: UPDATE `Router` SET `state`=:state, `updateTime`=:updateTime WHERE `id` IN().
in D:\zyweb\pcb_logistics\library\model\BaseModel.php (186)
in D:\zyweb\pcb_logistics\library\model\BaseModel.php (122)
in D:\zyweb\pcb_logistics\applications\home\controllers\RouterController.php (143)
2017/11/10 13:40:06 [error] [exception.CDbException] exception 'CDbException' with message 'CDbCommand failed to execute the SQL statement: SQLSTATE[42000]: Syntax error or access violation: 1064 You have an error in your SQL syntax; check the manual that corresponds to your MySQL server version for the right syntax to use near ')' at line 1. The SQL statement executed was: UPDATE `Router` SET `state`=:state, `updateTime`=:updateTime WHERE `id` IN()' in D:\zyweb\Yii1\db\CDbCommand.php:363
Stack trace:
#0 D:\zyweb\Yii1\db\CDbCommand.php(1336): CDbCommand->execute(Array)
#1 D:\zyweb\pcb_logistics\library\model\BaseModel.php(186): CDbCommand->update('Router', Array, '`id` IN()')
#2 D:\zyweb\pcb_logistics\library\model\BaseModel.php(122): BaseModel->update(Array, '`id` IN()')
#3 D:\zyweb\pcb_logistics\applications\home\controllers\RouterController.php(143): BaseModel->updateByPk('', Array)
#4 D:\zyweb\Yii1\web\actions\CInlineAction.php(49): RouterController->actionDelRouter()
#5 D:\zyweb\Yii1\web\CController.php(308): CInlineAction->runWithParams(Array)
#6 D:\zyweb\Yii1\web\CController.php(286): CController->runAction(Object(CInlineAction))
#7 D:\zyweb\Yii1\web\CController.php(265): CController->runActionWithFilters(Object(CInlineAction), Array)
#8 D:\zyweb\pcb_logistics\applications\home\components\Controller.php(30): CController->run('DelRouter')
#9 D:\zyweb\Yii1\web\CWebApplication.php(282): Controller->run('DelRouter')
#10 D:\zyweb\Yii1\web\CWebApplication.php(141): CWebApplication->runController('Router/DelRoute...')
#11 D:\zyweb\Yii1\base\CApplication.php(180): CWebApplication->processRequest()
#12 D:\zyweb\pcb_logistics\website\home\index.php(38): CApplication->run()
#13 {main}
REQUEST_URI=/Router/DelRouter?id=5
HTTP_REFERER=http://www.wllogistics.com/router/routerlist
---
2017/11/10 13:40:10 [error] [system.db.CDbCommand] CDbCommand::execute() failed: SQLSTATE[42000]: Syntax error or access violation: 1064 You have an error in your SQL syntax; check the manual that corresponds to your MySQL server version for the right syntax to use near ')' at line 1. The SQL statement executed was: UPDATE `Router` SET `state`=:state, `updateTime`=:updateTime WHERE `id` IN().
in D:\zyweb\pcb_logistics\library\model\BaseModel.php (186)
in D:\zyweb\pcb_logistics\library\model\BaseModel.php (122)
in D:\zyweb\pcb_logistics\applications\home\controllers\RouterController.php (143)
2017/11/10 13:40:10 [error] [exception.CDbException] exception 'CDbException' with message 'CDbCommand failed to execute the SQL statement: SQLSTATE[42000]: Syntax error or access violation: 1064 You have an error in your SQL syntax; check the manual that corresponds to your MySQL server version for the right syntax to use near ')' at line 1. The SQL statement executed was: UPDATE `Router` SET `state`=:state, `updateTime`=:updateTime WHERE `id` IN()' in D:\zyweb\Yii1\db\CDbCommand.php:363
Stack trace:
#0 D:\zyweb\Yii1\db\CDbCommand.php(1336): CDbCommand->execute(Array)
#1 D:\zyweb\pcb_logistics\library\model\BaseModel.php(186): CDbCommand->update('Router', Array, '`id` IN()')
#2 D:\zyweb\pcb_logistics\library\model\BaseModel.php(122): BaseModel->update(Array, '`id` IN()')
#3 D:\zyweb\pcb_logistics\applications\home\controllers\RouterController.php(143): BaseModel->updateByPk('', Array)
#4 D:\zyweb\Yii1\web\actions\CInlineAction.php(49): RouterController->actionDelRouter()
#5 D:\zyweb\Yii1\web\CController.php(308): CInlineAction->runWithParams(Array)
#6 D:\zyweb\Yii1\web\CController.php(286): CController->runAction(Object(CInlineAction))
#7 D:\zyweb\Yii1\web\CController.php(265): CController->runActionWithFilters(Object(CInlineAction), Array)
#8 D:\zyweb\pcb_logistics\applications\home\components\Controller.php(30): CController->run('DelRouter')
#9 D:\zyweb\Yii1\web\CWebApplication.php(282): Controller->run('DelRouter')
#10 D:\zyweb\Yii1\web\CWebApplication.php(141): CWebApplication->runController('Router/DelRoute...')
#11 D:\zyweb\Yii1\base\CApplication.php(180): CWebApplication->processRequest()
#12 D:\zyweb\pcb_logistics\website\home\index.php(38): CApplication->run()
#13 {main}
REQUEST_URI=/Router/DelRouter?id=5
---
2017/11/10 14:02:38 [error] [exception.CHttpException.404] exception 'CHttpException' with message 'Unable to resolve the request "favicon.ico".' in D:\zyweb\Yii1\web\CWebApplication.php:286
Stack trace:
#0 D:\zyweb\Yii1\web\CWebApplication.php(141): CWebApplication->runController('favicon.ico')
#1 D:\zyweb\Yii1\base\CApplication.php(180): CWebApplication->processRequest()
#2 D:\zyweb\pcb_logistics\website\home\index.php(38): CApplication->run()
#3 {main}
REQUEST_URI=/favicon.ico
HTTP_REFERER=http://www.wllogistics.com/address/edit
---
2017/11/10 14:31:17 [error] [exception.CHttpException.404] exception 'CHttpException' with message 'Unable to resolve the request "ajax/getCity".' in D:\zyweb\Yii1\web\CWebApplication.php:286
Stack trace:
#0 D:\zyweb\Yii1\web\CWebApplication.php(141): CWebApplication->runController('ajax/getCity')
#1 D:\zyweb\Yii1\base\CApplication.php(180): CWebApplication->processRequest()
#2 D:\zyweb\pcb_logistics\website\home\index.php(38): CApplication->run()
#3 {main}
REQUEST_URI=/ajax/getCity?pId=12
HTTP_REFERER=http://www.wllogistics.com/address/edit
---
2017/11/10 14:31:31 [error] [exception.CHttpException.404] exception 'CHttpException' with message 'Unable to resolve the request "ajax/getCity".' in D:\zyweb\Yii1\web\CWebApplication.php:286
Stack trace:
#0 D:\zyweb\Yii1\web\CWebApplication.php(141): CWebApplication->runController('ajax/getCity')
#1 D:\zyweb\Yii1\base\CApplication.php(180): CWebApplication->processRequest()
#2 D:\zyweb\pcb_logistics\website\home\index.php(38): CApplication->run()
#3 {main}
REQUEST_URI=/ajax/getCity?pId=1
HTTP_REFERER=http://www.wllogistics.com/address/edit
---
2017/11/10 14:40:55 [error] [exception.CHttpException.404] exception 'CHttpException' with message 'Unable to resolve the request "ajax/getCity".' in D:\zyweb\Yii1\web\CWebApplication.php:286
Stack trace:
#0 D:\zyweb\Yii1\web\CWebApplication.php(141): CWebApplication->runController('ajax/getCity')
#1 D:\zyweb\Yii1\base\CApplication.php(180): CWebApplication->processRequest()
#2 D:\zyweb\pcb_logistics\website\home\index.php(38): CApplication->run()
#3 {main}
REQUEST_URI=/ajax/getCity?pId=1
HTTP_REFERER=http://www.wllogistics.com/address/edit
---
2017/11/10 15:23:20 [error] [php] Invalid argument supplied for foreach() (D:\zyweb\pcb_logistics\applications\home\views\address\edit.php:75)
Stack trace:
#0 D:\zyweb\Yii1\web\CController.php(869): AddressController->renderFile()
#1 D:\zyweb\Yii1\web\CController.php(782): AddressController->renderPartial()
#2 D:\zyweb\pcb_logistics\applications\home\components\Controller.php(52): AddressController->render()
#3 D:\zyweb\pcb_logistics\applications\home\controllers\AddressController.php(31): AddressController->render()
#4 D:\zyweb\Yii1\web\actions\CInlineAction.php(49): AddressController->actionEdit()
#5 D:\zyweb\Yii1\web\CController.php(308): CInlineAction->runWithParams()
#6 D:\zyweb\Yii1\web\CController.php(286): AddressController->runAction()
#7 D:\zyweb\Yii1\web\CController.php(265): AddressController->runActionWithFilters()
#8 D:\zyweb\pcb_logistics\applications\home\components\Controller.php(30): AddressController->run()
#9 D:\zyweb\Yii1\web\CWebApplication.php(282): AddressController->run()
#10 D:\zyweb\Yii1\web\CWebApplication.php(141): CWebApplication->runController()
#11 D:\zyweb\Yii1\base\CApplication.php(180): CWebApplication->processRequest()
#12 D:\zyweb\pcb_logistics\website\home\index.php(38): CWebApplication->run()
REQUEST_URI=/address/edit
in D:\zyweb\pcb_logistics\applications\home\views\address\edit.php (75)
in D:\zyweb\pcb_logistics\applications\home\components\Controller.php (52)
in D:\zyweb\pcb_logistics\applications\home\controllers\AddressController.php (31)
2017/11/10 15:23:31 [error] [php] Invalid argument supplied for foreach() (D:\zyweb\pcb_logistics\applications\home\views\address\edit.php:75)
Stack trace:
#0 D:\zyweb\Yii1\web\CController.php(869): AddressController->renderFile()
#1 D:\zyweb\Yii1\web\CController.php(782): AddressController->renderPartial()
#2 D:\zyweb\pcb_logistics\applications\home\components\Controller.php(52): AddressController->render()
#3 D:\zyweb\pcb_logistics\applications\home\controllers\AddressController.php(31): AddressController->render()
#4 D:\zyweb\Yii1\web\actions\CInlineAction.php(49): AddressController->actionEdit()
#5 D:\zyweb\Yii1\web\CController.php(308): CInlineAction->runWithParams()
#6 D:\zyweb\Yii1\web\CController.php(286): AddressController->runAction()
#7 D:\zyweb\Yii1\web\CController.php(265): AddressController->runActionWithFilters()
#8 D:\zyweb\pcb_logistics\applications\home\components\Controller.php(30): AddressController->run()
#9 D:\zyweb\Yii1\web\CWebApplication.php(282): AddressController->run()
#10 D:\zyweb\Yii1\web\CWebApplication.php(141): CWebApplication->runController()
#11 D:\zyweb\Yii1\base\CApplication.php(180): CWebApplication->processRequest()
#12 D:\zyweb\pcb_logistics\website\home\index.php(38): CWebApplication->run()
REQUEST_URI=/address/edit
in D:\zyweb\pcb_logistics\applications\home\views\address\edit.php (75)
in D:\zyweb\pcb_logistics\applications\home\components\Controller.php (52)
in D:\zyweb\pcb_logistics\applications\home\controllers\AddressController.php (31)
2017/11/10 15:37:30 [error] [exception.CException] exception 'CException' with message 'AddressController cannot find the requested view "index".' in D:\zyweb\Yii1\web\CController.php:878
Stack trace:
#0 D:\zyweb\Yii1\web\CController.php(782): CController->renderPartial('index', Array, true)
#1 D:\zyweb\pcb_logistics\applications\home\components\Controller.php(52): CController->render('index', Array, false)
#2 D:\zyweb\pcb_logistics\applications\home\controllers\AddressController.php(46): Controller->render('index', Array)
#3 D:\zyweb\Yii1\web\actions\CInlineAction.php(49): AddressController->actionList()
#4 D:\zyweb\Yii1\web\CController.php(308): CInlineAction->runWithParams(Array)
#5 D:\zyweb\Yii1\web\CController.php(286): CController->runAction(Object(CInlineAction))
#6 D:\zyweb\Yii1\web\CController.php(265): CController->runActionWithFilters(Object(CInlineAction), Array)
#7 D:\zyweb\pcb_logistics\applications\home\components\Controller.php(30): CController->run('list')
#8 D:\zyweb\Yii1\web\CWebApplication.php(282): Controller->run('list')
#9 D:\zyweb\Yii1\web\CWebApplication.php(141): CWebApplication->runController('address/list')
#10 D:\zyweb\Yii1\base\CApplication.php(180): CWebApplication->processRequest()
#11 D:\zyweb\pcb_logistics\website\home\index.php(38): CApplication->run()
#12 {main}
REQUEST_URI=/address/list
HTTP_REFERER=http://www.wllogistics.com/address/edit
---
2017/11/10 15:37:32 [error] [exception.CException] exception 'CException' with message 'Property "CWebUser.getId" is not defined.' in D:\zyweb\Yii1\base\CComponent.php:130
Stack trace:
#0 D:\zyweb\Yii1\web\auth\CWebUser.php(146): CComponent->__get('getId')
#1 D:\zyweb\pcb_logistics\applications\home\form\OrdersForm.php(18): CWebUser->__get('getId')
#2 D:\zyweb\pcb_logistics\applications\home\controllers\OrdersController.php(65): OrdersForm->search()
#3 D:\zyweb\Yii1\web\actions\CInlineAction.php(49): OrdersController->actionList()
#4 D:\zyweb\Yii1\web\CController.php(308): CInlineAction->runWithParams(Array)
#5 D:\zyweb\Yii1\web\CController.php(286): CController->runAction(Object(CInlineAction))
#6 D:\zyweb\Yii1\web\CController.php(265): CController->runActionWithFilters(Object(CInlineAction), Array)
#7 D:\zyweb\pcb_logistics\applications\home\components\Controller.php(30): CController->run('list')
#8 D:\zyweb\Yii1\web\CWebApplication.php(282): Controller->run('list')
#9 D:\zyweb\Yii1\web\CWebApplication.php(141): CWebApplication->runController('orders/list')
#10 D:\zyweb\Yii1\base\CApplication.php(180): CWebApplication->processRequest()
#11 D:\zyweb\pcb_logistics\website\home\index.php(38): CApplication->run()
#12 {main}
REQUEST_URI=/orders/list
HTTP_REFERER=http://www.wllogistics.com/address/edit
---
2017/11/10 15:37:36 [error] [php] Undefined index: type (D:\zyweb\pcb_logistics\applications\home\views\orders\chooseRouter.php:10)
Stack trace:
#0 D:\zyweb\Yii1\web\CController.php(869): OrdersController->renderFile()
#1 D:\zyweb\pcb_logistics\applications\home\views\orders\edit.php(32): OrdersController->renderPartial()
#2 D:\zyweb\Yii1\web\CBaseController.php(126): require()
#3 D:\zyweb\Yii1\web\CBaseController.php(95): OrdersController->renderInternal()
#4 D:\zyweb\Yii1\web\CController.php(869): OrdersController->renderFile()
#5 D:\zyweb\Yii1\web\CController.php(782): OrdersController->renderPartial()
#6 D:\zyweb\pcb_logistics\applications\home\components\Controller.php(52): OrdersController->render()
#7 D:\zyweb\pcb_logistics\applications\home\controllers\OrdersController.php(53): OrdersController->render()
#8 D:\zyweb\Yii1\web\actions\CInlineAction.php(49): OrdersController->actionEdit()
#9 D:\zyweb\Yii1\web\CController.php(308): CInlineAction->runWithParams()
#10 D:\zyweb\Yii1\web\CController.php(286): OrdersController->runAction()
#11 D:\zyweb\Yii1\web\CController.php(265): OrdersController->runActionWithFilters()
#12 D:\zyweb\pcb_logistics\applications\home\components\Controller.php(30): OrdersController->run()
#13 D:\zyweb\Yii1\web\CWebApplication.php(282): OrdersController->run()
#14 D:\zyweb\Yii1\web\CWebApplication.php(141): CWebApplication->runController()
#15 D:\zyweb\Yii1\base\CApplication.php(180): CWebApplication->processRequest()
#16 D:\zyweb\pcb_logistics\website\home\index.php(38): CWebApplication->run()
REQUEST_URI=/orders/edit
in D:\zyweb\pcb_logistics\applications\home\views\orders\chooseRouter.php (10)
in D:\zyweb\pcb_logistics\applications\home\views\orders\edit.php (32)
in D:\zyweb\pcb_logistics\applications\home\components\Controller.php (52)
2017/11/10 15:37:39 [error] [php] Undefined index: type (D:\zyweb\pcb_logistics\applications\home\views\orders\chooseRouter.php:10)
Stack trace:
#0 D:\zyweb\Yii1\web\CController.php(869): OrdersController->renderFile()
#1 D:\zyweb\pcb_logistics\applications\home\views\orders\edit.php(32): OrdersController->renderPartial()
#2 D:\zyweb\Yii1\web\CBaseController.php(126): require()
#3 D:\zyweb\Yii1\web\CBaseController.php(95): OrdersController->renderInternal()
#4 D:\zyweb\Yii1\web\CController.php(869): OrdersController->renderFile()
#5 D:\zyweb\Yii1\web\CController.php(782): OrdersController->renderPartial()
#6 D:\zyweb\pcb_logistics\applications\home\components\Controller.php(52): OrdersController->render()
#7 D:\zyweb\pcb_logistics\applications\home\controllers\OrdersController.php(53): OrdersController->render()
#8 D:\zyweb\Yii1\web\actions\CInlineAction.php(49): OrdersController->actionEdit()
#9 D:\zyweb\Yii1\web\CController.php(308): CInlineAction->runWithParams()
#10 D:\zyweb\Yii1\web\CController.php(286): OrdersController->runAction()
#11 D:\zyweb\Yii1\web\CController.php(265): OrdersController->runActionWithFilters()
#12 D:\zyweb\pcb_logistics\applications\home\components\Controller.php(30): OrdersController->run()
#13 D:\zyweb\Yii1\web\CWebApplication.php(282): OrdersController->run()
#14 D:\zyweb\Yii1\web\CWebApplication.php(141): CWebApplication->runController()
#15 D:\zyweb\Yii1\base\CApplication.php(180): CWebApplication->processRequest()
#16 D:\zyweb\pcb_logistics\website\home\index.php(38): CWebApplication->run()
REQUEST_URI=/orders/edit
in D:\zyweb\pcb_logistics\applications\home\views\orders\chooseRouter.php (10)
in D:\zyweb\pcb_logistics\applications\home\views\orders\edit.php (32)
in D:\zyweb\pcb_logistics\applications\home\components\Controller.php (52)
2017/11/10 15:38:35 [error] [exception.CHttpException.404] exception 'CHttpException' with message 'Unable to resolve the request "1".' in D:\zyweb\Yii1\web\CWebApplication.php:286
Stack trace:
#0 D:\zyweb\Yii1\web\CWebApplication.php(141): CWebApplication->runController('1')
#1 D:\zyweb\Yii1\base\CApplication.php(180): CWebApplication->processRequest()
#2 D:\zyweb\pcb_logistics\website\home\index.php(38): CApplication->run()
#3 {main}
REQUEST_URI=/1
HTTP_REFERER=http://www.wllogistics.com/goods/list
---
2017/11/10 15:38:37 [error] [php] Undefined index: type (D:\zyweb\pcb_logistics\applications\home\views\orders\chooseRouter.php:10)
Stack trace:
#0 D:\zyweb\Yii1\web\CController.php(869): OrdersController->renderFile()
#1 D:\zyweb\pcb_logistics\applications\home\views\orders\edit.php(32): OrdersController->renderPartial()
#2 D:\zyweb\Yii1\web\CBaseController.php(126): require()
#3 D:\zyweb\Yii1\web\CBaseController.php(95): OrdersController->renderInternal()
#4 D:\zyweb\Yii1\web\CController.php(869): OrdersController->renderFile()
#5 D:\zyweb\Yii1\web\CController.php(782): OrdersController->renderPartial()
#6 D:\zyweb\pcb_logistics\applications\home\components\Controller.php(52): OrdersController->render()
#7 D:\zyweb\pcb_logistics\applications\home\controllers\OrdersController.php(53): OrdersController->render()
#8 D:\zyweb\Yii1\web\actions\CInlineAction.php(49): OrdersController->actionEdit()
#9 D:\zyweb\Yii1\web\CController.php(308): CInlineAction->runWithParams()
#10 D:\zyweb\Yii1\web\CController.php(286): OrdersController->runAction()
#11 D:\zyweb\Yii1\web\CController.php(265): OrdersController->runActionWithFilters()
#12 D:\zyweb\pcb_logistics\applications\home\components\Controller.php(30): OrdersController->run()
#13 D:\zyweb\Yii1\web\CWebApplication.php(282): OrdersController->run()
#14 D:\zyweb\Yii1\web\CWebApplication.php(141): CWebApplication->runController()
#15 D:\zyweb\Yii1\base\CApplication.php(180): CWebApplication->processRequest()
#16 D:\zyweb\pcb_logistics\website\home\index.php(38): CWebApplication->run()
REQUEST_URI=/orders/edit
in D:\zyweb\pcb_logistics\applications\home\views\orders\chooseRouter.php (10)
in D:\zyweb\pcb_logistics\applications\home\views\orders\edit.php (32)
in D:\zyweb\pcb_logistics\applications\home\components\Controller.php (52)
2017/11/10 15:39:31 [error] [php] Undefined index: type (D:\zyweb\pcb_logistics\applications\home\views\orders\chooseRouter.php:10)
Stack trace:
#0 D:\zyweb\Yii1\web\CController.php(869): OrdersController->renderFile()
#1 D:\zyweb\pcb_logistics\applications\home\views\orders\edit.php(32): OrdersController->renderPartial()
#2 D:\zyweb\Yii1\web\CBaseController.php(126): require()
#3 D:\zyweb\Yii1\web\CBaseController.php(95): OrdersController->renderInternal()
#4 D:\zyweb\Yii1\web\CController.php(869): OrdersController->renderFile()
#5 D:\zyweb\Yii1\web\CController.php(782): OrdersController->renderPartial()
#6 D:\zyweb\pcb_logistics\applications\home\components\Controller.php(52): OrdersController->render()
#7 D:\zyweb\pcb_logistics\applications\home\controllers\OrdersController.php(53): OrdersController->render()
#8 D:\zyweb\Yii1\web\actions\CInlineAction.php(49): OrdersController->actionEdit()
#9 D:\zyweb\Yii1\web\CController.php(308): CInlineAction->runWithParams()
#10 D:\zyweb\Yii1\web\CController.php(286): OrdersController->runAction()
#11 D:\zyweb\Yii1\web\CController.php(265): OrdersController->runActionWithFilters()
#12 D:\zyweb\pcb_logistics\applications\home\components\Controller.php(30): OrdersController->run()
#13 D:\zyweb\Yii1\web\CWebApplication.php(282): OrdersController->run()
#14 D:\zyweb\Yii1\web\CWebApplication.php(141): CWebApplication->runController()
#15 D:\zyweb\Yii1\base\CApplication.php(180): CWebApplication->processRequest()
#16 D:\zyweb\pcb_logistics\website\home\index.php(38): CWebApplication->run()
REQUEST_URI=/orders/edit
in D:\zyweb\pcb_logistics\applications\home\views\orders\chooseRouter.php (10)
in D:\zyweb\pcb_logistics\applications\home\views\orders\edit.php (32)
in D:\zyweb\pcb_logistics\applications\home\components\Controller.php (52)
2017/11/10 15:45:14 [error] [php] Undefined index: cost (D:\zyweb\pcb_logistics\applications\home\views\orders\chooseRouter.php:15)
Stack trace:
#0 D:\zyweb\Yii1\web\CController.php(869): OrdersController->renderFile()
#1 D:\zyweb\pcb_logistics\applications\home\views\orders\edit.php(32): OrdersController->renderPartial()
#2 D:\zyweb\Yii1\web\CBaseController.php(126): require()
#3 D:\zyweb\Yii1\web\CBaseController.php(95): OrdersController->renderInternal()
#4 D:\zyweb\Yii1\web\CController.php(869): OrdersController->renderFile()
#5 D:\zyweb\Yii1\web\CController.php(782): OrdersController->renderPartial()
#6 D:\zyweb\pcb_logistics\applications\home\components\Controller.php(52): OrdersController->render()
#7 D:\zyweb\pcb_logistics\applications\home\controllers\OrdersController.php(53): OrdersController->render()
#8 D:\zyweb\Yii1\web\actions\CInlineAction.php(49): OrdersController->actionEdit()
#9 D:\zyweb\Yii1\web\CController.php(308): CInlineAction->runWithParams()
#10 D:\zyweb\Yii1\web\CController.php(286): OrdersController->runAction()
#11 D:\zyweb\Yii1\web\CController.php(265): OrdersController->runActionWithFilters()
#12 D:\zyweb\pcb_logistics\applications\home\components\Controller.php(30): OrdersController->run()
#13 D:\zyweb\Yii1\web\CWebApplication.php(282): OrdersController->run()
#14 D:\zyweb\Yii1\web\CWebApplication.php(141): CWebApplication->runController()
#15 D:\zyweb\Yii1\base\CApplication.php(180): CWebApplication->processRequest()
#16 D:\zyweb\pcb_logistics\website\home\index.php(38): CWebApplication->run()
REQUEST_URI=/orders/edit
in D:\zyweb\pcb_logistics\applications\home\views\orders\chooseRouter.php (15)
in D:\zyweb\pcb_logistics\applications\home\views\orders\edit.php (32)
in D:\zyweb\pcb_logistics\applications\home\components\Controller.php (52)
2017/11/10 15:46:32 [error] [exception.CException] exception 'CException' with message 'Property "CWebUser.getId" is not defined.' in D:\zyweb\Yii1\base\CComponent.php:130
Stack trace:
#0 D:\zyweb\Yii1\web\auth\CWebUser.php(146): CComponent->__get('getId')
#1 D:\zyweb\pcb_logistics\applications\home\form\OrdersForm.php(18): CWebUser->__get('getId')
#2 D:\zyweb\pcb_logistics\applications\home\controllers\OrdersController.php(65): OrdersForm->search()
#3 D:\zyweb\Yii1\web\actions\CInlineAction.php(49): OrdersController->actionList()
#4 D:\zyweb\Yii1\web\CController.php(308): CInlineAction->runWithParams(Array)
#5 D:\zyweb\Yii1\web\CController.php(286): CController->runAction(Object(CInlineAction))
#6 D:\zyweb\Yii1\web\CController.php(265): CController->runActionWithFilters(Object(CInlineAction), Array)
#7 D:\zyweb\pcb_logistics\applications\home\components\Controller.php(30): CController->run('list')
#8 D:\zyweb\Yii1\web\CWebApplication.php(282): Controller->run('list')
#9 D:\zyweb\Yii1\web\CWebApplication.php(141): CWebApplication->runController('orders/list')
#10 D:\zyweb\Yii1\base\CApplication.php(180): CWebApplication->processRequest()
#11 D:\zyweb\pcb_logistics\website\home\index.php(38): CApplication->run()
#12 {main}
REQUEST_URI=/orders/list
HTTP_REFERER=http://www.wllogistics.com/address/edit
---
2017/11/10 15:46:35 [error] [exception.CException] exception 'CException' with message 'Property "CWebUser.getId" is not defined.' in D:\zyweb\Yii1\base\CComponent.php:130
Stack trace:
#0 D:\zyweb\Yii1\web\auth\CWebUser.php(146): CComponent->__get('getId')
#1 D:\zyweb\pcb_logistics\applications\home\form\OrdersForm.php(18): CWebUser->__get('getId')
#2 D:\zyweb\pcb_logistics\applications\home\controllers\OrdersController.php(65): OrdersForm->search()
#3 D:\zyweb\Yii1\web\actions\CInlineAction.php(49): OrdersController->actionList()
#4 D:\zyweb\Yii1\web\CController.php(308): CInlineAction->runWithParams(Array)
#5 D:\zyweb\Yii1\web\CController.php(286): CController->runAction(Object(CInlineAction))
#6 D:\zyweb\Yii1\web\CController.php(265): CController->runActionWithFilters(Object(CInlineAction), Array)
#7 D:\zyweb\pcb_logistics\applications\home\components\Controller.php(30): CController->run('list')
#8 D:\zyweb\Yii1\web\CWebApplication.php(282): Controller->run('list')
#9 D:\zyweb\Yii1\web\CWebApplication.php(141): CWebApplication->runController('orders/list')
#10 D:\zyweb\Yii1\base\CApplication.php(180): CWebApplication->processRequest()
#11 D:\zyweb\pcb_logistics\website\home\index.php(38): CApplication->run()
#12 {main}
REQUEST_URI=/orders/list
HTTP_REFERER=http://www.wllogistics.com/address/edit
---
2017/11/10 15:46:42 [error] [exception.CHttpException.404] exception 'CHttpException' with message 'Unable to resolve the request "1".' in D:\zyweb\Yii1\web\CWebApplication.php:286
Stack trace:
#0 D:\zyweb\Yii1\web\CWebApplication.php(141): CWebApplication->runController('1')
#1 D:\zyweb\Yii1\base\CApplication.php(180): CWebApplication->processRequest()
#2 D:\zyweb\pcb_logistics\website\home\index.php(38): CApplication->run()
#3 {main}
REQUEST_URI=/1
HTTP_REFERER=http://www.wllogistics.com/goods/list
---
2017/11/10 15:46:46 [error] [exception.CHttpException.404] exception 'CHttpException' with message 'Unable to resolve the request "1".' in D:\zyweb\Yii1\web\CWebApplication.php:286
Stack trace:
#0 D:\zyweb\Yii1\web\CWebApplication.php(141): CWebApplication->runController('1')
#1 D:\zyweb\Yii1\base\CApplication.php(180): CWebApplication->processRequest()
#2 D:\zyweb\pcb_logistics\website\home\index.php(38): CApplication->run()
#3 {main}
REQUEST_URI=/1
HTTP_REFERER=http://www.wllogistics.com/goods/list
---
2017/11/10 15:56:47 [error] [system.db.CDbCommand] CDbCommand::execute() failed: SQLSTATE[23000]: Integrity constraint violation: 1048 Column 'state' cannot be null. The SQL statement executed was: INSERT INTO `Address` (`userId`, `provinceId`, `cityId`, `areaId`, `address`, `detail`, `companyName`, `tag`, `longitude`, `latitude`, `state`, `createTime`, `updateTime`) VALUES (:userId, :provinceId, :cityId, :areaId, :address, :detail, :companyName, :tag, :longitude, :latitude, :state, :createTime, :updateTime).
in D:\zyweb\pcb_logistics\library\model\BaseModel.php (172)
in D:\zyweb\pcb_logistics\library\model\BaseModel.php (131)
in D:\zyweb\pcb_logistics\library\form\base\AddressBaseForm.php (71)
2017/11/10 15:56:47 [error] [exception.CDbException] exception 'CDbException' with message 'CDbCommand failed to execute the SQL statement: SQLSTATE[23000]: Integrity constraint violation: 1048 Column 'state' cannot be null. The SQL statement executed was: INSERT INTO `Address` (`userId`, `provinceId`, `cityId`, `areaId`, `address`, `detail`, `companyName`, `tag`, `longitude`, `latitude`, `state`, `createTime`, `updateTime`) VALUES (:userId, :provinceId, :cityId, :areaId, :address, :detail, :companyName, :tag, :longitude, :latitude, :state, :createTime, :updateTime)' in D:\zyweb\Yii1\db\CDbCommand.php:363
Stack trace:
#0 D:\zyweb\Yii1\db\CDbCommand.php(1301): CDbCommand->execute(Array)
#1 D:\zyweb\pcb_logistics\library\model\BaseModel.php(172): CDbCommand->insert('Address', Array)
#2 D:\zyweb\pcb_logistics\library\model\BaseModel.php(131): BaseModel->insert(Array)
#3 D:\zyweb\pcb_logistics\library\form\base\AddressBaseForm.php(71): BaseModel->save(Array)
#4 D:\zyweb\pcb_logistics\applications\home\service\AddressService.php(50): AddressBaseForm->save()
#5 D:\zyweb\pcb_logistics\applications\home\controllers\AddressController.php(24): AddressService->addAddress(Array, Object(AddressForm))
#6 D:\zyweb\Yii1\web\actions\CInlineAction.php(49): AddressController->actionEdit()
#7 D:\zyweb\Yii1\web\CController.php(308): CInlineAction->runWithParams(Array)
#8 D:\zyweb\Yii1\web\CController.php(286): CController->runAction(Object(CInlineAction))
#9 D:\zyweb\Yii1\web\CController.php(265): CController->runActionWithFilters(Object(CInlineAction), Array)
#10 D:\zyweb\pcb_logistics\applications\home\components\Controller.php(30): CController->run('edit')
#11 D:\zyweb\Yii1\web\CWebApplication.php(282): Controller->run('edit')
#12 D:\zyweb\Yii1\web\CWebApplication.php(141): CWebApplication->runController('address/edit')
#13 D:\zyweb\Yii1\base\CApplication.php(180): CWebApplication->processRequest()
#14 D:\zyweb\pcb_logistics\website\home\index.php(38): CApplication->run()
#15 {main}
REQUEST_URI=/address/edit
HTTP_REFERER=http://www.wllogistics.com/address/edit
---
2017/11/10 16:07:50 [error] [php] Uninitialized string offset: 0 (D:\zyweb\pcb_logistics\applications\home\service\AddressService.php:97)
Stack trace:
#0 D:\zyweb\Yii1\web\CController.php(308): CInlineAction->runWithParams()
#1 D:\zyweb\Yii1\web\CController.php(286): AddressController->runAction()
#2 D:\zyweb\Yii1\web\CController.php(265): AddressController->runActionWithFilters()
#3 D:\zyweb\pcb_logistics\applications\home\components\Controller.php(30): AddressController->run()
#4 D:\zyweb\Yii1\web\CWebApplication.php(282): AddressController->run()
#5 D:\zyweb\Yii1\web\CWebApplication.php(141): CWebApplication->runController()
#6 D:\zyweb\Yii1\base\CApplication.php(180): CWebApplication->processRequest()
#7 D:\zyweb\pcb_logistics\website\home\index.php(38): CWebApplication->run()
REQUEST_URI=/address/edit
in D:\zyweb\pcb_logistics\applications\home\service\AddressService.php (97)
in D:\zyweb\pcb_logistics\applications\home\controllers\AddressController.php (24)
in D:\zyweb\pcb_logistics\applications\home\components\Controller.php (30)
2017/11/10 16:16:31 [error] [exception.CException] exception 'CException' with message 'Property "AddressForm.area" is not defined.' in D:\zyweb\Yii1\base\CComponent.php:173
Stack trace:
#0 D:\zyweb\pcb_logistics\applications\home\service\AddressService.php(36): CComponent->__set('area', '2233')
#1 D:\zyweb\pcb_logistics\applications\home\controllers\AddressController.php(24): AddressService->addAddress(Array, Object(AddressForm))
#2 D:\zyweb\Yii1\web\actions\CInlineAction.php(49): AddressController->actionEdit()
#3 D:\zyweb\Yii1\web\CController.php(308): CInlineAction->runWithParams(Array)
#4 D:\zyweb\Yii1\web\CController.php(286): CController->runAction(Object(CInlineAction))
#5 D:\zyweb\Yii1\web\CController.php(265): CController->runActionWithFilters(Object(CInlineAction), Array)
#6 D:\zyweb\pcb_logistics\applications\home\components\Controller.php(30): CController->run('edit')
#7 D:\zyweb\Yii1\web\CWebApplication.php(282): Controller->run('edit')
#8 D:\zyweb\Yii1\web\CWebApplication.php(141): CWebApplication->runController('address/edit')
#9 D:\zyweb\Yii1\base\CApplication.php(180): CWebApplication->processRequest()
#10 D:\zyweb\pcb_logistics\website\home\index.php(38): CApplication->run()
#11 {main}
REQUEST_URI=/address/edit
HTTP_REFERER=http://www.wllogistics.com/address/edit
---
2017/11/10 16:31:06 [error] [exception.CException] exception 'CException' with message 'AddressController cannot find the requested view "index".' in D:\zyweb\Yii1\web\CController.php:878
Stack trace:
#0 D:\zyweb\Yii1\web\CController.php(782): CController->renderPartial('index', Array, true)
#1 D:\zyweb\pcb_logistics\applications\home\components\Controller.php(52): CController->render('index', Array, false)
#2 D:\zyweb\pcb_logistics\applications\home\controllers\AddressController.php(46): Controller->render('index', Array)
#3 D:\zyweb\Yii1\web\actions\CInlineAction.php(49): AddressController->actionList()
#4 D:\zyweb\Yii1\web\CController.php(308): CInlineAction->runWithParams(Array)
#5 D:\zyweb\Yii1\web\CController.php(286): CController->runAction(Object(CInlineAction))
#6 D:\zyweb\Yii1\web\CController.php(265): CController->runActionWithFilters(Object(CInlineAction), Array)
#7 D:\zyweb\pcb_logistics\applications\home\components\Controller.php(30): CController->run('list')
#8 D:\zyweb\Yii1\web\CWebApplication.php(282): Controller->run('list')
#9 D:\zyweb\Yii1\web\CWebApplication.php(141): CWebApplication->runController('address/list')
#10 D:\zyweb\Yii1\base\CApplication.php(180): CWebApplication->processRequest()
#11 D:\zyweb\pcb_logistics\website\home\index.php(38): CApplication->run()
#12 {main}
REQUEST_URI=/address/list
HTTP_REFERER=http://www.wllogistics.com/address/edit
---
2017/11/10 16:52:12 [error] [exception.CException] exception 'CException' with message 'Property "CWebUser.getId" is not defined.' in D:\zyweb\Yii1\base\CComponent.php:130
Stack trace:
#0 D:\zyweb\Yii1\web\auth\CWebUser.php(146): CComponent->__get('getId')
#1 D:\zyweb\pcb_logistics\applications\home\form\OrdersForm.php(18): CWebUser->__get('getId')
#2 D:\zyweb\pcb_logistics\applications\home\controllers\OrdersController.php(65): OrdersForm->search()
#3 D:\zyweb\Yii1\web\actions\CInlineAction.php(49): OrdersController->actionList()
#4 D:\zyweb\Yii1\web\CController.php(308): CInlineAction->runWithParams(Array)
#5 D:\zyweb\Yii1\web\CController.php(286): CController->runAction(Object(CInlineAction))
#6 D:\zyweb\Yii1\web\CController.php(265): CController->runActionWithFilters(Object(CInlineAction), Array)
#7 D:\zyweb\pcb_logistics\applications\home\components\Controller.php(30): CController->run('list')
#8 D:\zyweb\Yii1\web\CWebApplication.php(282): Controller->run('list')
#9 D:\zyweb\Yii1\web\CWebApplication.php(141): CWebApplication->runController('orders/list')
#10 D:\zyweb\Yii1\base\CApplication.php(180): CWebApplication->processRequest()
#11 D:\zyweb\pcb_logistics\website\home\index.php(38): CApplication->run()
#12 {main}
REQUEST_URI=/orders/list
HTTP_REFERER=http://www.wllogistics.com/address/list
---
2017/11/10 16:52:14 [error] [exception.CHttpException.404] exception 'CHttpException' with message 'Unable to resolve the request "1".' in D:\zyweb\Yii1\web\CWebApplication.php:286
Stack trace:
#0 D:\zyweb\Yii1\web\CWebApplication.php(141): CWebApplication->runController('1')
#1 D:\zyweb\Yii1\base\CApplication.php(180): CWebApplication->processRequest()
#2 D:\zyweb\pcb_logistics\website\home\index.php(38): CApplication->run()
#3 {main}
REQUEST_URI=/1
HTTP_REFERER=http://www.wllogistics.com/goods/list
---
2017/11/10 16:52:38 [error] [exception.CException] exception 'CException' with message 'Property "CWebUser.getId" is not defined.' in D:\zyweb\Yii1\base\CComponent.php:130
Stack trace:
#0 D:\zyweb\Yii1\web\auth\CWebUser.php(146): CComponent->__get('getId')
#1 D:\zyweb\pcb_logistics\applications\home\form\OrdersForm.php(18): CWebUser->__get('getId')
#2 D:\zyweb\pcb_logistics\applications\home\controllers\OrdersController.php(65): OrdersForm->search()
#3 D:\zyweb\Yii1\web\actions\CInlineAction.php(49): OrdersController->actionList()
#4 D:\zyweb\Yii1\web\CController.php(308): CInlineAction->runWithParams(Array)
#5 D:\zyweb\Yii1\web\CController.php(286): CController->runAction(Object(CInlineAction))
#6 D:\zyweb\Yii1\web\CController.php(265): CController->runActionWithFilters(Object(CInlineAction), Array)
#7 D:\zyweb\pcb_logistics\applications\home\components\Controller.php(30): CController->run('list')
#8 D:\zyweb\Yii1\web\CWebApplication.php(282): Controller->run('list')
#9 D:\zyweb\Yii1\web\CWebApplication.php(141): CWebApplication->runController('orders/list')
#10 D:\zyweb\Yii1\base\CApplication.php(180): CWebApplication->processRequest()
#11 D:\zyweb\pcb_logistics\website\home\index.php(38): CApplication->run()
#12 {main}
REQUEST_URI=/orders/list
HTTP_REFERER=http://www.wllogistics.com/address/list
---
2017/11/10 16:53:59 [error] [exception.CException] exception 'CException' with message 'Property "CWebUser.getId" is not defined.' in D:\zyweb\Yii1\base\CComponent.php:130
Stack trace:
#0 D:\zyweb\Yii1\web\auth\CWebUser.php(146): CComponent->__get('getId')
#1 D:\zyweb\pcb_logistics\applications\home\form\OrdersForm.php(18): CWebUser->__get('getId')
#2 D:\zyweb\pcb_logistics\applications\home\controllers\OrdersController.php(65): OrdersForm->search()
#3 D:\zyweb\Yii1\web\actions\CInlineAction.php(49): OrdersController->actionList()
#4 D:\zyweb\Yii1\web\CController.php(308): CInlineAction->runWithParams(Array)
#5 D:\zyweb\Yii1\web\CController.php(286): CController->runAction(Object(CInlineAction))
#6 D:\zyweb\Yii1\web\CController.php(265): CController->runActionWithFilters(Object(CInlineAction), Array)
#7 D:\zyweb\pcb_logistics\applications\home\components\Controller.php(30): CController->run('list')
#8 D:\zyweb\Yii1\web\CWebApplication.php(282): Controller->run('list')
#9 D:\zyweb\Yii1\web\CWebApplication.php(141): CWebApplication->runController('orders/list')
#10 D:\zyweb\Yii1\base\CApplication.php(180): CWebApplication->processRequest()
#11 D:\zyweb\pcb_logistics\website\home\index.php(38): CApplication->run()
#12 {main}
REQUEST_URI=/orders/list
HTTP_REFERER=http://www.wllogistics.com/address/list
---
2017/11/10 16:54:01 [error] [exception.CHttpException.404] exception 'CHttpException' with message 'Unable to resolve the request "1".' in D:\zyweb\Yii1\web\CWebApplication.php:286
Stack trace:
#0 D:\zyweb\Yii1\web\CWebApplication.php(141): CWebApplication->runController('1')
#1 D:\zyweb\Yii1\base\CApplication.php(180): CWebApplication->processRequest()
#2 D:\zyweb\pcb_logistics\website\home\index.php(38): CApplication->run()
#3 {main}
REQUEST_URI=/1
HTTP_REFERER=http://www.wllogistics.com/goods/list
---
2017/11/10 16:56:02 [error] [exception.CHttpException.404] exception 'CHttpException' with message 'Unable to resolve the request "1".' in D:\zyweb\Yii1\web\CWebApplication.php:286
Stack trace:
#0 D:\zyweb\Yii1\web\CWebApplication.php(141): CWebApplication->runController('1')
#1 D:\zyweb\Yii1\base\CApplication.php(180): CWebApplication->processRequest()
#2 D:\zyweb\pcb_logistics\website\home\index.php(38): CApplication->run()
#3 {main}
REQUEST_URI=/1
HTTP_REFERER=http://www.wllogistics.com/goods/list
---
