2017/10/13 09:38:47 [error] [exception.CHttpException.404] exception 'CHttpException' with message 'Unable to resolve the request "favicon.ico".' in D:\zyweb\Yii1\web\CWebApplication.php:286
Stack trace:
#0 D:\zyweb\Yii1\web\CWebApplication.php(141): CWebApplication->runController('favicon.ico')
#1 D:\zyweb\Yii1\base\CApplication.php(180): CWebApplication->processRequest()
#2 D:\zyweb\pcb_wl\website\admin\index.php(32): CApplication->run()
#3 {main}
REQUEST_URI=/favicon.ico
HTTP_REFERER=http://admin.logistics.com/
---
2017/10/13 09:38:51 [error] [php] Undefined variable: vo (D:\zyweb\pcb_wl\applications\admin\views\userDemand\index.php:17)
Stack trace:
#0 D:\zyweb\Yii1\web\CController.php(869): UserDemandController->renderFile()
#1 D:\zyweb\Yii1\web\CController.php(782): UserDemandController->renderPartial()
#2 D:\zyweb\pcb_wl\applications\admin\controllers\UserDemandController.php(22): UserDemandController->render()
#3 D:\zyweb\Yii1\web\actions\CInlineAction.php(49): UserDemandController->actionList()
#4 D:\zyweb\Yii1\web\CController.php(308): CInlineAction->runWithParams()
#5 D:\zyweb\Yii1\web\CController.php(286): UserDemandController->runAction()
#6 D:\zyweb\Yii1\web\CController.php(265): UserDemandController->runActionWithFilters()
#7 D:\zyweb\pcb_wl\applications\admin\components\Controller.php(43): UserDemandController->run()
#8 D:\zyweb\Yii1\web\CWebApplication.php(282): UserDemandController->run()
#9 D:\zyweb\Yii1\web\CWebApplication.php(141): CWebApplication->runController()
#10 D:\zyweb\Yii1\base\CApplication.php(180): CWebApplication->processRequest()
#11 D:\zyweb\pcb_wl\website\admin\index.php(32): CWebApplication->run()
REQUEST_URI=/UserDemand/List
in D:\zyweb\pcb_wl\applications\admin\views\userDemand\index.php (17)
in D:\zyweb\pcb_wl\applications\admin\controllers\UserDemandController.php (22)
in D:\zyweb\pcb_wl\applications\admin\components\Controller.php (43)
2017/10/13 09:56:27 [error] [php] Undefined variable: vo (D:\zyweb\pcb_wl\applications\admin\views\userDemand\index.php:17)
Stack trace:
#0 D:\zyweb\Yii1\web\CController.php(869): UserDemandController->renderFile()
#1 D:\zyweb\Yii1\web\CController.php(782): UserDemandController->renderPartial()
#2 D:\zyweb\pcb_wl\applications\admin\controllers\UserDemandController.php(22): UserDemandController->render()
#3 D:\zyweb\Yii1\web\actions\CInlineAction.php(49): UserDemandController->actionList()
#4 D:\zyweb\Yii1\web\CController.php(308): CInlineAction->runWithParams()
#5 D:\zyweb\Yii1\web\CController.php(286): UserDemandController->runAction()
#6 D:\zyweb\Yii1\web\CController.php(265): UserDemandController->runActionWithFilters()
#7 D:\zyweb\pcb_wl\applications\admin\components\Controller.php(43): UserDemandController->run()
#8 D:\zyweb\Yii1\web\CWebApplication.php(282): UserDemandController->run()
#9 D:\zyweb\Yii1\web\CWebApplication.php(141): CWebApplication->runController()
#10 D:\zyweb\Yii1\base\CApplication.php(180): CWebApplication->processRequest()
#11 D:\zyweb\pcb_wl\website\admin\index.php(32): CWebApplication->run()
REQUEST_URI=/UserDemand/List
in D:\zyweb\pcb_wl\applications\admin\views\userDemand\index.php (17)
in D:\zyweb\pcb_wl\applications\admin\controllers\UserDemandController.php (22)
in D:\zyweb\pcb_wl\applications\admin\components\Controller.php (43)
2017/10/13 09:56:34 [error] [php] include(CarouseFigureBaseForm.php): failed to open stream: No such file or directory (D:\zyweb\Yii1\YiiBase.php:427)
Stack trace:
#0 D:\zyweb\pcb_wl\applications\admin\form\CarouseFigureForm.php(2): spl_autoload_call()
#1 D:\zyweb\Yii1\YiiBase.php(427): include()
#2 unknown(0): autoload()
#3 D:\zyweb\pcb_wl\applications\admin\controllers\IndexController.php(15): spl_autoload_call()
#4 D:\zyweb\Yii1\web\actions\CInlineAction.php(49): IndexController->actionCarouselfigureList()
#5 D:\zyweb\Yii1\web\CController.php(308): CInlineAction->runWithParams()
#6 D:\zyweb\Yii1\web\CController.php(286): IndexController->runAction()
#7 D:\zyweb\Yii1\web\CController.php(265): IndexController->runActionWithFilters()
#8 D:\zyweb\pcb_wl\applications\admin\components\Controller.php(43): IndexController->run()
#9 D:\zyweb\Yii1\web\CWebApplication.php(282): IndexController->run()
#10 D:\zyweb\Yii1\web\CWebApplication.php(141): CWebApplication->runController()
#11 D:\zyweb\Yii1\base\CApplication.php(180): CWebApplication->processRequest()
#12 D:\zyweb\pcb_wl\website\admin\index.php(32): CWebApplication->run()
REQUEST_URI=/index/CarouselfigureList
in D:\zyweb\pcb_wl\applications\admin\form\CarouseFigureForm.php (2)
in D:\zyweb\pcb_wl\applications\admin\controllers\IndexController.php (15)
in D:\zyweb\pcb_wl\applications\admin\components\Controller.php (43)
2017/10/13 09:57:34 [error] [php] include(CarousefigureBaseForm.php): failed to open stream: No such file or directory (D:\zyweb\Yii1\YiiBase.php:427)
Stack trace:
#0 D:\zyweb\pcb_wl\applications\admin\form\CarousefigureForm.php(2): spl_autoload_call()
#1 D:\zyweb\Yii1\YiiBase.php(427): include()
#2 unknown(0): autoload()
#3 D:\zyweb\pcb_wl\applications\admin\controllers\IndexController.php(15): spl_autoload_call()
#4 D:\zyweb\Yii1\web\actions\CInlineAction.php(49): IndexController->actionCarouselfigureList()
#5 D:\zyweb\Yii1\web\CController.php(308): CInlineAction->runWithParams()
#6 D:\zyweb\Yii1\web\CController.php(286): IndexController->runAction()
#7 D:\zyweb\Yii1\web\CController.php(265): IndexController->runActionWithFilters()
#8 D:\zyweb\pcb_wl\applications\admin\components\Controller.php(43): IndexController->run()
#9 D:\zyweb\Yii1\web\CWebApplication.php(282): IndexController->run()
#10 D:\zyweb\Yii1\web\CWebApplication.php(141): CWebApplication->runController()
#11 D:\zyweb\Yii1\base\CApplication.php(180): CWebApplication->processRequest()
#12 D:\zyweb\pcb_wl\website\admin\index.php(32): CWebApplication->run()
REQUEST_URI=/index/CarouselfigureList
in D:\zyweb\pcb_wl\applications\admin\form\CarousefigureForm.php (2)
in D:\zyweb\pcb_wl\applications\admin\controllers\IndexController.php (15)
in D:\zyweb\pcb_wl\applications\admin\components\Controller.php (43)
2017/10/13 10:03:19 [error] [exception.CException] exception 'CException' with message 'IndexController 无法找到请求的视图 "imgList".' in D:\zyweb\Yii1\web\CController.php:878
Stack trace:
#0 D:\zyweb\Yii1\web\CController.php(782): CController->renderPartial('imgList', Array, true)
#1 D:\zyweb\pcb_wl\applications\admin\controllers\IndexController.php(23): CController->render('imgList', Array)
#2 D:\zyweb\Yii1\web\actions\CInlineAction.php(49): IndexController->actionCarouselfigureList()
#3 D:\zyweb\Yii1\web\CController.php(308): CInlineAction->runWithParams(Array)
#4 D:\zyweb\Yii1\web\CController.php(286): CController->runAction(Object(CInlineAction))
#5 D:\zyweb\Yii1\web\CController.php(265): CController->runActionWithFilters(Object(CInlineAction), Array)
#6 D:\zyweb\pcb_wl\applications\admin\components\Controller.php(43): CController->run('CarouselfigureL...')
#7 D:\zyweb\Yii1\web\CWebApplication.php(282): Controller->run('CarouselfigureL...')
#8 D:\zyweb\Yii1\web\CWebApplication.php(141): CWebApplication->runController('index/Carouself...')
#9 D:\zyweb\Yii1\base\CApplication.php(180): CWebApplication->processRequest()
#10 D:\zyweb\pcb_wl\website\admin\index.php(32): CApplication->run()
#11 {main}
REQUEST_URI=/index/CarouselfigureList
---
2017/10/13 10:04:00 [error] [exception.CException] exception 'CException' with message '属性 "CarouselfigureForm.length" 未被定义.' in D:\zyweb\Yii1\base\CComponent.php:130
Stack trace:
#0 D:\zyweb\Yii1\web\helpers\CHtml.php(2529): CComponent->__get('length')
#1 D:\zyweb\Yii1\web\helpers\CHtml.php(2252): CHtml::resolveValue(Object(CarouselfigureForm), 'length')
#2 D:\zyweb\Yii1\web\helpers\CHtml.php(1434): CHtml::activeInputField('text', Object(CarouselfigureForm), 'length', Array)
#3 D:\zyweb\Yii1\web\widgets\CActiveForm.php(725): CHtml::activeTextField(Object(CarouselfigureForm), 'length', Array)
#4 D:\zyweb\pcb_wl\applications\admin\views\index\imgList.php(12): CActiveForm->textField(Object(CarouselfigureForm), 'length')
#5 D:\zyweb\Yii1\web\CBaseController.php(126): require('D:\\zyweb\\pcb_wl...')
#6 D:\zyweb\Yii1\web\CBaseController.php(95): CBaseController->renderInternal('D:\\zyweb\\pcb_wl...', Array, true)
#7 D:\zyweb\Yii1\web\CController.php(869): CBaseController->renderFile('D:\\zyweb\\pcb_wl...', Array, true)
#8 D:\zyweb\Yii1\web\CController.php(782): CController->renderPartial('imgList', Array, true)
#9 D:\zyweb\pcb_wl\applications\admin\controllers\IndexController.php(23): CController->render('imgList', Array)
#10 D:\zyweb\Yii1\web\actions\CInlineAction.php(49): IndexController->actionCarouselfigureList()
#11 D:\zyweb\Yii1\web\CController.php(308): CInlineAction->runWithParams(Array)
#12 D:\zyweb\Yii1\web\CController.php(286): CController->runAction(Object(CInlineAction))
#13 D:\zyweb\Yii1\web\CController.php(265): CController->runActionWithFilters(Object(CInlineAction), Array)
#14 D:\zyweb\pcb_wl\applications\admin\components\Controller.php(43): CController->run('CarouselfigureL...')
#15 D:\zyweb\Yii1\web\CWebApplication.php(282): Controller->run('CarouselfigureL...')
#16 D:\zyweb\Yii1\web\CWebApplication.php(141): CWebApplication->runController('index/Carouself...')
#17 D:\zyweb\Yii1\base\CApplication.php(180): CWebApplication->processRequest()
#18 D:\zyweb\pcb_wl\website\admin\index.php(32): CApplication->run()
#19 {main}
REQUEST_URI=/index/CarouselfigureList
---
2017/10/13 13:39:21 [error] [php] Undefined variable: vo (D:\zyweb\pcb_wl\applications\admin\views\userDemand\index.php:17)
Stack trace:
#0 D:\zyweb\Yii1\web\CController.php(869): UserDemandController->renderFile()
#1 D:\zyweb\Yii1\web\CController.php(782): UserDemandController->renderPartial()
#2 D:\zyweb\pcb_wl\applications\admin\controllers\UserDemandController.php(22): UserDemandController->render()
#3 D:\zyweb\Yii1\web\actions\CInlineAction.php(49): UserDemandController->actionList()
#4 D:\zyweb\Yii1\web\CController.php(308): CInlineAction->runWithParams()
#5 D:\zyweb\Yii1\web\CController.php(286): UserDemandController->runAction()
#6 D:\zyweb\Yii1\web\CController.php(265): UserDemandController->runActionWithFilters()
#7 D:\zyweb\pcb_wl\applications\admin\components\Controller.php(43): UserDemandController->run()
#8 D:\zyweb\Yii1\web\CWebApplication.php(282): UserDemandController->run()
#9 D:\zyweb\Yii1\web\CWebApplication.php(141): CWebApplication->runController()
#10 D:\zyweb\Yii1\base\CApplication.php(180): CWebApplication->processRequest()
#11 D:\zyweb\pcb_wl\website\admin\index.php(32): CWebApplication->run()
REQUEST_URI=/UserDemand/List
in D:\zyweb\pcb_wl\applications\admin\views\userDemand\index.php (17)
in D:\zyweb\pcb_wl\applications\admin\controllers\UserDemandController.php (22)
in D:\zyweb\pcb_wl\applications\admin\components\Controller.php (43)
2017/10/13 13:44:46 [error] [exception.CException] exception 'CException' with message 'UserDemandController 无法找到请求的视图 "index".' in D:\zyweb\Yii1\web\CController.php:878
Stack trace:
#0 D:\zyweb\Yii1\web\CController.php(782): CController->renderPartial('index', Array, true)
#1 D:\zyweb\pcb_wl\applications\admin\controllers\UserDemandController.php(21): CController->render('index', Array)
#2 D:\zyweb\Yii1\web\actions\CInlineAction.php(49): UserDemandController->actionList()
#3 D:\zyweb\Yii1\web\CController.php(308): CInlineAction->runWithParams(Array)
#4 D:\zyweb\Yii1\web\CController.php(286): CController->runAction(Object(CInlineAction))
#5 D:\zyweb\Yii1\web\CController.php(265): CController->runActionWithFilters(Object(CInlineAction), Array)
#6 D:\zyweb\pcb_wl\applications\admin\components\Controller.php(43): CController->run('List')
#7 D:\zyweb\Yii1\web\CWebApplication.php(282): Controller->run('List')
#8 D:\zyweb\Yii1\web\CWebApplication.php(141): CWebApplication->runController('UserDemand/List')
#9 D:\zyweb\Yii1\base\CApplication.php(180): CWebApplication->processRequest()
#10 D:\zyweb\pcb_wl\website\admin\index.php(32): CApplication->run()
#11 {main}
REQUEST_URI=/UserDemand/List
HTTP_REFERER=http://admin.logistics.com/index/CarouselfigureList
---
2017/10/13 13:45:22 [error] [exception.CException] exception 'CException' with message 'UserDemandController 无法找到请求的视图 "edit".' in D:\zyweb\Yii1\web\CController.php:878
Stack trace:
#0 D:\zyweb\Yii1\web\CController.php(782): CController->renderPartial('edit', Array, true)
#1 D:\zyweb\pcb_wl\applications\admin\controllers\UserDemandController.php(103): CController->render('edit', Array)
#2 D:\zyweb\Yii1\web\actions\CInlineAction.php(49): UserDemandController->actionCheckDemand()
#3 D:\zyweb\Yii1\web\CController.php(308): CInlineAction->runWithParams(Array)
#4 D:\zyweb\Yii1\web\CController.php(286): CController->runAction(Object(CInlineAction))
#5 D:\zyweb\Yii1\web\CController.php(265): CController->runActionWithFilters(Object(CInlineAction), Array)
#6 D:\zyweb\pcb_wl\applications\admin\components\Controller.php(43): CController->run('CheckDemand')
#7 D:\zyweb\Yii1\web\CWebApplication.php(282): Controller->run('CheckDemand')
#8 D:\zyweb\Yii1\web\CWebApplication.php(141): CWebApplication->runController('UserDemand/Chec...')
#9 D:\zyweb\Yii1\base\CApplication.php(180): CWebApplication->processRequest()
#10 D:\zyweb\pcb_wl\website\admin\index.php(32): CApplication->run()
#11 {main}
REQUEST_URI=/UserDemand/CheckDemand/dId/8
---
2017/10/13 13:46:05 [error] [php] Undefined variable: vo (D:\zyweb\pcb_wl\applications\admin\views\userDemand\index.php:17)
Stack trace:
#0 D:\zyweb\Yii1\web\CController.php(869): UserDemandController->renderFile()
#1 D:\zyweb\Yii1\web\CController.php(782): UserDemandController->renderPartial()
#2 D:\zyweb\pcb_wl\applications\admin\controllers\UserDemandController.php(22): UserDemandController->render()
#3 D:\zyweb\Yii1\web\actions\CInlineAction.php(49): UserDemandController->actionList()
#4 D:\zyweb\Yii1\web\CController.php(308): CInlineAction->runWithParams()
#5 D:\zyweb\Yii1\web\CController.php(286): UserDemandController->runAction()
#6 D:\zyweb\Yii1\web\CController.php(265): UserDemandController->runActionWithFilters()
#7 D:\zyweb\pcb_wl\applications\admin\components\Controller.php(43): UserDemandController->run()
#8 D:\zyweb\Yii1\web\CWebApplication.php(282): UserDemandController->run()
#9 D:\zyweb\Yii1\web\CWebApplication.php(141): CWebApplication->runController()
#10 D:\zyweb\Yii1\base\CApplication.php(180): CWebApplication->processRequest()
#11 D:\zyweb\pcb_wl\website\admin\index.php(32): CWebApplication->run()
REQUEST_URI=/UserDemand/List
in D:\zyweb\pcb_wl\applications\admin\views\userDemand\index.php (17)
in D:\zyweb\pcb_wl\applications\admin\controllers\UserDemandController.php (22)
in D:\zyweb\pcb_wl\applications\admin\components\Controller.php (43)
2017/10/13 14:11:36 [error] [php] Undefined variable: vo (D:\zyweb\pcb_wl\applications\admin\views\userDemand\index.php:17)
Stack trace:
#0 D:\zyweb\Yii1\web\CController.php(869): UserDemandController->renderFile()
#1 D:\zyweb\Yii1\web\CController.php(782): UserDemandController->renderPartial()
#2 D:\zyweb\pcb_wl\applications\admin\controllers\UserDemandController.php(22): UserDemandController->render()
#3 D:\zyweb\Yii1\web\actions\CInlineAction.php(49): UserDemandController->actionList()
#4 D:\zyweb\Yii1\web\CController.php(308): CInlineAction->runWithParams()
#5 D:\zyweb\Yii1\web\CController.php(286): UserDemandController->runAction()
#6 D:\zyweb\Yii1\web\CController.php(265): UserDemandController->runActionWithFilters()
#7 D:\zyweb\pcb_wl\applications\admin\components\Controller.php(43): UserDemandController->run()
#8 D:\zyweb\Yii1\web\CWebApplication.php(282): UserDemandController->run()
#9 D:\zyweb\Yii1\web\CWebApplication.php(141): CWebApplication->runController()
#10 D:\zyweb\Yii1\base\CApplication.php(180): CWebApplication->processRequest()
#11 D:\zyweb\pcb_wl\website\admin\index.php(32): CWebApplication->run()
REQUEST_URI=/UserDemand/List
in D:\zyweb\pcb_wl\applications\admin\views\userDemand\index.php (17)
in D:\zyweb\pcb_wl\applications\admin\controllers\UserDemandController.php (22)
in D:\zyweb\pcb_wl\applications\admin\components\Controller.php (43)
2017/10/13 14:11:41 [error] [exception.CException] exception 'CException' with message 'IndexController 无法找到请求的视图 "imgEdit".' in D:\zyweb\Yii1\web\CController.php:878
Stack trace:
#0 D:\zyweb\Yii1\web\CController.php(782): CController->renderPartial('imgEdit', Array, true)
#1 D:\zyweb\pcb_wl\applications\admin\controllers\IndexController.php(46): CController->render('imgEdit', Array)
#2 D:\zyweb\Yii1\web\actions\CInlineAction.php(49): IndexController->actionCarouselfigureEdit()
#3 D:\zyweb\Yii1\web\CController.php(308): CInlineAction->runWithParams(Array)
#4 D:\zyweb\Yii1\web\CController.php(286): CController->runAction(Object(CInlineAction))
#5 D:\zyweb\Yii1\web\CController.php(265): CController->runActionWithFilters(Object(CInlineAction), Array)
#6 D:\zyweb\pcb_wl\applications\admin\components\Controller.php(43): CController->run('CarouselfigureE...')
#7 D:\zyweb\Yii1\web\CWebApplication.php(282): Controller->run('CarouselfigureE...')
#8 D:\zyweb\Yii1\web\CWebApplication.php(141): CWebApplication->runController('index/Carouself...')
#9 D:\zyweb\Yii1\base\CApplication.php(180): CWebApplication->processRequest()
#10 D:\zyweb\pcb_wl\website\admin\index.php(32): CApplication->run()
#11 {main}
REQUEST_URI=/index/CarouselfigureEdit
---
2017/10/13 14:20:55 [error] [php] Undefined variable: vo (D:\zyweb\pcb_wl\applications\admin\views\userDemand\index.php:17)
Stack trace:
#0 D:\zyweb\Yii1\web\CController.php(869): UserDemandController->renderFile()
#1 D:\zyweb\Yii1\web\CController.php(782): UserDemandController->renderPartial()
#2 D:\zyweb\pcb_wl\applications\admin\controllers\UserDemandController.php(22): UserDemandController->render()
#3 D:\zyweb\Yii1\web\actions\CInlineAction.php(49): UserDemandController->actionList()
#4 D:\zyweb\Yii1\web\CController.php(308): CInlineAction->runWithParams()
#5 D:\zyweb\Yii1\web\CController.php(286): UserDemandController->runAction()
#6 D:\zyweb\Yii1\web\CController.php(265): UserDemandController->runActionWithFilters()
#7 D:\zyweb\pcb_wl\applications\admin\components\Controller.php(43): UserDemandController->run()
#8 D:\zyweb\Yii1\web\CWebApplication.php(282): UserDemandController->run()
#9 D:\zyweb\Yii1\web\CWebApplication.php(141): CWebApplication->runController()
#10 D:\zyweb\Yii1\base\CApplication.php(180): CWebApplication->processRequest()
#11 D:\zyweb\pcb_wl\website\admin\index.php(32): CWebApplication->run()
REQUEST_URI=/UserDemand/List
in D:\zyweb\pcb_wl\applications\admin\views\userDemand\index.php (17)
in D:\zyweb\pcb_wl\applications\admin\controllers\UserDemandController.php (22)
in D:\zyweb\pcb_wl\applications\admin\components\Controller.php (43)
2017/10/13 14:21:08 [error] [php] Undefined variable: vo (D:\zyweb\pcb_wl\applications\admin\views\userDemand\index.php:17)
Stack trace:
#0 D:\zyweb\Yii1\web\CController.php(869): UserDemandController->renderFile()
#1 D:\zyweb\Yii1\web\CController.php(782): UserDemandController->renderPartial()
#2 D:\zyweb\pcb_wl\applications\admin\controllers\UserDemandController.php(22): UserDemandController->render()
#3 D:\zyweb\Yii1\web\actions\CInlineAction.php(49): UserDemandController->actionList()
#4 D:\zyweb\Yii1\web\CController.php(308): CInlineAction->runWithParams()
#5 D:\zyweb\Yii1\web\CController.php(286): UserDemandController->runAction()
#6 D:\zyweb\Yii1\web\CController.php(265): UserDemandController->runActionWithFilters()
#7 D:\zyweb\pcb_wl\applications\admin\components\Controller.php(43): UserDemandController->run()
#8 D:\zyweb\Yii1\web\CWebApplication.php(282): UserDemandController->run()
#9 D:\zyweb\Yii1\web\CWebApplication.php(141): CWebApplication->runController()
#10 D:\zyweb\Yii1\base\CApplication.php(180): CWebApplication->processRequest()
#11 D:\zyweb\pcb_wl\website\admin\index.php(32): CWebApplication->run()
REQUEST_URI=/UserDemand/List
in D:\zyweb\pcb_wl\applications\admin\views\userDemand\index.php (17)
in D:\zyweb\pcb_wl\applications\admin\controllers\UserDemandController.php (22)
in D:\zyweb\pcb_wl\applications\admin\components\Controller.php (43)
2017/10/13 14:21:21 [error] [php] Undefined variable: vo (D:\zyweb\pcb_wl\applications\admin\views\userDemand\index.php:17)
Stack trace:
#0 D:\zyweb\Yii1\web\CController.php(869): UserDemandController->renderFile()
#1 D:\zyweb\Yii1\web\CController.php(782): UserDemandController->renderPartial()
#2 D:\zyweb\pcb_wl\applications\admin\controllers\UserDemandController.php(22): UserDemandController->render()
#3 D:\zyweb\Yii1\web\actions\CInlineAction.php(49): UserDemandController->actionList()
#4 D:\zyweb\Yii1\web\CController.php(308): CInlineAction->runWithParams()
#5 D:\zyweb\Yii1\web\CController.php(286): UserDemandController->runAction()
#6 D:\zyweb\Yii1\web\CController.php(265): UserDemandController->runActionWithFilters()
#7 D:\zyweb\pcb_wl\applications\admin\components\Controller.php(43): UserDemandController->run()
#8 D:\zyweb\Yii1\web\CWebApplication.php(282): UserDemandController->run()
#9 D:\zyweb\Yii1\web\CWebApplication.php(141): CWebApplication->runController()
#10 D:\zyweb\Yii1\base\CApplication.php(180): CWebApplication->processRequest()
#11 D:\zyweb\pcb_wl\website\admin\index.php(32): CWebApplication->run()
REQUEST_URI=/UserDemand/List
in D:\zyweb\pcb_wl\applications\admin\views\userDemand\index.php (17)
in D:\zyweb\pcb_wl\applications\admin\controllers\UserDemandController.php (22)
in D:\zyweb\pcb_wl\applications\admin\components\Controller.php (43)
2017/10/13 14:45:44 [error] [php] Undefined variable: vo (D:\zyweb\pcb_wl\applications\admin\views\userDemand\index.php:17)
Stack trace:
#0 D:\zyweb\Yii1\web\CController.php(869): UserDemandController->renderFile()
#1 D:\zyweb\Yii1\web\CController.php(782): UserDemandController->renderPartial()
#2 D:\zyweb\pcb_wl\applications\admin\controllers\UserDemandController.php(22): UserDemandController->render()
#3 D:\zyweb\Yii1\web\actions\CInlineAction.php(49): UserDemandController->actionList()
#4 D:\zyweb\Yii1\web\CController.php(308): CInlineAction->runWithParams()
#5 D:\zyweb\Yii1\web\CController.php(286): UserDemandController->runAction()
#6 D:\zyweb\Yii1\web\CController.php(265): UserDemandController->runActionWithFilters()
#7 D:\zyweb\pcb_wl\applications\admin\components\Controller.php(43): UserDemandController->run()
#8 D:\zyweb\Yii1\web\CWebApplication.php(282): UserDemandController->run()
#9 D:\zyweb\Yii1\web\CWebApplication.php(141): CWebApplication->runController()
#10 D:\zyweb\Yii1\base\CApplication.php(180): CWebApplication->processRequest()
#11 D:\zyweb\pcb_wl\website\admin\index.php(32): CWebApplication->run()
REQUEST_URI=/UserDemand/List
in D:\zyweb\pcb_wl\applications\admin\views\userDemand\index.php (17)
in D:\zyweb\pcb_wl\applications\admin\controllers\UserDemandController.php (22)
in D:\zyweb\pcb_wl\applications\admin\components\Controller.php (43)
2017/10/13 14:51:14 [error] [php] Undefined variable: vo (D:\zyweb\pcb_wl\applications\admin\views\userDemand\index.php:17)
Stack trace:
#0 D:\zyweb\Yii1\web\CController.php(869): UserDemandController->renderFile()
#1 D:\zyweb\Yii1\web\CController.php(782): UserDemandController->renderPartial()
#2 D:\zyweb\pcb_wl\applications\admin\controllers\UserDemandController.php(22): UserDemandController->render()
#3 D:\zyweb\Yii1\web\actions\CInlineAction.php(49): UserDemandController->actionList()
#4 D:\zyweb\Yii1\web\CController.php(308): CInlineAction->runWithParams()
#5 D:\zyweb\Yii1\web\CController.php(286): UserDemandController->runAction()
#6 D:\zyweb\Yii1\web\CController.php(265): UserDemandController->runActionWithFilters()
#7 D:\zyweb\pcb_wl\applications\admin\components\Controller.php(43): UserDemandController->run()
#8 D:\zyweb\Yii1\web\CWebApplication.php(282): UserDemandController->run()
#9 D:\zyweb\Yii1\web\CWebApplication.php(141): CWebApplication->runController()
#10 D:\zyweb\Yii1\base\CApplication.php(180): CWebApplication->processRequest()
#11 D:\zyweb\pcb_wl\website\admin\index.php(32): CWebApplication->run()
REQUEST_URI=/UserDemand/List
in D:\zyweb\pcb_wl\applications\admin\views\userDemand\index.php (17)
in D:\zyweb\pcb_wl\applications\admin\controllers\UserDemandController.php (22)
in D:\zyweb\pcb_wl\applications\admin\components\Controller.php (43)
2017/10/13 15:36:11 [error] [php] Illegal string offset 'id' (D:\zyweb\pcb_wl\applications\admin\controllers\IndexController.php:38)
Stack trace:
#0 D:\zyweb\Yii1\web\CController.php(286): IndexController->runAction()
#1 D:\zyweb\Yii1\web\CController.php(265): IndexController->runActionWithFilters()
#2 D:\zyweb\pcb_wl\applications\admin\components\Controller.php(43): IndexController->run()
#3 D:\zyweb\Yii1\web\CWebApplication.php(282): IndexController->run()
#4 D:\zyweb\Yii1\web\CWebApplication.php(141): CWebApplication->runController()
#5 D:\zyweb\Yii1\base\CApplication.php(180): CWebApplication->processRequest()
#6 D:\zyweb\pcb_wl\website\admin\index.php(32): CWebApplication->run()
REQUEST_URI=/index/CarouselfigureEdit
in D:\zyweb\pcb_wl\applications\admin\controllers\IndexController.php (38)
in D:\zyweb\pcb_wl\applications\admin\components\Controller.php (43)
in D:\zyweb\pcb_wl\website\admin\index.php (32)
2017/10/13 15:41:50 [error] [php] Undefined variable: vo (D:\zyweb\pcb_wl\applications\admin\views\userDemand\index.php:17)
Stack trace:
#0 D:\zyweb\Yii1\web\CController.php(869): UserDemandController->renderFile()
#1 D:\zyweb\Yii1\web\CController.php(782): UserDemandController->renderPartial()
#2 D:\zyweb\pcb_wl\applications\admin\controllers\UserDemandController.php(22): UserDemandController->render()
#3 D:\zyweb\Yii1\web\actions\CInlineAction.php(49): UserDemandController->actionList()
#4 D:\zyweb\Yii1\web\CController.php(308): CInlineAction->runWithParams()
#5 D:\zyweb\Yii1\web\CController.php(286): UserDemandController->runAction()
#6 D:\zyweb\Yii1\web\CController.php(265): UserDemandController->runActionWithFilters()
#7 D:\zyweb\pcb_wl\applications\admin\components\Controller.php(43): UserDemandController->run()
#8 D:\zyweb\Yii1\web\CWebApplication.php(282): UserDemandController->run()
#9 D:\zyweb\Yii1\web\CWebApplication.php(141): CWebApplication->runController()
#10 D:\zyweb\Yii1\base\CApplication.php(180): CWebApplication->processRequest()
#11 D:\zyweb\pcb_wl\website\admin\index.php(32): CWebApplication->run()
REQUEST_URI=/UserDemand/List
in D:\zyweb\pcb_wl\applications\admin\views\userDemand\index.php (17)
in D:\zyweb\pcb_wl\applications\admin\controllers\UserDemandController.php (22)
in D:\zyweb\pcb_wl\applications\admin\components\Controller.php (43)
2017/10/13 15:41:57 [error] [php] Undefined variable: model (D:\zyweb\pcb_wl\applications\admin\views\vehicle\lengthEdit.php:22)
Stack trace:
#0 D:\zyweb\Yii1\web\CController.php(869): VehicleController->renderFile()
#1 D:\zyweb\Yii1\web\CController.php(782): VehicleController->renderPartial()
#2 D:\zyweb\pcb_wl\applications\admin\components\Controller.php(35): VehicleController->render()
#3 D:\zyweb\Yii1\web\CWebApplication.php(282): VehicleController->run()
#4 D:\zyweb\Yii1\web\CWebApplication.php(141): CWebApplication->runController()
#5 D:\zyweb\Yii1\base\CApplication.php(180): CWebApplication->processRequest()
#6 D:\zyweb\pcb_wl\website\admin\index.php(32): CWebApplication->run()
REQUEST_URI=/vehicle/lengthEdit/id/2
in D:\zyweb\pcb_wl\applications\admin\views\vehicle\lengthEdit.php (22)
in D:\zyweb\pcb_wl\applications\admin\components\Controller.php (35)
in D:\zyweb\pcb_wl\website\admin\index.php (32)
2017/10/13 16:18:54 [error] [php] Array to string conversion (D:\zyweb\pcb_wl\applications\admin\views\index\imgEdit.php:42)
Stack trace:
#0 D:\zyweb\Yii1\web\CController.php(869): IndexController->renderFile()
#1 D:\zyweb\Yii1\web\CController.php(782): IndexController->renderPartial()
#2 D:\zyweb\pcb_wl\applications\admin\controllers\IndexController.php(52): IndexController->render()
#3 D:\zyweb\Yii1\web\actions\CInlineAction.php(49): IndexController->actionCarouselfigureEdit()
#4 D:\zyweb\Yii1\web\CController.php(308): CInlineAction->runWithParams()
#5 D:\zyweb\Yii1\web\CController.php(286): IndexController->runAction()
#6 D:\zyweb\Yii1\web\CController.php(265): IndexController->runActionWithFilters()
#7 D:\zyweb\pcb_wl\applications\admin\components\Controller.php(43): IndexController->run()
#8 D:\zyweb\Yii1\web\CWebApplication.php(282): IndexController->run()
#9 D:\zyweb\Yii1\web\CWebApplication.php(141): CWebApplication->runController()
#10 D:\zyweb\Yii1\base\CApplication.php(180): CWebApplication->processRequest()
#11 D:\zyweb\pcb_wl\website\admin\index.php(32): CWebApplication->run()
REQUEST_URI=/index/CarouselfigureEdit
in D:\zyweb\pcb_wl\applications\admin\views\index\imgEdit.php (42)
in D:\zyweb\pcb_wl\applications\admin\controllers\IndexController.php (52)
in D:\zyweb\pcb_wl\applications\admin\components\Controller.php (43)
2017/10/13 16:20:05 [error] [exception.CHttpException.404] exception 'CHttpException' with message '系统无法找到请求的 "List" 动作.' in D:\zyweb\Yii1\web\CController.php:483
Stack trace:
#0 D:\zyweb\Yii1\web\CController.php(270): CController->missingAction('List')
#1 D:\zyweb\pcb_wl\applications\admin\components\Controller.php(43): CController->run('List')
#2 D:\zyweb\Yii1\web\CWebApplication.php(282): Controller->run('List')
#3 D:\zyweb\Yii1\web\CWebApplication.php(141): CWebApplication->runController('index/List')
#4 D:\zyweb\Yii1\base\CApplication.php(180): CWebApplication->processRequest()
#5 D:\zyweb\pcb_wl\website\admin\index.php(32): CApplication->run()
#6 {main}
REQUEST_URI=/index/List
---
2017/10/13 16:23:27 [error] [php] Undefined variable: model (D:\zyweb\pcb_wl\applications\admin\views\vehicle\lengthEdit.php:22)
Stack trace:
#0 D:\zyweb\Yii1\web\CController.php(869): VehicleController->renderFile()
#1 D:\zyweb\Yii1\web\CController.php(782): VehicleController->renderPartial()
#2 D:\zyweb\pcb_wl\applications\admin\components\Controller.php(35): VehicleController->render()
#3 D:\zyweb\Yii1\web\CWebApplication.php(282): VehicleController->run()
#4 D:\zyweb\Yii1\web\CWebApplication.php(141): CWebApplication->runController()
#5 D:\zyweb\Yii1\base\CApplication.php(180): CWebApplication->processRequest()
#6 D:\zyweb\pcb_wl\website\admin\index.php(32): CWebApplication->run()
REQUEST_URI=/vehicle/lengthEdit/id/5
in D:\zyweb\pcb_wl\applications\admin\views\vehicle\lengthEdit.php (22)
in D:\zyweb\pcb_wl\applications\admin\components\Controller.php (35)
in D:\zyweb\pcb_wl\website\admin\index.php (32)
2017/10/13 16:39:56 [error] [php] Undefined variable: vo (D:\zyweb\pcb_wl\applications\admin\views\userDemand\index.php:17)
Stack trace:
#0 D:\zyweb\Yii1\web\CController.php(869): UserDemandController->renderFile()
#1 D:\zyweb\Yii1\web\CController.php(782): UserDemandController->renderPartial()
#2 D:\zyweb\pcb_wl\applications\admin\controllers\UserDemandController.php(22): UserDemandController->render()
#3 D:\zyweb\Yii1\web\actions\CInlineAction.php(49): UserDemandController->actionList()
#4 D:\zyweb\Yii1\web\CController.php(308): CInlineAction->runWithParams()
#5 D:\zyweb\Yii1\web\CController.php(286): UserDemandController->runAction()
#6 D:\zyweb\Yii1\web\CController.php(265): UserDemandController->runActionWithFilters()
#7 D:\zyweb\pcb_wl\applications\admin\components\Controller.php(43): UserDemandController->run()
#8 D:\zyweb\Yii1\web\CWebApplication.php(282): UserDemandController->run()
#9 D:\zyweb\Yii1\web\CWebApplication.php(141): CWebApplication->runController()
#10 D:\zyweb\Yii1\base\CApplication.php(180): CWebApplication->processRequest()
#11 D:\zyweb\pcb_wl\website\admin\index.php(32): CWebApplication->run()
REQUEST_URI=/UserDemand/List
in D:\zyweb\pcb_wl\applications\admin\views\userDemand\index.php (17)
in D:\zyweb\pcb_wl\applications\admin\controllers\UserDemandController.php (22)
in D:\zyweb\pcb_wl\applications\admin\components\Controller.php (43)
2017/10/13 16:40:04 [error] [system.db.CDbCommand] CDbCommand::fetchAll() failed: SQLSTATE[42S02]: Base table or view not found: 1146 Table 'pcb_wl.ShortCut' doesn't exist. The SQL statement executed was: SHOW FULL COLUMNS FROM `ShortCut`.
in D:\zyweb\pcb_wl\library\model\BaseModel.php (351)
in D:\zyweb\pcb_wl\library\model\BaseModel.php (210)
in D:\zyweb\pcb_wl\library\form\base\ShortCutBaseForm.php (75)
2017/10/13 16:40:04 [error] [exception.CDbException] exception 'CDbException' with message '数据表 "ShortCut" 不存在。' in D:\zyweb\Yii1\db\schema\CDbCommandBuilder.php:859
Stack trace:
#0 D:\zyweb\Yii1\db\schema\CDbCommandBuilder.php(76): CDbCommandBuilder->ensureTable(NULL)
#1 D:\zyweb\pcb_wl\library\model\BaseModel.php(351): CDbCommandBuilder->createFindCommand('ShortCut', Object(CDbCriteria))
#2 D:\zyweb\pcb_wl\library\model\BaseModel.php(210): BaseModel->getSqlFromCriteria(Object(CDbCriteria))
#3 D:\zyweb\pcb_wl\library\form\base\ShortCutBaseForm.php(75): BaseModel->query(Array, Array)
#4 D:\zyweb\pcb_wl\applications\admin\controllers\IndexController.php(73): ShortCutBaseForm->search()
#5 D:\zyweb\Yii1\web\actions\CInlineAction.php(49): IndexController->actionShortCutList()
#6 D:\zyweb\Yii1\web\CController.php(308): CInlineAction->runWithParams(Array)
#7 D:\zyweb\Yii1\web\CController.php(286): CController->runAction(Object(CInlineAction))
#8 D:\zyweb\Yii1\web\CController.php(265): CController->runActionWithFilters(Object(CInlineAction), Array)
#9 D:\zyweb\pcb_wl\applications\admin\components\Controller.php(43): CController->run('shortcutlist')
#10 D:\zyweb\Yii1\web\CWebApplication.php(282): Controller->run('shortcutlist')
#11 D:\zyweb\Yii1\web\CWebApplication.php(141): CWebApplication->runController('index/shortcutl...')
#12 D:\zyweb\Yii1\base\CApplication.php(180): CWebApplication->processRequest()
#13 D:\zyweb\pcb_wl\website\admin\index.php(32): CApplication->run()
#14 {main}
REQUEST_URI=/index/shortcutlist
---
2017/10/13 16:40:23 [error] [exception.CException] exception 'CException' with message 'IndexController 无法找到请求的视图 "List".' in D:\zyweb\Yii1\web\CController.php:878
Stack trace:
#0 D:\zyweb\Yii1\web\CController.php(782): CController->renderPartial('List', Array, true)
#1 D:\zyweb\pcb_wl\applications\admin\controllers\IndexController.php(77): CController->render('List', Array)
#2 D:\zyweb\Yii1\web\actions\CInlineAction.php(49): IndexController->actionShortCutList()
#3 D:\zyweb\Yii1\web\CController.php(308): CInlineAction->runWithParams(Array)
#4 D:\zyweb\Yii1\web\CController.php(286): CController->runAction(Object(CInlineAction))
#5 D:\zyweb\Yii1\web\CController.php(265): CController->runActionWithFilters(Object(CInlineAction), Array)
#6 D:\zyweb\pcb_wl\applications\admin\components\Controller.php(43): CController->run('shortcutlist')
#7 D:\zyweb\Yii1\web\CWebApplication.php(282): Controller->run('shortcutlist')
#8 D:\zyweb\Yii1\web\CWebApplication.php(141): CWebApplication->runController('index/shortcutl...')
#9 D:\zyweb\Yii1\base\CApplication.php(180): CWebApplication->processRequest()
#10 D:\zyweb\pcb_wl\website\admin\index.php(32): CApplication->run()
#11 {main}
REQUEST_URI=/index/shortcutlist
---
2017/10/13 16:47:59 [error] [php] Undefined variable: model (D:\zyweb\pcb_wl\applications\admin\views\index\shortCutEdit.php:20)
Stack trace:
#0 D:\zyweb\Yii1\web\CController.php(869): IndexController->renderFile()
#1 D:\zyweb\Yii1\web\CController.php(782): IndexController->renderPartial()
#2 D:\zyweb\pcb_wl\applications\admin\components\Controller.php(35): IndexController->render()
#3 D:\zyweb\Yii1\web\CWebApplication.php(282): IndexController->run()
#4 D:\zyweb\Yii1\web\CWebApplication.php(141): CWebApplication->runController()
#5 D:\zyweb\Yii1\base\CApplication.php(180): CWebApplication->processRequest()
#6 D:\zyweb\pcb_wl\website\admin\index.php(32): CWebApplication->run()
REQUEST_URI=/index/ShortCutEdit/id/1
in D:\zyweb\pcb_wl\applications\admin\views\index\shortCutEdit.php (20)
in D:\zyweb\pcb_wl\applications\admin\components\Controller.php (35)
in D:\zyweb\pcb_wl\website\admin\index.php (32)
2017/10/13 16:48:32 [error] [php] Undefined variable: model (D:\zyweb\pcb_wl\applications\admin\views\index\shortCutEdit.php:20)
Stack trace:
#0 D:\zyweb\Yii1\web\CController.php(869): IndexController->renderFile()
#1 D:\zyweb\Yii1\web\CController.php(782): IndexController->renderPartial()
#2 D:\zyweb\pcb_wl\applications\admin\components\Controller.php(35): IndexController->render()
#3 D:\zyweb\Yii1\web\CWebApplication.php(282): IndexController->run()
#4 D:\zyweb\Yii1\web\CWebApplication.php(141): CWebApplication->runController()
#5 D:\zyweb\Yii1\base\CApplication.php(180): CWebApplication->processRequest()
#6 D:\zyweb\pcb_wl\website\admin\index.php(32): CWebApplication->run()
REQUEST_URI=/index/ShortCutEdit/id/1
in D:\zyweb\pcb_wl\applications\admin\views\index\shortCutEdit.php (20)
in D:\zyweb\pcb_wl\applications\admin\components\Controller.php (35)
in D:\zyweb\pcb_wl\website\admin\index.php (32)
2017/10/13 16:48:35 [error] [php] Undefined variable: model (D:\zyweb\pcb_wl\applications\admin\views\index\shortCutEdit.php:20)
Stack trace:
#0 D:\zyweb\Yii1\web\CController.php(869): IndexController->renderFile()
#1 D:\zyweb\Yii1\web\CController.php(782): IndexController->renderPartial()
#2 D:\zyweb\pcb_wl\applications\admin\components\Controller.php(35): IndexController->render()
#3 D:\zyweb\Yii1\web\CWebApplication.php(282): IndexController->run()
#4 D:\zyweb\Yii1\web\CWebApplication.php(141): CWebApplication->runController()
#5 D:\zyweb\Yii1\base\CApplication.php(180): CWebApplication->processRequest()
#6 D:\zyweb\pcb_wl\website\admin\index.php(32): CWebApplication->run()
REQUEST_URI=/index/ShortCutEdit/id/1
in D:\zyweb\pcb_wl\applications\admin\views\index\shortCutEdit.php (20)
in D:\zyweb\pcb_wl\applications\admin\components\Controller.php (35)
in D:\zyweb\pcb_wl\website\admin\index.php (32)
2017/10/13 16:49:33 [error] [php] Undefined variable: model (D:\zyweb\pcb_wl\applications\admin\views\index\shortCutEdit.php:20)
Stack trace:
#0 D:\zyweb\Yii1\web\CController.php(869): IndexController->renderFile()
#1 D:\zyweb\Yii1\web\CController.php(782): IndexController->renderPartial()
#2 D:\zyweb\pcb_wl\applications\admin\components\Controller.php(35): IndexController->render()
#3 D:\zyweb\Yii1\web\CWebApplication.php(282): IndexController->run()
#4 D:\zyweb\Yii1\web\CWebApplication.php(141): CWebApplication->runController()
#5 D:\zyweb\Yii1\base\CApplication.php(180): CWebApplication->processRequest()
#6 D:\zyweb\pcb_wl\website\admin\index.php(32): CWebApplication->run()
REQUEST_URI=/index/ShortCutEdit/id/1
in D:\zyweb\pcb_wl\applications\admin\views\index\shortCutEdit.php (20)
in D:\zyweb\pcb_wl\applications\admin\components\Controller.php (35)
in D:\zyweb\pcb_wl\website\admin\index.php (32)
2017/10/13 16:49:37 [error] [php] Undefined variable: model (D:\zyweb\pcb_wl\applications\admin\views\index\shortCutEdit.php:20)
Stack trace:
#0 D:\zyweb\Yii1\web\CController.php(869): IndexController->renderFile()
#1 D:\zyweb\Yii1\web\CController.php(782): IndexController->renderPartial()
#2 D:\zyweb\pcb_wl\applications\admin\components\Controller.php(35): IndexController->render()
#3 D:\zyweb\Yii1\web\CWebApplication.php(282): IndexController->run()
#4 D:\zyweb\Yii1\web\CWebApplication.php(141): CWebApplication->runController()
#5 D:\zyweb\Yii1\base\CApplication.php(180): CWebApplication->processRequest()
#6 D:\zyweb\pcb_wl\website\admin\index.php(32): CWebApplication->run()
REQUEST_URI=/index/ShortCutEdit/id/1
in D:\zyweb\pcb_wl\applications\admin\views\index\shortCutEdit.php (20)
in D:\zyweb\pcb_wl\applications\admin\components\Controller.php (35)
in D:\zyweb\pcb_wl\website\admin\index.php (32)
2017/10/13 16:50:07 [error] [php] Undefined variable: model (D:\zyweb\pcb_wl\applications\admin\views\index\shortCutEdit.php:11)
Stack trace:
#0 D:\zyweb\Yii1\web\CController.php(869): IndexController->renderFile()
#1 D:\zyweb\Yii1\web\CController.php(782): IndexController->renderPartial()
#2 D:\zyweb\pcb_wl\applications\admin\components\Controller.php(35): IndexController->render()
#3 D:\zyweb\Yii1\web\CWebApplication.php(282): IndexController->run()
#4 D:\zyweb\Yii1\web\CWebApplication.php(141): CWebApplication->runController()
#5 D:\zyweb\Yii1\base\CApplication.php(180): CWebApplication->processRequest()
#6 D:\zyweb\pcb_wl\website\admin\index.php(32): CWebApplication->run()
REQUEST_URI=/index/ShortCutEdit/id/1
in D:\zyweb\pcb_wl\applications\admin\views\index\shortCutEdit.php (11)
in D:\zyweb\pcb_wl\applications\admin\components\Controller.php (35)
in D:\zyweb\pcb_wl\website\admin\index.php (32)
2017/10/13 16:50:50 [error] [php] Undefined variable: model (D:\zyweb\pcb_wl\applications\admin\views\index\shortCutEdit.php:21)
Stack trace:
#0 D:\zyweb\Yii1\web\CController.php(869): IndexController->renderFile()
#1 D:\zyweb\Yii1\web\CController.php(782): IndexController->renderPartial()
#2 D:\zyweb\pcb_wl\applications\admin\components\Controller.php(35): IndexController->render()
#3 D:\zyweb\Yii1\web\CWebApplication.php(282): IndexController->run()
#4 D:\zyweb\Yii1\web\CWebApplication.php(141): CWebApplication->runController()
#5 D:\zyweb\Yii1\base\CApplication.php(180): CWebApplication->processRequest()
#6 D:\zyweb\pcb_wl\website\admin\index.php(32): CWebApplication->run()
REQUEST_URI=/index/ShortCutEdit/id/1
in D:\zyweb\pcb_wl\applications\admin\views\index\shortCutEdit.php (21)
in D:\zyweb\pcb_wl\applications\admin\components\Controller.php (35)
in D:\zyweb\pcb_wl\website\admin\index.php (32)
2017/10/13 16:50:56 [error] [php] Undefined variable: model (D:\zyweb\pcb_wl\applications\admin\views\index\shortCutEdit.php:21)
Stack trace:
#0 D:\zyweb\Yii1\web\CController.php(869): IndexController->renderFile()
#1 D:\zyweb\Yii1\web\CController.php(782): IndexController->renderPartial()
#2 D:\zyweb\pcb_wl\applications\admin\components\Controller.php(35): IndexController->render()
#3 D:\zyweb\Yii1\web\CWebApplication.php(282): IndexController->run()
#4 D:\zyweb\Yii1\web\CWebApplication.php(141): CWebApplication->runController()
#5 D:\zyweb\Yii1\base\CApplication.php(180): CWebApplication->processRequest()
#6 D:\zyweb\pcb_wl\website\admin\index.php(32): CWebApplication->run()
REQUEST_URI=/index/ShortCutEdit/id/1
in D:\zyweb\pcb_wl\applications\admin\views\index\shortCutEdit.php (21)
in D:\zyweb\pcb_wl\applications\admin\components\Controller.php (35)
in D:\zyweb\pcb_wl\website\admin\index.php (32)
2017/10/13 16:52:18 [error] [php] Undefined variable: model (D:\zyweb\pcb_wl\applications\admin\views\index\shortCutEdit.php:21)
Stack trace:
#0 D:\zyweb\Yii1\web\CController.php(869): IndexController->renderFile()
#1 D:\zyweb\Yii1\web\CController.php(782): IndexController->renderPartial()
#2 D:\zyweb\pcb_wl\applications\admin\components\Controller.php(35): IndexController->render()
#3 D:\zyweb\Yii1\web\CWebApplication.php(282): IndexController->run()
#4 D:\zyweb\Yii1\web\CWebApplication.php(141): CWebApplication->runController()
#5 D:\zyweb\Yii1\base\CApplication.php(180): CWebApplication->processRequest()
#6 D:\zyweb\pcb_wl\website\admin\index.php(32): CWebApplication->run()
REQUEST_URI=/index/ShortCutEdit/id/1
in D:\zyweb\pcb_wl\applications\admin\views\index\shortCutEdit.php (21)
in D:\zyweb\pcb_wl\applications\admin\components\Controller.php (35)
in D:\zyweb\pcb_wl\website\admin\index.php (32)
2017/10/13 16:52:21 [error] [php] Undefined variable: model (D:\zyweb\pcb_wl\applications\admin\views\index\shortCutEdit.php:21)
Stack trace:
#0 D:\zyweb\Yii1\web\CController.php(869): IndexController->renderFile()
#1 D:\zyweb\Yii1\web\CController.php(782): IndexController->renderPartial()
#2 D:\zyweb\pcb_wl\applications\admin\components\Controller.php(35): IndexController->render()
#3 D:\zyweb\Yii1\web\CWebApplication.php(282): IndexController->run()
#4 D:\zyweb\Yii1\web\CWebApplication.php(141): CWebApplication->runController()
#5 D:\zyweb\Yii1\base\CApplication.php(180): CWebApplication->processRequest()
#6 D:\zyweb\pcb_wl\website\admin\index.php(32): CWebApplication->run()
REQUEST_URI=/index/ShortCutEdit/id/1
in D:\zyweb\pcb_wl\applications\admin\views\index\shortCutEdit.php (21)
in D:\zyweb\pcb_wl\applications\admin\components\Controller.php (35)
in D:\zyweb\pcb_wl\website\admin\index.php (32)
2017/10/13 16:52:32 [error] [php] Undefined variable: model (D:\zyweb\pcb_wl\applications\admin\views\index\shortCutEdit.php:21)
Stack trace:
#0 D:\zyweb\Yii1\web\CController.php(869): IndexController->renderFile()
#1 D:\zyweb\Yii1\web\CController.php(782): IndexController->renderPartial()
#2 D:\zyweb\pcb_wl\applications\admin\components\Controller.php(35): IndexController->render()
#3 D:\zyweb\Yii1\web\CWebApplication.php(282): IndexController->run()
#4 D:\zyweb\Yii1\web\CWebApplication.php(141): CWebApplication->runController()
#5 D:\zyweb\Yii1\base\CApplication.php(180): CWebApplication->processRequest()
#6 D:\zyweb\pcb_wl\website\admin\index.php(32): CWebApplication->run()
REQUEST_URI=/index/ShortCutEdit/id/1
in D:\zyweb\pcb_wl\applications\admin\views\index\shortCutEdit.php (21)
in D:\zyweb\pcb_wl\applications\admin\components\Controller.php (35)
in D:\zyweb\pcb_wl\website\admin\index.php (32)
2017/10/13 16:52:41 [error] [php] Undefined variable: model (D:\zyweb\pcb_wl\applications\admin\views\index\shortCutEdit.php:21)
Stack trace:
#0 D:\zyweb\Yii1\web\CController.php(869): IndexController->renderFile()
#1 D:\zyweb\Yii1\web\CController.php(782): IndexController->renderPartial()
#2 D:\zyweb\pcb_wl\applications\admin\components\Controller.php(35): IndexController->render()
#3 D:\zyweb\Yii1\web\CWebApplication.php(282): IndexController->run()
#4 D:\zyweb\Yii1\web\CWebApplication.php(141): CWebApplication->runController()
#5 D:\zyweb\Yii1\base\CApplication.php(180): CWebApplication->processRequest()
#6 D:\zyweb\pcb_wl\website\admin\index.php(32): CWebApplication->run()
REQUEST_URI=/index/ShortCutEdit/id/1
in D:\zyweb\pcb_wl\applications\admin\views\index\shortCutEdit.php (21)
in D:\zyweb\pcb_wl\applications\admin\components\Controller.php (35)
in D:\zyweb\pcb_wl\website\admin\index.php (32)
2017/10/13 16:52:51 [error] [php] Undefined variable: model (D:\zyweb\pcb_wl\applications\admin\views\index\shortCutEdit.php:21)
Stack trace:
#0 D:\zyweb\Yii1\web\CController.php(869): IndexController->renderFile()
#1 D:\zyweb\Yii1\web\CController.php(782): IndexController->renderPartial()
#2 D:\zyweb\pcb_wl\applications\admin\components\Controller.php(35): IndexController->render()
#3 D:\zyweb\Yii1\web\CWebApplication.php(282): IndexController->run()
#4 D:\zyweb\Yii1\web\CWebApplication.php(141): CWebApplication->runController()
#5 D:\zyweb\Yii1\base\CApplication.php(180): CWebApplication->processRequest()
#6 D:\zyweb\pcb_wl\website\admin\index.php(32): CWebApplication->run()
REQUEST_URI=/index/ShortCutEdit/id/1
in D:\zyweb\pcb_wl\applications\admin\views\index\shortCutEdit.php (21)
in D:\zyweb\pcb_wl\applications\admin\components\Controller.php (35)
in D:\zyweb\pcb_wl\website\admin\index.php (32)
2017/10/13 16:53:11 [error] [php] Undefined variable: model (D:\zyweb\pcb_wl\applications\admin\views\index\shortCutEdit.php:21)
Stack trace:
#0 D:\zyweb\Yii1\web\CController.php(869): IndexController->renderFile()
#1 D:\zyweb\Yii1\web\CController.php(782): IndexController->renderPartial()
#2 D:\zyweb\pcb_wl\applications\admin\components\Controller.php(35): IndexController->render()
#3 D:\zyweb\Yii1\web\CWebApplication.php(282): IndexController->run()
#4 D:\zyweb\Yii1\web\CWebApplication.php(141): CWebApplication->runController()
#5 D:\zyweb\Yii1\base\CApplication.php(180): CWebApplication->processRequest()
#6 D:\zyweb\pcb_wl\website\admin\index.php(32): CWebApplication->run()
REQUEST_URI=/index/ShortCutEdit/id/1
in D:\zyweb\pcb_wl\applications\admin\views\index\shortCutEdit.php (21)
in D:\zyweb\pcb_wl\applications\admin\components\Controller.php (35)
in D:\zyweb\pcb_wl\website\admin\index.php (32)
2017/10/13 16:53:11 [error] [exception.CHttpException.404] exception 'CHttpException' with message 'Unable to resolve the request "favicon.ico".' in D:\zyweb\Yii1\web\CWebApplication.php:286
Stack trace:
#0 D:\zyweb\Yii1\web\CWebApplication.php(141): CWebApplication->runController('favicon.ico')
#1 D:\zyweb\Yii1\base\CApplication.php(180): CWebApplication->processRequest()
#2 D:\zyweb\pcb_wl\website\admin\index.php(32): CApplication->run()
#3 {main}
REQUEST_URI=/favicon.ico
HTTP_REFERER=http://admin.logistics.com/index/ShortCutEdit/id/1
---
2017/10/13 16:53:11 [error] [php] Undefined variable: model (D:\zyweb\pcb_wl\applications\admin\views\index\shortCutEdit.php:21)
Stack trace:
#0 D:\zyweb\Yii1\web\CController.php(869): IndexController->renderFile()
#1 D:\zyweb\Yii1\web\CController.php(782): IndexController->renderPartial()
#2 D:\zyweb\pcb_wl\applications\admin\components\Controller.php(35): IndexController->render()
#3 D:\zyweb\Yii1\web\CWebApplication.php(282): IndexController->run()
#4 D:\zyweb\Yii1\web\CWebApplication.php(141): CWebApplication->runController()
#5 D:\zyweb\Yii1\base\CApplication.php(180): CWebApplication->processRequest()
#6 D:\zyweb\pcb_wl\website\admin\index.php(32): CWebApplication->run()
REQUEST_URI=/index/ShortCutEdit/id/1
in D:\zyweb\pcb_wl\applications\admin\views\index\shortCutEdit.php (21)
in D:\zyweb\pcb_wl\applications\admin\components\Controller.php (35)
in D:\zyweb\pcb_wl\website\admin\index.php (32)
2017/10/13 16:53:11 [error] [exception.CHttpException.404] exception 'CHttpException' with message 'Unable to resolve the request "favicon.ico".' in D:\zyweb\Yii1\web\CWebApplication.php:286
Stack trace:
#0 D:\zyweb\Yii1\web\CWebApplication.php(141): CWebApplication->runController('favicon.ico')
#1 D:\zyweb\Yii1\base\CApplication.php(180): CWebApplication->processRequest()
#2 D:\zyweb\pcb_wl\website\admin\index.php(32): CApplication->run()
#3 {main}
REQUEST_URI=/favicon.ico
HTTP_REFERER=http://admin.logistics.com/index/ShortCutEdit/id/1
---
2017/10/13 16:53:11 [error] [php] Undefined variable: model (D:\zyweb\pcb_wl\applications\admin\views\index\shortCutEdit.php:21)
Stack trace:
#0 D:\zyweb\Yii1\web\CController.php(869): IndexController->renderFile()
#1 D:\zyweb\Yii1\web\CController.php(782): IndexController->renderPartial()
#2 D:\zyweb\pcb_wl\applications\admin\components\Controller.php(35): IndexController->render()
#3 D:\zyweb\Yii1\web\CWebApplication.php(282): IndexController->run()
#4 D:\zyweb\Yii1\web\CWebApplication.php(141): CWebApplication->runController()
#5 D:\zyweb\Yii1\base\CApplication.php(180): CWebApplication->processRequest()
#6 D:\zyweb\pcb_wl\website\admin\index.php(32): CWebApplication->run()
REQUEST_URI=/index/ShortCutEdit/id/1
in D:\zyweb\pcb_wl\applications\admin\views\index\shortCutEdit.php (21)
in D:\zyweb\pcb_wl\applications\admin\components\Controller.php (35)
in D:\zyweb\pcb_wl\website\admin\index.php (32)
2017/10/13 16:53:11 [error] [exception.CHttpException.404] exception 'CHttpException' with message 'Unable to resolve the request "favicon.ico".' in D:\zyweb\Yii1\web\CWebApplication.php:286
Stack trace:
#0 D:\zyweb\Yii1\web\CWebApplication.php(141): CWebApplication->runController('favicon.ico')
#1 D:\zyweb\Yii1\base\CApplication.php(180): CWebApplication->processRequest()
#2 D:\zyweb\pcb_wl\website\admin\index.php(32): CApplication->run()
#3 {main}
REQUEST_URI=/favicon.ico
HTTP_REFERER=http://admin.logistics.com/index/ShortCutEdit/id/1
---
2017/10/13 16:53:12 [error] [exception.CHttpException.404] exception 'CHttpException' with message 'Unable to resolve the request "favicon.ico".' in D:\zyweb\Yii1\web\CWebApplication.php:286
Stack trace:
#0 D:\zyweb\Yii1\web\CWebApplication.php(141): CWebApplication->runController('favicon.ico')
#1 D:\zyweb\Yii1\base\CApplication.php(180): CWebApplication->processRequest()
#2 D:\zyweb\pcb_wl\website\admin\index.php(32): CApplication->run()
#3 {main}
REQUEST_URI=/favicon.ico
HTTP_REFERER=http://admin.logistics.com/index/shortcutlist
---
2017/10/13 16:53:12 [error] [exception.CHttpException.404] exception 'CHttpException' with message 'Unable to resolve the request "favicon.ico".' in D:\zyweb\Yii1\web\CWebApplication.php:286
Stack trace:
#0 D:\zyweb\Yii1\web\CWebApplication.php(141): CWebApplication->runController('favicon.ico')
#1 D:\zyweb\Yii1\base\CApplication.php(180): CWebApplication->processRequest()
#2 D:\zyweb\pcb_wl\website\admin\index.php(32): CApplication->run()
#3 {main}
REQUEST_URI=/favicon.ico
HTTP_REFERER=http://admin.logistics.com/index/shortcutlist
---
2017/10/13 16:53:13 [error] [exception.CHttpException.404] exception 'CHttpException' with message 'Unable to resolve the request "favicon.ico".' in D:\zyweb\Yii1\web\CWebApplication.php:286
Stack trace:
#0 D:\zyweb\Yii1\web\CWebApplication.php(141): CWebApplication->runController('favicon.ico')
#1 D:\zyweb\Yii1\base\CApplication.php(180): CWebApplication->processRequest()
#2 D:\zyweb\pcb_wl\website\admin\index.php(32): CApplication->run()
#3 {main}
REQUEST_URI=/favicon.ico
HTTP_REFERER=http://admin.logistics.com/index/shortcutlist
---
2017/10/13 16:53:14 [error] [php] Undefined variable: model (D:\zyweb\pcb_wl\applications\admin\views\index\shortCutEdit.php:21)
Stack trace:
#0 D:\zyweb\Yii1\web\CController.php(869): IndexController->renderFile()
#1 D:\zyweb\Yii1\web\CController.php(782): IndexController->renderPartial()
#2 D:\zyweb\pcb_wl\applications\admin\components\Controller.php(35): IndexController->render()
#3 D:\zyweb\Yii1\web\CWebApplication.php(282): IndexController->run()
#4 D:\zyweb\Yii1\web\CWebApplication.php(141): CWebApplication->runController()
#5 D:\zyweb\Yii1\base\CApplication.php(180): CWebApplication->processRequest()
#6 D:\zyweb\pcb_wl\website\admin\index.php(32): CWebApplication->run()
REQUEST_URI=/index/ShortCutEdit/id/1
in D:\zyweb\pcb_wl\applications\admin\views\index\shortCutEdit.php (21)
in D:\zyweb\pcb_wl\applications\admin\components\Controller.php (35)
in D:\zyweb\pcb_wl\website\admin\index.php (32)
2017/10/13 16:53:24 [error] [php] Undefined variable: model (D:\zyweb\pcb_wl\applications\admin\views\index\shortCutEdit.php:21)
Stack trace:
#0 D:\zyweb\Yii1\web\CController.php(869): IndexController->renderFile()
#1 D:\zyweb\Yii1\web\CController.php(782): IndexController->renderPartial()
#2 D:\zyweb\pcb_wl\applications\admin\components\Controller.php(35): IndexController->render()
#3 D:\zyweb\Yii1\web\CWebApplication.php(282): IndexController->run()
#4 D:\zyweb\Yii1\web\CWebApplication.php(141): CWebApplication->runController()
#5 D:\zyweb\Yii1\base\CApplication.php(180): CWebApplication->processRequest()
#6 D:\zyweb\pcb_wl\website\admin\index.php(32): CWebApplication->run()
REQUEST_URI=/index/ShortCutEdit/id/1
in D:\zyweb\pcb_wl\applications\admin\views\index\shortCutEdit.php (21)
in D:\zyweb\pcb_wl\applications\admin\components\Controller.php (35)
in D:\zyweb\pcb_wl\website\admin\index.php (32)
2017/10/13 16:53:42 [error] [php] Undefined variable: model (D:\zyweb\pcb_wl\applications\admin\views\index\shortCutEdit.php:21)
Stack trace:
#0 D:\zyweb\Yii1\web\CController.php(869): IndexController->renderFile()
#1 D:\zyweb\Yii1\web\CController.php(782): IndexController->renderPartial()
#2 D:\zyweb\pcb_wl\applications\admin\components\Controller.php(35): IndexController->render()
#3 D:\zyweb\Yii1\web\CWebApplication.php(282): IndexController->run()
#4 D:\zyweb\Yii1\web\CWebApplication.php(141): CWebApplication->runController()
#5 D:\zyweb\Yii1\base\CApplication.php(180): CWebApplication->processRequest()
#6 D:\zyweb\pcb_wl\website\admin\index.php(32): CWebApplication->run()
REQUEST_URI=/index/ShortCutEdit/id/1
in D:\zyweb\pcb_wl\applications\admin\views\index\shortCutEdit.php (21)
in D:\zyweb\pcb_wl\applications\admin\components\Controller.php (35)
in D:\zyweb\pcb_wl\website\admin\index.php (32)
2017/10/13 16:54:48 [error] [php] Undefined variable: model (D:\zyweb\pcb_wl\applications\admin\views\index\shortCutEdit.php:21)
Stack trace:
#0 D:\zyweb\Yii1\web\CController.php(869): IndexController->renderFile()
#1 D:\zyweb\Yii1\web\CController.php(782): IndexController->renderPartial()
#2 D:\zyweb\pcb_wl\applications\admin\components\Controller.php(35): IndexController->render()
#3 D:\zyweb\Yii1\web\CWebApplication.php(282): IndexController->run()
#4 D:\zyweb\Yii1\web\CWebApplication.php(141): CWebApplication->runController()
#5 D:\zyweb\Yii1\base\CApplication.php(180): CWebApplication->processRequest()
#6 D:\zyweb\pcb_wl\website\admin\index.php(32): CWebApplication->run()
REQUEST_URI=/index/ShortCutEdit/id/1
in D:\zyweb\pcb_wl\applications\admin\views\index\shortCutEdit.php (21)
in D:\zyweb\pcb_wl\applications\admin\components\Controller.php (35)
in D:\zyweb\pcb_wl\website\admin\index.php (32)
2017/10/13 16:54:49 [error] [php] Undefined variable: model (D:\zyweb\pcb_wl\applications\admin\views\index\shortCutEdit.php:21)
Stack trace:
#0 D:\zyweb\Yii1\web\CController.php(869): IndexController->renderFile()
#1 D:\zyweb\Yii1\web\CController.php(782): IndexController->renderPartial()
#2 D:\zyweb\pcb_wl\applications\admin\components\Controller.php(35): IndexController->render()
#3 D:\zyweb\Yii1\web\CWebApplication.php(282): IndexController->run()
#4 D:\zyweb\Yii1\web\CWebApplication.php(141): CWebApplication->runController()
#5 D:\zyweb\Yii1\base\CApplication.php(180): CWebApplication->processRequest()
#6 D:\zyweb\pcb_wl\website\admin\index.php(32): CWebApplication->run()
REQUEST_URI=/index/ShortCutEdit/id/1
in D:\zyweb\pcb_wl\applications\admin\views\index\shortCutEdit.php (21)
in D:\zyweb\pcb_wl\applications\admin\components\Controller.php (35)
in D:\zyweb\pcb_wl\website\admin\index.php (32)
2017/10/13 16:54:49 [error] [php] Undefined variable: model (D:\zyweb\pcb_wl\applications\admin\views\index\shortCutEdit.php:21)
Stack trace:
#0 D:\zyweb\Yii1\web\CController.php(869): IndexController->renderFile()
#1 D:\zyweb\Yii1\web\CController.php(782): IndexController->renderPartial()
#2 D:\zyweb\pcb_wl\applications\admin\components\Controller.php(35): IndexController->render()
#3 D:\zyweb\Yii1\web\CWebApplication.php(282): IndexController->run()
#4 D:\zyweb\Yii1\web\CWebApplication.php(141): CWebApplication->runController()
#5 D:\zyweb\Yii1\base\CApplication.php(180): CWebApplication->processRequest()
#6 D:\zyweb\pcb_wl\website\admin\index.php(32): CWebApplication->run()
REQUEST_URI=/index/ShortCutEdit/id/1
in D:\zyweb\pcb_wl\applications\admin\views\index\shortCutEdit.php (21)
in D:\zyweb\pcb_wl\applications\admin\components\Controller.php (35)
in D:\zyweb\pcb_wl\website\admin\index.php (32)
2017/10/13 16:54:49 [error] [php] Undefined variable: model (D:\zyweb\pcb_wl\applications\admin\views\index\shortCutEdit.php:21)
Stack trace:
#0 D:\zyweb\Yii1\web\CController.php(869): IndexController->renderFile()
#1 D:\zyweb\Yii1\web\CController.php(782): IndexController->renderPartial()
#2 D:\zyweb\pcb_wl\applications\admin\components\Controller.php(35): IndexController->render()
#3 D:\zyweb\Yii1\web\CWebApplication.php(282): IndexController->run()
#4 D:\zyweb\Yii1\web\CWebApplication.php(141): CWebApplication->runController()
#5 D:\zyweb\Yii1\base\CApplication.php(180): CWebApplication->processRequest()
#6 D:\zyweb\pcb_wl\website\admin\index.php(32): CWebApplication->run()
REQUEST_URI=/index/ShortCutEdit/id/1
in D:\zyweb\pcb_wl\applications\admin\views\index\shortCutEdit.php (21)
in D:\zyweb\pcb_wl\applications\admin\components\Controller.php (35)
in D:\zyweb\pcb_wl\website\admin\index.php (32)
2017/10/13 16:54:49 [error] [php] Undefined variable: model (D:\zyweb\pcb_wl\applications\admin\views\index\shortCutEdit.php:21)
Stack trace:
#0 D:\zyweb\Yii1\web\CController.php(869): IndexController->renderFile()
#1 D:\zyweb\Yii1\web\CController.php(782): IndexController->renderPartial()
#2 D:\zyweb\pcb_wl\applications\admin\components\Controller.php(35): IndexController->render()
#3 D:\zyweb\Yii1\web\CWebApplication.php(282): IndexController->run()
#4 D:\zyweb\Yii1\web\CWebApplication.php(141): CWebApplication->runController()
#5 D:\zyweb\Yii1\base\CApplication.php(180): CWebApplication->processRequest()
#6 D:\zyweb\pcb_wl\website\admin\index.php(32): CWebApplication->run()
REQUEST_URI=/index/ShortCutEdit/id/1
in D:\zyweb\pcb_wl\applications\admin\views\index\shortCutEdit.php (21)
in D:\zyweb\pcb_wl\applications\admin\components\Controller.php (35)
in D:\zyweb\pcb_wl\website\admin\index.php (32)
2017/10/13 16:54:49 [error] [php] Undefined variable: model (D:\zyweb\pcb_wl\applications\admin\views\index\shortCutEdit.php:21)
Stack trace:
#0 D:\zyweb\Yii1\web\CController.php(869): IndexController->renderFile()
#1 D:\zyweb\Yii1\web\CController.php(782): IndexController->renderPartial()
#2 D:\zyweb\pcb_wl\applications\admin\components\Controller.php(35): IndexController->render()
#3 D:\zyweb\Yii1\web\CWebApplication.php(282): IndexController->run()
#4 D:\zyweb\Yii1\web\CWebApplication.php(141): CWebApplication->runController()
#5 D:\zyweb\Yii1\base\CApplication.php(180): CWebApplication->processRequest()
#6 D:\zyweb\pcb_wl\website\admin\index.php(32): CWebApplication->run()
REQUEST_URI=/index/ShortCutEdit/id/1
in D:\zyweb\pcb_wl\applications\admin\views\index\shortCutEdit.php (21)
in D:\zyweb\pcb_wl\applications\admin\components\Controller.php (35)
in D:\zyweb\pcb_wl\website\admin\index.php (32)
2017/10/13 16:55:17 [error] [exception.CHttpException.404] exception 'CHttpException' with message 'Unable to resolve the request "favicon.ico".' in D:\zyweb\Yii1\web\CWebApplication.php:286
Stack trace:
#0 D:\zyweb\Yii1\web\CWebApplication.php(141): CWebApplication->runController('favicon.ico')
#1 D:\zyweb\Yii1\base\CApplication.php(180): CWebApplication->processRequest()
#2 D:\zyweb\pcb_wl\website\admin\index.php(32): CApplication->run()
#3 {main}
REQUEST_URI=/favicon.ico
HTTP_REFERER=http://admin.logistics.com/
---
2017/10/13 16:55:22 [error] [php] Undefined variable: vo (D:\zyweb\pcb_wl\applications\admin\views\userDemand\index.php:17)
Stack trace:
#0 D:\zyweb\Yii1\web\CController.php(869): UserDemandController->renderFile()
#1 D:\zyweb\Yii1\web\CController.php(782): UserDemandController->renderPartial()
#2 D:\zyweb\pcb_wl\applications\admin\controllers\UserDemandController.php(22): UserDemandController->render()
#3 D:\zyweb\Yii1\web\actions\CInlineAction.php(49): UserDemandController->actionList()
#4 D:\zyweb\Yii1\web\CController.php(308): CInlineAction->runWithParams()
#5 D:\zyweb\Yii1\web\CController.php(286): UserDemandController->runAction()
#6 D:\zyweb\Yii1\web\CController.php(265): UserDemandController->runActionWithFilters()
#7 D:\zyweb\pcb_wl\applications\admin\components\Controller.php(43): UserDemandController->run()
#8 D:\zyweb\Yii1\web\CWebApplication.php(282): UserDemandController->run()
#9 D:\zyweb\Yii1\web\CWebApplication.php(141): CWebApplication->runController()
#10 D:\zyweb\Yii1\base\CApplication.php(180): CWebApplication->processRequest()
#11 D:\zyweb\pcb_wl\website\admin\index.php(32): CWebApplication->run()
REQUEST_URI=/UserDemand/List
in D:\zyweb\pcb_wl\applications\admin\views\userDemand\index.php (17)
in D:\zyweb\pcb_wl\applications\admin\controllers\UserDemandController.php (22)
in D:\zyweb\pcb_wl\applications\admin\components\Controller.php (43)
2017/10/13 16:55:28 [error] [php] Undefined variable: model (D:\zyweb\pcb_wl\applications\admin\views\index\shortCutEdit.php:21)
Stack trace:
#0 D:\zyweb\Yii1\web\CController.php(869): IndexController->renderFile()
#1 D:\zyweb\Yii1\web\CController.php(782): IndexController->renderPartial()
#2 D:\zyweb\pcb_wl\applications\admin\components\Controller.php(35): IndexController->render()
#3 D:\zyweb\Yii1\web\CWebApplication.php(282): IndexController->run()
#4 D:\zyweb\Yii1\web\CWebApplication.php(141): CWebApplication->runController()
#5 D:\zyweb\Yii1\base\CApplication.php(180): CWebApplication->processRequest()
#6 D:\zyweb\pcb_wl\website\admin\index.php(32): CWebApplication->run()
REQUEST_URI=/index/ShortCutEdit/id/1
in D:\zyweb\pcb_wl\applications\admin\views\index\shortCutEdit.php (21)
in D:\zyweb\pcb_wl\applications\admin\components\Controller.php (35)
in D:\zyweb\pcb_wl\website\admin\index.php (32)
2017/10/13 16:55:38 [error] [exception.CHttpException.404] exception 'CHttpException' with message '系统无法找到请求的 "ShortCutEdit" 动作.' in D:\zyweb\Yii1\web\CController.php:483
Stack trace:
#0 D:\zyweb\Yii1\web\CController.php(270): CController->missingAction('ShortCutEdit')
#1 D:\zyweb\pcb_wl\applications\admin\components\Controller.php(43): CController->run('ShortCutEdit')
#2 D:\zyweb\Yii1\web\CWebApplication.php(282): Controller->run('ShortCutEdit')
#3 D:\zyweb\Yii1\web\CWebApplication.php(141): CWebApplication->runController('index/ShortCutE...')
#4 D:\zyweb\Yii1\base\CApplication.php(180): CWebApplication->processRequest()
#5 D:\zyweb\pcb_wl\website\admin\index.php(32): CApplication->run()
#6 {main}
REQUEST_URI=/index/ShortCutEdit/id/1
---
2017/10/13 16:55:51 [error] [exception.CHttpException.404] exception 'CHttpException' with message '系统无法找到请求的 "ShortCutEdit" 动作.' in D:\zyweb\Yii1\web\CController.php:483
Stack trace:
#0 D:\zyweb\Yii1\web\CController.php(270): CController->missingAction('ShortCutEdit')
#1 D:\zyweb\pcb_wl\applications\admin\components\Controller.php(43): CController->run('ShortCutEdit')
#2 D:\zyweb\Yii1\web\CWebApplication.php(282): Controller->run('ShortCutEdit')
#3 D:\zyweb\Yii1\web\CWebApplication.php(141): CWebApplication->runController('index/ShortCutE...')
#4 D:\zyweb\Yii1\base\CApplication.php(180): CWebApplication->processRequest()
#5 D:\zyweb\pcb_wl\website\admin\index.php(32): CApplication->run()
#6 {main}
REQUEST_URI=/index/ShortCutEdit/id/1
---
2017/10/13 16:56:11 [error] [php] include(ShorCut.php): failed to open stream: No such file or directory (D:\zyweb\Yii1\YiiBase.php:427)
Stack trace:
#0 D:\zyweb\pcb_wl\applications\admin\controllers\IndexController.php(85): spl_autoload_call()
#1 D:\zyweb\Yii1\web\actions\CInlineAction.php(49): IndexController->actionShortCutEdit()
#2 D:\zyweb\Yii1\web\CController.php(308): CInlineAction->runWithParams()
#3 D:\zyweb\Yii1\web\CController.php(286): IndexController->runAction()
#4 D:\zyweb\Yii1\web\CController.php(265): IndexController->runActionWithFilters()
#5 D:\zyweb\pcb_wl\applications\admin\components\Controller.php(43): IndexController->run()
#6 D:\zyweb\Yii1\web\CWebApplication.php(282): IndexController->run()
#7 D:\zyweb\Yii1\web\CWebApplication.php(141): CWebApplication->runController()
#8 D:\zyweb\Yii1\base\CApplication.php(180): CWebApplication->processRequest()
#9 D:\zyweb\pcb_wl\website\admin\index.php(32): CWebApplication->run()
REQUEST_URI=/index/ShortCutEdit/id/1
in D:\zyweb\pcb_wl\applications\admin\controllers\IndexController.php (85)
in D:\zyweb\pcb_wl\applications\admin\components\Controller.php (43)
in D:\zyweb\pcb_wl\website\admin\index.php (32)
