2017/10/13 09:38:51 [profile] [sql] SELECT * FROM `Admin` `t` WHERE username="admin"
2017/10/13 09:38:51 [profile] [sql] SELECT SQL_CALC_FOUND_ROWS * FROM `UserDemand` `t` LIMIT 15
2017/10/13 09:38:51 [profile] [sql] SELECT FOUND_ROWS()
2017/10/13 09:56:27 [profile] [sql] SELECT * FROM `Admin` `t` WHERE username="admin"
2017/10/13 09:56:27 [profile] [sql] SELECT SQL_CALC_FOUND_ROWS * FROM `UserDemand` `t` LIMIT 15
2017/10/13 09:56:27 [profile] [sql] SELECT FOUND_ROWS()
2017/10/13 10:03:12 [profile] [sql] SELECT SQL_CALC_FOUND_ROWS * FROM `Carouselfigure` `t` LIMIT 15
2017/10/13 10:03:12 [profile] [sql] SELECT FOUND_ROWS()
2017/10/13 10:03:19 [profile] [sql] SELECT SQL_CALC_FOUND_ROWS * FROM `Carouselfigure` `t` LIMIT 15
2017/10/13 10:03:19 [profile] [sql] SELECT FOUND_ROWS()
2017/10/13 10:04:00 [profile] [sql] SELECT SQL_CALC_FOUND_ROWS * FROM `Carouselfigure` `t` LIMIT 15
2017/10/13 10:04:00 [profile] [sql] SELECT FOUND_ROWS()
2017/10/13 10:04:28 [profile] [sql] SELECT SQL_CALC_FOUND_ROWS * FROM `Carouselfigure` `t` LIMIT 15
2017/10/13 10:04:28 [profile] [sql] SELECT FOUND_ROWS()
2017/10/13 10:09:02 [profile] [sql] SELECT SQL_CALC_FOUND_ROWS * FROM `Carouselfigure` `t` LIMIT 15
2017/10/13 10:09:02 [profile] [sql] SELECT FOUND_ROWS()
2017/10/13 10:10:24 [profile] [sql] SELECT SQL_CALC_FOUND_ROWS * FROM `Carouselfigure` `t` LIMIT 15
2017/10/13 10:10:24 [profile] [sql] SELECT FOUND_ROWS()
2017/10/13 13:39:21 [profile] [sql] SELECT * FROM `Admin` `t` WHERE username="admin"
2017/10/13 13:39:21 [profile] [sql] SELECT SQL_CALC_FOUND_ROWS * FROM `UserDemand` `t` LIMIT 15
2017/10/13 13:39:21 [profile] [sql] SELECT FOUND_ROWS()
2017/10/13 13:39:27 [profile] [sql] SELECT SQL_CALC_FOUND_ROWS * FROM `Carouselfigure` `t` LIMIT 15
2017/10/13 13:39:27 [profile] [sql] SELECT FOUND_ROWS()
2017/10/13 13:44:46 [profile] [sql] SELECT SQL_CALC_FOUND_ROWS * FROM `UserDemand` `t` LIMIT 15
2017/10/13 13:44:46 [profile] [sql] SELECT FOUND_ROWS()
2017/10/13 13:45:22 [profile] [sql] SELECT * FROM `UserDemand` WHERE `id` = "8"
2017/10/13 13:45:22 [profile] [sql] SELECT * FROM `Areas` WHERE `areaName` = '广东省' and deep = 1
2017/10/13 13:45:22 [profile] [sql] SELECT * FROM `Areas` WHERE `areaName` = '深圳市' and deep = 2
2017/10/13 13:45:22 [profile] [sql] SELECT * FROM `Areas` WHERE `areaName` = '南山区' and deep = 3
2017/10/13 13:45:22 [profile] [sql] SELECT * FROM `Areas` WHERE `aId` IN(19,291,1725)
2017/10/13 13:45:22 [profile] [sql] SELECT * FROM `Areas` WHERE `areaName` = '安徽省' and deep = 1
2017/10/13 13:45:22 [profile] [sql] SELECT * FROM `Areas` WHERE `areaName` = '合肥市' and deep = 2
2017/10/13 13:45:22 [profile] [sql] SELECT * FROM `Areas` WHERE `areaName` = '包河区' and deep = 3
2017/10/13 13:45:22 [profile] [sql] SELECT * FROM `Areas` WHERE `aId` IN(12,186,2224)
2017/10/13 13:45:22 [profile] [sql] SELECT * FROM `DemandImg` `t` WHERE dId="8" ORDER BY id asc
2017/10/13 13:46:04 [profile] [sql] SELECT * FROM `UserDemand` WHERE `id` = "8"
2017/10/13 13:46:04 [profile] [sql] SELECT * FROM `Areas` WHERE `areaName` = '广东省' and deep = 1
2017/10/13 13:46:04 [profile] [sql] SELECT * FROM `Areas` WHERE `areaName` = '深圳市' and deep = 2
2017/10/13 13:46:04 [profile] [sql] SELECT * FROM `Areas` WHERE `areaName` = '南山区' and deep = 3
2017/10/13 13:46:04 [profile] [sql] SELECT * FROM `Areas` WHERE `aId` IN(19,291,1725)
2017/10/13 13:46:04 [profile] [sql] SELECT * FROM `Areas` WHERE `areaName` = '安徽省' and deep = 1
2017/10/13 13:46:04 [profile] [sql] SELECT * FROM `Areas` WHERE `areaName` = '合肥市' and deep = 2
2017/10/13 13:46:04 [profile] [sql] SELECT * FROM `Areas` WHERE `areaName` = '包河区' and deep = 3
2017/10/13 13:46:04 [profile] [sql] SELECT * FROM `Areas` WHERE `aId` IN(12,186,2224)
2017/10/13 13:46:04 [profile] [sql] SELECT * FROM `DemandImg` `t` WHERE dId="8" ORDER BY id asc
2017/10/13 13:46:04 [profile] [sql] SELECT * FROM `Areas` `t` WHERE (((pId="0") AND (deep="1")) AND (regionalId!="0")) AND (aState="1") ORDER BY areaInitial asc
2017/10/13 13:46:04 [profile] [sql] SELECT id,name FROM `ItemType` `t` WHERE state="1"
2017/10/13 13:46:04 [profile] [sql] SELECT id,type FROM `VehicleType` `t` WHERE state="1"
2017/10/13 13:46:04 [profile] [sql] SELECT id,length FROM `VehicleLength` `t` WHERE state="1"
2017/10/13 13:46:05 [profile] [sql] SELECT SQL_CALC_FOUND_ROWS * FROM `UserDemand` `t` LIMIT 15
2017/10/13 13:46:05 [profile] [sql] SELECT FOUND_ROWS()
2017/10/13 14:11:36 [profile] [sql] SELECT * FROM `Admin` `t` WHERE username="admin"
2017/10/13 14:11:36 [profile] [sql] SELECT SQL_CALC_FOUND_ROWS * FROM `UserDemand` `t` LIMIT 15
2017/10/13 14:11:36 [profile] [sql] SELECT FOUND_ROWS()
2017/10/13 14:11:41 [profile] [sql] SELECT * FROM `Carouselfigure` WHERE `id` = ""
2017/10/13 14:12:12 [profile] [sql] SELECT * FROM `Carouselfigure` WHERE `id` = ""
2017/10/13 14:12:12 [profile] [sql] SELECT id,type FROM `VehicleType` `t` WHERE state="1"
2017/10/13 14:19:47 [profile] [sql] SELECT * FROM `Carouselfigure` WHERE `id` = ""
2017/10/13 14:19:47 [profile] [sql] SELECT id,type FROM `VehicleType` `t` WHERE state="1"
2017/10/13 14:19:58 [profile] [sql] SELECT * FROM `Carouselfigure` WHERE `id` = ""
2017/10/13 14:19:58 [profile] [sql] SELECT id,type FROM `VehicleType` `t` WHERE state="1"
2017/10/13 14:19:59 [profile] [sql] SELECT * FROM `Carouselfigure` WHERE `id` = ""
2017/10/13 14:19:59 [profile] [sql] SELECT id,type FROM `VehicleType` `t` WHERE state="1"
2017/10/13 14:20:55 [profile] [sql] SELECT SQL_CALC_FOUND_ROWS * FROM `UserDemand` `t` LIMIT 15
2017/10/13 14:20:55 [profile] [sql] SELECT FOUND_ROWS()
2017/10/13 14:20:56 [profile] [sql] SELECT * FROM `UserDemand` WHERE `id` = "8"
2017/10/13 14:20:56 [profile] [sql] SELECT * FROM `Areas` WHERE `areaName` = '广东省' and deep = 1
2017/10/13 14:20:56 [profile] [sql] SELECT * FROM `Areas` WHERE `areaName` = '深圳市' and deep = 2
2017/10/13 14:20:56 [profile] [sql] SELECT * FROM `Areas` WHERE `areaName` = '南山区' and deep = 3
2017/10/13 14:20:56 [profile] [sql] SELECT * FROM `Areas` WHERE `aId` IN(19,291,1725)
2017/10/13 14:20:56 [profile] [sql] SELECT * FROM `Areas` WHERE `areaName` = '安徽省' and deep = 1
2017/10/13 14:20:56 [profile] [sql] SELECT * FROM `Areas` WHERE `areaName` = '合肥市' and deep = 2
2017/10/13 14:20:56 [profile] [sql] SELECT * FROM `Areas` WHERE `areaName` = '包河区' and deep = 3
2017/10/13 14:20:56 [profile] [sql] SELECT * FROM `Areas` WHERE `aId` IN(12,186,2224)
2017/10/13 14:20:56 [profile] [sql] SELECT * FROM `DemandImg` `t` WHERE dId="8" ORDER BY id asc
2017/10/13 14:20:56 [profile] [sql] SELECT id,name FROM `ItemType` `t` WHERE state="1"
2017/10/13 14:20:56 [profile] [sql] SELECT id,type FROM `VehicleType` `t` WHERE state="1"
2017/10/13 14:20:56 [profile] [sql] SELECT id,length FROM `VehicleLength` `t` WHERE state="1"
2017/10/13 14:21:08 [profile] [sql] SELECT SQL_CALC_FOUND_ROWS * FROM `UserDemand` `t` LIMIT 15
2017/10/13 14:21:08 [profile] [sql] SELECT FOUND_ROWS()
2017/10/13 14:21:10 [profile] [sql] SELECT * FROM `UserDemand` WHERE `id` = "8"
2017/10/13 14:21:10 [profile] [sql] SELECT * FROM `Areas` WHERE `areaName` = '广东省' and deep = 1
2017/10/13 14:21:10 [profile] [sql] SELECT * FROM `Areas` WHERE `areaName` = '深圳市' and deep = 2
2017/10/13 14:21:10 [profile] [sql] SELECT * FROM `Areas` WHERE `areaName` = '南山区' and deep = 3
2017/10/13 14:21:10 [profile] [sql] SELECT * FROM `Areas` WHERE `aId` IN(19,291,1725)
2017/10/13 14:21:10 [profile] [sql] SELECT * FROM `Areas` WHERE `areaName` = '安徽省' and deep = 1
2017/10/13 14:21:10 [profile] [sql] SELECT * FROM `Areas` WHERE `areaName` = '合肥市' and deep = 2
2017/10/13 14:21:10 [profile] [sql] SELECT * FROM `Areas` WHERE `areaName` = '包河区' and deep = 3
2017/10/13 14:21:10 [profile] [sql] SELECT * FROM `Areas` WHERE `aId` IN(12,186,2224)
2017/10/13 14:21:10 [profile] [sql] SELECT * FROM `DemandImg` `t` WHERE dId="8" ORDER BY id asc
2017/10/13 14:21:10 [profile] [sql] SELECT id,name FROM `ItemType` `t` WHERE state="1"
2017/10/13 14:21:10 [profile] [sql] SELECT id,type FROM `VehicleType` `t` WHERE state="1"
2017/10/13 14:21:10 [profile] [sql] SELECT id,length FROM `VehicleLength` `t` WHERE state="1"
2017/10/13 14:21:21 [profile] [sql] SELECT SQL_CALC_FOUND_ROWS * FROM `UserDemand` `t` LIMIT 15
2017/10/13 14:21:21 [profile] [sql] SELECT FOUND_ROWS()
2017/10/13 14:21:21 [profile] [sql] SELECT * FROM `Carouselfigure` WHERE `id` = ""
2017/10/13 14:21:21 [profile] [sql] SELECT id,type FROM `VehicleType` `t` WHERE state="1"
2017/10/13 14:24:04 [profile] [sql] SELECT * FROM `Carouselfigure` WHERE `id` = ""
2017/10/13 14:24:04 [profile] [sql] SELECT id,type FROM `VehicleType` `t` WHERE state="1"
2017/10/13 14:24:31 [profile] [sql] SELECT * FROM `Carouselfigure` WHERE `id` = ""
2017/10/13 14:24:31 [profile] [sql] SELECT id,type FROM `VehicleType` `t` WHERE state="1"
2017/10/13 14:45:23 [profile] [sql] SELECT * FROM `Carouselfigure` WHERE `id` = ""
2017/10/13 14:45:44 [profile] [sql] SELECT SQL_CALC_FOUND_ROWS * FROM `UserDemand` `t` LIMIT 15
2017/10/13 14:45:44 [profile] [sql] SELECT FOUND_ROWS()
2017/10/13 14:51:14 [profile] [sql] SELECT SQL_CALC_FOUND_ROWS * FROM `UserDemand` `t` LIMIT 15
2017/10/13 14:51:14 [profile] [sql] SELECT FOUND_ROWS()
2017/10/13 14:51:20 [profile] [sql] SELECT * FROM `Carouselfigure` WHERE `id` = ""
2017/10/13 14:55:58 [profile] [sql] SELECT * FROM `Carouselfigure` WHERE `id` = ""
2017/10/13 15:36:11 [profile] [sql] SELECT * FROM `Carouselfigure` WHERE `id` = ""
2017/10/13 15:37:58 [profile] [sql] SELECT * FROM `Carouselfigure` WHERE `id` = ""
2017/10/13 15:37:58 [profile] [sql] INSERT INTO `Carouselfigure` (`img`, `linkUrl`, `sort`, `state`, `validity`, `createTime`, `updateTime`, `adminId`) VALUES (:img, :linkUrl, :sort, :state, :validity, :createTime, :updateTime, :adminId)
array
(
    'img' => '/upload/g/20171013/9e0e89c02966e39e.png'
    'linkUrl' => 'www.baidu.com'
    'sort' => '1'
    'state' => '1'
    'validity' => '2017-10-13 16:30'
    'createTime' => null
    'updateTime' => '2017-10-13 15:37:58'
    'adminId' => null
)
2017/10/13 15:37:59 [profile] [sql] SELECT SQL_CALC_FOUND_ROWS * FROM `VehicleType` `t` LIMIT 15
2017/10/13 15:37:59 [profile] [sql] SELECT FOUND_ROWS()
2017/10/13 15:37:59 [profile] [sql] SELECT * FROM `Admin` `t` WHERE adminId="1"
2017/10/13 15:37:59 [profile] [sql] SELECT * FROM `Admin` `t` WHERE adminId="2"
2017/10/13 15:41:50 [profile] [sql] SELECT * FROM `Carouselfigure` WHERE `id` = ""
2017/10/13 15:41:50 [profile] [sql] SELECT SQL_CALC_FOUND_ROWS * FROM `UserDemand` `t` LIMIT 15
2017/10/13 15:41:50 [profile] [sql] SELECT FOUND_ROWS()
2017/10/13 15:41:52 [profile] [sql] SELECT SQL_CALC_FOUND_ROWS * FROM `Carouselfigure` `t` LIMIT 15
2017/10/13 15:41:52 [profile] [sql] SELECT FOUND_ROWS()
2017/10/13 15:41:53 [profile] [sql] SELECT * FROM `VehicleType` WHERE `id` = ""
2017/10/13 15:41:55 [profile] [sql] SELECT SQL_CALC_FOUND_ROWS * FROM `Carouselfigure` `t` LIMIT 15
2017/10/13 15:41:55 [profile] [sql] SELECT FOUND_ROWS()
2017/10/13 15:41:59 [profile] [sql] SELECT SQL_CALC_FOUND_ROWS * FROM `Carouselfigure` `t` LIMIT 15
2017/10/13 15:41:59 [profile] [sql] SELECT FOUND_ROWS()
2017/10/13 15:42:08 [profile] [sql] SELECT * FROM `Carouselfigure` WHERE `id` = ""
2017/10/13 15:42:19 [profile] [sql] SELECT * FROM `Carouselfigure` WHERE `id` = ""
2017/10/13 15:42:19 [profile] [sql] INSERT INTO `Carouselfigure` (`img`, `linkUrl`, `sort`, `state`, `validity`, `createTime`, `updateTime`, `adminId`) VALUES (:img, :linkUrl, :sort, :state, :validity, :createTime, :updateTime, :adminId)
array
(
    'img' => '/upload/g/20171013/a7a4a6214d8a1c8e.png'
    'linkUrl' => 'www.baidu.com'
    'sort' => '1'
    'state' => '1'
    'validity' => '2017-10-18 15:42'
    'createTime' => null
    'updateTime' => '2017-10-13 15:42:19'
    'adminId' => null
)
2017/10/13 15:42:19 [profile] [sql] SELECT SQL_CALC_FOUND_ROWS * FROM `VehicleType` `t` LIMIT 15
2017/10/13 15:42:19 [profile] [sql] SELECT FOUND_ROWS()
2017/10/13 15:42:19 [profile] [sql] SELECT * FROM `Admin` `t` WHERE adminId="1"
2017/10/13 15:42:19 [profile] [sql] SELECT * FROM `Admin` `t` WHERE adminId="2"
2017/10/13 15:47:09 [profile] [sql] SELECT * FROM `Carouselfigure` WHERE `id` = ""
2017/10/13 15:47:12 [profile] [sql] SELECT * FROM `Carouselfigure` WHERE `id` = ""
2017/10/13 15:47:22 [profile] [sql] SELECT * FROM `Carouselfigure` WHERE `id` = ""
2017/10/13 15:47:24 [profile] [sql] SELECT * FROM `Carouselfigure` WHERE `id` = ""
2017/10/13 15:47:24 [profile] [sql] SELECT * FROM `Carouselfigure` WHERE `id` = ""
2017/10/13 15:47:24 [profile] [sql] SELECT * FROM `Carouselfigure` WHERE `id` = ""
2017/10/13 15:47:30 [profile] [sql] SELECT * FROM `Carouselfigure` WHERE `id` = ""
2017/10/13 15:47:48 [profile] [sql] SELECT * FROM `Carouselfigure` WHERE `id` = ""
2017/10/13 15:47:48 [profile] [sql] INSERT INTO `Carouselfigure` (`img`, `linkUrl`, `sort`, `state`, `validity`, `createTime`, `updateTime`, `adminId`) VALUES (:img, :linkUrl, :sort, :state, :validity, :createTime, :updateTime, :adminId)
array
(
    'img' => '/upload/g/20171013/ea738a464f81a9aa.png'
    'linkUrl' => 'www.baidu.com'
    'sort' => '2'
    'state' => '1'
    'validity' => '2017-10-20 15:47'
    'createTime' => '2017-10-13 15:47:48'
    'updateTime' => '2017-10-13 15:47:48'
    'adminId' => null
)
2017/10/13 15:47:48 [profile] [sql] SELECT SQL_CALC_FOUND_ROWS * FROM `VehicleType` `t` LIMIT 15
2017/10/13 15:47:48 [profile] [sql] SELECT FOUND_ROWS()
2017/10/13 15:47:48 [profile] [sql] SELECT * FROM `Admin` `t` WHERE adminId="1"
2017/10/13 15:47:48 [profile] [sql] SELECT * FROM `Admin` `t` WHERE adminId="2"
2017/10/13 16:17:10 [profile] [sql] SELECT * FROM `Carouselfigure` WHERE `id` = ""
2017/10/13 16:17:27 [profile] [sql] SELECT * FROM `Carouselfigure` WHERE `id` = ""
2017/10/13 16:18:54 [profile] [sql] SELECT * FROM `Carouselfigure` WHERE `id` = ""
2017/10/13 16:19:15 [profile] [sql] SELECT * FROM `Carouselfigure` WHERE `id` = ""
2017/10/13 16:19:31 [profile] [sql] SELECT * FROM `Carouselfigure` WHERE `id` = ""
2017/10/13 16:19:32 [profile] [sql] SELECT SQL_CALC_FOUND_ROWS * FROM `VehicleType` `t` LIMIT 15
2017/10/13 16:19:32 [profile] [sql] SELECT FOUND_ROWS()
2017/10/13 16:19:32 [profile] [sql] SELECT * FROM `Admin` `t` WHERE adminId="1"
2017/10/13 16:19:32 [profile] [sql] SELECT * FROM `Admin` `t` WHERE adminId="2"
2017/10/13 16:20:00 [profile] [sql] SELECT SQL_CALC_FOUND_ROWS * FROM `VehicleType` `t` LIMIT 15
2017/10/13 16:20:00 [profile] [sql] SELECT FOUND_ROWS()
2017/10/13 16:20:00 [profile] [sql] SELECT * FROM `Admin` `t` WHERE adminId="1"
2017/10/13 16:20:00 [profile] [sql] SELECT * FROM `Admin` `t` WHERE adminId="2"
2017/10/13 16:20:15 [profile] [sql] SELECT SQL_CALC_FOUND_ROWS * FROM `Carouselfigure` `t` LIMIT 15
2017/10/13 16:20:15 [profile] [sql] SELECT FOUND_ROWS()
2017/10/13 16:21:08 [profile] [sql] SELECT SQL_CALC_FOUND_ROWS * FROM `Carouselfigure` `t` LIMIT 15
2017/10/13 16:21:08 [profile] [sql] SELECT FOUND_ROWS()
2017/10/13 16:21:09 [profile] [sql] SELECT * FROM `Carouselfigure` WHERE `id` = ""
2017/10/13 16:21:12 [profile] [sql] SELECT SQL_CALC_FOUND_ROWS * FROM `Carouselfigure` `t` LIMIT 15
2017/10/13 16:21:12 [profile] [sql] SELECT FOUND_ROWS()
2017/10/13 16:23:24 [profile] [sql] SELECT SQL_CALC_FOUND_ROWS * FROM `Carouselfigure` `t` LIMIT 15
2017/10/13 16:23:24 [profile] [sql] SELECT FOUND_ROWS()
2017/10/13 16:24:03 [profile] [sql] SELECT SQL_CALC_FOUND_ROWS * FROM `Carouselfigure` `t` LIMIT 15
2017/10/13 16:24:03 [profile] [sql] SELECT FOUND_ROWS()
2017/10/13 16:24:04 [profile] [sql] DELETE FROM `Carouselfigure` WHERE id IN(5)
2017/10/13 16:24:04 [profile] [sql] SELECT SQL_CALC_FOUND_ROWS * FROM `Carouselfigure` `t` LIMIT 15
2017/10/13 16:24:04 [profile] [sql] SELECT FOUND_ROWS()
2017/10/13 16:24:08 [profile] [sql] DELETE FROM `Carouselfigure` WHERE id IN(4)
2017/10/13 16:24:08 [profile] [sql] SELECT SQL_CALC_FOUND_ROWS * FROM `Carouselfigure` `t` LIMIT 15
2017/10/13 16:24:08 [profile] [sql] SELECT FOUND_ROWS()
2017/10/13 16:24:14 [profile] [sql] SELECT * FROM `Carouselfigure` WHERE `id` = "6"
2017/10/13 16:24:18 [profile] [sql] SELECT SQL_CALC_FOUND_ROWS * FROM `Carouselfigure` `t` LIMIT 15
2017/10/13 16:24:18 [profile] [sql] SELECT FOUND_ROWS()
2017/10/13 16:39:56 [profile] [sql] SELECT * FROM `Admin` `t` WHERE username="admin"
2017/10/13 16:39:56 [profile] [sql] SELECT SQL_CALC_FOUND_ROWS * FROM `UserDemand` `t` LIMIT 15
2017/10/13 16:39:56 [profile] [sql] SELECT FOUND_ROWS()
2017/10/13 16:40:23 [profile] [sql] SELECT SQL_CALC_FOUND_ROWS * FROM `ShortCut` `t` LIMIT 15
2017/10/13 16:40:23 [profile] [sql] SELECT FOUND_ROWS()
2017/10/13 16:40:35 [profile] [sql] SELECT SQL_CALC_FOUND_ROWS * FROM `ShortCut` `t` LIMIT 15
2017/10/13 16:40:35 [profile] [sql] SELECT FOUND_ROWS()
2017/10/13 16:40:57 [profile] [sql] SELECT SQL_CALC_FOUND_ROWS * FROM `ShortCut` `t` LIMIT 15
2017/10/13 16:40:57 [profile] [sql] SELECT FOUND_ROWS()
2017/10/13 16:47:52 [profile] [sql] SELECT * FROM `Carouselfigure` WHERE `id` = "1"
2017/10/13 16:47:57 [profile] [sql] SELECT SQL_CALC_FOUND_ROWS * FROM `ShortCut` `t` LIMIT 15
2017/10/13 16:47:57 [profile] [sql] SELECT FOUND_ROWS()
2017/10/13 16:47:58 [profile] [sql] SELECT SQL_CALC_FOUND_ROWS * FROM `ShortCut` `t` LIMIT 15
2017/10/13 16:47:58 [profile] [sql] SELECT FOUND_ROWS()
2017/10/13 16:48:34 [profile] [sql] SELECT SQL_CALC_FOUND_ROWS * FROM `ShortCut` `t` LIMIT 15
2017/10/13 16:48:34 [profile] [sql] SELECT FOUND_ROWS()
2017/10/13 16:49:34 [profile] [sql] SELECT SQL_CALC_FOUND_ROWS * FROM `ShortCut` `t` LIMIT 15
2017/10/13 16:49:34 [profile] [sql] SELECT FOUND_ROWS()
2017/10/13 16:50:54 [profile] [sql] SELECT SQL_CALC_FOUND_ROWS * FROM `ShortCut` `t` LIMIT 15
2017/10/13 16:50:54 [profile] [sql] SELECT FOUND_ROWS()
2017/10/13 16:52:39 [profile] [sql] SELECT SQL_CALC_FOUND_ROWS * FROM `ShortCut` `t` LIMIT 15
2017/10/13 16:52:39 [profile] [sql] SELECT FOUND_ROWS()
2017/10/13 16:52:43 [profile] [sql] SELECT SQL_CALC_FOUND_ROWS * FROM `ShortCut` `t` LIMIT 15
2017/10/13 16:52:43 [profile] [sql] SELECT FOUND_ROWS()
2017/10/13 16:52:50 [profile] [sql] SELECT SQL_CALC_FOUND_ROWS * FROM `ShortCut` `t` LIMIT 15
2017/10/13 16:52:50 [profile] [sql] SELECT FOUND_ROWS()
2017/10/13 16:53:12 [profile] [sql] SELECT SQL_CALC_FOUND_ROWS * FROM `ShortCut` `t` LIMIT 15
2017/10/13 16:53:12 [profile] [sql] SELECT FOUND_ROWS()
2017/10/13 16:53:12 [profile] [sql] SELECT SQL_CALC_FOUND_ROWS * FROM `ShortCut` `t` LIMIT 15
2017/10/13 16:53:12 [profile] [sql] SELECT FOUND_ROWS()
2017/10/13 16:53:12 [profile] [sql] SELECT SQL_CALC_FOUND_ROWS * FROM `ShortCut` `t` LIMIT 15
2017/10/13 16:53:12 [profile] [sql] SELECT FOUND_ROWS()
2017/10/13 16:53:13 [profile] [sql] SELECT SQL_CALC_FOUND_ROWS * FROM `ShortCut` `t` LIMIT 15
2017/10/13 16:53:13 [profile] [sql] SELECT FOUND_ROWS()
2017/10/13 16:53:23 [profile] [sql] SELECT SQL_CALC_FOUND_ROWS * FROM `ShortCut` `t` LIMIT 15
2017/10/13 16:53:23 [profile] [sql] SELECT FOUND_ROWS()
2017/10/13 16:55:22 [profile] [sql] SELECT * FROM `Admin` `t` WHERE username="admin"
2017/10/13 16:55:22 [profile] [sql] SELECT SQL_CALC_FOUND_ROWS * FROM `UserDemand` `t` LIMIT 15
2017/10/13 16:55:22 [profile] [sql] SELECT FOUND_ROWS()
2017/10/13 16:56:32 [profile] [sql] SELECT * FROM `ShortCut` WHERE `id` = "1"
2017/10/13 16:57:02 [profile] [sql] SELECT * FROM `ShortCut` WHERE `id` = "1"
2017/10/13 16:57:02 [profile] [sql] UPDATE `ShortCut` SET `img`=:img, `url`=:url, `sort`=:sort, `createTime`=:createTime, `updateTime`=:updateTime, `adminId`=:adminId WHERE `id` IN(1)
array
(
    'img' => '/upload/g/20170919/f7c2e1d6ee5819f8.png'
    'url' => 'wwww'
    'sort' => '1'
    'createTime' => '2017-10-13 16:40:51'
    'updateTime' => '2017-10-13 16:57:02'
    'adminId' => null
)
2017/10/13 16:57:02 [profile] [sql] SELECT SQL_CALC_FOUND_ROWS * FROM `ShortCut` `t` LIMIT 15
2017/10/13 16:57:02 [profile] [sql] SELECT FOUND_ROWS()
2017/10/13 16:57:38 [profile] [sql] SELECT * FROM `Carouselfigure` WHERE `id` = ""
2017/10/13 16:57:57 [profile] [sql] SELECT * FROM `Carouselfigure` WHERE `id` = ""
2017/10/13 16:57:57 [profile] [sql] SELECT SQL_CALC_FOUND_ROWS * FROM `ShortCut` `t` LIMIT 15
2017/10/13 16:57:57 [profile] [sql] SELECT FOUND_ROWS()
2017/10/13 16:57:58 [profile] [sql] SELECT SQL_CALC_FOUND_ROWS * FROM `ShortCut` `t` LIMIT 15
2017/10/13 16:57:58 [profile] [sql] SELECT FOUND_ROWS()
2017/10/13 16:57:58 [profile] [sql] SELECT * FROM `ShortCut` WHERE `id` = ""
2017/10/13 16:58:06 [profile] [sql] SELECT * FROM `ShortCut` WHERE `id` = ""
2017/10/13 16:58:06 [profile] [sql] INSERT INTO `ShortCut` (`img`, `url`, `sort`, `createTime`, `updateTime`, `adminId`) VALUES (:img, :url, :sort, :createTime, :updateTime, :adminId)
array
(
    'img' => '/upload/g/20171013/4e15bff6485562d1.png'
    'url' => 'www'
    'sort' => '2'
    'createTime' => '2017-10-13 16:58:06'
    'updateTime' => '2017-10-13 16:58:06'
    'adminId' => null
)
2017/10/13 16:58:06 [profile] [sql] SELECT SQL_CALC_FOUND_ROWS * FROM `ShortCut` `t` LIMIT 15
2017/10/13 16:58:06 [profile] [sql] SELECT FOUND_ROWS()
2017/10/13 17:00:06 [profile] [sql] SELECT SQL_CALC_FOUND_ROWS * FROM `ShortCut` `t` LIMIT 15
2017/10/13 17:00:06 [profile] [sql] SELECT FOUND_ROWS()
2017/10/13 17:00:06 [profile] [sql] SELECT SQL_CALC_FOUND_ROWS * FROM `ShortCut` `t` LIMIT 15
2017/10/13 17:00:06 [profile] [sql] SELECT FOUND_ROWS()
2017/10/13 17:00:06 [profile] [sql] SELECT SQL_CALC_FOUND_ROWS * FROM `ShortCut` `t` LIMIT 15
2017/10/13 17:00:06 [profile] [sql] SELECT FOUND_ROWS()
2017/10/13 17:00:23 [profile] [sql] SELECT SQL_CALC_FOUND_ROWS * FROM `ShortCut` `t` LIMIT 15
2017/10/13 17:00:23 [profile] [sql] SELECT FOUND_ROWS()
2017/10/13 17:00:27 [profile] [sql] SELECT SQL_CALC_FOUND_ROWS * FROM `Carouselfigure` `t` LIMIT 15
2017/10/13 17:00:27 [profile] [sql] SELECT FOUND_ROWS()
2017/10/13 17:00:30 [profile] [sql] SELECT SQL_CALC_FOUND_ROWS * FROM `ShortCut` `t` LIMIT 15
2017/10/13 17:00:30 [profile] [sql] SELECT FOUND_ROWS()
