2017/11/28 09:24:43 [error] [exception.CHttpException.404] exception 'CHttpException' with message 'Unable to resolve the request "favicon.ico".' in D:\zyweb\Yii1\web\CWebApplication.php:286
Stack trace:
#0 D:\zyweb\Yii1\web\CWebApplication.php(141): CWebApplication->runController('favicon.ico')
#1 D:\zyweb\Yii1\base\CApplication.php(180): CWebApplication->processRequest()
#2 D:\zyweb\pcb_logistics\website\home\index.php(38): CApplication->run()
#3 {main}
REQUEST_URI=/favicon.ico
HTTP_REFERER=http://www.wllogistics.com/index/index
---
2017/11/28 09:26:32 [error] [exception.CHttpException.404] exception 'CHttpException' with message 'Unable to resolve the request "1".' in D:\zyweb\Yii1\web\CWebApplication.php:286
Stack trace:
#0 D:\zyweb\Yii1\web\CWebApplication.php(141): CWebApplication->runController('1')
#1 D:\zyweb\Yii1\base\CApplication.php(180): CWebApplication->processRequest()
#2 D:\zyweb\pcb_logistics\website\home\index.php(38): CApplication->run()
#3 {main}
REQUEST_URI=/1
HTTP_REFERER=http://www.wllogistics.com/router/routerlist
---
2017/11/28 09:26:35 [error] [exception.CHttpException.404] exception 'CHttpException' with message 'Unable to resolve the request "1".' in D:\zyweb\Yii1\web\CWebApplication.php:286
Stack trace:
#0 D:\zyweb\Yii1\web\CWebApplication.php(141): CWebApplication->runController('1')
#1 D:\zyweb\Yii1\base\CApplication.php(180): CWebApplication->processRequest()
#2 D:\zyweb\pcb_logistics\website\home\index.php(38): CApplication->run()
#3 {main}
REQUEST_URI=/1
HTTP_REFERER=http://www.wllogistics.com/router/routerlist
---
2017/11/28 09:26:36 [error] [exception.CHttpException.404] exception 'CHttpException' with message 'Unable to resolve the request "1".' in D:\zyweb\Yii1\web\CWebApplication.php:286
Stack trace:
#0 D:\zyweb\Yii1\web\CWebApplication.php(141): CWebApplication->runController('1')
#1 D:\zyweb\Yii1\base\CApplication.php(180): CWebApplication->processRequest()
#2 D:\zyweb\pcb_logistics\website\home\index.php(38): CApplication->run()
#3 {main}
REQUEST_URI=/1
HTTP_REFERER=http://www.wllogistics.com/router/routerlist
---
2017/11/28 09:26:36 [error] [exception.CHttpException.404] exception 'CHttpException' with message 'Unable to resolve the request "1".' in D:\zyweb\Yii1\web\CWebApplication.php:286
Stack trace:
#0 D:\zyweb\Yii1\web\CWebApplication.php(141): CWebApplication->runController('1')
#1 D:\zyweb\Yii1\base\CApplication.php(180): CWebApplication->processRequest()
#2 D:\zyweb\pcb_logistics\website\home\index.php(38): CApplication->run()
#3 {main}
REQUEST_URI=/1
HTTP_REFERER=http://www.wllogistics.com/router/routerlist
---
2017/11/28 09:26:37 [error] [exception.CHttpException.404] exception 'CHttpException' with message 'Unable to resolve the request "1".' in D:\zyweb\Yii1\web\CWebApplication.php:286
Stack trace:
#0 D:\zyweb\Yii1\web\CWebApplication.php(141): CWebApplication->runController('1')
#1 D:\zyweb\Yii1\base\CApplication.php(180): CWebApplication->processRequest()
#2 D:\zyweb\pcb_logistics\website\home\index.php(38): CApplication->run()
#3 {main}
REQUEST_URI=/1
HTTP_REFERER=http://www.wllogistics.com/router/routerlist
---
2017/11/28 09:27:32 [error] [exception.CHttpException.404] exception 'CHttpException' with message 'Unable to resolve the request "1".' in D:\zyweb\Yii1\web\CWebApplication.php:286
Stack trace:
#0 D:\zyweb\Yii1\web\CWebApplication.php(141): CWebApplication->runController('1')
#1 D:\zyweb\Yii1\base\CApplication.php(180): CWebApplication->processRequest()
#2 D:\zyweb\pcb_logistics\website\home\index.php(38): CApplication->run()
#3 {main}
REQUEST_URI=/1
HTTP_REFERER=http://www.wllogistics.com/router/routerlist
---
2017/11/28 09:27:40 [error] [exception.CHttpException.404] exception 'CHttpException' with message 'Unable to resolve the request "1".' in D:\zyweb\Yii1\web\CWebApplication.php:286
Stack trace:
#0 D:\zyweb\Yii1\web\CWebApplication.php(141): CWebApplication->runController('1')
#1 D:\zyweb\Yii1\base\CApplication.php(180): CWebApplication->processRequest()
#2 D:\zyweb\pcb_logistics\website\home\index.php(38): CApplication->run()
#3 {main}
REQUEST_URI=/1
HTTP_REFERER=http://www.wllogistics.com/router/routerlist
---
2017/11/28 09:28:18 [error] [exception.CHttpException.404] exception 'CHttpException' with message 'Unable to resolve the request "1".' in D:\zyweb\Yii1\web\CWebApplication.php:286
Stack trace:
#0 D:\zyweb\Yii1\web\CWebApplication.php(141): CWebApplication->runController('1')
#1 D:\zyweb\Yii1\base\CApplication.php(180): CWebApplication->processRequest()
#2 D:\zyweb\pcb_logistics\website\home\index.php(38): CApplication->run()
#3 {main}
REQUEST_URI=/1
HTTP_REFERER=http://www.wllogistics.com/router/routerlist
---
2017/11/28 09:28:23 [error] [exception.CHttpException.404] exception 'CHttpException' with message 'Unable to resolve the request "1".' in D:\zyweb\Yii1\web\CWebApplication.php:286
Stack trace:
#0 D:\zyweb\Yii1\web\CWebApplication.php(141): CWebApplication->runController('1')
#1 D:\zyweb\Yii1\base\CApplication.php(180): CWebApplication->processRequest()
#2 D:\zyweb\pcb_logistics\website\home\index.php(38): CApplication->run()
#3 {main}
REQUEST_URI=/1
HTTP_REFERER=http://www.wllogistics.com/router/routerlist?RouterForm%5Bname%5D=
---
2017/11/28 09:28:24 [error] [exception.CHttpException.404] exception 'CHttpException' with message 'Unable to resolve the request "1".' in D:\zyweb\Yii1\web\CWebApplication.php:286
Stack trace:
#0 D:\zyweb\Yii1\web\CWebApplication.php(141): CWebApplication->runController('1')
#1 D:\zyweb\Yii1\base\CApplication.php(180): CWebApplication->processRequest()
#2 D:\zyweb\pcb_logistics\website\home\index.php(38): CApplication->run()
#3 {main}
REQUEST_URI=/1
HTTP_REFERER=http://www.wllogistics.com/router/routerlist?RouterForm%5Bname%5D=&RouterForm%5Bname%5D=
---
2017/11/28 09:28:28 [error] [exception.CHttpException.404] exception 'CHttpException' with message 'Unable to resolve the request "1".' in D:\zyweb\Yii1\web\CWebApplication.php:286
Stack trace:
#0 D:\zyweb\Yii1\web\CWebApplication.php(141): CWebApplication->runController('1')
#1 D:\zyweb\Yii1\base\CApplication.php(180): CWebApplication->processRequest()
#2 D:\zyweb\pcb_logistics\website\home\index.php(38): CApplication->run()
#3 {main}
REQUEST_URI=/1
HTTP_REFERER=http://www.wllogistics.com/address/list
---
2017/11/28 09:28:29 [error] [exception.CHttpException.404] exception 'CHttpException' with message 'Unable to resolve the request "1".' in D:\zyweb\Yii1\web\CWebApplication.php:286
Stack trace:
#0 D:\zyweb\Yii1\web\CWebApplication.php(141): CWebApplication->runController('1')
#1 D:\zyweb\Yii1\base\CApplication.php(180): CWebApplication->processRequest()
#2 D:\zyweb\pcb_logistics\website\home\index.php(38): CApplication->run()
#3 {main}
REQUEST_URI=/1
HTTP_REFERER=http://www.wllogistics.com/router/routerlist
---
2017/11/28 09:30:17 [error] [exception.CHttpException.404] exception 'CHttpException' with message 'Unable to resolve the request "1".' in D:\zyweb\Yii1\web\CWebApplication.php:286
Stack trace:
#0 D:\zyweb\Yii1\web\CWebApplication.php(141): CWebApplication->runController('1')
#1 D:\zyweb\Yii1\base\CApplication.php(180): CWebApplication->processRequest()
#2 D:\zyweb\pcb_logistics\website\home\index.php(38): CApplication->run()
#3 {main}
REQUEST_URI=/1
HTTP_REFERER=http://www.wllogistics.com/router/routerlist
---
2017/11/28 16:02:01 [error] [exception.CHttpException.404] exception 'CHttpException' with message 'Unable to resolve the request "favicon.ico".' in D:\zyweb\Yii1\web\CWebApplication.php:286
Stack trace:
#0 D:\zyweb\Yii1\web\CWebApplication.php(141): CWebApplication->runController('favicon.ico')
#1 D:\zyweb\Yii1\base\CApplication.php(180): CWebApplication->processRequest()
#2 D:\zyweb\pcb_logistics\website\home\index.php(38): CApplication->run()
#3 {main}
REQUEST_URI=/favicon.ico
HTTP_REFERER=http://www.wllogistics.com/manage/declare
---
2017/11/28 16:02:01 [error] [exception.CHttpException.404] exception 'CHttpException' with message 'Unable to resolve the request "favicon.ico".' in D:\zyweb\Yii1\web\CWebApplication.php:286
Stack trace:
#0 D:\zyweb\Yii1\web\CWebApplication.php(141): CWebApplication->runController('favicon.ico')
#1 D:\zyweb\Yii1\base\CApplication.php(180): CWebApplication->processRequest()
#2 D:\zyweb\pcb_logistics\website\home\index.php(38): CApplication->run()
#3 {main}
REQUEST_URI=/favicon.ico
HTTP_REFERER=http://www.wllogistics.com/manage/declare
---
2017/11/28 16:02:01 [error] [exception.CHttpException.404] exception 'CHttpException' with message 'Unable to resolve the request "favicon.ico".' in D:\zyweb\Yii1\web\CWebApplication.php:286
Stack trace:
#0 D:\zyweb\Yii1\web\CWebApplication.php(141): CWebApplication->runController('favicon.ico')
#1 D:\zyweb\Yii1\base\CApplication.php(180): CWebApplication->processRequest()
#2 D:\zyweb\pcb_logistics\website\home\index.php(38): CApplication->run()
#3 {main}
REQUEST_URI=/favicon.ico
HTTP_REFERER=http://www.wllogistics.com/manage/declare
---
2017/11/28 16:02:02 [error] [exception.CHttpException.404] exception 'CHttpException' with message 'Unable to resolve the request "favicon.ico".' in D:\zyweb\Yii1\web\CWebApplication.php:286
Stack trace:
#0 D:\zyweb\Yii1\web\CWebApplication.php(141): CWebApplication->runController('favicon.ico')
#1 D:\zyweb\Yii1\base\CApplication.php(180): CWebApplication->processRequest()
#2 D:\zyweb\pcb_logistics\website\home\index.php(38): CApplication->run()
#3 {main}
REQUEST_URI=/favicon.ico
HTTP_REFERER=http://www.wllogistics.com/manage/declare
---
2017/11/28 16:02:02 [error] [exception.CHttpException.404] exception 'CHttpException' with message 'Unable to resolve the request "favicon.ico".' in D:\zyweb\Yii1\web\CWebApplication.php:286
Stack trace:
#0 D:\zyweb\Yii1\web\CWebApplication.php(141): CWebApplication->runController('favicon.ico')
#1 D:\zyweb\Yii1\base\CApplication.php(180): CWebApplication->processRequest()
#2 D:\zyweb\pcb_logistics\website\home\index.php(38): CApplication->run()
#3 {main}
REQUEST_URI=/favicon.ico
HTTP_REFERER=http://www.wllogistics.com/manage/declare
---
2017/11/28 16:26:45 [error] [exception.CException] exception 'CException' with message 'Property "CompanyForm.attirbutes" is not defined.' in D:\zyweb\Yii1\base\CComponent.php:173
Stack trace:
#0 D:\zyweb\pcb_logistics\applications\home\controllers\ManageController.php(83): CComponent->__set('attirbutes', Array)
#1 D:\zyweb\Yii1\web\actions\CInlineAction.php(49): ManageController->actionDeclare()
#2 D:\zyweb\Yii1\web\CController.php(308): CInlineAction->runWithParams(Array)
#3 D:\zyweb\Yii1\web\CController.php(286): CController->runAction(Object(CInlineAction))
#4 D:\zyweb\Yii1\web\CController.php(265): CController->runActionWithFilters(Object(CInlineAction), Array)
#5 D:\zyweb\pcb_logistics\applications\home\components\Controller.php(30): CController->run('declare')
#6 D:\zyweb\Yii1\web\CWebApplication.php(282): Controller->run('declare')
#7 D:\zyweb\Yii1\web\CWebApplication.php(141): CWebApplication->runController('manage/declare')
#8 D:\zyweb\Yii1\base\CApplication.php(180): CWebApplication->processRequest()
#9 D:\zyweb\pcb_logistics\website\home\index.php(38): CApplication->run()
#10 {main}
REQUEST_URI=/manage/declare
---
2017/11/28 16:38:41 [error] [php] Undefined index: obj (D:\zyweb\pcb_logistics\applications\home\controllers\ManageController.php:96)
Stack trace:
#0 D:\zyweb\Yii1\web\CController.php(286): ManageController->runAction()
#1 D:\zyweb\Yii1\web\CController.php(265): ManageController->runActionWithFilters()
#2 D:\zyweb\pcb_logistics\applications\home\components\Controller.php(30): ManageController->run()
#3 D:\zyweb\Yii1\web\CWebApplication.php(282): ManageController->run()
#4 D:\zyweb\Yii1\web\CWebApplication.php(141): CWebApplication->runController()
#5 D:\zyweb\Yii1\base\CApplication.php(180): CWebApplication->processRequest()
#6 D:\zyweb\pcb_logistics\website\home\index.php(38): CWebApplication->run()
REQUEST_URI=/manage/declare
in D:\zyweb\pcb_logistics\applications\home\controllers\ManageController.php (96)
in D:\zyweb\pcb_logistics\applications\home\components\Controller.php (30)
in D:\zyweb\pcb_logistics\website\home\index.php (38)
