2017/09/28 09:42:43 [error] [php] file_get_contents(./rsa.txt): failed to open stream: No such file or directory (D:\zyweb\pcb_wl\applications\api\controllers\buyer\v1\SupportController.php:86)
Stack trace:
#0 D:\zyweb\Yii1\web\CController.php(308): CInlineAction->runWithParams()
#1 D:\zyweb\Yii1\web\CController.php(286): SupportController->runAction()
#2 D:\zyweb\Yii1\web\CController.php(265): SupportController->runActionWithFilters()
#3 D:\zyweb\pcb_wl\applications\api\components\Controller.php(64): SupportController->run()
#4 D:\zyweb\Yii1\web\CWebApplication.php(282): SupportController->run()
#5 D:\zyweb\Yii1\web\CWebApplication.php(141): CWebApplication->runController()
#6 D:\zyweb\Yii1\base\CApplication.php(180): CWebApplication->processRequest()
#7 D:\zyweb\pcb_wl\website\api\index.php(47): CWebApplication->run()
REQUEST_URI=/support/test
in D:\zyweb\pcb_wl\applications\api\controllers\buyer\v1\SupportController.php (86)
in D:\zyweb\pcb_wl\applications\api\components\Controller.php (64)
in D:\zyweb\pcb_wl\website\api\index.php (47)
2017/09/28 09:43:07 [error] [php] file_get_contents(rsa.txt): failed to open stream: No such file or directory (D:\zyweb\pcb_wl\applications\api\controllers\buyer\v1\SupportController.php:86)
Stack trace:
#0 D:\zyweb\Yii1\web\CController.php(308): CInlineAction->runWithParams()
#1 D:\zyweb\Yii1\web\CController.php(286): SupportController->runAction()
#2 D:\zyweb\Yii1\web\CController.php(265): SupportController->runActionWithFilters()
#3 D:\zyweb\pcb_wl\applications\api\components\Controller.php(64): SupportController->run()
#4 D:\zyweb\Yii1\web\CWebApplication.php(282): SupportController->run()
#5 D:\zyweb\Yii1\web\CWebApplication.php(141): CWebApplication->runController()
#6 D:\zyweb\Yii1\base\CApplication.php(180): CWebApplication->processRequest()
#7 D:\zyweb\pcb_wl\website\api\index.php(47): CWebApplication->run()
REQUEST_URI=/support/test
in D:\zyweb\pcb_wl\applications\api\controllers\buyer\v1\SupportController.php (86)
in D:\zyweb\pcb_wl\applications\api\components\Controller.php (64)
in D:\zyweb\pcb_wl\website\api\index.php (47)
2017/09/28 10:00:24 [error] [php] openssl_sign(): supplied key param cannot be coerced into a private key (D:\zyweb\pcb_wl\applications\api\controllers\buyer\v1\SupportController.php:95)
Stack trace:
#0 D:\zyweb\Yii1\web\actions\CInlineAction.php(49): SupportController->actionTest()
#1 D:\zyweb\Yii1\web\CController.php(308): CInlineAction->runWithParams()
#2 D:\zyweb\Yii1\web\CController.php(286): SupportController->runAction()
#3 D:\zyweb\Yii1\web\CController.php(265): SupportController->runActionWithFilters()
#4 D:\zyweb\pcb_wl\applications\api\components\Controller.php(64): SupportController->run()
#5 D:\zyweb\Yii1\web\CWebApplication.php(282): SupportController->run()
#6 D:\zyweb\Yii1\web\CWebApplication.php(141): CWebApplication->runController()
#7 D:\zyweb\Yii1\base\CApplication.php(180): CWebApplication->processRequest()
#8 D:\zyweb\pcb_wl\website\api\index.php(47): CWebApplication->run()
REQUEST_URI=/support/test
in D:\zyweb\pcb_wl\applications\api\controllers\buyer\v1\SupportController.php (95)
in D:\zyweb\pcb_wl\applications\api\controllers\buyer\v1\SupportController.php (87)
in D:\zyweb\pcb_wl\applications\api\components\Controller.php (64)
2017/09/28 10:03:37 [error] [php] openssl_sign(): supplied key param cannot be coerced into a private key (D:\zyweb\pcb_wl\applications\api\controllers\buyer\v1\SupportController.php:96)
Stack trace:
#0 D:\zyweb\Yii1\web\actions\CInlineAction.php(49): SupportController->actionTest()
#1 D:\zyweb\Yii1\web\CController.php(308): CInlineAction->runWithParams()
#2 D:\zyweb\Yii1\web\CController.php(286): SupportController->runAction()
#3 D:\zyweb\Yii1\web\CController.php(265): SupportController->runActionWithFilters()
#4 D:\zyweb\pcb_wl\applications\api\components\Controller.php(64): SupportController->run()
#5 D:\zyweb\Yii1\web\CWebApplication.php(282): SupportController->run()
#6 D:\zyweb\Yii1\web\CWebApplication.php(141): CWebApplication->runController()
#7 D:\zyweb\Yii1\base\CApplication.php(180): CWebApplication->processRequest()
#8 D:\zyweb\pcb_wl\website\api\index.php(47): CWebApplication->run()
REQUEST_URI=/support/test
in D:\zyweb\pcb_wl\applications\api\controllers\buyer\v1\SupportController.php (96)
in D:\zyweb\pcb_wl\applications\api\controllers\buyer\v1\SupportController.php (87)
in D:\zyweb\pcb_wl\applications\api\components\Controller.php (64)
2017/09/28 10:58:05 [error] [php] openssl_sign(): supplied key param cannot be coerced into a private key (D:\zyweb\pcb_wl\applications\api\controllers\buyer\v1\SupportController.php:99)
Stack trace:
#0 D:\zyweb\Yii1\web\actions\CInlineAction.php(49): SupportController->actionTest()
#1 D:\zyweb\Yii1\web\CController.php(308): CInlineAction->runWithParams()
#2 D:\zyweb\Yii1\web\CController.php(286): SupportController->runAction()
#3 D:\zyweb\Yii1\web\CController.php(265): SupportController->runActionWithFilters()
#4 D:\zyweb\pcb_wl\applications\api\components\Controller.php(64): SupportController->run()
#5 D:\zyweb\Yii1\web\CWebApplication.php(282): SupportController->run()
#6 D:\zyweb\Yii1\web\CWebApplication.php(141): CWebApplication->runController()
#7 D:\zyweb\Yii1\base\CApplication.php(180): CWebApplication->processRequest()
#8 D:\zyweb\pcb_wl\website\api\index.php(47): CWebApplication->run()
REQUEST_URI=/support/test
in D:\zyweb\pcb_wl\applications\api\controllers\buyer\v1\SupportController.php (99)
in D:\zyweb\pcb_wl\applications\api\controllers\buyer\v1\SupportController.php (88)
in D:\zyweb\pcb_wl\applications\api\components\Controller.php (64)
2017/09/28 10:58:49 [error] [php] openssl_sign(): supplied key param cannot be coerced into a private key (D:\zyweb\pcb_wl\applications\api\controllers\buyer\v1\SupportController.php:99)
Stack trace:
#0 D:\zyweb\Yii1\web\actions\CInlineAction.php(49): SupportController->actionTest()
#1 D:\zyweb\Yii1\web\CController.php(308): CInlineAction->runWithParams()
#2 D:\zyweb\Yii1\web\CController.php(286): SupportController->runAction()
#3 D:\zyweb\Yii1\web\CController.php(265): SupportController->runActionWithFilters()
#4 D:\zyweb\pcb_wl\applications\api\components\Controller.php(64): SupportController->run()
#5 D:\zyweb\Yii1\web\CWebApplication.php(282): SupportController->run()
#6 D:\zyweb\Yii1\web\CWebApplication.php(141): CWebApplication->runController()
#7 D:\zyweb\Yii1\base\CApplication.php(180): CWebApplication->processRequest()
#8 D:\zyweb\pcb_wl\website\api\index.php(47): CWebApplication->run()
REQUEST_URI=/support/test
in D:\zyweb\pcb_wl\applications\api\controllers\buyer\v1\SupportController.php (99)
in D:\zyweb\pcb_wl\applications\api\controllers\buyer\v1\SupportController.php (88)
in D:\zyweb\pcb_wl\applications\api\components\Controller.php (64)
2017/09/28 11:01:53 [error] [php] openssl_sign(): supplied key param cannot be coerced into a private key (D:\zyweb\pcb_wl\applications\api\controllers\buyer\v1\SupportController.php:99)
Stack trace:
#0 D:\zyweb\Yii1\web\actions\CInlineAction.php(49): SupportController->actionTest()
#1 D:\zyweb\Yii1\web\CController.php(308): CInlineAction->runWithParams()
#2 D:\zyweb\Yii1\web\CController.php(286): SupportController->runAction()
#3 D:\zyweb\Yii1\web\CController.php(265): SupportController->runActionWithFilters()
#4 D:\zyweb\pcb_wl\applications\api\components\Controller.php(64): SupportController->run()
#5 D:\zyweb\Yii1\web\CWebApplication.php(282): SupportController->run()
#6 D:\zyweb\Yii1\web\CWebApplication.php(141): CWebApplication->runController()
#7 D:\zyweb\Yii1\base\CApplication.php(180): CWebApplication->processRequest()
#8 D:\zyweb\pcb_wl\website\api\index.php(47): CWebApplication->run()
REQUEST_URI=/support/test
in D:\zyweb\pcb_wl\applications\api\controllers\buyer\v1\SupportController.php (99)
in D:\zyweb\pcb_wl\applications\api\controllers\buyer\v1\SupportController.php (88)
in D:\zyweb\pcb_wl\applications\api\components\Controller.php (64)
2017/09/28 11:02:06 [error] [php] openssl_sign(): supplied key param cannot be coerced into a private key (D:\zyweb\pcb_wl\applications\api\controllers\buyer\v1\SupportController.php:99)
Stack trace:
#0 D:\zyweb\Yii1\web\actions\CInlineAction.php(49): SupportController->actionTest()
#1 D:\zyweb\Yii1\web\CController.php(308): CInlineAction->runWithParams()
#2 D:\zyweb\Yii1\web\CController.php(286): SupportController->runAction()
#3 D:\zyweb\Yii1\web\CController.php(265): SupportController->runActionWithFilters()
#4 D:\zyweb\pcb_wl\applications\api\components\Controller.php(64): SupportController->run()
#5 D:\zyweb\Yii1\web\CWebApplication.php(282): SupportController->run()
#6 D:\zyweb\Yii1\web\CWebApplication.php(141): CWebApplication->runController()
#7 D:\zyweb\Yii1\base\CApplication.php(180): CWebApplication->processRequest()
#8 D:\zyweb\pcb_wl\website\api\index.php(47): CWebApplication->run()
REQUEST_URI=/support/test
in D:\zyweb\pcb_wl\applications\api\controllers\buyer\v1\SupportController.php (99)
in D:\zyweb\pcb_wl\applications\api\controllers\buyer\v1\SupportController.php (88)
in D:\zyweb\pcb_wl\applications\api\components\Controller.php (64)
2017/09/28 11:02:07 [error] [php] openssl_sign(): supplied key param cannot be coerced into a private key (D:\zyweb\pcb_wl\applications\api\controllers\buyer\v1\SupportController.php:99)
Stack trace:
#0 D:\zyweb\Yii1\web\actions\CInlineAction.php(49): SupportController->actionTest()
#1 D:\zyweb\Yii1\web\CController.php(308): CInlineAction->runWithParams()
#2 D:\zyweb\Yii1\web\CController.php(286): SupportController->runAction()
#3 D:\zyweb\Yii1\web\CController.php(265): SupportController->runActionWithFilters()
#4 D:\zyweb\pcb_wl\applications\api\components\Controller.php(64): SupportController->run()
#5 D:\zyweb\Yii1\web\CWebApplication.php(282): SupportController->run()
#6 D:\zyweb\Yii1\web\CWebApplication.php(141): CWebApplication->runController()
#7 D:\zyweb\Yii1\base\CApplication.php(180): CWebApplication->processRequest()
#8 D:\zyweb\pcb_wl\website\api\index.php(47): CWebApplication->run()
REQUEST_URI=/support/test
in D:\zyweb\pcb_wl\applications\api\controllers\buyer\v1\SupportController.php (99)
in D:\zyweb\pcb_wl\applications\api\controllers\buyer\v1\SupportController.php (88)
in D:\zyweb\pcb_wl\applications\api\components\Controller.php (64)
2017/09/28 11:02:07 [error] [php] openssl_sign(): supplied key param cannot be coerced into a private key (D:\zyweb\pcb_wl\applications\api\controllers\buyer\v1\SupportController.php:99)
Stack trace:
#0 D:\zyweb\Yii1\web\actions\CInlineAction.php(49): SupportController->actionTest()
#1 D:\zyweb\Yii1\web\CController.php(308): CInlineAction->runWithParams()
#2 D:\zyweb\Yii1\web\CController.php(286): SupportController->runAction()
#3 D:\zyweb\Yii1\web\CController.php(265): SupportController->runActionWithFilters()
#4 D:\zyweb\pcb_wl\applications\api\components\Controller.php(64): SupportController->run()
#5 D:\zyweb\Yii1\web\CWebApplication.php(282): SupportController->run()
#6 D:\zyweb\Yii1\web\CWebApplication.php(141): CWebApplication->runController()
#7 D:\zyweb\Yii1\base\CApplication.php(180): CWebApplication->processRequest()
#8 D:\zyweb\pcb_wl\website\api\index.php(47): CWebApplication->run()
REQUEST_URI=/support/test
in D:\zyweb\pcb_wl\applications\api\controllers\buyer\v1\SupportController.php (99)
in D:\zyweb\pcb_wl\applications\api\controllers\buyer\v1\SupportController.php (88)
in D:\zyweb\pcb_wl\applications\api\components\Controller.php (64)
2017/09/28 11:02:07 [error] [php] openssl_sign(): supplied key param cannot be coerced into a private key (D:\zyweb\pcb_wl\applications\api\controllers\buyer\v1\SupportController.php:99)
Stack trace:
#0 D:\zyweb\Yii1\web\actions\CInlineAction.php(49): SupportController->actionTest()
#1 D:\zyweb\Yii1\web\CController.php(308): CInlineAction->runWithParams()
#2 D:\zyweb\Yii1\web\CController.php(286): SupportController->runAction()
#3 D:\zyweb\Yii1\web\CController.php(265): SupportController->runActionWithFilters()
#4 D:\zyweb\pcb_wl\applications\api\components\Controller.php(64): SupportController->run()
#5 D:\zyweb\Yii1\web\CWebApplication.php(282): SupportController->run()
#6 D:\zyweb\Yii1\web\CWebApplication.php(141): CWebApplication->runController()
#7 D:\zyweb\Yii1\base\CApplication.php(180): CWebApplication->processRequest()
#8 D:\zyweb\pcb_wl\website\api\index.php(47): CWebApplication->run()
REQUEST_URI=/support/test
in D:\zyweb\pcb_wl\applications\api\controllers\buyer\v1\SupportController.php (99)
in D:\zyweb\pcb_wl\applications\api\controllers\buyer\v1\SupportController.php (88)
in D:\zyweb\pcb_wl\applications\api\components\Controller.php (64)
2017/09/28 11:02:08 [error] [php] openssl_sign(): supplied key param cannot be coerced into a private key (D:\zyweb\pcb_wl\applications\api\controllers\buyer\v1\SupportController.php:99)
Stack trace:
#0 D:\zyweb\Yii1\web\actions\CInlineAction.php(49): SupportController->actionTest()
#1 D:\zyweb\Yii1\web\CController.php(308): CInlineAction->runWithParams()
#2 D:\zyweb\Yii1\web\CController.php(286): SupportController->runAction()
#3 D:\zyweb\Yii1\web\CController.php(265): SupportController->runActionWithFilters()
#4 D:\zyweb\pcb_wl\applications\api\components\Controller.php(64): SupportController->run()
#5 D:\zyweb\Yii1\web\CWebApplication.php(282): SupportController->run()
#6 D:\zyweb\Yii1\web\CWebApplication.php(141): CWebApplication->runController()
#7 D:\zyweb\Yii1\base\CApplication.php(180): CWebApplication->processRequest()
#8 D:\zyweb\pcb_wl\website\api\index.php(47): CWebApplication->run()
REQUEST_URI=/support/test
in D:\zyweb\pcb_wl\applications\api\controllers\buyer\v1\SupportController.php (99)
in D:\zyweb\pcb_wl\applications\api\controllers\buyer\v1\SupportController.php (88)
in D:\zyweb\pcb_wl\applications\api\components\Controller.php (64)
2017/09/28 11:02:09 [error] [php] openssl_sign(): supplied key param cannot be coerced into a private key (D:\zyweb\pcb_wl\applications\api\controllers\buyer\v1\SupportController.php:99)
Stack trace:
#0 D:\zyweb\Yii1\web\actions\CInlineAction.php(49): SupportController->actionTest()
#1 D:\zyweb\Yii1\web\CController.php(308): CInlineAction->runWithParams()
#2 D:\zyweb\Yii1\web\CController.php(286): SupportController->runAction()
#3 D:\zyweb\Yii1\web\CController.php(265): SupportController->runActionWithFilters()
#4 D:\zyweb\pcb_wl\applications\api\components\Controller.php(64): SupportController->run()
#5 D:\zyweb\Yii1\web\CWebApplication.php(282): SupportController->run()
#6 D:\zyweb\Yii1\web\CWebApplication.php(141): CWebApplication->runController()
#7 D:\zyweb\Yii1\base\CApplication.php(180): CWebApplication->processRequest()
#8 D:\zyweb\pcb_wl\website\api\index.php(47): CWebApplication->run()
REQUEST_URI=/support/test
in D:\zyweb\pcb_wl\applications\api\controllers\buyer\v1\SupportController.php (99)
in D:\zyweb\pcb_wl\applications\api\controllers\buyer\v1\SupportController.php (88)
in D:\zyweb\pcb_wl\applications\api\components\Controller.php (64)
2017/09/28 11:02:18 [error] [php] openssl_sign(): supplied key param cannot be coerced into a private key (D:\zyweb\pcb_wl\applications\api\controllers\buyer\v1\SupportController.php:98)
Stack trace:
#0 D:\zyweb\Yii1\web\actions\CInlineAction.php(49): SupportController->actionTest()
#1 D:\zyweb\Yii1\web\CController.php(308): CInlineAction->runWithParams()
#2 D:\zyweb\Yii1\web\CController.php(286): SupportController->runAction()
#3 D:\zyweb\Yii1\web\CController.php(265): SupportController->runActionWithFilters()
#4 D:\zyweb\pcb_wl\applications\api\components\Controller.php(64): SupportController->run()
#5 D:\zyweb\Yii1\web\CWebApplication.php(282): SupportController->run()
#6 D:\zyweb\Yii1\web\CWebApplication.php(141): CWebApplication->runController()
#7 D:\zyweb\Yii1\base\CApplication.php(180): CWebApplication->processRequest()
#8 D:\zyweb\pcb_wl\website\api\index.php(47): CWebApplication->run()
REQUEST_URI=/support/test
in D:\zyweb\pcb_wl\applications\api\controllers\buyer\v1\SupportController.php (98)
in D:\zyweb\pcb_wl\applications\api\controllers\buyer\v1\SupportController.php (88)
in D:\zyweb\pcb_wl\applications\api\components\Controller.php (64)
2017/09/28 11:09:01 [error] [php] openssl_sign(): supplied key param cannot be coerced into a private key (D:\zyweb\pcb_wl\applications\api\controllers\buyer\v1\SupportController.php:97)
Stack trace:
#0 D:\zyweb\Yii1\web\actions\CInlineAction.php(49): SupportController->actionTest()
#1 D:\zyweb\Yii1\web\CController.php(308): CInlineAction->runWithParams()
#2 D:\zyweb\Yii1\web\CController.php(286): SupportController->runAction()
#3 D:\zyweb\Yii1\web\CController.php(265): SupportController->runActionWithFilters()
#4 D:\zyweb\pcb_wl\applications\api\components\Controller.php(64): SupportController->run()
#5 D:\zyweb\Yii1\web\CWebApplication.php(282): SupportController->run()
#6 D:\zyweb\Yii1\web\CWebApplication.php(141): CWebApplication->runController()
#7 D:\zyweb\Yii1\base\CApplication.php(180): CWebApplication->processRequest()
#8 D:\zyweb\pcb_wl\website\api\index.php(47): CWebApplication->run()
REQUEST_URI=/support/test
in D:\zyweb\pcb_wl\applications\api\controllers\buyer\v1\SupportController.php (97)
in D:\zyweb\pcb_wl\applications\api\controllers\buyer\v1\SupportController.php (88)
in D:\zyweb\pcb_wl\applications\api\components\Controller.php (64)
2017/09/28 11:14:30 [error] [php] Use of undefined constant OPENSSL_ALGO_MD2 - assumed 'OPENSSL_ALGO_MD2' (D:\zyweb\pcb_wl\applications\api\controllers\buyer\v1\SupportController.php:97)
Stack trace:
#0 D:\zyweb\Yii1\web\CController.php(308): CInlineAction->runWithParams()
#1 D:\zyweb\Yii1\web\CController.php(286): SupportController->runAction()
#2 D:\zyweb\Yii1\web\CController.php(265): SupportController->runActionWithFilters()
#3 D:\zyweb\pcb_wl\applications\api\components\Controller.php(64): SupportController->run()
#4 D:\zyweb\Yii1\web\CWebApplication.php(282): SupportController->run()
#5 D:\zyweb\Yii1\web\CWebApplication.php(141): CWebApplication->runController()
#6 D:\zyweb\Yii1\base\CApplication.php(180): CWebApplication->processRequest()
#7 D:\zyweb\pcb_wl\website\api\index.php(47): CWebApplication->run()
REQUEST_URI=/support/test
in D:\zyweb\pcb_wl\applications\api\controllers\buyer\v1\SupportController.php (97)
in D:\zyweb\pcb_wl\applications\api\controllers\buyer\v1\SupportController.php (88)
in D:\zyweb\pcb_wl\applications\api\components\Controller.php (64)
2017/09/28 14:47:29 [error] [php] Undefined index: inventoryId (D:\zyweb\pcb_wl\applications\api\service\buyer\v1\OrderService.php:87)
Stack trace:
#0 D:\zyweb\Yii1\web\CController.php(308): CInlineAction->runWithParams()
#1 D:\zyweb\Yii1\web\CController.php(286): OrderController->runAction()
#2 D:\zyweb\Yii1\web\CController.php(265): OrderController->runActionWithFilters()
#3 D:\zyweb\pcb_wl\applications\api\components\Controller.php(64): OrderController->run()
#4 D:\zyweb\Yii1\web\CWebApplication.php(282): OrderController->run()
#5 D:\zyweb\Yii1\web\CWebApplication.php(141): CWebApplication->runController()
#6 D:\zyweb\Yii1\base\CApplication.php(180): CWebApplication->processRequest()
#7 D:\zyweb\pcb_wl\website\api\index.php(47): CWebApplication->run()
REQUEST_URI=/order/addorder
in D:\zyweb\pcb_wl\applications\api\service\buyer\v1\OrderService.php (87)
in D:\zyweb\pcb_wl\applications\api\controllers\buyer\v1\OrderController.php (62)
in D:\zyweb\pcb_wl\applications\api\components\Controller.php (64)
2017/09/28 14:47:42 [error] [php] Array to string conversion (D:\zyweb\pcb_wl\library\service\AliPayService.php:55)
Stack trace:
#0 D:\zyweb\pcb_wl\applications\api\controllers\buyer\v1\OrderController.php(62): OrderService->addOrder()
#1 D:\zyweb\Yii1\web\actions\CInlineAction.php(49): OrderController->actionAddOrder()
#2 D:\zyweb\Yii1\web\CController.php(308): CInlineAction->runWithParams()
#3 D:\zyweb\Yii1\web\CController.php(286): OrderController->runAction()
#4 D:\zyweb\Yii1\web\CController.php(265): OrderController->runActionWithFilters()
#5 D:\zyweb\pcb_wl\applications\api\components\Controller.php(64): OrderController->run()
#6 D:\zyweb\Yii1\web\CWebApplication.php(282): OrderController->run()
#7 D:\zyweb\Yii1\web\CWebApplication.php(141): CWebApplication->runController()
#8 D:\zyweb\Yii1\base\CApplication.php(180): CWebApplication->processRequest()
#9 D:\zyweb\pcb_wl\website\api\index.php(47): CWebApplication->run()
REQUEST_URI=/order/addorder
in D:\zyweb\pcb_wl\library\service\AliPayService.php (55)
in D:\zyweb\pcb_wl\library\service\AliPayService.php (21)
in D:\zyweb\pcb_wl\applications\api\service\buyer\v1\OrderService.php (132)
2017/09/28 15:58:26 [error] [exception.CHttpException.404] exception 'CHttpException' with message 'Unable to resolve the request "favicon.ico".' in D:\zyweb\Yii1\web\CWebApplication.php:286
Stack trace:
#0 D:\zyweb\Yii1\web\CWebApplication.php(141): CWebApplication->runController('favicon.ico')
#1 D:\zyweb\Yii1\base\CApplication.php(180): CWebApplication->processRequest()
#2 D:\zyweb\pcb_wl\website\api\index.php(47): CApplication->run()
#3 {main}
REQUEST_URI=/favicon.ico
HTTP_REFERER=http://api.logistics.com/gii/default/login
---
2017/09/28 15:58:40 [warning] [application] Failed to set unsafe attribute "baseFormClass" of "GiixAllCode".
in D:\zyweb\pcb_wl\website\api\index.php (47)
2017/09/28 15:58:40 [warning] [application] Failed to set unsafe attribute "formPath" of "GiixAllCode".
in D:\zyweb\pcb_wl\website\api\index.php (47)
2017/09/28 15:58:41 [warning] [application] Failed to set unsafe attribute "baseFormClass" of "GiixAllCode".
in D:\zyweb\pcb_wl\website\api\index.php (47)
2017/09/28 15:58:41 [warning] [application] Failed to set unsafe attribute "formPath" of "GiixAllCode".
in D:\zyweb\pcb_wl\website\api\index.php (47)
