2017/10/09 11:20:12 [error] [php] Undefined index: deviceName (D:\zyweb\pcb_wl\applications\api\service\buyer\v1\LoginAndRegisterService.php:36)
Stack trace:
#0 D:\zyweb\Yii1\web\CController.php(308): CInlineAction->runWithParams()
#1 D:\zyweb\Yii1\web\CController.php(286): IndexController->runAction()
#2 D:\zyweb\Yii1\web\CController.php(265): IndexController->runActionWithFilters()
#3 D:\zyweb\pcb_wl\applications\api\components\Controller.php(64): IndexController->run()
#4 D:\zyweb\Yii1\web\CWebApplication.php(282): IndexController->run()
#5 D:\zyweb\Yii1\web\CWebApplication.php(141): CWebApplication->runController()
#6 D:\zyweb\Yii1\base\CApplication.php(180): CWebApplication->processRequest()
#7 D:\zyweb\pcb_wl\website\api\index.php(47): CWebApplication->run()
REQUEST_URI=/index/login
in D:\zyweb\pcb_wl\applications\api\service\buyer\v1\LoginAndRegisterService.php (36)
in D:\zyweb\pcb_wl\applications\api\controllers\buyer\v1\IndexController.php (160)
in D:\zyweb\pcb_wl\applications\api\components\Controller.php (64)
2017/10/09 11:31:14 [error] [php] include(BuyerAppKeyBaseForm.php): failed to open stream: No such file or directory (D:\zyweb\Yii1\YiiBase.php:427)
Stack trace:
#0 D:\zyweb\pcb_wl\applications\api\service\buyer\v1\LoginAndRegisterService.php(259): spl_autoload_call()
#1 D:\zyweb\pcb_wl\applications\api\service\buyer\v1\LoginAndRegisterService.php(70): LoginAndRegisterService->RegisterAppKey()
#2 D:\zyweb\pcb_wl\applications\api\controllers\buyer\v1\IndexController.php(160): LoginAndRegisterService->loginLogic()
#3 D:\zyweb\Yii1\web\actions\CInlineAction.php(49): IndexController->actionLogin()
#4 D:\zyweb\Yii1\web\CController.php(308): CInlineAction->runWithParams()
#5 D:\zyweb\Yii1\web\CController.php(286): IndexController->runAction()
#6 D:\zyweb\Yii1\web\CController.php(265): IndexController->runActionWithFilters()
#7 D:\zyweb\pcb_wl\applications\api\components\Controller.php(64): IndexController->run()
#8 D:\zyweb\Yii1\web\CWebApplication.php(282): IndexController->run()
#9 D:\zyweb\Yii1\web\CWebApplication.php(141): CWebApplication->runController()
#10 D:\zyweb\Yii1\base\CApplication.php(180): CWebApplication->processRequest()
#11 D:\zyweb\pcb_wl\website\api\index.php(47): CWebApplication->run()
REQUEST_URI=/index/login
in D:\zyweb\pcb_wl\applications\api\service\buyer\v1\LoginAndRegisterService.php (259)
in D:\zyweb\pcb_wl\applications\api\service\buyer\v1\LoginAndRegisterService.php (70)
in D:\zyweb\pcb_wl\applications\api\controllers\buyer\v1\IndexController.php (160)
2017/10/09 11:31:52 [error] [php] include(BuyerAppKey.php): failed to open stream: No such file or directory (D:\zyweb\Yii1\YiiBase.php:427)
Stack trace:
#0 D:\zyweb\pcb_wl\applications\api\service\buyer\v1\LoginAndRegisterService.php(264): spl_autoload_call()
#1 D:\zyweb\pcb_wl\applications\api\service\buyer\v1\LoginAndRegisterService.php(70): LoginAndRegisterService->RegisterAppKey()
#2 D:\zyweb\pcb_wl\applications\api\controllers\buyer\v1\IndexController.php(160): LoginAndRegisterService->loginLogic()
#3 D:\zyweb\Yii1\web\actions\CInlineAction.php(49): IndexController->actionLogin()
#4 D:\zyweb\Yii1\web\CController.php(308): CInlineAction->runWithParams()
#5 D:\zyweb\Yii1\web\CController.php(286): IndexController->runAction()
#6 D:\zyweb\Yii1\web\CController.php(265): IndexController->runActionWithFilters()
#7 D:\zyweb\pcb_wl\applications\api\components\Controller.php(64): IndexController->run()
#8 D:\zyweb\Yii1\web\CWebApplication.php(282): IndexController->run()
#9 D:\zyweb\Yii1\web\CWebApplication.php(141): CWebApplication->runController()
#10 D:\zyweb\Yii1\base\CApplication.php(180): CWebApplication->processRequest()
#11 D:\zyweb\pcb_wl\website\api\index.php(47): CWebApplication->run()
REQUEST_URI=/index/login
in D:\zyweb\pcb_wl\applications\api\service\buyer\v1\LoginAndRegisterService.php (264)
in D:\zyweb\pcb_wl\applications\api\service\buyer\v1\LoginAndRegisterService.php (70)
in D:\zyweb\pcb_wl\applications\api\controllers\buyer\v1\IndexController.php (160)
