2017/09/08 09:22:23 [error] [exception.CHttpException.404] exception 'CHttpException' with message 'Unable to resolve the request "favicon.ico".' in D:\zyweb\Yii1\web\CWebApplication.php:286
Stack trace:
#0 D:\zyweb\Yii1\web\CWebApplication.php(141): CWebApplication->runController('favicon.ico')
#1 D:\zyweb\Yii1\base\CApplication.php(180): CWebApplication->processRequest()
#2 D:\zyweb\pcb_wl\website\admin\index.php(32): CApplication->run()
#3 {main}
REQUEST_URI=/favicon.ico
HTTP_REFERER=http://admin.logistics.com/
---
2017/09/08 09:47:05 [error] [exception.CHttpException.404] exception 'CHttpException' with message 'Unable to resolve the request "favicon.ico".' in D:\zyweb\Yii1\web\CWebApplication.php:286
Stack trace:
#0 D:\zyweb\Yii1\web\CWebApplication.php(141): CWebApplication->runController('favicon.ico')
#1 D:\zyweb\Yii1\base\CApplication.php(180): CWebApplication->processRequest()
#2 D:\zyweb\pcb_wl\website\admin\index.php(32): CApplication->run()
#3 {main}
REQUEST_URI=/favicon.ico
HTTP_REFERER=http://admin.logistics.com/
---
2017/09/08 09:56:56 [error] [exception.CHttpException.404] exception 'CHttpException' with message 'Unable to resolve the request "favicon.ico".' in D:\zyweb\Yii1\web\CWebApplication.php:286
Stack trace:
#0 D:\zyweb\Yii1\web\CWebApplication.php(141): CWebApplication->runController('favicon.ico')
#1 D:\zyweb\Yii1\base\CApplication.php(180): CWebApplication->processRequest()
#2 D:\zyweb\pcb_wl\website\admin\index.php(32): CApplication->run()
#3 {main}
REQUEST_URI=/favicon.ico
HTTP_REFERER=http://admin.logistics.com/
---
2017/09/08 10:14:54 [error] [exception.CHttpException.404] exception 'CHttpException' with message 'Unable to resolve the request "UserDemand/edit".' in D:\zyweb\Yii1\web\CWebApplication.php:286
Stack trace:
#0 D:\zyweb\Yii1\web\CWebApplication.php(141): CWebApplication->runController('UserDemand/edit')
#1 D:\zyweb\Yii1\base\CApplication.php(180): CWebApplication->processRequest()
#2 D:\zyweb\pcb_wl\website\admin\index.php(32): CApplication->run()
#3 {main}
REQUEST_URI=/UserDemand/edit
---
2017/09/08 10:15:03 [error] [exception.CHttpException.404] exception 'CHttpException' with message 'Unable to resolve the request "UserDemand/checkDemand".' in D:\zyweb\Yii1\web\CWebApplication.php:286
Stack trace:
#0 D:\zyweb\Yii1\web\CWebApplication.php(141): CWebApplication->runController('UserDemand/chec...')
#1 D:\zyweb\Yii1\base\CApplication.php(180): CWebApplication->processRequest()
#2 D:\zyweb\pcb_wl\website\admin\index.php(32): CApplication->run()
#3 {main}
REQUEST_URI=/UserDemand/checkDemand
---
2017/09/08 10:15:28 [error] [exception.CHttpException.404] exception 'CHttpException' with message 'Unable to resolve the request "UserDemand/checkDemand".' in D:\zyweb\Yii1\web\CWebApplication.php:286
Stack trace:
#0 D:\zyweb\Yii1\web\CWebApplication.php(141): CWebApplication->runController('UserDemand/chec...')
#1 D:\zyweb\Yii1\base\CApplication.php(180): CWebApplication->processRequest()
#2 D:\zyweb\pcb_wl\website\admin\index.php(32): CApplication->run()
#3 {main}
REQUEST_URI=/UserDemand/checkDemand
---
2017/09/08 10:15:31 [error] [exception.CHttpException.404] exception 'CHttpException' with message 'Unable to resolve the request "UserDemand/checkDemand".' in D:\zyweb\Yii1\web\CWebApplication.php:286
Stack trace:
#0 D:\zyweb\Yii1\web\CWebApplication.php(141): CWebApplication->runController('UserDemand/chec...')
#1 D:\zyweb\Yii1\base\CApplication.php(180): CWebApplication->processRequest()
#2 D:\zyweb\pcb_wl\website\admin\index.php(32): CApplication->run()
#3 {main}
REQUEST_URI=/UserDemand/checkDemand
---
2017/09/08 10:15:34 [error] [exception.CHttpException.404] exception 'CHttpException' with message 'Unable to resolve the request "UserDemand".' in D:\zyweb\Yii1\web\CWebApplication.php:286
Stack trace:
#0 D:\zyweb\Yii1\web\CWebApplication.php(141): CWebApplication->runController('UserDemand')
#1 D:\zyweb\Yii1\base\CApplication.php(180): CWebApplication->processRequest()
#2 D:\zyweb\pcb_wl\website\admin\index.php(32): CApplication->run()
#3 {main}
REQUEST_URI=/UserDemand
---
2017/09/08 10:17:42 [error] [exception.CHttpException.404] exception 'CHttpException' with message 'Unable to resolve the request "UserDemand".' in D:\zyweb\Yii1\web\CWebApplication.php:286
Stack trace:
#0 D:\zyweb\Yii1\web\CWebApplication.php(141): CWebApplication->runController('UserDemand')
#1 D:\zyweb\Yii1\base\CApplication.php(180): CWebApplication->processRequest()
#2 D:\zyweb\pcb_wl\website\admin\index.php(32): CApplication->run()
#3 {main}
REQUEST_URI=/UserDemand
---
2017/09/08 10:17:42 [error] [exception.CHttpException.404] exception 'CHttpException' with message 'Unable to resolve the request "UserDemand".' in D:\zyweb\Yii1\web\CWebApplication.php:286
Stack trace:
#0 D:\zyweb\Yii1\web\CWebApplication.php(141): CWebApplication->runController('UserDemand')
#1 D:\zyweb\Yii1\base\CApplication.php(180): CWebApplication->processRequest()
#2 D:\zyweb\pcb_wl\website\admin\index.php(32): CApplication->run()
#3 {main}
REQUEST_URI=/UserDemand
---
2017/09/08 10:17:42 [error] [exception.CHttpException.404] exception 'CHttpException' with message 'Unable to resolve the request "UserDemand".' in D:\zyweb\Yii1\web\CWebApplication.php:286
Stack trace:
#0 D:\zyweb\Yii1\web\CWebApplication.php(141): CWebApplication->runController('UserDemand')
#1 D:\zyweb\Yii1\base\CApplication.php(180): CWebApplication->processRequest()
#2 D:\zyweb\pcb_wl\website\admin\index.php(32): CApplication->run()
#3 {main}
REQUEST_URI=/UserDemand
---
2017/09/08 10:17:43 [error] [exception.CHttpException.404] exception 'CHttpException' with message 'Unable to resolve the request "UserDemand".' in D:\zyweb\Yii1\web\CWebApplication.php:286
Stack trace:
#0 D:\zyweb\Yii1\web\CWebApplication.php(141): CWebApplication->runController('UserDemand')
#1 D:\zyweb\Yii1\base\CApplication.php(180): CWebApplication->processRequest()
#2 D:\zyweb\pcb_wl\website\admin\index.php(32): CApplication->run()
#3 {main}
REQUEST_URI=/UserDemand
---
2017/09/08 10:17:43 [error] [exception.CHttpException.404] exception 'CHttpException' with message 'Unable to resolve the request "UserDemand".' in D:\zyweb\Yii1\web\CWebApplication.php:286
Stack trace:
#0 D:\zyweb\Yii1\web\CWebApplication.php(141): CWebApplication->runController('UserDemand')
#1 D:\zyweb\Yii1\base\CApplication.php(180): CWebApplication->processRequest()
#2 D:\zyweb\pcb_wl\website\admin\index.php(32): CApplication->run()
#3 {main}
REQUEST_URI=/UserDemand
---
2017/09/08 10:17:43 [error] [exception.CHttpException.404] exception 'CHttpException' with message 'Unable to resolve the request "UserDemand".' in D:\zyweb\Yii1\web\CWebApplication.php:286
Stack trace:
#0 D:\zyweb\Yii1\web\CWebApplication.php(141): CWebApplication->runController('UserDemand')
#1 D:\zyweb\Yii1\base\CApplication.php(180): CWebApplication->processRequest()
#2 D:\zyweb\pcb_wl\website\admin\index.php(32): CApplication->run()
#3 {main}
REQUEST_URI=/UserDemand
---
2017/09/08 10:18:01 [error] [exception.CHttpException.404] exception 'CHttpException' with message 'Unable to resolve the request "userDemand".' in D:\zyweb\Yii1\web\CWebApplication.php:286
Stack trace:
#0 D:\zyweb\Yii1\web\CWebApplication.php(141): CWebApplication->runController('userDemand')
#1 D:\zyweb\Yii1\base\CApplication.php(180): CWebApplication->processRequest()
#2 D:\zyweb\pcb_wl\website\admin\index.php(32): CApplication->run()
#3 {main}
REQUEST_URI=/userDemand
---
2017/09/08 10:20:35 [error] [exception.CHttpException.404] exception 'CHttpException' with message 'Unable to resolve the request "userDemand/index".' in D:\zyweb\Yii1\web\CWebApplication.php:286
Stack trace:
#0 D:\zyweb\Yii1\web\CWebApplication.php(141): CWebApplication->runController('userDemand/inde...')
#1 D:\zyweb\Yii1\base\CApplication.php(180): CWebApplication->processRequest()
#2 D:\zyweb\pcb_wl\website\admin\index.php(32): CApplication->run()
#3 {main}
REQUEST_URI=/userDemand/index
---
2017/09/08 10:20:57 [error] [exception.CHttpException.404] exception 'CHttpException' with message 'Unable to resolve the request "userdemand/index".' in D:\zyweb\Yii1\web\CWebApplication.php:286
Stack trace:
#0 D:\zyweb\Yii1\web\CWebApplication.php(141): CWebApplication->runController('userdemand/inde...')
#1 D:\zyweb\Yii1\base\CApplication.php(180): CWebApplication->processRequest()
#2 D:\zyweb\pcb_wl\website\admin\index.php(32): CApplication->run()
#3 {main}
REQUEST_URI=/userdemand/index
---
2017/09/08 10:22:43 [error] [exception.CHttpException.404] exception 'CHttpException' with message '系统无法找到请求的 "index" 动作.' in D:\zyweb\Yii1\web\CController.php:483
Stack trace:
#0 D:\zyweb\Yii1\web\CController.php(270): CController->missingAction('index')
#1 D:\zyweb\pcb_wl\applications\admin\components\Controller.php(43): CController->run('index')
#2 D:\zyweb\Yii1\web\CWebApplication.php(282): Controller->run('index')
#3 D:\zyweb\Yii1\web\CWebApplication.php(141): CWebApplication->runController('userdemand/inde...')
#4 D:\zyweb\Yii1\base\CApplication.php(180): CWebApplication->processRequest()
#5 D:\zyweb\pcb_wl\website\admin\index.php(32): CApplication->run()
#6 {main}
REQUEST_URI=/userdemand/index
---
2017/09/08 11:06:56 [error] [exception.CHttpException.400] exception 'CHttpException' with message '您的请求无效。' in D:\zyweb\Yii1\web\CController.php:336
Stack trace:
#0 D:\zyweb\Yii1\web\CController.php(309): CController->invalidActionParams(Object(CInlineAction))
#1 D:\zyweb\Yii1\web\CController.php(286): CController->runAction(Object(CInlineAction))
#2 D:\zyweb\Yii1\web\CController.php(265): CController->runActionWithFilters(Object(CInlineAction), Array)
#3 D:\zyweb\pcb_wl\applications\admin\components\Controller.php(43): CController->run('CheckDemand')
#4 D:\zyweb\Yii1\web\CWebApplication.php(282): Controller->run('CheckDemand')
#5 D:\zyweb\Yii1\web\CWebApplication.php(141): CWebApplication->runController('userdemand/Chec...')
#6 D:\zyweb\Yii1\base\CApplication.php(180): CWebApplication->processRequest()
#7 D:\zyweb\pcb_wl\website\admin\index.php(32): CApplication->run()
#8 {main}
REQUEST_URI=/userdemand/CheckDemand/dId?=8
---
2017/09/08 11:07:05 [error] [exception.CHttpException.400] exception 'CHttpException' with message '您的请求无效。' in D:\zyweb\Yii1\web\CController.php:336
Stack trace:
#0 D:\zyweb\Yii1\web\CController.php(309): CController->invalidActionParams(Object(CInlineAction))
#1 D:\zyweb\Yii1\web\CController.php(286): CController->runAction(Object(CInlineAction))
#2 D:\zyweb\Yii1\web\CController.php(265): CController->runActionWithFilters(Object(CInlineAction), Array)
#3 D:\zyweb\pcb_wl\applications\admin\components\Controller.php(43): CController->run('CheckDemand')
#4 D:\zyweb\Yii1\web\CWebApplication.php(282): Controller->run('CheckDemand')
#5 D:\zyweb\Yii1\web\CWebApplication.php(141): CWebApplication->runController('userdemand/Chec...')
#6 D:\zyweb\Yii1\base\CApplication.php(180): CWebApplication->processRequest()
#7 D:\zyweb\pcb_wl\website\admin\index.php(32): CApplication->run()
#8 {main}
REQUEST_URI=/userdemand/CheckDemand?dId?=8
---
2017/09/08 11:07:07 [error] [exception.CHttpException.400] exception 'CHttpException' with message '您的请求无效。' in D:\zyweb\Yii1\web\CController.php:336
Stack trace:
#0 D:\zyweb\Yii1\web\CController.php(309): CController->invalidActionParams(Object(CInlineAction))
#1 D:\zyweb\Yii1\web\CController.php(286): CController->runAction(Object(CInlineAction))
#2 D:\zyweb\Yii1\web\CController.php(265): CController->runActionWithFilters(Object(CInlineAction), Array)
#3 D:\zyweb\pcb_wl\applications\admin\components\Controller.php(43): CController->run('CheckDemand')
#4 D:\zyweb\Yii1\web\CWebApplication.php(282): Controller->run('CheckDemand')
#5 D:\zyweb\Yii1\web\CWebApplication.php(141): CWebApplication->runController('userdemand/Chec...')
#6 D:\zyweb\Yii1\base\CApplication.php(180): CWebApplication->processRequest()
#7 D:\zyweb\pcb_wl\website\admin\index.php(32): CApplication->run()
#8 {main}
REQUEST_URI=/userdemand/CheckDemand?dId?=8
---
2017/09/08 11:07:10 [error] [exception.CHttpException.400] exception 'CHttpException' with message '您的请求无效。' in D:\zyweb\Yii1\web\CController.php:336
Stack trace:
#0 D:\zyweb\Yii1\web\CController.php(309): CController->invalidActionParams(Object(CInlineAction))
#1 D:\zyweb\Yii1\web\CController.php(286): CController->runAction(Object(CInlineAction))
#2 D:\zyweb\Yii1\web\CController.php(265): CController->runActionWithFilters(Object(CInlineAction), Array)
#3 D:\zyweb\pcb_wl\applications\admin\components\Controller.php(43): CController->run('CheckDemand')
#4 D:\zyweb\Yii1\web\CWebApplication.php(282): Controller->run('CheckDemand')
#5 D:\zyweb\Yii1\web\CWebApplication.php(141): CWebApplication->runController('userdemand/Chec...')
#6 D:\zyweb\Yii1\base\CApplication.php(180): CWebApplication->processRequest()
#7 D:\zyweb\pcb_wl\website\admin\index.php(32): CApplication->run()
#8 {main}
REQUEST_URI=/userdemand/CheckDemand
---
2017/09/08 11:07:12 [error] [exception.CHttpException.400] exception 'CHttpException' with message '您的请求无效。' in D:\zyweb\Yii1\web\CController.php:336
Stack trace:
#0 D:\zyweb\Yii1\web\CController.php(309): CController->invalidActionParams(Object(CInlineAction))
#1 D:\zyweb\Yii1\web\CController.php(286): CController->runAction(Object(CInlineAction))
#2 D:\zyweb\Yii1\web\CController.php(265): CController->runActionWithFilters(Object(CInlineAction), Array)
#3 D:\zyweb\pcb_wl\applications\admin\components\Controller.php(43): CController->run('CheckDemand')
#4 D:\zyweb\Yii1\web\CWebApplication.php(282): Controller->run('CheckDemand')
#5 D:\zyweb\Yii1\web\CWebApplication.php(141): CWebApplication->runController('userdemand/Chec...')
#6 D:\zyweb\Yii1\base\CApplication.php(180): CWebApplication->processRequest()
#7 D:\zyweb\pcb_wl\website\admin\index.php(32): CApplication->run()
#8 {main}
REQUEST_URI=/userdemand/CheckDemand
---
2017/09/08 11:07:13 [error] [exception.CHttpException.400] exception 'CHttpException' with message '您的请求无效。' in D:\zyweb\Yii1\web\CController.php:336
Stack trace:
#0 D:\zyweb\Yii1\web\CController.php(309): CController->invalidActionParams(Object(CInlineAction))
#1 D:\zyweb\Yii1\web\CController.php(286): CController->runAction(Object(CInlineAction))
#2 D:\zyweb\Yii1\web\CController.php(265): CController->runActionWithFilters(Object(CInlineAction), Array)
#3 D:\zyweb\pcb_wl\applications\admin\components\Controller.php(43): CController->run('CheckDemand')
#4 D:\zyweb\Yii1\web\CWebApplication.php(282): Controller->run('CheckDemand')
#5 D:\zyweb\Yii1\web\CWebApplication.php(141): CWebApplication->runController('userdemand/Chec...')
#6 D:\zyweb\Yii1\base\CApplication.php(180): CWebApplication->processRequest()
#7 D:\zyweb\pcb_wl\website\admin\index.php(32): CApplication->run()
#8 {main}
REQUEST_URI=/userdemand/CheckDemand
---
2017/09/08 11:07:29 [error] [exception.CHttpException.400] exception 'CHttpException' with message '您的请求无效。' in D:\zyweb\Yii1\web\CController.php:336
Stack trace:
#0 D:\zyweb\Yii1\web\CController.php(309): CController->invalidActionParams(Object(CInlineAction))
#1 D:\zyweb\Yii1\web\CController.php(286): CController->runAction(Object(CInlineAction))
#2 D:\zyweb\Yii1\web\CController.php(265): CController->runActionWithFilters(Object(CInlineAction), Array)
#3 D:\zyweb\pcb_wl\applications\admin\components\Controller.php(43): CController->run('CheckDemand')
#4 D:\zyweb\Yii1\web\CWebApplication.php(282): Controller->run('CheckDemand')
#5 D:\zyweb\Yii1\web\CWebApplication.php(141): CWebApplication->runController('userdemand/Chec...')
#6 D:\zyweb\Yii1\base\CApplication.php(180): CWebApplication->processRequest()
#7 D:\zyweb\pcb_wl\website\admin\index.php(32): CApplication->run()
#8 {main}
REQUEST_URI=/userdemand/CheckDemand
---
2017/09/08 16:49:39 [error] [exception.CHttpException.404] exception 'CHttpException' with message 'Unable to resolve the request "favicon.ico".' in D:\zyweb\Yii1\web\CWebApplication.php:286
Stack trace:
#0 D:\zyweb\Yii1\web\CWebApplication.php(141): CWebApplication->runController('favicon.ico')
#1 D:\zyweb\Yii1\base\CApplication.php(180): CWebApplication->processRequest()
#2 D:\zyweb\pcb_wl\website\admin\index.php(32): CApplication->run()
#3 {main}
REQUEST_URI=/favicon.ico
HTTP_REFERER=http://admin.logistics.com/
---
2017/09/08 17:05:21 [error] [exception.CHttpException.404] exception 'CHttpException' with message 'Unable to resolve the request "favicon.ico".' in D:\zyweb\Yii1\web\CWebApplication.php:286
Stack trace:
#0 D:\zyweb\Yii1\web\CWebApplication.php(141): CWebApplication->runController('favicon.ico')
#1 D:\zyweb\Yii1\base\CApplication.php(180): CWebApplication->processRequest()
#2 D:\zyweb\pcb_wl\website\admin\index.php(32): CApplication->run()
#3 {main}
REQUEST_URI=/favicon.ico
HTTP_REFERER=http://admin.logistics.com/
---
