2017/09/08 09:22:30 [profile] [sql] SELECT * FROM `Admin` `t` WHERE username="admin"
2017/09/08 09:47:09 [profile] [sql] SELECT * FROM `Admin` `t` WHERE username="admin"
2017/09/08 09:57:02 [profile] [sql] SELECT * FROM `Admin` `t` WHERE username="admin"
2017/09/08 11:07:44 [profile] [sql] SELECT * FROM `UserDemand` WHERE `id` = ""
2017/09/08 11:08:01 [profile] [sql] SELECT * FROM `UserDemand` WHERE `id` = "8"
2017/09/08 11:08:01 [profile] [sql] UPDATE `UserDemand` SET `startTime`=:startTime, `endTime`=:endTime, `deliveryTime`=:deliveryTime, `userId`=:userId, `userName`=:userName, `userMobile`=:userMobile, `loadMsg`=:loadMsg, `unloadMsg`=:unloadMsg, `vehicleType`=:vehicleType, `vehicleVolume`=:vehicleVolume, `vehicleCapacity`=:vehicleCapacity, `vehicleDesc`=:vehicleDesc, `orderType`=:orderType, `vehicleId`=:vehicleId, `sumVolume`=:sumVolume, `sumWeight`=:sumWeight, `descript`=:descript, `itemName`=:itemName, `itemType`=:itemType, `createTime`=:createTime, `updateTime`=:updateTime, `vehicleLength`=:vehicleLength WHERE `id` IN(8)
array
(
    'startTime' => '2017-08-09 15:36:12'
    'endTime' => '2017-08-09 15:36:12'
    'deliveryTime' => '2017-08-09 15:36:12'
    'userId' => '2'
    'userName' => 'testd'
    'userMobile' => '18649717819'
    'loadMsg' => '开门网_2'
    'unloadMsg' => 'PCBDOOR_2'
    'vehicleType' => '2'
    'vehicleVolume' => null
    'vehicleCapacity' => null
    'vehicleDesc' => null
    'orderType' => '1'
    'vehicleId' => null
    'sumVolume' => '20.00公斤'
    'sumWeight' => '80'
    'descript' => null
    'itemName' => '水果'
    'itemType' => '1'
    'createTime' => '2017-09-01 16:08:21'
    'updateTime' => '2017-09-08 11:08:01'
    'vehicleLength' => null
)
2017/09/08 11:08:33 [profile] [sql] SELECT * FROM `UserDemand` WHERE `id` = "8"
2017/09/08 11:08:36 [profile] [sql] SELECT * FROM `UserDemand` WHERE `id` = "8"
2017/09/08 11:08:36 [profile] [sql] UPDATE `UserDemand` SET `startTime`=:startTime, `endTime`=:endTime, `deliveryTime`=:deliveryTime, `userId`=:userId, `userName`=:userName, `userMobile`=:userMobile, `loadMsg`=:loadMsg, `unloadMsg`=:unloadMsg, `vehicleType`=:vehicleType, `vehicleVolume`=:vehicleVolume, `vehicleCapacity`=:vehicleCapacity, `vehicleDesc`=:vehicleDesc, `orderType`=:orderType, `vehicleId`=:vehicleId, `sumVolume`=:sumVolume, `sumWeight`=:sumWeight, `descript`=:descript, `itemName`=:itemName, `itemType`=:itemType, `createTime`=:createTime, `updateTime`=:updateTime, `vehicleLength`=:vehicleLength WHERE `id` IN(8)
array
(
    'startTime' => '2017-08-09 15:36:12'
    'endTime' => '2017-08-09 15:36:12'
    'deliveryTime' => '2017-08-09 15:36:12'
    'userId' => '2'
    'userName' => 'testd'
    'userMobile' => '18649717819'
    'loadMsg' => '开门网_2'
    'unloadMsg' => 'PCBDOOR_2'
    'vehicleType' => '2'
    'vehicleVolume' => null
    'vehicleCapacity' => null
    'vehicleDesc' => null
    'orderType' => '1'
    'vehicleId' => null
    'sumVolume' => '20.00公斤'
    'sumWeight' => '80'
    'descript' => null
    'itemName' => '水果'
    'itemType' => '1'
    'createTime' => '2017-09-01 16:08:21'
    'updateTime' => '2017-09-08 11:08:36'
    'vehicleLength' => null
)
2017/09/08 11:23:17 [profile] [sql] SELECT * FROM `UserDemand` WHERE `id` = "8"
2017/09/08 11:28:47 [profile] [sql] SELECT * FROM `UserDemand` WHERE `id` = "8"
2017/09/08 11:28:47 [profile] [sql] SELECT * FROM `UserDemand` WHERE `id` = "8"
2017/09/08 11:28:48 [profile] [sql] SELECT * FROM `UserDemand` WHERE `id` = "8"
2017/09/08 13:51:34 [profile] [sql] SELECT * FROM `Admin` `t` WHERE username="admin"
2017/09/08 13:51:43 [profile] [sql] SELECT * FROM `UserDemand` WHERE `id` = ""
2017/09/08 14:02:16 [profile] [sql] SELECT * FROM `UserDemand` WHERE `id` = ""
2017/09/08 14:02:17 [profile] [sql] SELECT * FROM `UserDemand` WHERE `id` = ""
2017/09/08 14:02:18 [profile] [sql] SELECT * FROM `UserDemand` WHERE `id` = ""
2017/09/08 14:02:18 [profile] [sql] SELECT * FROM `UserDemand` WHERE `id` = ""
2017/09/08 14:02:18 [profile] [sql] SELECT * FROM `UserDemand` WHERE `id` = ""
2017/09/08 14:02:18 [profile] [sql] SELECT * FROM `UserDemand` WHERE `id` = ""
2017/09/08 14:02:18 [profile] [sql] SELECT * FROM `UserDemand` WHERE `id` = ""
2017/09/08 14:02:19 [profile] [sql] SELECT * FROM `UserDemand` WHERE `id` = ""
2017/09/08 14:02:19 [profile] [sql] SELECT * FROM `UserDemand` WHERE `id` = ""
2017/09/08 14:02:28 [profile] [sql] SELECT * FROM `UserDemand` WHERE `id` = ""
2017/09/08 14:03:09 [profile] [sql] SELECT * FROM `UserDemand` WHERE `id` = ""
2017/09/08 14:03:10 [profile] [sql] SELECT * FROM `UserDemand` WHERE `id` = ""
2017/09/08 14:03:10 [profile] [sql] SELECT * FROM `UserDemand` WHERE `id` = ""
2017/09/08 14:03:10 [profile] [sql] SELECT * FROM `UserDemand` WHERE `id` = ""
2017/09/08 14:03:11 [profile] [sql] SELECT * FROM `UserDemand` WHERE `id` = ""
2017/09/08 14:03:11 [profile] [sql] SELECT * FROM `UserDemand` WHERE `id` = ""
2017/09/08 14:03:47 [profile] [sql] SELECT * FROM `UserDemand` WHERE `id` = ""
2017/09/08 14:28:45 [profile] [sql] SELECT * FROM `UserDemand` WHERE `id` = ""
2017/09/08 14:51:41 [profile] [sql] SELECT * FROM `UserDemand` WHERE `id` = ""
2017/09/08 14:51:49 [profile] [sql] SELECT * FROM `UserDemand` WHERE `id` = ""
2017/09/08 16:17:35 [profile] [sql] SELECT id,length FROM `VehicleLength` `t` WHERE state="1"
2017/09/08 16:17:35 [profile] [sql] SELECT id,type FROM `VehicleType` `t` WHERE state="1"
2017/09/08 16:20:02 [profile] [sql] SELECT id,length FROM `VehicleLength` `t` WHERE state="1"
2017/09/08 16:20:02 [profile] [sql] SELECT id,type FROM `VehicleType` `t` WHERE state="1"
2017/09/08 16:34:12 [profile] [sql] SELECT id,length FROM `VehicleLength` `t` WHERE state="1"
2017/09/08 16:34:12 [profile] [sql] SELECT id,type FROM `VehicleType` `t` WHERE state="1"
2017/09/08 16:49:50 [profile] [sql] SELECT * FROM `Admin` `t` WHERE username="admin"
2017/09/08 16:49:56 [profile] [sql] SELECT * FROM `UserDemand` WHERE `id` = ""
2017/09/08 16:55:44 [profile] [sql] SELECT * FROM `UserDemand` WHERE `id` = ""
2017/09/08 17:05:27 [profile] [sql] SELECT * FROM `Admin` `t` WHERE username="admin"
2017/09/08 17:05:32 [profile] [sql] SELECT * FROM `UserDemand` WHERE `id` = ""
2017/09/08 17:06:31 [profile] [sql] SELECT * FROM `UserDemand` WHERE `id` = ""
2017/09/08 17:25:07 [profile] [sql] SELECT id,name FROM `ItemType` `t` WHERE state="1"
2017/09/08 17:27:19 [profile] [sql] SELECT id,name FROM `ItemType` `t` WHERE state="1"
