2017/11/01 18:56:28 [error] [exception.CHttpException.404] exception 'CHttpException' with message 'Unable to resolve the request "favicon.ico".' in D:\zyweb\Yii1\web\CWebApplication.php:286
Stack trace:
#0 D:\zyweb\Yii1\web\CWebApplication.php(141): CWebApplication->runController('favicon.ico')
#1 D:\zyweb\Yii1\base\CApplication.php(180): CWebApplication->processRequest()
#2 D:\zyweb\pcb_logistics\website\admin\index.php(32): CApplication->run()
#3 {main}
REQUEST_URI=/favicon.ico
HTTP_REFERER=http://admin.wllogistics.com/gii/default/login
---
2017/11/01 18:56:44 [warning] [application] Failed to set unsafe attribute "baseFormClass" of "GiixAllCode".
in D:\zyweb\pcb_logistics\website\admin\index.php (32)
2017/11/01 18:56:44 [warning] [application] Failed to set unsafe attribute "formPath" of "GiixAllCode".
in D:\zyweb\pcb_logistics\website\admin\index.php (32)
2017/11/01 18:56:48 [warning] [application] Failed to set unsafe attribute "baseFormClass" of "GiixAllCode".
in D:\zyweb\pcb_logistics\website\admin\index.php (32)
2017/11/01 18:56:48 [warning] [application] Failed to set unsafe attribute "formPath" of "GiixAllCode".
in D:\zyweb\pcb_logistics\website\admin\index.php (32)
2017/11/01 18:57:29 [warning] [application] Failed to set unsafe attribute "baseFormClass" of "GiixAllCode".
in D:\zyweb\pcb_logistics\website\admin\index.php (32)
2017/11/01 18:57:29 [warning] [application] Failed to set unsafe attribute "formPath" of "GiixAllCode".
in D:\zyweb\pcb_logistics\website\admin\index.php (32)
2017/11/01 18:57:29 [warning] [application] Failed to set unsafe attribute "baseFormClass" of "GiixAllCode".
in D:\zyweb\pcb_logistics\website\admin\index.php (32)
2017/11/01 18:57:29 [warning] [application] Failed to set unsafe attribute "formPath" of "GiixAllCode".
in D:\zyweb\pcb_logistics\website\admin\index.php (32)
2017/11/01 18:57:35 [warning] [application] Failed to set unsafe attribute "baseFormClass" of "GiixAllCode".
in D:\zyweb\pcb_logistics\website\admin\index.php (32)
2017/11/01 18:57:35 [warning] [application] Failed to set unsafe attribute "formPath" of "GiixAllCode".
in D:\zyweb\pcb_logistics\website\admin\index.php (32)
2017/11/01 18:57:36 [warning] [application] Failed to set unsafe attribute "baseFormClass" of "GiixAllCode".
in D:\zyweb\pcb_logistics\website\admin\index.php (32)
2017/11/01 18:57:36 [warning] [application] Failed to set unsafe attribute "formPath" of "GiixAllCode".
in D:\zyweb\pcb_logistics\website\admin\index.php (32)
2017/11/01 18:57:44 [warning] [application] Failed to set unsafe attribute "baseFormClass" of "GiixAllCode".
in D:\zyweb\pcb_logistics\website\admin\index.php (32)
2017/11/01 18:57:44 [warning] [application] Failed to set unsafe attribute "formPath" of "GiixAllCode".
in D:\zyweb\pcb_logistics\website\admin\index.php (32)
2017/11/01 18:57:44 [warning] [application] Failed to set unsafe attribute "baseFormClass" of "GiixAllCode".
in D:\zyweb\pcb_logistics\website\admin\index.php (32)
2017/11/01 18:57:44 [warning] [application] Failed to set unsafe attribute "formPath" of "GiixAllCode".
in D:\zyweb\pcb_logistics\website\admin\index.php (32)
2017/11/01 18:57:50 [warning] [application] Failed to set unsafe attribute "baseFormClass" of "GiixAllCode".
in D:\zyweb\pcb_logistics\website\admin\index.php (32)
2017/11/01 18:57:50 [warning] [application] Failed to set unsafe attribute "formPath" of "GiixAllCode".
in D:\zyweb\pcb_logistics\website\admin\index.php (32)
2017/11/01 18:57:51 [warning] [application] Failed to set unsafe attribute "baseFormClass" of "GiixAllCode".
in D:\zyweb\pcb_logistics\website\admin\index.php (32)
2017/11/01 18:57:51 [warning] [application] Failed to set unsafe attribute "formPath" of "GiixAllCode".
in D:\zyweb\pcb_logistics\website\admin\index.php (32)
2017/11/01 18:57:58 [warning] [application] Failed to set unsafe attribute "baseFormClass" of "GiixAllCode".
in D:\zyweb\pcb_logistics\website\admin\index.php (32)
2017/11/01 18:57:58 [warning] [application] Failed to set unsafe attribute "formPath" of "GiixAllCode".
in D:\zyweb\pcb_logistics\website\admin\index.php (32)
2017/11/01 18:57:59 [warning] [application] Failed to set unsafe attribute "baseFormClass" of "GiixAllCode".
in D:\zyweb\pcb_logistics\website\admin\index.php (32)
2017/11/01 18:57:59 [warning] [application] Failed to set unsafe attribute "formPath" of "GiixAllCode".
in D:\zyweb\pcb_logistics\website\admin\index.php (32)
2017/11/01 18:58:05 [warning] [application] Failed to set unsafe attribute "baseFormClass" of "GiixAllCode".
in D:\zyweb\pcb_logistics\website\admin\index.php (32)
2017/11/01 18:58:05 [warning] [application] Failed to set unsafe attribute "formPath" of "GiixAllCode".
in D:\zyweb\pcb_logistics\website\admin\index.php (32)
2017/11/01 18:58:06 [warning] [application] Failed to set unsafe attribute "baseFormClass" of "GiixAllCode".
in D:\zyweb\pcb_logistics\website\admin\index.php (32)
2017/11/01 18:58:06 [warning] [application] Failed to set unsafe attribute "formPath" of "GiixAllCode".
in D:\zyweb\pcb_logistics\website\admin\index.php (32)
2017/11/01 18:58:14 [warning] [application] Failed to set unsafe attribute "baseFormClass" of "GiixAllCode".
in D:\zyweb\pcb_logistics\website\admin\index.php (32)
2017/11/01 18:58:14 [warning] [application] Failed to set unsafe attribute "formPath" of "GiixAllCode".
in D:\zyweb\pcb_logistics\website\admin\index.php (32)
2017/11/01 18:58:14 [warning] [application] Failed to set unsafe attribute "baseFormClass" of "GiixAllCode".
in D:\zyweb\pcb_logistics\website\admin\index.php (32)
2017/11/01 18:58:14 [warning] [application] Failed to set unsafe attribute "formPath" of "GiixAllCode".
in D:\zyweb\pcb_logistics\website\admin\index.php (32)
2017/11/01 18:58:22 [warning] [application] Failed to set unsafe attribute "baseFormClass" of "GiixAllCode".
in D:\zyweb\pcb_logistics\website\admin\index.php (32)
2017/11/01 18:58:22 [warning] [application] Failed to set unsafe attribute "formPath" of "GiixAllCode".
in D:\zyweb\pcb_logistics\website\admin\index.php (32)
2017/11/01 18:58:23 [warning] [application] Failed to set unsafe attribute "baseFormClass" of "GiixAllCode".
in D:\zyweb\pcb_logistics\website\admin\index.php (32)
2017/11/01 18:58:23 [warning] [application] Failed to set unsafe attribute "formPath" of "GiixAllCode".
in D:\zyweb\pcb_logistics\website\admin\index.php (32)
2017/11/01 18:58:46 [warning] [application] Failed to set unsafe attribute "baseFormClass" of "GiixAllCode".
in D:\zyweb\pcb_logistics\website\admin\index.php (32)
2017/11/01 18:58:46 [warning] [application] Failed to set unsafe attribute "formPath" of "GiixAllCode".
in D:\zyweb\pcb_logistics\website\admin\index.php (32)
2017/11/01 18:58:47 [warning] [application] Failed to set unsafe attribute "baseFormClass" of "GiixAllCode".
in D:\zyweb\pcb_logistics\website\admin\index.php (32)
2017/11/01 18:58:47 [warning] [application] Failed to set unsafe attribute "formPath" of "GiixAllCode".
in D:\zyweb\pcb_logistics\website\admin\index.php (32)
2017/11/01 18:59:04 [warning] [application] Failed to set unsafe attribute "baseFormClass" of "GiixAllCode".
in D:\zyweb\pcb_logistics\website\admin\index.php (32)
2017/11/01 18:59:04 [warning] [application] Failed to set unsafe attribute "formPath" of "GiixAllCode".
in D:\zyweb\pcb_logistics\website\admin\index.php (32)
2017/11/01 18:59:05 [warning] [application] Failed to set unsafe attribute "baseFormClass" of "GiixAllCode".
in D:\zyweb\pcb_logistics\website\admin\index.php (32)
2017/11/01 18:59:05 [warning] [application] Failed to set unsafe attribute "formPath" of "GiixAllCode".
in D:\zyweb\pcb_logistics\website\admin\index.php (32)
2017/11/01 18:59:12 [warning] [application] Failed to set unsafe attribute "baseFormClass" of "GiixAllCode".
in D:\zyweb\pcb_logistics\website\admin\index.php (32)
2017/11/01 18:59:12 [warning] [application] Failed to set unsafe attribute "formPath" of "GiixAllCode".
in D:\zyweb\pcb_logistics\website\admin\index.php (32)
2017/11/01 18:59:13 [warning] [application] Failed to set unsafe attribute "baseFormClass" of "GiixAllCode".
in D:\zyweb\pcb_logistics\website\admin\index.php (32)
2017/11/01 18:59:13 [warning] [application] Failed to set unsafe attribute "formPath" of "GiixAllCode".
in D:\zyweb\pcb_logistics\website\admin\index.php (32)
2017/11/01 18:59:19 [warning] [application] Failed to set unsafe attribute "baseFormClass" of "GiixAllCode".
in D:\zyweb\pcb_logistics\website\admin\index.php (32)
2017/11/01 18:59:19 [warning] [application] Failed to set unsafe attribute "formPath" of "GiixAllCode".
in D:\zyweb\pcb_logistics\website\admin\index.php (32)
2017/11/01 18:59:20 [warning] [application] Failed to set unsafe attribute "baseFormClass" of "GiixAllCode".
in D:\zyweb\pcb_logistics\website\admin\index.php (32)
2017/11/01 18:59:20 [warning] [application] Failed to set unsafe attribute "formPath" of "GiixAllCode".
in D:\zyweb\pcb_logistics\website\admin\index.php (32)
2017/11/01 18:59:30 [warning] [application] Failed to set unsafe attribute "baseFormClass" of "GiixAllCode".
in D:\zyweb\pcb_logistics\website\admin\index.php (32)
2017/11/01 18:59:30 [warning] [application] Failed to set unsafe attribute "formPath" of "GiixAllCode".
in D:\zyweb\pcb_logistics\website\admin\index.php (32)
2017/11/01 18:59:30 [warning] [application] Failed to set unsafe attribute "baseFormClass" of "GiixAllCode".
in D:\zyweb\pcb_logistics\website\admin\index.php (32)
2017/11/01 18:59:30 [warning] [application] Failed to set unsafe attribute "formPath" of "GiixAllCode".
in D:\zyweb\pcb_logistics\website\admin\index.php (32)
2017/11/01 19:08:52 [error] [exception.CHttpException.404] exception 'CHttpException' with message 'Unable to resolve the request "favicon.ico".' in D:\zyweb\Yii1\web\CWebApplication.php:286
Stack trace:
#0 D:\zyweb\Yii1\web\CWebApplication.php(141): CWebApplication->runController('favicon.ico')
#1 D:\zyweb\Yii1\base\CApplication.php(180): CWebApplication->processRequest()
#2 D:\zyweb\pcb_logistics\website\home\index.php(38): CApplication->run()
#3 {main}
REQUEST_URI=/favicon.ico
HTTP_REFERER=http://www.wllogistics.com/
---
2017/11/01 19:11:17 [error] [php] include(AdminForm.php): failed to open stream: No such file or directory (D:\zyweb\Yii1\YiiBase.php:427)
Stack trace:
#0 D:\zyweb\pcb_logistics\applications\home\controllers\LoginController.php(13): spl_autoload_call()
#1 D:\zyweb\Yii1\web\actions\CInlineAction.php(49): LoginController->actionLogin()
#2 D:\zyweb\Yii1\web\CController.php(308): CInlineAction->runWithParams()
#3 D:\zyweb\Yii1\web\CController.php(286): LoginController->runAction()
#4 D:\zyweb\Yii1\web\CController.php(265): LoginController->runActionWithFilters()
#5 D:\zyweb\pcb_logistics\applications\home\components\Controller.php(30): LoginController->run()
#6 D:\zyweb\Yii1\web\CWebApplication.php(282): LoginController->run()
#7 D:\zyweb\Yii1\web\CWebApplication.php(141): CWebApplication->runController()
#8 D:\zyweb\Yii1\base\CApplication.php(180): CWebApplication->processRequest()
#9 D:\zyweb\pcb_logistics\website\home\index.php(38): CWebApplication->run()
REQUEST_URI=/
in D:\zyweb\pcb_logistics\applications\home\controllers\LoginController.php (13)
in D:\zyweb\pcb_logistics\applications\home\components\Controller.php (30)
in D:\zyweb\pcb_logistics\website\home\index.php (38)
