2017/10/20 09:20:01 [error] [exception.CHttpException.404] exception 'CHttpException' with message 'Unable to resolve the request "favicon.ico".' in D:\zyweb\Yii1\web\CWebApplication.php:286
Stack trace:
#0 D:\zyweb\Yii1\web\CWebApplication.php(141): CWebApplication->runController('favicon.ico')
#1 D:\zyweb\Yii1\base\CApplication.php(180): CWebApplication->processRequest()
#2 D:\zyweb\pcb_wl\website\admin\index.php(32): CApplication->run()
#3 {main}
REQUEST_URI=/favicon.ico
HTTP_REFERER=http://admin.logistics.com/
---
2017/10/20 09:21:07 [error] [exception.CHttpException.404] exception 'CHttpException' with message 'Unable to resolve the request "favicon.ico".' in D:\zyweb\Yii1\web\CWebApplication.php:286
Stack trace:
#0 D:\zyweb\Yii1\web\CWebApplication.php(141): CWebApplication->runController('favicon.ico')
#1 D:\zyweb\Yii1\base\CApplication.php(180): CWebApplication->processRequest()
#2 D:\zyweb\pcb_wl\website\admin\index.php(32): CApplication->run()
#3 {main}
REQUEST_URI=/favicon.ico
HTTP_REFERER=http://admin.logistics.com/index/CarouselfigureEdit/id/6
---
2017/10/20 10:45:52 [error] [php] Undefined index: sort (D:\zyweb\pcb_wl\applications\admin\views\index\imgList.php:21)
Stack trace:
#0 D:\zyweb\Yii1\web\CController.php(869): IndexController->renderFile()
#1 D:\zyweb\Yii1\web\CController.php(782): IndexController->renderPartial()
#2 D:\zyweb\pcb_wl\applications\admin\controllers\IndexController.php(23): IndexController->render()
#3 D:\zyweb\Yii1\web\actions\CInlineAction.php(49): IndexController->actionCarouselfigureList()
#4 D:\zyweb\Yii1\web\CController.php(308): CInlineAction->runWithParams()
#5 D:\zyweb\Yii1\web\CController.php(286): IndexController->runAction()
#6 D:\zyweb\Yii1\web\CController.php(265): IndexController->runActionWithFilters()
#7 D:\zyweb\pcb_wl\applications\admin\components\Controller.php(43): IndexController->run()
#8 D:\zyweb\Yii1\web\CWebApplication.php(282): IndexController->run()
#9 D:\zyweb\Yii1\web\CWebApplication.php(141): CWebApplication->runController()
#10 D:\zyweb\Yii1\base\CApplication.php(180): CWebApplication->processRequest()
#11 D:\zyweb\pcb_wl\website\admin\index.php(32): CWebApplication->run()
REQUEST_URI=/index/CarouselfigureList
in D:\zyweb\pcb_wl\applications\admin\views\index\imgList.php (21)
in D:\zyweb\pcb_wl\applications\admin\controllers\IndexController.php (23)
in D:\zyweb\pcb_wl\applications\admin\components\Controller.php (43)
2017/10/20 13:58:47 [error] [php] Undefined index: UserDemandForm (D:\zyweb\pcb_wl\applications\admin\controllers\UserDemandController.php:18)
Stack trace:
#0 D:\zyweb\Yii1\web\CController.php(286): UserDemandController->runAction()
#1 D:\zyweb\Yii1\web\CController.php(265): UserDemandController->runActionWithFilters()
#2 D:\zyweb\pcb_wl\applications\admin\components\Controller.php(43): UserDemandController->run()
#3 D:\zyweb\Yii1\web\CWebApplication.php(282): UserDemandController->run()
#4 D:\zyweb\Yii1\web\CWebApplication.php(141): CWebApplication->runController()
#5 D:\zyweb\Yii1\base\CApplication.php(180): CWebApplication->processRequest()
#6 D:\zyweb\pcb_wl\website\admin\index.php(32): CWebApplication->run()
REQUEST_URI=/UserDemand/List
in D:\zyweb\pcb_wl\applications\admin\controllers\UserDemandController.php (18)
in D:\zyweb\pcb_wl\applications\admin\components\Controller.php (43)
in D:\zyweb\pcb_wl\website\admin\index.php (32)
2017/10/20 13:59:41 [error] [php] Undefined index: UserDemandForm (D:\zyweb\pcb_wl\applications\admin\controllers\UserDemandController.php:18)
Stack trace:
#0 D:\zyweb\Yii1\web\CController.php(286): UserDemandController->runAction()
#1 D:\zyweb\Yii1\web\CController.php(265): UserDemandController->runActionWithFilters()
#2 D:\zyweb\pcb_wl\applications\admin\components\Controller.php(43): UserDemandController->run()
#3 D:\zyweb\Yii1\web\CWebApplication.php(282): UserDemandController->run()
#4 D:\zyweb\Yii1\web\CWebApplication.php(141): CWebApplication->runController()
#5 D:\zyweb\Yii1\base\CApplication.php(180): CWebApplication->processRequest()
#6 D:\zyweb\pcb_wl\website\admin\index.php(32): CWebApplication->run()
REQUEST_URI=/UserDemand/List
in D:\zyweb\pcb_wl\applications\admin\controllers\UserDemandController.php (18)
in D:\zyweb\pcb_wl\applications\admin\components\Controller.php (43)
in D:\zyweb\pcb_wl\website\admin\index.php (32)
2017/10/20 13:59:41 [error] [php] Undefined index: UserDemandForm (D:\zyweb\pcb_wl\applications\admin\controllers\UserDemandController.php:18)
Stack trace:
#0 D:\zyweb\Yii1\web\CController.php(286): UserDemandController->runAction()
#1 D:\zyweb\Yii1\web\CController.php(265): UserDemandController->runActionWithFilters()
#2 D:\zyweb\pcb_wl\applications\admin\components\Controller.php(43): UserDemandController->run()
#3 D:\zyweb\Yii1\web\CWebApplication.php(282): UserDemandController->run()
#4 D:\zyweb\Yii1\web\CWebApplication.php(141): CWebApplication->runController()
#5 D:\zyweb\Yii1\base\CApplication.php(180): CWebApplication->processRequest()
#6 D:\zyweb\pcb_wl\website\admin\index.php(32): CWebApplication->run()
REQUEST_URI=/UserDemand/List
in D:\zyweb\pcb_wl\applications\admin\controllers\UserDemandController.php (18)
in D:\zyweb\pcb_wl\applications\admin\components\Controller.php (43)
in D:\zyweb\pcb_wl\website\admin\index.php (32)
2017/10/20 13:59:42 [error] [php] Undefined index: UserDemandForm (D:\zyweb\pcb_wl\applications\admin\controllers\UserDemandController.php:18)
Stack trace:
#0 D:\zyweb\Yii1\web\CController.php(286): UserDemandController->runAction()
#1 D:\zyweb\Yii1\web\CController.php(265): UserDemandController->runActionWithFilters()
#2 D:\zyweb\pcb_wl\applications\admin\components\Controller.php(43): UserDemandController->run()
#3 D:\zyweb\Yii1\web\CWebApplication.php(282): UserDemandController->run()
#4 D:\zyweb\Yii1\web\CWebApplication.php(141): CWebApplication->runController()
#5 D:\zyweb\Yii1\base\CApplication.php(180): CWebApplication->processRequest()
#6 D:\zyweb\pcb_wl\website\admin\index.php(32): CWebApplication->run()
REQUEST_URI=/UserDemand/List
in D:\zyweb\pcb_wl\applications\admin\controllers\UserDemandController.php (18)
in D:\zyweb\pcb_wl\applications\admin\components\Controller.php (43)
in D:\zyweb\pcb_wl\website\admin\index.php (32)
2017/10/20 13:59:42 [error] [php] Undefined index: UserDemandForm (D:\zyweb\pcb_wl\applications\admin\controllers\UserDemandController.php:18)
Stack trace:
#0 D:\zyweb\Yii1\web\CController.php(286): UserDemandController->runAction()
#1 D:\zyweb\Yii1\web\CController.php(265): UserDemandController->runActionWithFilters()
#2 D:\zyweb\pcb_wl\applications\admin\components\Controller.php(43): UserDemandController->run()
#3 D:\zyweb\Yii1\web\CWebApplication.php(282): UserDemandController->run()
#4 D:\zyweb\Yii1\web\CWebApplication.php(141): CWebApplication->runController()
#5 D:\zyweb\Yii1\base\CApplication.php(180): CWebApplication->processRequest()
#6 D:\zyweb\pcb_wl\website\admin\index.php(32): CWebApplication->run()
REQUEST_URI=/UserDemand/List
in D:\zyweb\pcb_wl\applications\admin\controllers\UserDemandController.php (18)
in D:\zyweb\pcb_wl\applications\admin\components\Controller.php (43)
in D:\zyweb\pcb_wl\website\admin\index.php (32)
2017/10/20 14:03:06 [error] [exception.CException] exception 'CException' with message '属性 "UserDemandForm.mobile" 未被定义.' in D:\zyweb\Yii1\base\CComponent.php:130
Stack trace:
#0 D:\zyweb\Yii1\web\helpers\CHtml.php(2529): CComponent->__get('mobile')
#1 D:\zyweb\Yii1\web\helpers\CHtml.php(2252): CHtml::resolveValue(Object(UserDemandForm), 'mobile')
#2 D:\zyweb\Yii1\web\helpers\CHtml.php(1434): CHtml::activeInputField('text', Object(UserDemandForm), 'mobile', Array)
#3 D:\zyweb\Yii1\web\widgets\CActiveForm.php(725): CHtml::activeTextField(Object(UserDemandForm), 'mobile', Array)
#4 D:\zyweb\pcb_wl\applications\admin\views\userDemand\index.php(15): CActiveForm->textField(Object(UserDemandForm), 'mobile')
#5 D:\zyweb\Yii1\web\CBaseController.php(126): require('D:\\zyweb\\pcb_wl...')
#6 D:\zyweb\Yii1\web\CBaseController.php(95): CBaseController->renderInternal('D:\\zyweb\\pcb_wl...', Array, true)
#7 D:\zyweb\Yii1\web\CController.php(869): CBaseController->renderFile('D:\\zyweb\\pcb_wl...', Array, true)
#8 D:\zyweb\Yii1\web\CController.php(782): CController->renderPartial('index', Array, true)
#9 D:\zyweb\pcb_wl\applications\admin\controllers\UserDemandController.php(24): CController->render('index', Array)
#10 D:\zyweb\Yii1\web\actions\CInlineAction.php(49): UserDemandController->actionList()
#11 D:\zyweb\Yii1\web\CController.php(308): CInlineAction->runWithParams(Array)
#12 D:\zyweb\Yii1\web\CController.php(286): CController->runAction(Object(CInlineAction))
#13 D:\zyweb\Yii1\web\CController.php(265): CController->runActionWithFilters(Object(CInlineAction), Array)
#14 D:\zyweb\pcb_wl\applications\admin\components\Controller.php(43): CController->run('List')
#15 D:\zyweb\Yii1\web\CWebApplication.php(282): Controller->run('List')
#16 D:\zyweb\Yii1\web\CWebApplication.php(141): CWebApplication->runController('UserDemand/List')
#17 D:\zyweb\Yii1\base\CApplication.php(180): CWebApplication->processRequest()
#18 D:\zyweb\pcb_wl\website\admin\index.php(32): CApplication->run()
#19 {main}
REQUEST_URI=/UserDemand/List
HTTP_REFERER=http://admin.logistics.com/User/List
---
2017/10/20 14:57:48 [error] [exception.CHttpException.404] exception 'CHttpException' with message 'Unable to resolve the request "favicon.ico".' in D:\zyweb\Yii1\web\CWebApplication.php:286
Stack trace:
#0 D:\zyweb\Yii1\web\CWebApplication.php(141): CWebApplication->runController('favicon.ico')
#1 D:\zyweb\Yii1\base\CApplication.php(180): CWebApplication->processRequest()
#2 D:\zyweb\pcb_wl\website\admin\index.php(32): CApplication->run()
#3 {main}
REQUEST_URI=/favicon.ico
HTTP_REFERER=http://admin.logistics.com/User/List
---
2017/10/20 14:57:48 [error] [exception.CHttpException.404] exception 'CHttpException' with message 'Unable to resolve the request "favicon.ico".' in D:\zyweb\Yii1\web\CWebApplication.php:286
Stack trace:
#0 D:\zyweb\Yii1\web\CWebApplication.php(141): CWebApplication->runController('favicon.ico')
#1 D:\zyweb\Yii1\base\CApplication.php(180): CWebApplication->processRequest()
#2 D:\zyweb\pcb_wl\website\admin\index.php(32): CApplication->run()
#3 {main}
REQUEST_URI=/favicon.ico
HTTP_REFERER=http://admin.logistics.com/User/List
---
2017/10/20 14:57:49 [error] [exception.CHttpException.404] exception 'CHttpException' with message 'Unable to resolve the request "favicon.ico".' in D:\zyweb\Yii1\web\CWebApplication.php:286
Stack trace:
#0 D:\zyweb\Yii1\web\CWebApplication.php(141): CWebApplication->runController('favicon.ico')
#1 D:\zyweb\Yii1\base\CApplication.php(180): CWebApplication->processRequest()
#2 D:\zyweb\pcb_wl\website\admin\index.php(32): CApplication->run()
#3 {main}
REQUEST_URI=/favicon.ico
HTTP_REFERER=http://admin.logistics.com/User/List
---
2017/10/20 14:57:49 [error] [exception.CHttpException.404] exception 'CHttpException' with message 'Unable to resolve the request "favicon.ico".' in D:\zyweb\Yii1\web\CWebApplication.php:286
Stack trace:
#0 D:\zyweb\Yii1\web\CWebApplication.php(141): CWebApplication->runController('favicon.ico')
#1 D:\zyweb\Yii1\base\CApplication.php(180): CWebApplication->processRequest()
#2 D:\zyweb\pcb_wl\website\admin\index.php(32): CApplication->run()
#3 {main}
REQUEST_URI=/favicon.ico
HTTP_REFERER=http://admin.logistics.com/User/List
---
2017/10/20 14:57:49 [error] [exception.CHttpException.404] exception 'CHttpException' with message 'Unable to resolve the request "favicon.ico".' in D:\zyweb\Yii1\web\CWebApplication.php:286
Stack trace:
#0 D:\zyweb\Yii1\web\CWebApplication.php(141): CWebApplication->runController('favicon.ico')
#1 D:\zyweb\Yii1\base\CApplication.php(180): CWebApplication->processRequest()
#2 D:\zyweb\pcb_wl\website\admin\index.php(32): CApplication->run()
#3 {main}
REQUEST_URI=/favicon.ico
HTTP_REFERER=http://admin.logistics.com/User/List
---
2017/10/20 15:43:45 [error] [php] include(Area.php): failed to open stream: No such file or directory (D:\zyweb\Yii1\YiiBase.php:427)
Stack trace:
#0 D:\zyweb\pcb_wl\applications\admin\controllers\UserDemandController.php(18): spl_autoload_call()
#1 D:\zyweb\Yii1\web\actions\CInlineAction.php(49): UserDemandController->actionList()
#2 D:\zyweb\Yii1\web\CController.php(308): CInlineAction->runWithParams()
#3 D:\zyweb\Yii1\web\CController.php(286): UserDemandController->runAction()
#4 D:\zyweb\Yii1\web\CController.php(265): UserDemandController->runActionWithFilters()
#5 D:\zyweb\pcb_wl\applications\admin\components\Controller.php(43): UserDemandController->run()
#6 D:\zyweb\Yii1\web\CWebApplication.php(282): UserDemandController->run()
#7 D:\zyweb\Yii1\web\CWebApplication.php(141): CWebApplication->runController()
#8 D:\zyweb\Yii1\base\CApplication.php(180): CWebApplication->processRequest()
#9 D:\zyweb\pcb_wl\website\admin\index.php(32): CWebApplication->run()
REQUEST_URI=/UserDemand/List
in D:\zyweb\pcb_wl\applications\admin\controllers\UserDemandController.php (18)
in D:\zyweb\pcb_wl\applications\admin\components\Controller.php (43)
in D:\zyweb\pcb_wl\website\admin\index.php (32)
