2017/10/24 09:14:12 [error] [exception.CHttpException.404] exception 'CHttpException' with message 'Unable to resolve the request "favicon.ico".' in D:\zyweb\Yii1\web\CWebApplication.php:286
Stack trace:
#0 D:\zyweb\Yii1\web\CWebApplication.php(141): CWebApplication->runController('favicon.ico')
#1 D:\zyweb\Yii1\base\CApplication.php(180): CWebApplication->processRequest()
#2 D:\zyweb\pcb_wl\website\admin\index.php(32): CApplication->run()
#3 {main}
REQUEST_URI=/favicon.ico
HTTP_REFERER=http://admin.logistics.com/
---
2017/10/24 11:02:20 [error] [exception.CHttpException.404] exception 'CHttpException' with message 'Unable to resolve the request "favicon.ico".' in D:\zyweb\Yii1\web\CWebApplication.php:286
Stack trace:
#0 D:\zyweb\Yii1\web\CWebApplication.php(141): CWebApplication->runController('favicon.ico')
#1 D:\zyweb\Yii1\base\CApplication.php(180): CWebApplication->processRequest()
#2 D:\zyweb\pcb_wl\website\admin\index.php(32): CApplication->run()
#3 {main}
REQUEST_URI=/favicon.ico
HTTP_REFERER=http://admin.logistics.com/
---
2017/10/24 11:12:03 [error] [php] Undefined index: loadMsg (D:\zyweb\pcb_wl\applications\admin\controllers\UserDemandController.php:23)
Stack trace:
#0 D:\zyweb\Yii1\web\CController.php(286): UserDemandController->runAction()
#1 D:\zyweb\Yii1\web\CController.php(265): UserDemandController->runActionWithFilters()
#2 D:\zyweb\pcb_wl\applications\admin\components\Controller.php(43): UserDemandController->run()
#3 D:\zyweb\Yii1\web\CWebApplication.php(282): UserDemandController->run()
#4 D:\zyweb\Yii1\web\CWebApplication.php(141): CWebApplication->runController()
#5 D:\zyweb\Yii1\base\CApplication.php(180): CWebApplication->processRequest()
#6 D:\zyweb\pcb_wl\website\admin\index.php(32): CWebApplication->run()
REQUEST_URI=/UserDemand/List
in D:\zyweb\pcb_wl\applications\admin\controllers\UserDemandController.php (23)
in D:\zyweb\pcb_wl\applications\admin\components\Controller.php (43)
in D:\zyweb\pcb_wl\website\admin\index.php (32)
2017/10/24 14:12:03 [error] [php] Undefined variable: xx (D:\zyweb\pcb_wl\applications\admin\controllers\UserDemandController.php:18)
Stack trace:
#0 D:\zyweb\Yii1\web\CController.php(286): UserDemandController->runAction()
#1 D:\zyweb\Yii1\web\CController.php(265): UserDemandController->runActionWithFilters()
#2 D:\zyweb\pcb_wl\applications\admin\components\Controller.php(43): UserDemandController->run()
#3 D:\zyweb\Yii1\web\CWebApplication.php(282): UserDemandController->run()
#4 D:\zyweb\Yii1\web\CWebApplication.php(141): CWebApplication->runController()
#5 D:\zyweb\Yii1\base\CApplication.php(180): CWebApplication->processRequest()
#6 D:\zyweb\pcb_wl\website\admin\index.php(32): CWebApplication->run()
REQUEST_URI=/UserDemand/List?UserDemandForm%5Bload_provinceId%5D=12&UserDemandForm%5BunloadMsg%5D=&UserDemandForm%5BstartTime%5D=&UserDemandForm%5BorderType%5D=&UserDemandForm%5BdemandState%5D=&UserDemandForm%5Bload_provinceId%5D=1&UserDemandForm%5BunloadMsg%5D=&UserDemandForm%5BstartTime%5D=&UserDemandForm%5BorderType%5D=&UserDemandForm%5BdemandState%5D=&UserDemandForm%5Bload_provinceId%5D=12&UserDemandForm%5BunloadMsg%5D=&UserDemandForm%5BstartTime%5D=&UserDemandForm%5BorderType%5D=&UserDemandForm%5BdemandState%5D=&UserDemandForm%5Bload_provinceId%5D=12&UserDemandForm%5Bunload_provinceId%5D=13&UserDemandForm%5BstartTime%5D=&UserDemandForm%5BorderType%5D=&UserDemandForm%5BdemandState%5D=&UserDemandForm%5Bload_provinceId%5D=12&UserDemandForm%5Bunload_provinceId%5D=19&UserDemandForm%5BstartTime%5D=&UserDemandForm%5BorderType%5D=&UserDemandForm%5BdemandState%5D=&UserDemandForm%5Bload_provinceId%5D=&UserDemandForm%5Bunload_provinceId%5D=&UserDemandForm%5BstartTime%5D=&UserDemandForm%5BorderType%5D=&UserDemandForm%5BdemandState%5D=
in D:\zyweb\pcb_wl\applications\admin\controllers\UserDemandController.php (18)
in D:\zyweb\pcb_wl\applications\admin\components\Controller.php (43)
in D:\zyweb\pcb_wl\website\admin\index.php (32)
2017/10/24 14:12:26 [error] [php] A non well formed numeric value encountered (D:\zyweb\pcb_wl\applications\admin\form\UserDemandForm.php:54)
Stack trace:
#0 D:\zyweb\Yii1\web\actions\CInlineAction.php(49): UserDemandController->actionList()
#1 D:\zyweb\Yii1\web\CController.php(308): CInlineAction->runWithParams()
#2 D:\zyweb\Yii1\web\CController.php(286): UserDemandController->runAction()
#3 D:\zyweb\Yii1\web\CController.php(265): UserDemandController->runActionWithFilters()
#4 D:\zyweb\pcb_wl\applications\admin\components\Controller.php(43): UserDemandController->run()
#5 D:\zyweb\Yii1\web\CWebApplication.php(282): UserDemandController->run()
#6 D:\zyweb\Yii1\web\CWebApplication.php(141): CWebApplication->runController()
#7 D:\zyweb\Yii1\base\CApplication.php(180): CWebApplication->processRequest()
#8 D:\zyweb\pcb_wl\website\admin\index.php(32): CWebApplication->run()
REQUEST_URI=/UserDemand/List?UserDemandForm%5Bload_provinceId%5D=12&UserDemandForm%5BunloadMsg%5D=&UserDemandForm%5BstartTime%5D=&UserDemandForm%5BorderType%5D=&UserDemandForm%5BdemandState%5D=&UserDemandForm%5Bload_provinceId%5D=1&UserDemandForm%5BunloadMsg%5D=&UserDemandForm%5BstartTime%5D=&UserDemandForm%5BorderType%5D=&UserDemandForm%5BdemandState%5D=&UserDemandForm%5Bload_provinceId%5D=12&UserDemandForm%5BunloadMsg%5D=&UserDemandForm%5BstartTime%5D=&UserDemandForm%5BorderType%5D=&UserDemandForm%5BdemandState%5D=&UserDemandForm%5Bload_provinceId%5D=12&UserDemandForm%5Bunload_provinceId%5D=13&UserDemandForm%5BstartTime%5D=&UserDemandForm%5BorderType%5D=&UserDemandForm%5BdemandState%5D=&UserDemandForm%5Bload_provinceId%5D=12&UserDemandForm%5Bunload_provinceId%5D=19&UserDemandForm%5BstartTime%5D=&UserDemandForm%5BorderType%5D=&UserDemandForm%5BdemandState%5D=&UserDemandForm%5Bload_provinceId%5D=&UserDemandForm%5Bunload_provinceId%5D=&UserDemandForm%5BstartTime%5D=&UserDemandForm%5BorderType%5D=&UserDemandForm%5BdemandState%5D=&UserDemandForm%5Bload_provinceId%5D=&UserDemandForm%5Bunload_provinceId%5D=&UserDemandForm%5BstartTime%5D=2017-08-09+14%3A12&UserDemandForm%5BorderType%5D=&UserDemandForm%5BdemandState%5D=
in D:\zyweb\pcb_wl\applications\admin\form\UserDemandForm.php (54)
in D:\zyweb\pcb_wl\applications\admin\controllers\UserDemandController.php (25)
in D:\zyweb\pcb_wl\applications\admin\components\Controller.php (43)
2017/10/24 14:13:08 [error] [php] A non well formed numeric value encountered (D:\zyweb\pcb_wl\applications\admin\form\UserDemandForm.php:54)
Stack trace:
#0 D:\zyweb\Yii1\web\actions\CInlineAction.php(49): UserDemandController->actionList()
#1 D:\zyweb\Yii1\web\CController.php(308): CInlineAction->runWithParams()
#2 D:\zyweb\Yii1\web\CController.php(286): UserDemandController->runAction()
#3 D:\zyweb\Yii1\web\CController.php(265): UserDemandController->runActionWithFilters()
#4 D:\zyweb\pcb_wl\applications\admin\components\Controller.php(43): UserDemandController->run()
#5 D:\zyweb\Yii1\web\CWebApplication.php(282): UserDemandController->run()
#6 D:\zyweb\Yii1\web\CWebApplication.php(141): CWebApplication->runController()
#7 D:\zyweb\Yii1\base\CApplication.php(180): CWebApplication->processRequest()
#8 D:\zyweb\pcb_wl\website\admin\index.php(32): CWebApplication->run()
REQUEST_URI=/UserDemand/List?UserDemandForm%5Bload_provinceId%5D=12&UserDemandForm%5BunloadMsg%5D=&UserDemandForm%5BstartTime%5D=&UserDemandForm%5BorderType%5D=&UserDemandForm%5BdemandState%5D=&UserDemandForm%5Bload_provinceId%5D=1&UserDemandForm%5BunloadMsg%5D=&UserDemandForm%5BstartTime%5D=&UserDemandForm%5BorderType%5D=&UserDemandForm%5BdemandState%5D=&UserDemandForm%5Bload_provinceId%5D=12&UserDemandForm%5BunloadMsg%5D=&UserDemandForm%5BstartTime%5D=&UserDemandForm%5BorderType%5D=&UserDemandForm%5BdemandState%5D=&UserDemandForm%5Bload_provinceId%5D=12&UserDemandForm%5Bunload_provinceId%5D=13&UserDemandForm%5BstartTime%5D=&UserDemandForm%5BorderType%5D=&UserDemandForm%5BdemandState%5D=&UserDemandForm%5Bload_provinceId%5D=12&UserDemandForm%5Bunload_provinceId%5D=19&UserDemandForm%5BstartTime%5D=&UserDemandForm%5BorderType%5D=&UserDemandForm%5BdemandState%5D=&UserDemandForm%5Bload_provinceId%5D=&UserDemandForm%5Bunload_provinceId%5D=&UserDemandForm%5BstartTime%5D=&UserDemandForm%5BorderType%5D=&UserDemandForm%5BdemandState%5D=&UserDemandForm%5Bload_provinceId%5D=&UserDemandForm%5Bunload_provinceId%5D=&UserDemandForm%5BstartTime%5D=2017-08-09+14%3A12&UserDemandForm%5BorderType%5D=&UserDemandForm%5BdemandState%5D=
in D:\zyweb\pcb_wl\applications\admin\form\UserDemandForm.php (54)
in D:\zyweb\pcb_wl\applications\admin\controllers\UserDemandController.php (25)
in D:\zyweb\pcb_wl\applications\admin\components\Controller.php (43)
2017/10/24 14:13:55 [error] [php] A non well formed numeric value encountered (D:\zyweb\pcb_wl\applications\admin\form\UserDemandForm.php:53)
Stack trace:
#0 D:\zyweb\Yii1\web\actions\CInlineAction.php(49): UserDemandController->actionList()
#1 D:\zyweb\Yii1\web\CController.php(308): CInlineAction->runWithParams()
#2 D:\zyweb\Yii1\web\CController.php(286): UserDemandController->runAction()
#3 D:\zyweb\Yii1\web\CController.php(265): UserDemandController->runActionWithFilters()
#4 D:\zyweb\pcb_wl\applications\admin\components\Controller.php(43): UserDemandController->run()
#5 D:\zyweb\Yii1\web\CWebApplication.php(282): UserDemandController->run()
#6 D:\zyweb\Yii1\web\CWebApplication.php(141): CWebApplication->runController()
#7 D:\zyweb\Yii1\base\CApplication.php(180): CWebApplication->processRequest()
#8 D:\zyweb\pcb_wl\website\admin\index.php(32): CWebApplication->run()
REQUEST_URI=/UserDemand/List?UserDemandForm%5Bload_provinceId%5D=12&UserDemandForm%5BunloadMsg%5D=&UserDemandForm%5BstartTime%5D=&UserDemandForm%5BorderType%5D=&UserDemandForm%5BdemandState%5D=&UserDemandForm%5Bload_provinceId%5D=1&UserDemandForm%5BunloadMsg%5D=&UserDemandForm%5BstartTime%5D=&UserDemandForm%5BorderType%5D=&UserDemandForm%5BdemandState%5D=&UserDemandForm%5Bload_provinceId%5D=12&UserDemandForm%5BunloadMsg%5D=&UserDemandForm%5BstartTime%5D=&UserDemandForm%5BorderType%5D=&UserDemandForm%5BdemandState%5D=&UserDemandForm%5Bload_provinceId%5D=12&UserDemandForm%5Bunload_provinceId%5D=13&UserDemandForm%5BstartTime%5D=&UserDemandForm%5BorderType%5D=&UserDemandForm%5BdemandState%5D=&UserDemandForm%5Bload_provinceId%5D=12&UserDemandForm%5Bunload_provinceId%5D=19&UserDemandForm%5BstartTime%5D=&UserDemandForm%5BorderType%5D=&UserDemandForm%5BdemandState%5D=&UserDemandForm%5Bload_provinceId%5D=&UserDemandForm%5Bunload_provinceId%5D=&UserDemandForm%5BstartTime%5D=&UserDemandForm%5BorderType%5D=&UserDemandForm%5BdemandState%5D=&UserDemandForm%5Bload_provinceId%5D=&UserDemandForm%5Bunload_provinceId%5D=&UserDemandForm%5BstartTime%5D=2017-08-09+14%3A12&UserDemandForm%5BorderType%5D=&UserDemandForm%5BdemandState%5D=
in D:\zyweb\pcb_wl\applications\admin\form\UserDemandForm.php (53)
in D:\zyweb\pcb_wl\applications\admin\controllers\UserDemandController.php (25)
in D:\zyweb\pcb_wl\applications\admin\components\Controller.php (43)
2017/10/24 16:51:11 [error] [php] Undefined index: id (D:\zyweb\pcb_wl\applications\admin\controllers\UserDemandController.php:79)
Stack trace:
#0 D:\zyweb\Yii1\web\CController.php(286): UserDemandController->runAction()
#1 D:\zyweb\Yii1\web\CController.php(265): UserDemandController->runActionWithFilters()
#2 D:\zyweb\pcb_wl\applications\admin\components\Controller.php(43): UserDemandController->run()
#3 D:\zyweb\Yii1\web\CWebApplication.php(282): UserDemandController->run()
#4 D:\zyweb\Yii1\web\CWebApplication.php(141): CWebApplication->runController()
#5 D:\zyweb\Yii1\base\CApplication.php(180): CWebApplication->processRequest()
#6 D:\zyweb\pcb_wl\website\admin\index.php(32): CWebApplication->run()
REQUEST_URI=/UserDemand/CheckDemand/dId/8
in D:\zyweb\pcb_wl\applications\admin\controllers\UserDemandController.php (79)
in D:\zyweb\pcb_wl\applications\admin\components\Controller.php (43)
in D:\zyweb\pcb_wl\website\admin\index.php (32)
2017/10/24 16:57:35 [error] [php] Undefined index: getDemandState (D:\zyweb\pcb_wl\applications\admin\views\userDemand\index.php:47)
Stack trace:
#0 D:\zyweb\Yii1\web\CController.php(869): UserDemandController->renderFile()
#1 D:\zyweb\Yii1\web\CController.php(782): UserDemandController->renderPartial()
#2 D:\zyweb\pcb_wl\applications\admin\controllers\UserDemandController.php(33): UserDemandController->render()
#3 D:\zyweb\Yii1\web\actions\CInlineAction.php(49): UserDemandController->actionList()
#4 D:\zyweb\Yii1\web\CController.php(308): CInlineAction->runWithParams()
#5 D:\zyweb\Yii1\web\CController.php(286): UserDemandController->runAction()
#6 D:\zyweb\Yii1\web\CController.php(265): UserDemandController->runActionWithFilters()
#7 D:\zyweb\pcb_wl\applications\admin\components\Controller.php(43): UserDemandController->run()
#8 D:\zyweb\Yii1\web\CWebApplication.php(282): UserDemandController->run()
#9 D:\zyweb\Yii1\web\CWebApplication.php(141): CWebApplication->runController()
#10 D:\zyweb\Yii1\base\CApplication.php(180): CWebApplication->processRequest()
#11 D:\zyweb\pcb_wl\website\admin\index.php(32): CWebApplication->run()
REQUEST_URI=/UserDemand/List
in D:\zyweb\pcb_wl\applications\admin\views\userDemand\index.php (47)
in D:\zyweb\pcb_wl\applications\admin\controllers\UserDemandController.php (33)
in D:\zyweb\pcb_wl\applications\admin\components\Controller.php (43)
2017/10/24 17:09:50 [error] [exception.CHttpException.404] exception 'CHttpException' with message 'Unable to resolve the request "favicon.ico".' in D:\zyweb\Yii1\web\CWebApplication.php:286
Stack trace:
#0 D:\zyweb\Yii1\web\CWebApplication.php(141): CWebApplication->runController('favicon.ico')
#1 D:\zyweb\Yii1\base\CApplication.php(180): CWebApplication->processRequest()
#2 D:\zyweb\pcb_wl\website\admin\index.php(32): CApplication->run()
#3 {main}
REQUEST_URI=/favicon.ico
HTTP_REFERER=http://admin.logistics.com/User/UserInfo/id/2
---
