2017/10/25 09:12:42 [error] [exception.CHttpException.404] exception 'CHttpException' with message 'Unable to resolve the request "favicon.ico".' in D:\zyweb\Yii1\web\CWebApplication.php:286
Stack trace:
#0 D:\zyweb\Yii1\web\CWebApplication.php(141): CWebApplication->runController('favicon.ico')
#1 D:\zyweb\Yii1\base\CApplication.php(180): CWebApplication->processRequest()
#2 D:\zyweb\pcb_wl\website\admin\index.php(32): CApplication->run()
#3 {main}
REQUEST_URI=/favicon.ico
HTTP_REFERER=http://admin.logistics.com/
---
2017/10/25 09:20:11 [error] [php] Array to string conversion (D:\zyweb\pcb_wl\applications\admin\views\userDemand\edit.php:173)
Stack trace:
#0 D:\zyweb\Yii1\web\CController.php(869): UserDemandController->renderFile()
#1 D:\zyweb\Yii1\web\CController.php(782): UserDemandController->renderPartial()
#2 D:\zyweb\pcb_wl\applications\admin\controllers\UserDemandController.php(124): UserDemandController->render()
#3 D:\zyweb\Yii1\web\actions\CInlineAction.php(49): UserDemandController->actionCheckDemand()
#4 D:\zyweb\Yii1\web\CController.php(308): CInlineAction->runWithParams()
#5 D:\zyweb\Yii1\web\CController.php(286): UserDemandController->runAction()
#6 D:\zyweb\Yii1\web\CController.php(265): UserDemandController->runActionWithFilters()
#7 D:\zyweb\pcb_wl\applications\admin\components\Controller.php(43): UserDemandController->run()
#8 D:\zyweb\Yii1\web\CWebApplication.php(282): UserDemandController->run()
#9 D:\zyweb\Yii1\web\CWebApplication.php(141): CWebApplication->runController()
#10 D:\zyweb\Yii1\base\CApplication.php(180): CWebApplication->processRequest()
#11 D:\zyweb\pcb_wl\website\admin\index.php(32): CWebApplication->run()
REQUEST_URI=/userdemand/checkDemand
in D:\zyweb\pcb_wl\applications\admin\views\userDemand\edit.php (173)
in D:\zyweb\pcb_wl\applications\admin\controllers\UserDemandController.php (124)
in D:\zyweb\pcb_wl\applications\admin\components\Controller.php (43)
2017/10/25 09:20:36 [error] [php] Undefined variable: userInfo (D:\zyweb\pcb_wl\applications\admin\views\userDemand\checkDemand.php:7)
Stack trace:
#0 D:\zyweb\Yii1\web\CController.php(869): UserDemandController->renderFile()
#1 D:\zyweb\Yii1\web\CController.php(782): UserDemandController->renderPartial()
#2 D:\zyweb\pcb_wl\applications\admin\controllers\UserDemandController.php(133): UserDemandController->render()
#3 D:\zyweb\Yii1\web\actions\CInlineAction.php(49): UserDemandController->actionAddPrice()
#4 D:\zyweb\Yii1\web\CController.php(308): CInlineAction->runWithParams()
#5 D:\zyweb\Yii1\web\CController.php(286): UserDemandController->runAction()
#6 D:\zyweb\Yii1\web\CController.php(265): UserDemandController->runActionWithFilters()
#7 D:\zyweb\pcb_wl\applications\admin\components\Controller.php(43): UserDemandController->run()
#8 D:\zyweb\Yii1\web\CWebApplication.php(282): UserDemandController->run()
#9 D:\zyweb\Yii1\web\CWebApplication.php(141): CWebApplication->runController()
#10 D:\zyweb\Yii1\base\CApplication.php(180): CWebApplication->processRequest()
#11 D:\zyweb\pcb_wl\website\admin\index.php(32): CWebApplication->run()
REQUEST_URI=/userdemand/AddPrice
in D:\zyweb\pcb_wl\applications\admin\views\userDemand\checkDemand.php (7)
in D:\zyweb\pcb_wl\applications\admin\controllers\UserDemandController.php (133)
in D:\zyweb\pcb_wl\applications\admin\components\Controller.php (43)
2017/10/25 09:25:07 [error] [php] Undefined variable: load_pca (D:\zyweb\pcb_wl\applications\admin\views\userDemand\checkDemand.php:44)
Stack trace:
#0 D:\zyweb\Yii1\web\CController.php(869): UserDemandController->renderFile()
#1 D:\zyweb\Yii1\web\CController.php(782): UserDemandController->renderPartial()
#2 D:\zyweb\pcb_wl\applications\admin\controllers\UserDemandController.php(136): UserDemandController->render()
#3 D:\zyweb\Yii1\web\actions\CInlineAction.php(49): UserDemandController->actionAddPrice()
#4 D:\zyweb\Yii1\web\CController.php(308): CInlineAction->runWithParams()
#5 D:\zyweb\Yii1\web\CController.php(286): UserDemandController->runAction()
#6 D:\zyweb\Yii1\web\CController.php(265): UserDemandController->runActionWithFilters()
#7 D:\zyweb\pcb_wl\applications\admin\components\Controller.php(43): UserDemandController->run()
#8 D:\zyweb\Yii1\web\CWebApplication.php(282): UserDemandController->run()
#9 D:\zyweb\Yii1\web\CWebApplication.php(141): CWebApplication->runController()
#10 D:\zyweb\Yii1\base\CApplication.php(180): CWebApplication->processRequest()
#11 D:\zyweb\pcb_wl\website\admin\index.php(32): CWebApplication->run()
REQUEST_URI=/userdemand/AddPrice
in D:\zyweb\pcb_wl\applications\admin\views\userDemand\checkDemand.php (44)
in D:\zyweb\pcb_wl\applications\admin\controllers\UserDemandController.php (136)
in D:\zyweb\pcb_wl\applications\admin\components\Controller.php (43)
2017/10/25 09:27:44 [error] [php] Undefined variable: model (D:\zyweb\pcb_wl\applications\admin\views\userDemand\checkDemand.php:38)
Stack trace:
#0 D:\zyweb\Yii1\web\CController.php(869): UserDemandController->renderFile()
#1 D:\zyweb\Yii1\web\CController.php(782): UserDemandController->renderPartial()
#2 D:\zyweb\pcb_wl\applications\admin\controllers\UserDemandController.php(136): UserDemandController->render()
#3 D:\zyweb\Yii1\web\actions\CInlineAction.php(49): UserDemandController->actionAddPrice()
#4 D:\zyweb\Yii1\web\CController.php(308): CInlineAction->runWithParams()
#5 D:\zyweb\Yii1\web\CController.php(286): UserDemandController->runAction()
#6 D:\zyweb\Yii1\web\CController.php(265): UserDemandController->runActionWithFilters()
#7 D:\zyweb\pcb_wl\applications\admin\components\Controller.php(43): UserDemandController->run()
#8 D:\zyweb\Yii1\web\CWebApplication.php(282): UserDemandController->run()
#9 D:\zyweb\Yii1\web\CWebApplication.php(141): CWebApplication->runController()
#10 D:\zyweb\Yii1\base\CApplication.php(180): CWebApplication->processRequest()
#11 D:\zyweb\pcb_wl\website\admin\index.php(32): CWebApplication->run()
REQUEST_URI=/userdemand/AddPrice
in D:\zyweb\pcb_wl\applications\admin\views\userDemand\checkDemand.php (38)
in D:\zyweb\pcb_wl\applications\admin\controllers\UserDemandController.php (136)
in D:\zyweb\pcb_wl\applications\admin\components\Controller.php (43)
2017/10/25 09:29:22 [error] [php] Undefined variable: imgModel (D:\zyweb\pcb_wl\applications\admin\views\userDemand\checkDemand.php:75)
Stack trace:
#0 D:\zyweb\Yii1\web\CController.php(869): UserDemandController->renderFile()
#1 D:\zyweb\Yii1\web\CController.php(782): UserDemandController->renderPartial()
#2 D:\zyweb\pcb_wl\applications\admin\controllers\UserDemandController.php(139): UserDemandController->render()
#3 D:\zyweb\Yii1\web\actions\CInlineAction.php(49): UserDemandController->actionAddPrice()
#4 D:\zyweb\Yii1\web\CController.php(308): CInlineAction->runWithParams()
#5 D:\zyweb\Yii1\web\CController.php(286): UserDemandController->runAction()
#6 D:\zyweb\Yii1\web\CController.php(265): UserDemandController->runActionWithFilters()
#7 D:\zyweb\pcb_wl\applications\admin\components\Controller.php(43): UserDemandController->run()
#8 D:\zyweb\Yii1\web\CWebApplication.php(282): UserDemandController->run()
#9 D:\zyweb\Yii1\web\CWebApplication.php(141): CWebApplication->runController()
#10 D:\zyweb\Yii1\base\CApplication.php(180): CWebApplication->processRequest()
#11 D:\zyweb\pcb_wl\website\admin\index.php(32): CWebApplication->run()
REQUEST_URI=/userdemand/AddPrice
in D:\zyweb\pcb_wl\applications\admin\views\userDemand\checkDemand.php (75)
in D:\zyweb\pcb_wl\applications\admin\controllers\UserDemandController.php (139)
in D:\zyweb\pcb_wl\applications\admin\components\Controller.php (43)
2017/10/25 09:30:33 [error] [php] Array to string conversion (D:\zyweb\pcb_wl\applications\admin\views\userDemand\checkDemand.php:119)
Stack trace:
#0 D:\zyweb\Yii1\web\CController.php(869): UserDemandController->renderFile()
#1 D:\zyweb\Yii1\web\CController.php(782): UserDemandController->renderPartial()
#2 D:\zyweb\pcb_wl\applications\admin\controllers\UserDemandController.php(152): UserDemandController->render()
#3 D:\zyweb\Yii1\web\actions\CInlineAction.php(49): UserDemandController->actionAddPrice()
#4 D:\zyweb\Yii1\web\CController.php(308): CInlineAction->runWithParams()
#5 D:\zyweb\Yii1\web\CController.php(286): UserDemandController->runAction()
#6 D:\zyweb\Yii1\web\CController.php(265): UserDemandController->runActionWithFilters()
#7 D:\zyweb\pcb_wl\applications\admin\components\Controller.php(43): UserDemandController->run()
#8 D:\zyweb\Yii1\web\CWebApplication.php(282): UserDemandController->run()
#9 D:\zyweb\Yii1\web\CWebApplication.php(141): CWebApplication->runController()
#10 D:\zyweb\Yii1\base\CApplication.php(180): CWebApplication->processRequest()
#11 D:\zyweb\pcb_wl\website\admin\index.php(32): CWebApplication->run()
REQUEST_URI=/userdemand/AddPrice
in D:\zyweb\pcb_wl\applications\admin\views\userDemand\checkDemand.php (119)
in D:\zyweb\pcb_wl\applications\admin\controllers\UserDemandController.php (152)
in D:\zyweb\pcb_wl\applications\admin\components\Controller.php (43)
2017/10/25 09:40:14 [error] [php] Array to string conversion (D:\zyweb\pcb_wl\applications\admin\views\userDemand\checkDemand.php:16)
Stack trace:
#0 D:\zyweb\Yii1\web\CController.php(869): UserDemandController->renderFile()
#1 D:\zyweb\Yii1\web\CController.php(782): UserDemandController->renderPartial()
#2 D:\zyweb\pcb_wl\applications\admin\controllers\UserDemandController.php(153): UserDemandController->render()
#3 D:\zyweb\Yii1\web\actions\CInlineAction.php(49): UserDemandController->actionAddPrice()
#4 D:\zyweb\Yii1\web\CController.php(308): CInlineAction->runWithParams()
#5 D:\zyweb\Yii1\web\CController.php(286): UserDemandController->runAction()
#6 D:\zyweb\Yii1\web\CController.php(265): UserDemandController->runActionWithFilters()
#7 D:\zyweb\pcb_wl\applications\admin\components\Controller.php(43): UserDemandController->run()
#8 D:\zyweb\Yii1\web\CWebApplication.php(282): UserDemandController->run()
#9 D:\zyweb\Yii1\web\CWebApplication.php(141): CWebApplication->runController()
#10 D:\zyweb\Yii1\base\CApplication.php(180): CWebApplication->processRequest()
#11 D:\zyweb\pcb_wl\website\admin\index.php(32): CWebApplication->run()
REQUEST_URI=/userdemand/AddPrice/dId/8
in D:\zyweb\pcb_wl\applications\admin\views\userDemand\checkDemand.php (16)
in D:\zyweb\pcb_wl\applications\admin\controllers\UserDemandController.php (153)
in D:\zyweb\pcb_wl\applications\admin\components\Controller.php (43)
2017/10/25 09:40:22 [error] [php] Array to string conversion (D:\zyweb\pcb_wl\applications\admin\views\userDemand\checkDemand.php:16)
Stack trace:
#0 D:\zyweb\Yii1\web\CController.php(869): UserDemandController->renderFile()
#1 D:\zyweb\Yii1\web\CController.php(782): UserDemandController->renderPartial()
#2 D:\zyweb\pcb_wl\applications\admin\controllers\UserDemandController.php(153): UserDemandController->render()
#3 D:\zyweb\Yii1\web\actions\CInlineAction.php(49): UserDemandController->actionAddPrice()
#4 D:\zyweb\Yii1\web\CController.php(308): CInlineAction->runWithParams()
#5 D:\zyweb\Yii1\web\CController.php(286): UserDemandController->runAction()
#6 D:\zyweb\Yii1\web\CController.php(265): UserDemandController->runActionWithFilters()
#7 D:\zyweb\pcb_wl\applications\admin\components\Controller.php(43): UserDemandController->run()
#8 D:\zyweb\Yii1\web\CWebApplication.php(282): UserDemandController->run()
#9 D:\zyweb\Yii1\web\CWebApplication.php(141): CWebApplication->runController()
#10 D:\zyweb\Yii1\base\CApplication.php(180): CWebApplication->processRequest()
#11 D:\zyweb\pcb_wl\website\admin\index.php(32): CWebApplication->run()
REQUEST_URI=/userdemand/AddPrice/dId/8
in D:\zyweb\pcb_wl\applications\admin\views\userDemand\checkDemand.php (16)
in D:\zyweb\pcb_wl\applications\admin\controllers\UserDemandController.php (153)
in D:\zyweb\pcb_wl\applications\admin\components\Controller.php (43)
2017/10/25 10:09:13 [error] [php] Array to string conversion (D:\zyweb\pcb_wl\applications\admin\views\userDemand\checkDemand.php:124)
Stack trace:
#0 D:\zyweb\Yii1\web\CController.php(869): UserDemandController->renderFile()
#1 D:\zyweb\Yii1\web\CController.php(782): UserDemandController->renderPartial()
#2 D:\zyweb\pcb_wl\applications\admin\controllers\UserDemandController.php(153): UserDemandController->render()
#3 D:\zyweb\Yii1\web\actions\CInlineAction.php(49): UserDemandController->actionAddPrice()
#4 D:\zyweb\Yii1\web\CController.php(308): CInlineAction->runWithParams()
#5 D:\zyweb\Yii1\web\CController.php(286): UserDemandController->runAction()
#6 D:\zyweb\Yii1\web\CController.php(265): UserDemandController->runActionWithFilters()
#7 D:\zyweb\pcb_wl\applications\admin\components\Controller.php(43): UserDemandController->run()
#8 D:\zyweb\Yii1\web\CWebApplication.php(282): UserDemandController->run()
#9 D:\zyweb\Yii1\web\CWebApplication.php(141): CWebApplication->runController()
#10 D:\zyweb\Yii1\base\CApplication.php(180): CWebApplication->processRequest()
#11 D:\zyweb\pcb_wl\website\admin\index.php(32): CWebApplication->run()
REQUEST_URI=/userdemand/AddPrice
in D:\zyweb\pcb_wl\applications\admin\views\userDemand\checkDemand.php (124)
in D:\zyweb\pcb_wl\applications\admin\controllers\UserDemandController.php (153)
in D:\zyweb\pcb_wl\applications\admin\components\Controller.php (43)
2017/10/25 10:09:14 [error] [php] Array to string conversion (D:\zyweb\pcb_wl\applications\admin\views\userDemand\edit.php:173)
Stack trace:
#0 D:\zyweb\Yii1\web\CController.php(869): UserDemandController->renderFile()
#1 D:\zyweb\Yii1\web\CController.php(782): UserDemandController->renderPartial()
#2 D:\zyweb\pcb_wl\applications\admin\controllers\UserDemandController.php(124): UserDemandController->render()
#3 D:\zyweb\Yii1\web\actions\CInlineAction.php(49): UserDemandController->actionCheckDemand()
#4 D:\zyweb\Yii1\web\CController.php(308): CInlineAction->runWithParams()
#5 D:\zyweb\Yii1\web\CController.php(286): UserDemandController->runAction()
#6 D:\zyweb\Yii1\web\CController.php(265): UserDemandController->runActionWithFilters()
#7 D:\zyweb\pcb_wl\applications\admin\components\Controller.php(43): UserDemandController->run()
#8 D:\zyweb\Yii1\web\CWebApplication.php(282): UserDemandController->run()
#9 D:\zyweb\Yii1\web\CWebApplication.php(141): CWebApplication->runController()
#10 D:\zyweb\Yii1\base\CApplication.php(180): CWebApplication->processRequest()
#11 D:\zyweb\pcb_wl\website\admin\index.php(32): CWebApplication->run()
REQUEST_URI=/userdemand/checkDemand
in D:\zyweb\pcb_wl\applications\admin\views\userDemand\edit.php (173)
in D:\zyweb\pcb_wl\applications\admin\controllers\UserDemandController.php (124)
in D:\zyweb\pcb_wl\applications\admin\components\Controller.php (43)
2017/10/25 10:20:19 [error] [exception.CHttpException.404] exception 'CHttpException' with message 'Unable to resolve the request "favicon.ico".' in D:\zyweb\Yii1\web\CWebApplication.php:286
Stack trace:
#0 D:\zyweb\Yii1\web\CWebApplication.php(141): CWebApplication->runController('favicon.ico')
#1 D:\zyweb\Yii1\base\CApplication.php(180): CWebApplication->processRequest()
#2 D:\zyweb\pcb_wl\website\admin\index.php(32): CApplication->run()
#3 {main}
REQUEST_URI=/favicon.ico
HTTP_REFERER=http://admin.logistics.com/UserDemand/CheckDemand/dId/9
---
2017/10/25 10:20:21 [error] [exception.CHttpException.404] exception 'CHttpException' with message 'Unable to resolve the request "favicon.ico".' in D:\zyweb\Yii1\web\CWebApplication.php:286
Stack trace:
#0 D:\zyweb\Yii1\web\CWebApplication.php(141): CWebApplication->runController('favicon.ico')
#1 D:\zyweb\Yii1\base\CApplication.php(180): CWebApplication->processRequest()
#2 D:\zyweb\pcb_wl\website\admin\index.php(32): CApplication->run()
#3 {main}
REQUEST_URI=/favicon.ico
HTTP_REFERER=http://admin.logistics.com/UserDemand/CheckDemand/dId/9
---
2017/10/25 11:16:44 [error] [php] Undefined variable: userId (D:\zyweb\pcb_wl\applications\admin\views\userDemand\checkDemand.php:104)
Stack trace:
#0 D:\zyweb\Yii1\web\CController.php(869): UserDemandController->renderFile()
#1 D:\zyweb\Yii1\web\CController.php(782): UserDemandController->renderPartial()
#2 D:\zyweb\pcb_wl\applications\admin\controllers\UserDemandController.php(154): UserDemandController->render()
#3 D:\zyweb\Yii1\web\actions\CInlineAction.php(49): UserDemandController->actionAddPrice()
#4 D:\zyweb\Yii1\web\CController.php(308): CInlineAction->runWithParams()
#5 D:\zyweb\Yii1\web\CController.php(286): UserDemandController->runAction()
#6 D:\zyweb\Yii1\web\CController.php(265): UserDemandController->runActionWithFilters()
#7 D:\zyweb\pcb_wl\applications\admin\components\Controller.php(43): UserDemandController->run()
#8 D:\zyweb\Yii1\web\CWebApplication.php(282): UserDemandController->run()
#9 D:\zyweb\Yii1\web\CWebApplication.php(141): CWebApplication->runController()
#10 D:\zyweb\Yii1\base\CApplication.php(180): CWebApplication->processRequest()
#11 D:\zyweb\pcb_wl\website\admin\index.php(32): CWebApplication->run()
REQUEST_URI=/userdemand/AddPrice/dId/8
in D:\zyweb\pcb_wl\applications\admin\views\userDemand\checkDemand.php (104)
in D:\zyweb\pcb_wl\applications\admin\controllers\UserDemandController.php (154)
in D:\zyweb\pcb_wl\applications\admin\components\Controller.php (43)
2017/10/25 11:19:00 [error] [php] Array to string conversion (D:\zyweb\pcb_wl\applications\admin\views\userDemand\checkDemand.php:32)
Stack trace:
#0 D:\zyweb\Yii1\web\CController.php(869): UserDemandController->renderFile()
#1 D:\zyweb\Yii1\web\CController.php(782): UserDemandController->renderPartial()
#2 D:\zyweb\pcb_wl\applications\admin\controllers\UserDemandController.php(154): UserDemandController->render()
#3 D:\zyweb\Yii1\web\actions\CInlineAction.php(49): UserDemandController->actionAddPrice()
#4 D:\zyweb\Yii1\web\CController.php(308): CInlineAction->runWithParams()
#5 D:\zyweb\Yii1\web\CController.php(286): UserDemandController->runAction()
#6 D:\zyweb\Yii1\web\CController.php(265): UserDemandController->runActionWithFilters()
#7 D:\zyweb\pcb_wl\applications\admin\components\Controller.php(43): UserDemandController->run()
#8 D:\zyweb\Yii1\web\CWebApplication.php(282): UserDemandController->run()
#9 D:\zyweb\Yii1\web\CWebApplication.php(141): CWebApplication->runController()
#10 D:\zyweb\Yii1\base\CApplication.php(180): CWebApplication->processRequest()
#11 D:\zyweb\pcb_wl\website\admin\index.php(32): CWebApplication->run()
REQUEST_URI=/userdemand/AddPrice/dId/UserDemand/SearchDriver
in D:\zyweb\pcb_wl\applications\admin\views\userDemand\checkDemand.php (32)
in D:\zyweb\pcb_wl\applications\admin\controllers\UserDemandController.php (154)
in D:\zyweb\pcb_wl\applications\admin\components\Controller.php (43)
2017/10/25 11:19:26 [error] [php] Array to string conversion (D:\zyweb\pcb_wl\applications\admin\views\userDemand\checkDemand.php:32)
Stack trace:
#0 D:\zyweb\Yii1\web\CController.php(869): UserDemandController->renderFile()
#1 D:\zyweb\Yii1\web\CController.php(782): UserDemandController->renderPartial()
#2 D:\zyweb\pcb_wl\applications\admin\controllers\UserDemandController.php(154): UserDemandController->render()
#3 D:\zyweb\Yii1\web\actions\CInlineAction.php(49): UserDemandController->actionAddPrice()
#4 D:\zyweb\Yii1\web\CController.php(308): CInlineAction->runWithParams()
#5 D:\zyweb\Yii1\web\CController.php(286): UserDemandController->runAction()
#6 D:\zyweb\Yii1\web\CController.php(265): UserDemandController->runActionWithFilters()
#7 D:\zyweb\pcb_wl\applications\admin\components\Controller.php(43): UserDemandController->run()
#8 D:\zyweb\Yii1\web\CWebApplication.php(282): UserDemandController->run()
#9 D:\zyweb\Yii1\web\CWebApplication.php(141): CWebApplication->runController()
#10 D:\zyweb\Yii1\base\CApplication.php(180): CWebApplication->processRequest()
#11 D:\zyweb\pcb_wl\website\admin\index.php(32): CWebApplication->run()
REQUEST_URI=/userdemand/AddPrice/dId/UserDemand/SearchDriver
in D:\zyweb\pcb_wl\applications\admin\views\userDemand\checkDemand.php (32)
in D:\zyweb\pcb_wl\applications\admin\controllers\UserDemandController.php (154)
in D:\zyweb\pcb_wl\applications\admin\components\Controller.php (43)
2017/10/25 11:22:28 [error] [exception.CException] exception 'CException' with message 'VehicleForm and its behaviors do not have a method or closure named "formName".' in D:\zyweb\Yii1\base\CComponent.php:266
Stack trace:
#0 D:\zyweb\pcb_wl\applications\admin\views\userDemand\checkDemand.php(47): CComponent->__call('formName', Array)
#1 D:\zyweb\pcb_wl\applications\admin\views\userDemand\checkDemand.php(47): VehicleForm->formName()
#2 D:\zyweb\Yii1\web\CBaseController.php(126): require('D:\\zyweb\\pcb_wl...')
#3 D:\zyweb\Yii1\web\CBaseController.php(95): CBaseController->renderInternal('D:\\zyweb\\pcb_wl...', Array, true)
#4 D:\zyweb\Yii1\web\CController.php(869): CBaseController->renderFile('D:\\zyweb\\pcb_wl...', Array, true)
#5 D:\zyweb\Yii1\web\CController.php(782): CController->renderPartial('checkDemand', Array, true)
#6 D:\zyweb\pcb_wl\applications\admin\controllers\UserDemandController.php(154): CController->render('checkDemand', Array)
#7 D:\zyweb\Yii1\web\actions\CInlineAction.php(49): UserDemandController->actionAddPrice()
#8 D:\zyweb\Yii1\web\CController.php(308): CInlineAction->runWithParams(Array)
#9 D:\zyweb\Yii1\web\CController.php(286): CController->runAction(Object(CInlineAction))
#10 D:\zyweb\Yii1\web\CController.php(265): CController->runActionWithFilters(Object(CInlineAction), Array)
#11 D:\zyweb\pcb_wl\applications\admin\components\Controller.php(43): CController->run('AddPrice')
#12 D:\zyweb\Yii1\web\CWebApplication.php(282): Controller->run('AddPrice')
#13 D:\zyweb\Yii1\web\CWebApplication.php(141): CWebApplication->runController('userdemand/AddP...')
#14 D:\zyweb\Yii1\base\CApplication.php(180): CWebApplication->processRequest()
#15 D:\zyweb\pcb_wl\website\admin\index.php(32): CApplication->run()
#16 {main}
REQUEST_URI=/userdemand/AddPrice/dId/8
---
2017/10/25 11:22:30 [error] [exception.CException] exception 'CException' with message 'VehicleForm and its behaviors do not have a method or closure named "formName".' in D:\zyweb\Yii1\base\CComponent.php:266
Stack trace:
#0 D:\zyweb\pcb_wl\applications\admin\views\userDemand\checkDemand.php(47): CComponent->__call('formName', Array)
#1 D:\zyweb\pcb_wl\applications\admin\views\userDemand\checkDemand.php(47): VehicleForm->formName()
#2 D:\zyweb\Yii1\web\CBaseController.php(126): require('D:\\zyweb\\pcb_wl...')
#3 D:\zyweb\Yii1\web\CBaseController.php(95): CBaseController->renderInternal('D:\\zyweb\\pcb_wl...', Array, true)
#4 D:\zyweb\Yii1\web\CController.php(869): CBaseController->renderFile('D:\\zyweb\\pcb_wl...', Array, true)
#5 D:\zyweb\Yii1\web\CController.php(782): CController->renderPartial('checkDemand', Array, true)
#6 D:\zyweb\pcb_wl\applications\admin\controllers\UserDemandController.php(154): CController->render('checkDemand', Array)
#7 D:\zyweb\Yii1\web\actions\CInlineAction.php(49): UserDemandController->actionAddPrice()
#8 D:\zyweb\Yii1\web\CController.php(308): CInlineAction->runWithParams(Array)
#9 D:\zyweb\Yii1\web\CController.php(286): CController->runAction(Object(CInlineAction))
#10 D:\zyweb\Yii1\web\CController.php(265): CController->runActionWithFilters(Object(CInlineAction), Array)
#11 D:\zyweb\pcb_wl\applications\admin\components\Controller.php(43): CController->run('AddPrice')
#12 D:\zyweb\Yii1\web\CWebApplication.php(282): Controller->run('AddPrice')
#13 D:\zyweb\Yii1\web\CWebApplication.php(141): CWebApplication->runController('userdemand/AddP...')
#14 D:\zyweb\Yii1\base\CApplication.php(180): CWebApplication->processRequest()
#15 D:\zyweb\pcb_wl\website\admin\index.php(32): CApplication->run()
#16 {main}
REQUEST_URI=/userdemand/AddPrice/dId/8
---
2017/10/25 11:22:30 [error] [exception.CException] exception 'CException' with message 'VehicleForm and its behaviors do not have a method or closure named "formName".' in D:\zyweb\Yii1\base\CComponent.php:266
Stack trace:
#0 D:\zyweb\pcb_wl\applications\admin\views\userDemand\checkDemand.php(47): CComponent->__call('formName', Array)
#1 D:\zyweb\pcb_wl\applications\admin\views\userDemand\checkDemand.php(47): VehicleForm->formName()
#2 D:\zyweb\Yii1\web\CBaseController.php(126): require('D:\\zyweb\\pcb_wl...')
#3 D:\zyweb\Yii1\web\CBaseController.php(95): CBaseController->renderInternal('D:\\zyweb\\pcb_wl...', Array, true)
#4 D:\zyweb\Yii1\web\CController.php(869): CBaseController->renderFile('D:\\zyweb\\pcb_wl...', Array, true)
#5 D:\zyweb\Yii1\web\CController.php(782): CController->renderPartial('checkDemand', Array, true)
#6 D:\zyweb\pcb_wl\applications\admin\controllers\UserDemandController.php(154): CController->render('checkDemand', Array)
#7 D:\zyweb\Yii1\web\actions\CInlineAction.php(49): UserDemandController->actionAddPrice()
#8 D:\zyweb\Yii1\web\CController.php(308): CInlineAction->runWithParams(Array)
#9 D:\zyweb\Yii1\web\CController.php(286): CController->runAction(Object(CInlineAction))
#10 D:\zyweb\Yii1\web\CController.php(265): CController->runActionWithFilters(Object(CInlineAction), Array)
#11 D:\zyweb\pcb_wl\applications\admin\components\Controller.php(43): CController->run('AddPrice')
#12 D:\zyweb\Yii1\web\CWebApplication.php(282): Controller->run('AddPrice')
#13 D:\zyweb\Yii1\web\CWebApplication.php(141): CWebApplication->runController('userdemand/AddP...')
#14 D:\zyweb\Yii1\base\CApplication.php(180): CWebApplication->processRequest()
#15 D:\zyweb\pcb_wl\website\admin\index.php(32): CApplication->run()
#16 {main}
REQUEST_URI=/userdemand/AddPrice/dId/8
---
2017/10/25 11:22:30 [error] [exception.CException] exception 'CException' with message 'VehicleForm and its behaviors do not have a method or closure named "formName".' in D:\zyweb\Yii1\base\CComponent.php:266
Stack trace:
#0 D:\zyweb\pcb_wl\applications\admin\views\userDemand\checkDemand.php(47): CComponent->__call('formName', Array)
#1 D:\zyweb\pcb_wl\applications\admin\views\userDemand\checkDemand.php(47): VehicleForm->formName()
#2 D:\zyweb\Yii1\web\CBaseController.php(126): require('D:\\zyweb\\pcb_wl...')
#3 D:\zyweb\Yii1\web\CBaseController.php(95): CBaseController->renderInternal('D:\\zyweb\\pcb_wl...', Array, true)
#4 D:\zyweb\Yii1\web\CController.php(869): CBaseController->renderFile('D:\\zyweb\\pcb_wl...', Array, true)
#5 D:\zyweb\Yii1\web\CController.php(782): CController->renderPartial('checkDemand', Array, true)
#6 D:\zyweb\pcb_wl\applications\admin\controllers\UserDemandController.php(154): CController->render('checkDemand', Array)
#7 D:\zyweb\Yii1\web\actions\CInlineAction.php(49): UserDemandController->actionAddPrice()
#8 D:\zyweb\Yii1\web\CController.php(308): CInlineAction->runWithParams(Array)
#9 D:\zyweb\Yii1\web\CController.php(286): CController->runAction(Object(CInlineAction))
#10 D:\zyweb\Yii1\web\CController.php(265): CController->runActionWithFilters(Object(CInlineAction), Array)
#11 D:\zyweb\pcb_wl\applications\admin\components\Controller.php(43): CController->run('AddPrice')
#12 D:\zyweb\Yii1\web\CWebApplication.php(282): Controller->run('AddPrice')
#13 D:\zyweb\Yii1\web\CWebApplication.php(141): CWebApplication->runController('userdemand/AddP...')
#14 D:\zyweb\Yii1\base\CApplication.php(180): CWebApplication->processRequest()
#15 D:\zyweb\pcb_wl\website\admin\index.php(32): CApplication->run()
#16 {main}
REQUEST_URI=/userdemand/AddPrice/dId/8
---
2017/10/25 11:22:31 [error] [exception.CException] exception 'CException' with message 'VehicleForm and its behaviors do not have a method or closure named "formName".' in D:\zyweb\Yii1\base\CComponent.php:266
Stack trace:
#0 D:\zyweb\pcb_wl\applications\admin\views\userDemand\checkDemand.php(47): CComponent->__call('formName', Array)
#1 D:\zyweb\pcb_wl\applications\admin\views\userDemand\checkDemand.php(47): VehicleForm->formName()
#2 D:\zyweb\Yii1\web\CBaseController.php(126): require('D:\\zyweb\\pcb_wl...')
#3 D:\zyweb\Yii1\web\CBaseController.php(95): CBaseController->renderInternal('D:\\zyweb\\pcb_wl...', Array, true)
#4 D:\zyweb\Yii1\web\CController.php(869): CBaseController->renderFile('D:\\zyweb\\pcb_wl...', Array, true)
#5 D:\zyweb\Yii1\web\CController.php(782): CController->renderPartial('checkDemand', Array, true)
#6 D:\zyweb\pcb_wl\applications\admin\controllers\UserDemandController.php(154): CController->render('checkDemand', Array)
#7 D:\zyweb\Yii1\web\actions\CInlineAction.php(49): UserDemandController->actionAddPrice()
#8 D:\zyweb\Yii1\web\CController.php(308): CInlineAction->runWithParams(Array)
#9 D:\zyweb\Yii1\web\CController.php(286): CController->runAction(Object(CInlineAction))
#10 D:\zyweb\Yii1\web\CController.php(265): CController->runActionWithFilters(Object(CInlineAction), Array)
#11 D:\zyweb\pcb_wl\applications\admin\components\Controller.php(43): CController->run('AddPrice')
#12 D:\zyweb\Yii1\web\CWebApplication.php(282): Controller->run('AddPrice')
#13 D:\zyweb\Yii1\web\CWebApplication.php(141): CWebApplication->runController('userdemand/AddP...')
#14 D:\zyweb\Yii1\base\CApplication.php(180): CWebApplication->processRequest()
#15 D:\zyweb\pcb_wl\website\admin\index.php(32): CApplication->run()
#16 {main}
REQUEST_URI=/userdemand/AddPrice/dId/8
---
2017/10/25 11:22:31 [error] [exception.CException] exception 'CException' with message 'VehicleForm and its behaviors do not have a method or closure named "formName".' in D:\zyweb\Yii1\base\CComponent.php:266
Stack trace:
#0 D:\zyweb\pcb_wl\applications\admin\views\userDemand\checkDemand.php(47): CComponent->__call('formName', Array)
#1 D:\zyweb\pcb_wl\applications\admin\views\userDemand\checkDemand.php(47): VehicleForm->formName()
#2 D:\zyweb\Yii1\web\CBaseController.php(126): require('D:\\zyweb\\pcb_wl...')
#3 D:\zyweb\Yii1\web\CBaseController.php(95): CBaseController->renderInternal('D:\\zyweb\\pcb_wl...', Array, true)
#4 D:\zyweb\Yii1\web\CController.php(869): CBaseController->renderFile('D:\\zyweb\\pcb_wl...', Array, true)
#5 D:\zyweb\Yii1\web\CController.php(782): CController->renderPartial('checkDemand', Array, true)
#6 D:\zyweb\pcb_wl\applications\admin\controllers\UserDemandController.php(154): CController->render('checkDemand', Array)
#7 D:\zyweb\Yii1\web\actions\CInlineAction.php(49): UserDemandController->actionAddPrice()
#8 D:\zyweb\Yii1\web\CController.php(308): CInlineAction->runWithParams(Array)
#9 D:\zyweb\Yii1\web\CController.php(286): CController->runAction(Object(CInlineAction))
#10 D:\zyweb\Yii1\web\CController.php(265): CController->runActionWithFilters(Object(CInlineAction), Array)
#11 D:\zyweb\pcb_wl\applications\admin\components\Controller.php(43): CController->run('AddPrice')
#12 D:\zyweb\Yii1\web\CWebApplication.php(282): Controller->run('AddPrice')
#13 D:\zyweb\Yii1\web\CWebApplication.php(141): CWebApplication->runController('userdemand/AddP...')
#14 D:\zyweb\Yii1\base\CApplication.php(180): CWebApplication->processRequest()
#15 D:\zyweb\pcb_wl\website\admin\index.php(32): CApplication->run()
#16 {main}
REQUEST_URI=/userdemand/AddPrice/dId/8
---
2017/10/25 11:22:52 [error] [php] Object of class CActiveForm could not be converted to string (D:\zyweb\pcb_wl\applications\admin\views\userDemand\checkDemand.php:111)
Stack trace:
#0 D:\zyweb\Yii1\web\CController.php(869): UserDemandController->renderFile()
#1 D:\zyweb\Yii1\web\CController.php(782): UserDemandController->renderPartial()
#2 D:\zyweb\pcb_wl\applications\admin\controllers\UserDemandController.php(154): UserDemandController->render()
#3 D:\zyweb\Yii1\web\actions\CInlineAction.php(49): UserDemandController->actionAddPrice()
#4 D:\zyweb\Yii1\web\CController.php(308): CInlineAction->runWithParams()
#5 D:\zyweb\Yii1\web\CController.php(286): UserDemandController->runAction()
#6 D:\zyweb\Yii1\web\CController.php(265): UserDemandController->runActionWithFilters()
#7 D:\zyweb\pcb_wl\applications\admin\components\Controller.php(43): UserDemandController->run()
#8 D:\zyweb\Yii1\web\CWebApplication.php(282): UserDemandController->run()
#9 D:\zyweb\Yii1\web\CWebApplication.php(141): CWebApplication->runController()
#10 D:\zyweb\Yii1\base\CApplication.php(180): CWebApplication->processRequest()
#11 D:\zyweb\pcb_wl\website\admin\index.php(32): CWebApplication->run()
REQUEST_URI=/userdemand/AddPrice/dId/8
in D:\zyweb\pcb_wl\applications\admin\views\userDemand\checkDemand.php (111)
in D:\zyweb\pcb_wl\applications\admin\controllers\UserDemandController.php (154)
in D:\zyweb\pcb_wl\applications\admin\components\Controller.php (43)
2017/10/25 11:33:38 [error] [php] Object of class CActiveForm could not be converted to string (D:\zyweb\pcb_wl\applications\admin\views\userDemand\checkDemand.php:113)
Stack trace:
#0 D:\zyweb\Yii1\web\CController.php(869): UserDemandController->renderFile()
#1 D:\zyweb\Yii1\web\CController.php(782): UserDemandController->renderPartial()
#2 D:\zyweb\pcb_wl\applications\admin\controllers\UserDemandController.php(154): UserDemandController->render()
#3 D:\zyweb\Yii1\web\actions\CInlineAction.php(49): UserDemandController->actionAddPrice()
#4 D:\zyweb\Yii1\web\CController.php(308): CInlineAction->runWithParams()
#5 D:\zyweb\Yii1\web\CController.php(286): UserDemandController->runAction()
#6 D:\zyweb\Yii1\web\CController.php(265): UserDemandController->runActionWithFilters()
#7 D:\zyweb\pcb_wl\applications\admin\components\Controller.php(43): UserDemandController->run()
#8 D:\zyweb\Yii1\web\CWebApplication.php(282): UserDemandController->run()
#9 D:\zyweb\Yii1\web\CWebApplication.php(141): CWebApplication->runController()
#10 D:\zyweb\Yii1\base\CApplication.php(180): CWebApplication->processRequest()
#11 D:\zyweb\pcb_wl\website\admin\index.php(32): CWebApplication->run()
REQUEST_URI=/userdemand/AddPrice/dId/8
in D:\zyweb\pcb_wl\applications\admin\views\userDemand\checkDemand.php (113)
in D:\zyweb\pcb_wl\applications\admin\controllers\UserDemandController.php (154)
in D:\zyweb\pcb_wl\applications\admin\components\Controller.php (43)
2017/10/25 11:34:00 [error] [php] Array to string conversion (D:\zyweb\pcb_wl\applications\admin\views\userDemand\checkDemand.php:32)
Stack trace:
#0 D:\zyweb\Yii1\web\CController.php(869): UserDemandController->renderFile()
#1 D:\zyweb\Yii1\web\CController.php(782): UserDemandController->renderPartial()
#2 D:\zyweb\pcb_wl\applications\admin\controllers\UserDemandController.php(154): UserDemandController->render()
#3 D:\zyweb\Yii1\web\actions\CInlineAction.php(49): UserDemandController->actionAddPrice()
#4 D:\zyweb\Yii1\web\CController.php(308): CInlineAction->runWithParams()
#5 D:\zyweb\Yii1\web\CController.php(286): UserDemandController->runAction()
#6 D:\zyweb\Yii1\web\CController.php(265): UserDemandController->runActionWithFilters()
#7 D:\zyweb\pcb_wl\applications\admin\components\Controller.php(43): UserDemandController->run()
#8 D:\zyweb\Yii1\web\CWebApplication.php(282): UserDemandController->run()
#9 D:\zyweb\Yii1\web\CWebApplication.php(141): CWebApplication->runController()
#10 D:\zyweb\Yii1\base\CApplication.php(180): CWebApplication->processRequest()
#11 D:\zyweb\pcb_wl\website\admin\index.php(32): CWebApplication->run()
REQUEST_URI=/userdemand/AddPrice/dId/UserDemand/SearchDriver
in D:\zyweb\pcb_wl\applications\admin\views\userDemand\checkDemand.php (32)
in D:\zyweb\pcb_wl\applications\admin\controllers\UserDemandController.php (154)
in D:\zyweb\pcb_wl\applications\admin\components\Controller.php (43)
2017/10/25 14:00:09 [error] [php] Invalid argument supplied for foreach() (D:\zyweb\Yii1\base\CModel.php:442)
Stack trace:
#0 D:\zyweb\pcb_wl\applications\admin\controllers\UserDemandController.php(167): VehicleForm->searchAjax()
#1 D:\zyweb\Yii1\web\actions\CInlineAction.php(49): UserDemandController->actionSearchDriver()
#2 D:\zyweb\Yii1\web\CController.php(308): CInlineAction->runWithParams()
#3 D:\zyweb\Yii1\web\CController.php(286): UserDemandController->runAction()
#4 D:\zyweb\Yii1\web\CController.php(265): UserDemandController->runActionWithFilters()
#5 D:\zyweb\pcb_wl\applications\admin\components\Controller.php(43): UserDemandController->run()
#6 D:\zyweb\Yii1\web\CWebApplication.php(282): UserDemandController->run()
#7 D:\zyweb\Yii1\web\CWebApplication.php(141): CWebApplication->runController()
#8 D:\zyweb\Yii1\base\CApplication.php(180): CWebApplication->processRequest()
#9 D:\zyweb\pcb_wl\website\admin\index.php(32): CWebApplication->run()
REQUEST_URI=/UserDemand/SearchDriver?length=1&capacity=
in D:\zyweb\pcb_wl\applications\admin\form\VehicleForm.php (77)
in D:\zyweb\pcb_wl\applications\admin\controllers\UserDemandController.php (167)
in D:\zyweb\pcb_wl\applications\admin\components\Controller.php (43)
2017/10/25 14:27:45 [error] [php] Illegal string offset 'id' (D:\zyweb\pcb_wl\applications\admin\views\userDemand\checkDemand.php:56)
Stack trace:
#0 D:\zyweb\Yii1\web\CController.php(869): UserDemandController->renderFile()
#1 D:\zyweb\Yii1\web\CController.php(782): UserDemandController->renderPartial()
#2 D:\zyweb\pcb_wl\applications\admin\controllers\UserDemandController.php(154): UserDemandController->render()
#3 D:\zyweb\Yii1\web\actions\CInlineAction.php(49): UserDemandController->actionAddPrice()
#4 D:\zyweb\Yii1\web\CController.php(308): CInlineAction->runWithParams()
#5 D:\zyweb\Yii1\web\CController.php(286): UserDemandController->runAction()
#6 D:\zyweb\Yii1\web\CController.php(265): UserDemandController->runActionWithFilters()
#7 D:\zyweb\pcb_wl\applications\admin\components\Controller.php(43): UserDemandController->run()
#8 D:\zyweb\Yii1\web\CWebApplication.php(282): UserDemandController->run()
#9 D:\zyweb\Yii1\web\CWebApplication.php(141): CWebApplication->runController()
#10 D:\zyweb\Yii1\base\CApplication.php(180): CWebApplication->processRequest()
#11 D:\zyweb\pcb_wl\website\admin\index.php(32): CWebApplication->run()
REQUEST_URI=/userdemand/AddPrice/dId/8
in D:\zyweb\pcb_wl\applications\admin\views\userDemand\checkDemand.php (56)
in D:\zyweb\pcb_wl\applications\admin\controllers\UserDemandController.php (154)
in D:\zyweb\pcb_wl\applications\admin\components\Controller.php (43)
2017/10/25 14:54:34 [error] [php] Use of undefined constant frequenceCity - assumed 'frequenceCity' (D:\zyweb\pcb_wl\applications\admin\controllers\UserDemandController.php:174)
Stack trace:
#0 D:\zyweb\Yii1\web\CController.php(286): UserDemandController->runAction()
#1 D:\zyweb\Yii1\web\CController.php(265): UserDemandController->runActionWithFilters()
#2 D:\zyweb\pcb_wl\applications\admin\components\Controller.php(43): UserDemandController->run()
#3 D:\zyweb\Yii1\web\CWebApplication.php(282): UserDemandController->run()
#4 D:\zyweb\Yii1\web\CWebApplication.php(141): CWebApplication->runController()
#5 D:\zyweb\Yii1\base\CApplication.php(180): CWebApplication->processRequest()
#6 D:\zyweb\pcb_wl\website\admin\index.php(32): CWebApplication->run()
REQUEST_URI=/UserDemand/SearchDriver?length=&capacity=&type=0&frequenceCity=%E8%AF%B7%E9%80%89%E6%8B%A9
in D:\zyweb\pcb_wl\applications\admin\controllers\UserDemandController.php (174)
in D:\zyweb\pcb_wl\applications\admin\components\Controller.php (43)
in D:\zyweb\pcb_wl\website\admin\index.php (32)
2017/10/25 14:54:35 [error] [php] Use of undefined constant frequenceCity - assumed 'frequenceCity' (D:\zyweb\pcb_wl\applications\admin\controllers\UserDemandController.php:174)
Stack trace:
#0 D:\zyweb\Yii1\web\CController.php(286): UserDemandController->runAction()
#1 D:\zyweb\Yii1\web\CController.php(265): UserDemandController->runActionWithFilters()
#2 D:\zyweb\pcb_wl\applications\admin\components\Controller.php(43): UserDemandController->run()
#3 D:\zyweb\Yii1\web\CWebApplication.php(282): UserDemandController->run()
#4 D:\zyweb\Yii1\web\CWebApplication.php(141): CWebApplication->runController()
#5 D:\zyweb\Yii1\base\CApplication.php(180): CWebApplication->processRequest()
#6 D:\zyweb\pcb_wl\website\admin\index.php(32): CWebApplication->run()
REQUEST_URI=/UserDemand/SearchDriver?length=&capacity=&type=0&frequenceCity=%E8%AF%B7%E9%80%89%E6%8B%A9
in D:\zyweb\pcb_wl\applications\admin\controllers\UserDemandController.php (174)
in D:\zyweb\pcb_wl\applications\admin\components\Controller.php (43)
in D:\zyweb\pcb_wl\website\admin\index.php (32)
2017/10/25 14:54:35 [error] [php] Use of undefined constant frequenceCity - assumed 'frequenceCity' (D:\zyweb\pcb_wl\applications\admin\controllers\UserDemandController.php:174)
Stack trace:
#0 D:\zyweb\Yii1\web\CController.php(286): UserDemandController->runAction()
#1 D:\zyweb\Yii1\web\CController.php(265): UserDemandController->runActionWithFilters()
#2 D:\zyweb\pcb_wl\applications\admin\components\Controller.php(43): UserDemandController->run()
#3 D:\zyweb\Yii1\web\CWebApplication.php(282): UserDemandController->run()
#4 D:\zyweb\Yii1\web\CWebApplication.php(141): CWebApplication->runController()
#5 D:\zyweb\Yii1\base\CApplication.php(180): CWebApplication->processRequest()
#6 D:\zyweb\pcb_wl\website\admin\index.php(32): CWebApplication->run()
REQUEST_URI=/UserDemand/SearchDriver?length=&capacity=&type=0&frequenceCity=%E8%AF%B7%E9%80%89%E6%8B%A9
in D:\zyweb\pcb_wl\applications\admin\controllers\UserDemandController.php (174)
in D:\zyweb\pcb_wl\applications\admin\components\Controller.php (43)
in D:\zyweb\pcb_wl\website\admin\index.php (32)
2017/10/25 14:54:35 [error] [php] Use of undefined constant frequenceCity - assumed 'frequenceCity' (D:\zyweb\pcb_wl\applications\admin\controllers\UserDemandController.php:174)
Stack trace:
#0 D:\zyweb\Yii1\web\CController.php(286): UserDemandController->runAction()
#1 D:\zyweb\Yii1\web\CController.php(265): UserDemandController->runActionWithFilters()
#2 D:\zyweb\pcb_wl\applications\admin\components\Controller.php(43): UserDemandController->run()
#3 D:\zyweb\Yii1\web\CWebApplication.php(282): UserDemandController->run()
#4 D:\zyweb\Yii1\web\CWebApplication.php(141): CWebApplication->runController()
#5 D:\zyweb\Yii1\base\CApplication.php(180): CWebApplication->processRequest()
#6 D:\zyweb\pcb_wl\website\admin\index.php(32): CWebApplication->run()
REQUEST_URI=/UserDemand/SearchDriver?length=&capacity=&type=0&frequenceCity=%E8%AF%B7%E9%80%89%E6%8B%A9
in D:\zyweb\pcb_wl\applications\admin\controllers\UserDemandController.php (174)
in D:\zyweb\pcb_wl\applications\admin\components\Controller.php (43)
in D:\zyweb\pcb_wl\website\admin\index.php (32)
2017/10/25 14:54:35 [error] [php] Use of undefined constant frequenceCity - assumed 'frequenceCity' (D:\zyweb\pcb_wl\applications\admin\controllers\UserDemandController.php:174)
Stack trace:
#0 D:\zyweb\Yii1\web\CController.php(286): UserDemandController->runAction()
#1 D:\zyweb\Yii1\web\CController.php(265): UserDemandController->runActionWithFilters()
#2 D:\zyweb\pcb_wl\applications\admin\components\Controller.php(43): UserDemandController->run()
#3 D:\zyweb\Yii1\web\CWebApplication.php(282): UserDemandController->run()
#4 D:\zyweb\Yii1\web\CWebApplication.php(141): CWebApplication->runController()
#5 D:\zyweb\Yii1\base\CApplication.php(180): CWebApplication->processRequest()
#6 D:\zyweb\pcb_wl\website\admin\index.php(32): CWebApplication->run()
REQUEST_URI=/UserDemand/SearchDriver?length=&capacity=&type=0&frequenceCity=%E8%AF%B7%E9%80%89%E6%8B%A9
in D:\zyweb\pcb_wl\applications\admin\controllers\UserDemandController.php (174)
in D:\zyweb\pcb_wl\applications\admin\components\Controller.php (43)
in D:\zyweb\pcb_wl\website\admin\index.php (32)
2017/10/25 14:54:35 [error] [php] Use of undefined constant frequenceCity - assumed 'frequenceCity' (D:\zyweb\pcb_wl\applications\admin\controllers\UserDemandController.php:174)
Stack trace:
#0 D:\zyweb\Yii1\web\CController.php(286): UserDemandController->runAction()
#1 D:\zyweb\Yii1\web\CController.php(265): UserDemandController->runActionWithFilters()
#2 D:\zyweb\pcb_wl\applications\admin\components\Controller.php(43): UserDemandController->run()
#3 D:\zyweb\Yii1\web\CWebApplication.php(282): UserDemandController->run()
#4 D:\zyweb\Yii1\web\CWebApplication.php(141): CWebApplication->runController()
#5 D:\zyweb\Yii1\base\CApplication.php(180): CWebApplication->processRequest()
#6 D:\zyweb\pcb_wl\website\admin\index.php(32): CWebApplication->run()
REQUEST_URI=/UserDemand/SearchDriver?length=&capacity=&type=0&frequenceCity=%E8%AF%B7%E9%80%89%E6%8B%A9
in D:\zyweb\pcb_wl\applications\admin\controllers\UserDemandController.php (174)
in D:\zyweb\pcb_wl\applications\admin\components\Controller.php (43)
in D:\zyweb\pcb_wl\website\admin\index.php (32)
2017/10/25 14:54:44 [error] [php] Use of undefined constant frequenceCity - assumed 'frequenceCity' (D:\zyweb\pcb_wl\applications\admin\controllers\UserDemandController.php:174)
Stack trace:
#0 D:\zyweb\Yii1\web\CController.php(286): UserDemandController->runAction()
#1 D:\zyweb\Yii1\web\CController.php(265): UserDemandController->runActionWithFilters()
#2 D:\zyweb\pcb_wl\applications\admin\components\Controller.php(43): UserDemandController->run()
#3 D:\zyweb\Yii1\web\CWebApplication.php(282): UserDemandController->run()
#4 D:\zyweb\Yii1\web\CWebApplication.php(141): CWebApplication->runController()
#5 D:\zyweb\Yii1\base\CApplication.php(180): CWebApplication->processRequest()
#6 D:\zyweb\pcb_wl\website\admin\index.php(32): CWebApplication->run()
REQUEST_URI=/UserDemand/SearchDriver?length=&capacity=&type=0&frequenceCity=%E8%AF%B7%E9%80%89%E6%8B%A9
in D:\zyweb\pcb_wl\applications\admin\controllers\UserDemandController.php (174)
in D:\zyweb\pcb_wl\applications\admin\components\Controller.php (43)
in D:\zyweb\pcb_wl\website\admin\index.php (32)
2017/10/25 14:56:59 [error] [php] Non-static method Areas::getProvince() should not be called statically, assuming $this from incompatible context (D:\zyweb\pcb_wl\applications\admin\controllers\UserDemandController.php:175)
Stack trace:
#0 D:\zyweb\Yii1\web\CController.php(286): UserDemandController->runAction()
#1 D:\zyweb\Yii1\web\CController.php(265): UserDemandController->runActionWithFilters()
#2 D:\zyweb\pcb_wl\applications\admin\components\Controller.php(43): UserDemandController->run()
#3 D:\zyweb\Yii1\web\CWebApplication.php(282): UserDemandController->run()
#4 D:\zyweb\Yii1\web\CWebApplication.php(141): CWebApplication->runController()
#5 D:\zyweb\Yii1\base\CApplication.php(180): CWebApplication->processRequest()
#6 D:\zyweb\pcb_wl\website\admin\index.php(32): CWebApplication->run()
REQUEST_URI=/UserDemand/SearchDriver?length=&capacity=&type=0&frequenceCity=1
in D:\zyweb\pcb_wl\applications\admin\controllers\UserDemandController.php (175)
in D:\zyweb\pcb_wl\applications\admin\components\Controller.php (43)
in D:\zyweb\pcb_wl\website\admin\index.php (32)
2017/10/25 14:57:00 [error] [php] Non-static method Areas::getProvince() should not be called statically, assuming $this from incompatible context (D:\zyweb\pcb_wl\applications\admin\controllers\UserDemandController.php:175)
Stack trace:
#0 D:\zyweb\Yii1\web\CController.php(286): UserDemandController->runAction()
#1 D:\zyweb\Yii1\web\CController.php(265): UserDemandController->runActionWithFilters()
#2 D:\zyweb\pcb_wl\applications\admin\components\Controller.php(43): UserDemandController->run()
#3 D:\zyweb\Yii1\web\CWebApplication.php(282): UserDemandController->run()
#4 D:\zyweb\Yii1\web\CWebApplication.php(141): CWebApplication->runController()
#5 D:\zyweb\Yii1\base\CApplication.php(180): CWebApplication->processRequest()
#6 D:\zyweb\pcb_wl\website\admin\index.php(32): CWebApplication->run()
REQUEST_URI=/UserDemand/SearchDriver?length=&capacity=&type=0&frequenceCity=1
in D:\zyweb\pcb_wl\applications\admin\controllers\UserDemandController.php (175)
in D:\zyweb\pcb_wl\applications\admin\components\Controller.php (43)
in D:\zyweb\pcb_wl\website\admin\index.php (32)
2017/10/25 14:57:01 [error] [php] Non-static method Areas::getProvince() should not be called statically, assuming $this from incompatible context (D:\zyweb\pcb_wl\applications\admin\controllers\UserDemandController.php:175)
Stack trace:
#0 D:\zyweb\Yii1\web\CController.php(286): UserDemandController->runAction()
#1 D:\zyweb\Yii1\web\CController.php(265): UserDemandController->runActionWithFilters()
#2 D:\zyweb\pcb_wl\applications\admin\components\Controller.php(43): UserDemandController->run()
#3 D:\zyweb\Yii1\web\CWebApplication.php(282): UserDemandController->run()
#4 D:\zyweb\Yii1\web\CWebApplication.php(141): CWebApplication->runController()
#5 D:\zyweb\Yii1\base\CApplication.php(180): CWebApplication->processRequest()
#6 D:\zyweb\pcb_wl\website\admin\index.php(32): CWebApplication->run()
REQUEST_URI=/UserDemand/SearchDriver?length=&capacity=&type=0&frequenceCity=1
in D:\zyweb\pcb_wl\applications\admin\controllers\UserDemandController.php (175)
in D:\zyweb\pcb_wl\applications\admin\components\Controller.php (43)
in D:\zyweb\pcb_wl\website\admin\index.php (32)
2017/10/25 14:57:01 [error] [php] Non-static method Areas::getProvince() should not be called statically, assuming $this from incompatible context (D:\zyweb\pcb_wl\applications\admin\controllers\UserDemandController.php:175)
Stack trace:
#0 D:\zyweb\Yii1\web\CController.php(286): UserDemandController->runAction()
#1 D:\zyweb\Yii1\web\CController.php(265): UserDemandController->runActionWithFilters()
#2 D:\zyweb\pcb_wl\applications\admin\components\Controller.php(43): UserDemandController->run()
#3 D:\zyweb\Yii1\web\CWebApplication.php(282): UserDemandController->run()
#4 D:\zyweb\Yii1\web\CWebApplication.php(141): CWebApplication->runController()
#5 D:\zyweb\Yii1\base\CApplication.php(180): CWebApplication->processRequest()
#6 D:\zyweb\pcb_wl\website\admin\index.php(32): CWebApplication->run()
REQUEST_URI=/UserDemand/SearchDriver?length=&capacity=&type=0&frequenceCity=1
in D:\zyweb\pcb_wl\applications\admin\controllers\UserDemandController.php (175)
in D:\zyweb\pcb_wl\applications\admin\components\Controller.php (43)
in D:\zyweb\pcb_wl\website\admin\index.php (32)
2017/10/25 14:57:01 [error] [php] Non-static method Areas::getProvince() should not be called statically, assuming $this from incompatible context (D:\zyweb\pcb_wl\applications\admin\controllers\UserDemandController.php:175)
Stack trace:
#0 D:\zyweb\Yii1\web\CController.php(286): UserDemandController->runAction()
#1 D:\zyweb\Yii1\web\CController.php(265): UserDemandController->runActionWithFilters()
#2 D:\zyweb\pcb_wl\applications\admin\components\Controller.php(43): UserDemandController->run()
#3 D:\zyweb\Yii1\web\CWebApplication.php(282): UserDemandController->run()
#4 D:\zyweb\Yii1\web\CWebApplication.php(141): CWebApplication->runController()
#5 D:\zyweb\Yii1\base\CApplication.php(180): CWebApplication->processRequest()
#6 D:\zyweb\pcb_wl\website\admin\index.php(32): CWebApplication->run()
REQUEST_URI=/UserDemand/SearchDriver?length=&capacity=&type=0&frequenceCity=1
in D:\zyweb\pcb_wl\applications\admin\controllers\UserDemandController.php (175)
in D:\zyweb\pcb_wl\applications\admin\components\Controller.php (43)
in D:\zyweb\pcb_wl\website\admin\index.php (32)
2017/10/25 14:57:01 [error] [php] Non-static method Areas::getProvince() should not be called statically, assuming $this from incompatible context (D:\zyweb\pcb_wl\applications\admin\controllers\UserDemandController.php:175)
Stack trace:
#0 D:\zyweb\Yii1\web\CController.php(286): UserDemandController->runAction()
#1 D:\zyweb\Yii1\web\CController.php(265): UserDemandController->runActionWithFilters()
#2 D:\zyweb\pcb_wl\applications\admin\components\Controller.php(43): UserDemandController->run()
#3 D:\zyweb\Yii1\web\CWebApplication.php(282): UserDemandController->run()
#4 D:\zyweb\Yii1\web\CWebApplication.php(141): CWebApplication->runController()
#5 D:\zyweb\Yii1\base\CApplication.php(180): CWebApplication->processRequest()
#6 D:\zyweb\pcb_wl\website\admin\index.php(32): CWebApplication->run()
REQUEST_URI=/UserDemand/SearchDriver?length=&capacity=&type=0&frequenceCity=1
in D:\zyweb\pcb_wl\applications\admin\controllers\UserDemandController.php (175)
in D:\zyweb\pcb_wl\applications\admin\components\Controller.php (43)
in D:\zyweb\pcb_wl\website\admin\index.php (32)
2017/10/25 14:57:01 [error] [php] Non-static method Areas::getProvince() should not be called statically, assuming $this from incompatible context (D:\zyweb\pcb_wl\applications\admin\controllers\UserDemandController.php:175)
Stack trace:
#0 D:\zyweb\Yii1\web\CController.php(286): UserDemandController->runAction()
#1 D:\zyweb\Yii1\web\CController.php(265): UserDemandController->runActionWithFilters()
#2 D:\zyweb\pcb_wl\applications\admin\components\Controller.php(43): UserDemandController->run()
#3 D:\zyweb\Yii1\web\CWebApplication.php(282): UserDemandController->run()
#4 D:\zyweb\Yii1\web\CWebApplication.php(141): CWebApplication->runController()
#5 D:\zyweb\Yii1\base\CApplication.php(180): CWebApplication->processRequest()
#6 D:\zyweb\pcb_wl\website\admin\index.php(32): CWebApplication->run()
REQUEST_URI=/UserDemand/SearchDriver?length=&capacity=&type=0&frequenceCity=1
in D:\zyweb\pcb_wl\applications\admin\controllers\UserDemandController.php (175)
in D:\zyweb\pcb_wl\applications\admin\components\Controller.php (43)
in D:\zyweb\pcb_wl\website\admin\index.php (32)
2017/10/25 14:57:01 [error] [php] Non-static method Areas::getProvince() should not be called statically, assuming $this from incompatible context (D:\zyweb\pcb_wl\applications\admin\controllers\UserDemandController.php:175)
Stack trace:
#0 D:\zyweb\Yii1\web\CController.php(286): UserDemandController->runAction()
#1 D:\zyweb\Yii1\web\CController.php(265): UserDemandController->runActionWithFilters()
#2 D:\zyweb\pcb_wl\applications\admin\components\Controller.php(43): UserDemandController->run()
#3 D:\zyweb\Yii1\web\CWebApplication.php(282): UserDemandController->run()
#4 D:\zyweb\Yii1\web\CWebApplication.php(141): CWebApplication->runController()
#5 D:\zyweb\Yii1\base\CApplication.php(180): CWebApplication->processRequest()
#6 D:\zyweb\pcb_wl\website\admin\index.php(32): CWebApplication->run()
REQUEST_URI=/UserDemand/SearchDriver?length=&capacity=&type=0&frequenceCity=1
in D:\zyweb\pcb_wl\applications\admin\controllers\UserDemandController.php (175)
in D:\zyweb\pcb_wl\applications\admin\components\Controller.php (43)
in D:\zyweb\pcb_wl\website\admin\index.php (32)
2017/10/25 14:57:11 [error] [php] Non-static method Areas::getProvince() should not be called statically, assuming $this from incompatible context (D:\zyweb\pcb_wl\applications\admin\controllers\UserDemandController.php:175)
Stack trace:
#0 D:\zyweb\Yii1\web\CController.php(286): UserDemandController->runAction()
#1 D:\zyweb\Yii1\web\CController.php(265): UserDemandController->runActionWithFilters()
#2 D:\zyweb\pcb_wl\applications\admin\components\Controller.php(43): UserDemandController->run()
#3 D:\zyweb\Yii1\web\CWebApplication.php(282): UserDemandController->run()
#4 D:\zyweb\Yii1\web\CWebApplication.php(141): CWebApplication->runController()
#5 D:\zyweb\Yii1\base\CApplication.php(180): CWebApplication->processRequest()
#6 D:\zyweb\pcb_wl\website\admin\index.php(32): CWebApplication->run()
REQUEST_URI=/UserDemand/SearchDriver?length=&capacity=&type=0&frequenceCity=1
in D:\zyweb\pcb_wl\applications\admin\controllers\UserDemandController.php (175)
in D:\zyweb\pcb_wl\applications\admin\components\Controller.php (43)
in D:\zyweb\pcb_wl\website\admin\index.php (32)
2017/10/25 15:16:33 [error] [system.db.CDbCommand] CDbCommand::fetch() failed: SQLSTATE[42000]: Syntax error or access violation: 1064 You have an error in your SQL syntax; check the manual that corresponds to your MySQL server version for the right syntax to use near 'fJOIN `Drivers` ON (`Drivers`.id = `t`.dId) LEFT JOIN `User` ON (`Drivers`.userI' at line 1. The SQL statement executed was: SELECT `t`.`tId`, `t`.`type`, `t`.`length`, `t`.`licenseNumber`, `t`.`capacity`, `t`.`capability`, `t`.`permission`, `t`.`state`, `t`.`dId`, `t`.`img1`, `t`.`img2`, `t`.`createTime`, `t`.`updateTime` FROM `Vehicle` `t` LEFT fJOIN `Drivers` ON (`Drivers`.id = `t`.dId) LEFT JOIN `User` ON (`Drivers`.userId = `User`.id) WHERE tId="1".
in D:\zyweb\pcb_wl\library\model\BaseModel.php (324)
in D:\zyweb\pcb_wl\library\model\BaseModel.php (227)
in D:\zyweb\pcb_wl\library\model\base\Vehicle.php (77)
2017/10/25 15:16:33 [error] [exception.CDbException] exception 'CDbException' with message 'CDbCommand  SQL : SQLSTATE[42000]: Syntax error or access violation: 1064 You have an error in your SQL syntax; check the manual that corresponds to your MySQL server version for the right syntax to use near 'fJOIN `Drivers` ON (`Drivers`.id = `t`.dId) LEFT JOIN `User` ON (`Drivers`.userI' at line 1. The SQL statement executed was: SELECT `t`.`tId`, `t`.`type`, `t`.`length`, `t`.`licenseNumber`, `t`.`capacity`, `t`.`capability`, `t`.`permission`, `t`.`state`, `t`.`dId`, `t`.`img1`, `t`.`img2`, `t`.`createTime`, `t`.`updateTime` FROM `Vehicle` `t` LEFT fJOIN `Drivers` ON (`Drivers`.id = `t`.dId) LEFT JOIN `User` ON (`Drivers`.userId = `User`.id) WHERE tId="1"' in D:\zyweb\Yii1\db\CDbCommand.php:559
Stack trace:
#0 D:\zyweb\Yii1\db\CDbCommand.php(426): CDbCommand->queryInternal('fetch', Array, Array)
#1 D:\zyweb\pcb_wl\library\model\BaseModel.php(324): CDbCommand->queryRow()
#2 D:\zyweb\pcb_wl\library\model\BaseModel.php(227): BaseModel->getData('SELECT `t`.`tId...', 'queryRow')
#3 D:\zyweb\pcb_wl\library\model\base\Vehicle.php(77): BaseModel->query(Object(CDbCriteria), 'queryRow')
#4 D:\zyweb\pcb_wl\applications\admin\controllers\UserDemandController.php(184): Vehicle->getVehicleDetail('1')
#5 D:\zyweb\Yii1\web\actions\CInlineAction.php(49): UserDemandController->actionAddPrice()
#6 D:\zyweb\Yii1\web\CController.php(308): CInlineAction->runWithParams(Array)
#7 D:\zyweb\Yii1\web\CController.php(286): CController->runAction(Object(CInlineAction))
#8 D:\zyweb\Yii1\web\CController.php(265): CController->runActionWithFilters(Object(CInlineAction), Array)
#9 D:\zyweb\pcb_wl\applications\admin\components\Controller.php(43): CController->run('AddPrice')
#10 D:\zyweb\Yii1\web\CWebApplication.php(282): Controller->run('AddPrice')
#11 D:\zyweb\Yii1\web\CWebApplication.php(141): CWebApplication->runController('UserDemand/AddP...')
#12 D:\zyweb\Yii1\base\CApplication.php(180): CWebApplication->processRequest()
#13 D:\zyweb\pcb_wl\website\admin\index.php(32): CApplication->run()
#14 {main}
REQUEST_URI=/UserDemand/AddPrice?tId=1
---
2017/10/25 16:25:06 [error] [exception.CHttpException.400] exception 'CHttpException' with message 'The CSRF token could not be verified.' in D:\zyweb\Yii1\web\CHttpRequest.php:1247
Stack trace:
#0 D:\zyweb\Yii1\base\CComponent.php(561): CHttpRequest->validateCsrfToken(Object(CEvent))
#1 D:\zyweb\Yii1\base\CApplication.php(207): CComponent->raiseEvent('onBeginRequest', Object(CEvent))
#2 D:\zyweb\Yii1\base\CApplication.php(178): CApplication->onBeginRequest(Object(CEvent))
#3 D:\zyweb\pcb_wl\website\admin\index.php(32): CApplication->run()
#4 {main}
REQUEST_URI=/userdemand/AddDemandPrice/dId/UserDemand/ChangePrice
HTTP_REFERER=http://admin.logistics.com/userdemand/AddDemandPrice/dId/8
---
2017/10/25 16:25:25 [error] [exception.CHttpException.400] exception 'CHttpException' with message 'The CSRF token could not be verified.' in D:\zyweb\Yii1\web\CHttpRequest.php:1247
Stack trace:
#0 D:\zyweb\Yii1\base\CComponent.php(561): CHttpRequest->validateCsrfToken(Object(CEvent))
#1 D:\zyweb\Yii1\base\CApplication.php(207): CComponent->raiseEvent('onBeginRequest', Object(CEvent))
#2 D:\zyweb\Yii1\base\CApplication.php(178): CApplication->onBeginRequest(Object(CEvent))
#3 D:\zyweb\pcb_wl\website\admin\index.php(32): CApplication->run()
#4 {main}
REQUEST_URI=/UserDemand/ChangePrice
HTTP_REFERER=http://admin.logistics.com/userdemand/AddDemandPrice/dId/8
---
