2017/09/14 09:25:18 [error] [exception.CHttpException.404] exception 'CHttpException' with message 'Unable to resolve the request "favicon.ico".' in D:\zyweb\Yii1\web\CWebApplication.php:286
Stack trace:
#0 D:\zyweb\Yii1\web\CWebApplication.php(141): CWebApplication->runController('favicon.ico')
#1 D:\zyweb\Yii1\base\CApplication.php(180): CWebApplication->processRequest()
#2 D:\zyweb\pcb_wl\website\admin\index.php(32): CApplication->run()
#3 {main}
REQUEST_URI=/favicon.ico
HTTP_REFERER=http://admin.logistics.com/
---
2017/09/14 09:25:27 [error] [php] Undefined variable: vo (D:\zyweb\pcb_wl\applications\admin\views\userDemand\index.php:17)
Stack trace:
#0 D:\zyweb\Yii1\web\CController.php(869): UserDemandController->renderFile()
#1 D:\zyweb\Yii1\web\CController.php(782): UserDemandController->renderPartial()
#2 D:\zyweb\pcb_wl\applications\admin\controllers\UserDemandController.php(22): UserDemandController->render()
#3 D:\zyweb\Yii1\web\actions\CInlineAction.php(49): UserDemandController->actionList()
#4 D:\zyweb\Yii1\web\CController.php(308): CInlineAction->runWithParams()
#5 D:\zyweb\Yii1\web\CController.php(286): UserDemandController->runAction()
#6 D:\zyweb\Yii1\web\CController.php(265): UserDemandController->runActionWithFilters()
#7 D:\zyweb\pcb_wl\applications\admin\components\Controller.php(43): UserDemandController->run()
#8 D:\zyweb\Yii1\web\CWebApplication.php(282): UserDemandController->run()
#9 D:\zyweb\Yii1\web\CWebApplication.php(141): CWebApplication->runController()
#10 D:\zyweb\Yii1\base\CApplication.php(180): CWebApplication->processRequest()
#11 D:\zyweb\pcb_wl\website\admin\index.php(32): CWebApplication->run()
REQUEST_URI=/UserDemand/List
in D:\zyweb\pcb_wl\applications\admin\views\userDemand\index.php (17)
in D:\zyweb\pcb_wl\applications\admin\controllers\UserDemandController.php (22)
in D:\zyweb\pcb_wl\applications\admin\components\Controller.php (43)
2017/09/14 10:55:10 [error] [exception.CException] exception 'CException' with message 'UserController 在它的 view "D:\zyweb\pcb_wl\applications\admin\views\user\edit.php" 中含有未被适当巢状套叠的 widget 标签. CActiveForm widget 中没有呼叫 endWidget().' in D:\zyweb\Yii1\web\CBaseController.php:101
Stack trace:
#0 D:\zyweb\Yii1\web\CController.php(869): CBaseController->renderFile('D:\\zyweb\\pcb_wl...', Array, true)
#1 D:\zyweb\Yii1\web\CController.php(782): CController->renderPartial('edit', Array, true)
#2 D:\zyweb\pcb_wl\applications\admin\controllers\UserController.php(38): CController->render('edit', Array)
#3 D:\zyweb\Yii1\web\actions\CInlineAction.php(49): UserController->actionUserInfo()
#4 D:\zyweb\Yii1\web\CController.php(308): CInlineAction->runWithParams(Array)
#5 D:\zyweb\Yii1\web\CController.php(286): CController->runAction(Object(CInlineAction))
#6 D:\zyweb\Yii1\web\CController.php(265): CController->runActionWithFilters(Object(CInlineAction), Array)
#7 D:\zyweb\pcb_wl\applications\admin\components\Controller.php(43): CController->run('userinfo')
#8 D:\zyweb\Yii1\web\CWebApplication.php(282): Controller->run('userinfo')
#9 D:\zyweb\Yii1\web\CWebApplication.php(141): CWebApplication->runController('user/userinfo')
#10 D:\zyweb\Yii1\base\CApplication.php(180): CWebApplication->processRequest()
#11 D:\zyweb\pcb_wl\website\admin\index.php(32): CApplication->run()
#12 {main}
REQUEST_URI=/user/userinfo?id=2
---
2017/09/14 11:32:18 [error] [exception.CException] exception 'CException' with message '属性 "CActiveForm.model" 未被定义.' in D:\zyweb\Yii1\base\CComponent.php:173
Stack trace:
#0 D:\zyweb\Yii1\web\CWidgetFactory.php(161): CComponent->__set('model', Object(UserPersonForm))
#1 D:\zyweb\Yii1\web\CBaseController.php(146): CWidgetFactory->createWidget(Object(UserController), 'CActiveForm', Array)
#2 D:\zyweb\Yii1\web\CBaseController.php(189): CBaseController->createWidget('CActiveForm', Array)
#3 D:\zyweb\pcb_wl\applications\admin\views\user\person.php(7): CBaseController->beginWidget('CActiveForm', Array)
#4 D:\zyweb\Yii1\web\CBaseController.php(126): require('D:\\zyweb\\pcb_wl...')
#5 D:\zyweb\Yii1\web\CBaseController.php(95): CBaseController->renderInternal('D:\\zyweb\\pcb_wl...', Array, true)
#6 D:\zyweb\Yii1\web\CController.php(869): CBaseController->renderFile('D:\\zyweb\\pcb_wl...', Array, true)
#7 D:\zyweb\pcb_wl\applications\admin\views\user\edit.php(134): CController->renderPartial('person', Array)
#8 D:\zyweb\Yii1\web\CBaseController.php(126): require('D:\\zyweb\\pcb_wl...')
#9 D:\zyweb\Yii1\web\CBaseController.php(95): CBaseController->renderInternal('D:\\zyweb\\pcb_wl...', Array, true)
#10 D:\zyweb\Yii1\web\CController.php(869): CBaseController->renderFile('D:\\zyweb\\pcb_wl...', Array, true)
#11 D:\zyweb\Yii1\web\CController.php(782): CController->renderPartial('edit', Array, true)
#12 D:\zyweb\pcb_wl\applications\admin\controllers\UserController.php(38): CController->render('edit', Array)
#13 D:\zyweb\Yii1\web\actions\CInlineAction.php(49): UserController->actionUserInfo()
#14 D:\zyweb\Yii1\web\CController.php(308): CInlineAction->runWithParams(Array)
#15 D:\zyweb\Yii1\web\CController.php(286): CController->runAction(Object(CInlineAction))
#16 D:\zyweb\Yii1\web\CController.php(265): CController->runActionWithFilters(Object(CInlineAction), Array)
#17 D:\zyweb\pcb_wl\applications\admin\components\Controller.php(43): CController->run('userinfo')
#18 D:\zyweb\Yii1\web\CWebApplication.php(282): Controller->run('userinfo')
#19 D:\zyweb\Yii1\web\CWebApplication.php(141): CWebApplication->runController('user/userinfo')
#20 D:\zyweb\Yii1\base\CApplication.php(180): CWebApplication->processRequest()
#21 D:\zyweb\pcb_wl\website\admin\index.php(32): CApplication->run()
#22 {main}
REQUEST_URI=/user/userinfo?id=2
---
2017/09/14 13:30:20 [error] [php] Undefined variable: vo (D:\zyweb\pcb_wl\applications\admin\views\userDemand\index.php:17)
Stack trace:
#0 D:\zyweb\Yii1\web\CController.php(869): UserDemandController->renderFile()
#1 D:\zyweb\Yii1\web\CController.php(782): UserDemandController->renderPartial()
#2 D:\zyweb\pcb_wl\applications\admin\controllers\UserDemandController.php(22): UserDemandController->render()
#3 D:\zyweb\Yii1\web\actions\CInlineAction.php(49): UserDemandController->actionList()
#4 D:\zyweb\Yii1\web\CController.php(308): CInlineAction->runWithParams()
#5 D:\zyweb\Yii1\web\CController.php(286): UserDemandController->runAction()
#6 D:\zyweb\Yii1\web\CController.php(265): UserDemandController->runActionWithFilters()
#7 D:\zyweb\pcb_wl\applications\admin\components\Controller.php(43): UserDemandController->run()
#8 D:\zyweb\Yii1\web\CWebApplication.php(282): UserDemandController->run()
#9 D:\zyweb\Yii1\web\CWebApplication.php(141): CWebApplication->runController()
#10 D:\zyweb\Yii1\base\CApplication.php(180): CWebApplication->processRequest()
#11 D:\zyweb\pcb_wl\website\admin\index.php(32): CWebApplication->run()
REQUEST_URI=/UserDemand/List
in D:\zyweb\pcb_wl\applications\admin\views\userDemand\index.php (17)
in D:\zyweb\pcb_wl\applications\admin\controllers\UserDemandController.php (22)
in D:\zyweb\pcb_wl\applications\admin\components\Controller.php (43)
2017/09/14 14:07:46 [error] [php] Undefined variable: vo (D:\zyweb\pcb_wl\applications\admin\views\userDemand\index.php:17)
Stack trace:
#0 D:\zyweb\Yii1\web\CController.php(869): UserDemandController->renderFile()
#1 D:\zyweb\Yii1\web\CController.php(782): UserDemandController->renderPartial()
#2 D:\zyweb\pcb_wl\applications\admin\controllers\UserDemandController.php(22): UserDemandController->render()
#3 D:\zyweb\Yii1\web\actions\CInlineAction.php(49): UserDemandController->actionList()
#4 D:\zyweb\Yii1\web\CController.php(308): CInlineAction->runWithParams()
#5 D:\zyweb\Yii1\web\CController.php(286): UserDemandController->runAction()
#6 D:\zyweb\Yii1\web\CController.php(265): UserDemandController->runActionWithFilters()
#7 D:\zyweb\pcb_wl\applications\admin\components\Controller.php(43): UserDemandController->run()
#8 D:\zyweb\Yii1\web\CWebApplication.php(282): UserDemandController->run()
#9 D:\zyweb\Yii1\web\CWebApplication.php(141): CWebApplication->runController()
#10 D:\zyweb\Yii1\base\CApplication.php(180): CWebApplication->processRequest()
#11 D:\zyweb\pcb_wl\website\admin\index.php(32): CWebApplication->run()
REQUEST_URI=/UserDemand/List
in D:\zyweb\pcb_wl\applications\admin\views\userDemand\index.php (17)
in D:\zyweb\pcb_wl\applications\admin\controllers\UserDemandController.php (22)
in D:\zyweb\pcb_wl\applications\admin\components\Controller.php (43)
2017/09/14 16:32:05 [error] [exception.CHttpException.404] exception 'CHttpException' with message 'Unable to resolve the request "favicon.ico".' in D:\zyweb\Yii1\web\CWebApplication.php:286
Stack trace:
#0 D:\zyweb\Yii1\web\CWebApplication.php(141): CWebApplication->runController('favicon.ico')
#1 D:\zyweb\Yii1\base\CApplication.php(180): CWebApplication->processRequest()
#2 D:\zyweb\pcb_wl\website\admin\index.php(32): CApplication->run()
#3 {main}
REQUEST_URI=/favicon.ico
HTTP_REFERER=http://admin.logistics.com/
---
2017/09/14 16:32:09 [error] [php] Undefined variable: vo (D:\zyweb\pcb_wl\applications\admin\views\userDemand\index.php:17)
Stack trace:
#0 D:\zyweb\Yii1\web\CController.php(869): UserDemandController->renderFile()
#1 D:\zyweb\Yii1\web\CController.php(782): UserDemandController->renderPartial()
#2 D:\zyweb\pcb_wl\applications\admin\controllers\UserDemandController.php(22): UserDemandController->render()
#3 D:\zyweb\Yii1\web\actions\CInlineAction.php(49): UserDemandController->actionList()
#4 D:\zyweb\Yii1\web\CController.php(308): CInlineAction->runWithParams()
#5 D:\zyweb\Yii1\web\CController.php(286): UserDemandController->runAction()
#6 D:\zyweb\Yii1\web\CController.php(265): UserDemandController->runActionWithFilters()
#7 D:\zyweb\pcb_wl\applications\admin\components\Controller.php(43): UserDemandController->run()
#8 D:\zyweb\Yii1\web\CWebApplication.php(282): UserDemandController->run()
#9 D:\zyweb\Yii1\web\CWebApplication.php(141): CWebApplication->runController()
#10 D:\zyweb\Yii1\base\CApplication.php(180): CWebApplication->processRequest()
#11 D:\zyweb\pcb_wl\website\admin\index.php(32): CWebApplication->run()
REQUEST_URI=/UserDemand/List
in D:\zyweb\pcb_wl\applications\admin\views\userDemand\index.php (17)
in D:\zyweb\pcb_wl\applications\admin\controllers\UserDemandController.php (22)
in D:\zyweb\pcb_wl\applications\admin\components\Controller.php (43)
2017/09/14 16:51:30 [error] [php] Undefined variable: vo (D:\zyweb\pcb_wl\applications\admin\views\userDemand\index.php:17)
Stack trace:
#0 D:\zyweb\Yii1\web\CController.php(869): UserDemandController->renderFile()
#1 D:\zyweb\Yii1\web\CController.php(782): UserDemandController->renderPartial()
#2 D:\zyweb\pcb_wl\applications\admin\controllers\UserDemandController.php(22): UserDemandController->render()
#3 D:\zyweb\Yii1\web\actions\CInlineAction.php(49): UserDemandController->actionList()
#4 D:\zyweb\Yii1\web\CController.php(308): CInlineAction->runWithParams()
#5 D:\zyweb\Yii1\web\CController.php(286): UserDemandController->runAction()
#6 D:\zyweb\Yii1\web\CController.php(265): UserDemandController->runActionWithFilters()
#7 D:\zyweb\pcb_wl\applications\admin\components\Controller.php(43): UserDemandController->run()
#8 D:\zyweb\Yii1\web\CWebApplication.php(282): UserDemandController->run()
#9 D:\zyweb\Yii1\web\CWebApplication.php(141): CWebApplication->runController()
#10 D:\zyweb\Yii1\base\CApplication.php(180): CWebApplication->processRequest()
#11 D:\zyweb\pcb_wl\website\admin\index.php(32): CWebApplication->run()
REQUEST_URI=/UserDemand/List
in D:\zyweb\pcb_wl\applications\admin\views\userDemand\index.php (17)
in D:\zyweb\pcb_wl\applications\admin\controllers\UserDemandController.php (22)
in D:\zyweb\pcb_wl\applications\admin\components\Controller.php (43)
