2017/09/14 09:25:27 [profile] [sql] SELECT * FROM `Admin` `t` WHERE username="admin"
2017/09/14 09:25:27 [profile] [sql] SELECT SQL_CALC_FOUND_ROWS * FROM `UserDemand` `t` LIMIT 15
2017/09/14 09:25:27 [profile] [sql] SELECT FOUND_ROWS()
2017/09/14 09:25:52 [profile] [sql] SELECT * FROM `User` WHERE `id` = "2"
2017/09/14 09:25:52 [profile] [sql] SELECT * FROM `UserPerson` `t` WHERE userId="2"
2017/09/14 09:28:11 [profile] [sql] SELECT * FROM `User` WHERE `id` = "2"
2017/09/14 09:28:11 [profile] [sql] SELECT * FROM `UserPerson` `t` WHERE userId="2"
2017/09/14 09:28:13 [profile] [sql] SELECT * FROM `User` WHERE `id` = "2"
2017/09/14 09:28:13 [profile] [sql] SELECT * FROM `UserPerson` `t` WHERE userId="2"
2017/09/14 09:28:13 [profile] [sql] SELECT * FROM `User` WHERE `id` = "2"
2017/09/14 09:28:13 [profile] [sql] SELECT * FROM `UserPerson` `t` WHERE userId="2"
2017/09/14 09:28:13 [profile] [sql] SELECT * FROM `User` WHERE `id` = "2"
2017/09/14 09:28:13 [profile] [sql] SELECT * FROM `UserPerson` `t` WHERE userId="2"
2017/09/14 09:28:13 [profile] [sql] SELECT * FROM `User` WHERE `id` = "2"
2017/09/14 09:28:13 [profile] [sql] SELECT * FROM `UserPerson` `t` WHERE userId="2"
2017/09/14 09:28:14 [profile] [sql] SELECT * FROM `User` WHERE `id` = "2"
2017/09/14 09:28:14 [profile] [sql] SELECT * FROM `UserPerson` `t` WHERE userId="2"
2017/09/14 09:28:14 [profile] [sql] SELECT * FROM `User` WHERE `id` = "2"
2017/09/14 09:28:14 [profile] [sql] SELECT * FROM `UserPerson` `t` WHERE userId="2"
2017/09/14 09:28:14 [profile] [sql] SELECT * FROM `User` WHERE `id` = "2"
2017/09/14 09:28:14 [profile] [sql] SELECT * FROM `UserPerson` `t` WHERE userId="2"
2017/09/14 09:28:14 [profile] [sql] SELECT * FROM `User` WHERE `id` = "2"
2017/09/14 09:28:14 [profile] [sql] SELECT * FROM `UserPerson` `t` WHERE userId="2"
2017/09/14 09:28:15 [profile] [sql] SELECT * FROM `User` WHERE `id` = "2"
2017/09/14 09:28:15 [profile] [sql] SELECT * FROM `UserPerson` `t` WHERE userId="2"
2017/09/14 09:28:15 [profile] [sql] SELECT * FROM `User` WHERE `id` = "2"
2017/09/14 09:28:15 [profile] [sql] SELECT * FROM `UserPerson` `t` WHERE userId="2"
2017/09/14 09:28:16 [profile] [sql] SELECT * FROM `User` WHERE `id` = "2"
2017/09/14 09:28:16 [profile] [sql] SELECT * FROM `UserPerson` `t` WHERE userId="2"
2017/09/14 09:28:16 [profile] [sql] SELECT * FROM `User` WHERE `id` = "2"
2017/09/14 09:28:16 [profile] [sql] SELECT * FROM `UserPerson` `t` WHERE userId="2"
2017/09/14 09:28:16 [profile] [sql] SELECT * FROM `User` WHERE `id` = "2"
2017/09/14 09:28:16 [profile] [sql] SELECT * FROM `UserPerson` `t` WHERE userId="2"
2017/09/14 09:28:17 [profile] [sql] SELECT * FROM `User` WHERE `id` = "2"
2017/09/14 09:28:17 [profile] [sql] SELECT * FROM `UserPerson` `t` WHERE userId="2"
2017/09/14 09:28:17 [profile] [sql] SELECT * FROM `User` WHERE `id` = "2"
2017/09/14 09:28:17 [profile] [sql] SELECT * FROM `UserPerson` `t` WHERE userId="2"
2017/09/14 09:30:05 [profile] [sql] SELECT * FROM `User` WHERE `id` = "2"
2017/09/14 09:30:05 [profile] [sql] SELECT * FROM `UserPerson` `t` WHERE userId="2"
2017/09/14 09:30:54 [profile] [sql] SELECT * FROM `User` WHERE `id` = "2"
2017/09/14 09:30:54 [profile] [sql] SELECT * FROM `UserPerson` `t` WHERE userId="2"
2017/09/14 09:31:09 [profile] [sql] SELECT * FROM `User` WHERE `id` = "2"
2017/09/14 09:31:09 [profile] [sql] SELECT * FROM `UserPerson` `t` WHERE userId="2"
2017/09/14 09:31:30 [profile] [sql] SELECT * FROM `User` WHERE `id` = "2"
2017/09/14 09:31:30 [profile] [sql] SELECT * FROM `UserPerson` `t` WHERE userId="2"
2017/09/14 09:31:30 [profile] [sql] SELECT * FROM `User` WHERE `id` = "2"
2017/09/14 09:31:30 [profile] [sql] SELECT * FROM `UserPerson` `t` WHERE userId="2"
2017/09/14 09:31:31 [profile] [sql] SELECT * FROM `User` WHERE `id` = "2"
2017/09/14 09:31:31 [profile] [sql] SELECT * FROM `UserPerson` `t` WHERE userId="2"
2017/09/14 09:31:31 [profile] [sql] SELECT * FROM `User` WHERE `id` = "2"
2017/09/14 09:31:31 [profile] [sql] SELECT * FROM `UserPerson` `t` WHERE userId="2"
2017/09/14 09:31:31 [profile] [sql] SELECT * FROM `User` WHERE `id` = "2"
2017/09/14 09:31:31 [profile] [sql] SELECT * FROM `UserPerson` `t` WHERE userId="2"
2017/09/14 09:32:58 [profile] [sql] SELECT * FROM `User` WHERE `id` = "2"
2017/09/14 09:32:58 [profile] [sql] SELECT * FROM `UserPerson` `t` WHERE userId="2"
2017/09/14 09:32:58 [profile] [sql] SELECT * FROM `User` WHERE `id` = "2"
2017/09/14 09:32:58 [profile] [sql] SELECT * FROM `UserPerson` `t` WHERE userId="2"
2017/09/14 09:32:58 [profile] [sql] SELECT * FROM `User` WHERE `id` = "2"
2017/09/14 09:32:58 [profile] [sql] SELECT * FROM `UserPerson` `t` WHERE userId="2"
2017/09/14 09:32:58 [profile] [sql] SELECT * FROM `User` WHERE `id` = "2"
2017/09/14 09:32:58 [profile] [sql] SELECT * FROM `UserPerson` `t` WHERE userId="2"
2017/09/14 09:32:59 [profile] [sql] SELECT * FROM `User` WHERE `id` = "2"
2017/09/14 09:32:59 [profile] [sql] SELECT * FROM `UserPerson` `t` WHERE userId="2"
2017/09/14 09:32:59 [profile] [sql] SELECT * FROM `User` WHERE `id` = "2"
2017/09/14 09:32:59 [profile] [sql] SELECT * FROM `UserPerson` `t` WHERE userId="2"
2017/09/14 09:33:21 [profile] [sql] SELECT * FROM `User` WHERE `id` = "2"
2017/09/14 09:33:21 [profile] [sql] SELECT * FROM `UserPerson` `t` WHERE userId="2"
2017/09/14 09:33:32 [profile] [sql] SELECT * FROM `User` WHERE `id` = "2"
2017/09/14 09:33:32 [profile] [sql] SELECT * FROM `UserPerson` `t` WHERE userId="2"
2017/09/14 09:33:44 [profile] [sql] SELECT * FROM `User` WHERE `id` = "2"
2017/09/14 09:33:44 [profile] [sql] SELECT * FROM `UserPerson` `t` WHERE userId="2"
2017/09/14 09:33:56 [profile] [sql] SELECT * FROM `User` WHERE `id` = "2"
2017/09/14 09:33:56 [profile] [sql] SELECT * FROM `UserPerson` `t` WHERE userId="2"
2017/09/14 09:33:57 [profile] [sql] SELECT * FROM `User` WHERE `id` = "2"
2017/09/14 09:33:57 [profile] [sql] SELECT * FROM `UserPerson` `t` WHERE userId="2"
2017/09/14 09:33:57 [profile] [sql] SELECT * FROM `User` WHERE `id` = "2"
2017/09/14 09:33:57 [profile] [sql] SELECT * FROM `UserPerson` `t` WHERE userId="2"
2017/09/14 09:33:57 [profile] [sql] SELECT * FROM `User` WHERE `id` = "2"
2017/09/14 09:33:57 [profile] [sql] SELECT * FROM `UserPerson` `t` WHERE userId="2"
2017/09/14 09:33:57 [profile] [sql] SELECT * FROM `User` WHERE `id` = "2"
2017/09/14 09:33:57 [profile] [sql] SELECT * FROM `UserPerson` `t` WHERE userId="2"
2017/09/14 09:33:58 [profile] [sql] SELECT * FROM `User` WHERE `id` = "2"
2017/09/14 09:33:58 [profile] [sql] SELECT * FROM `UserPerson` `t` WHERE userId="2"
2017/09/14 09:33:58 [profile] [sql] SELECT * FROM `User` WHERE `id` = "2"
2017/09/14 09:33:58 [profile] [sql] SELECT * FROM `UserPerson` `t` WHERE userId="2"
2017/09/14 09:33:58 [profile] [sql] SELECT * FROM `User` WHERE `id` = "2"
2017/09/14 09:33:58 [profile] [sql] SELECT * FROM `UserPerson` `t` WHERE userId="2"
2017/09/14 09:33:58 [profile] [sql] SELECT * FROM `User` WHERE `id` = "2"
2017/09/14 09:33:58 [profile] [sql] SELECT * FROM `UserPerson` `t` WHERE userId="2"
2017/09/14 09:33:59 [profile] [sql] SELECT * FROM `User` WHERE `id` = "2"
2017/09/14 09:33:59 [profile] [sql] SELECT * FROM `UserPerson` `t` WHERE userId="2"
2017/09/14 09:33:59 [profile] [sql] SELECT * FROM `User` WHERE `id` = "2"
2017/09/14 09:33:59 [profile] [sql] SELECT * FROM `UserPerson` `t` WHERE userId="2"
2017/09/14 09:33:59 [profile] [sql] SELECT * FROM `User` WHERE `id` = "2"
2017/09/14 09:33:59 [profile] [sql] SELECT * FROM `UserPerson` `t` WHERE userId="2"
2017/09/14 09:33:59 [profile] [sql] SELECT * FROM `User` WHERE `id` = "2"
2017/09/14 09:33:59 [profile] [sql] SELECT * FROM `UserPerson` `t` WHERE userId="2"
2017/09/14 09:34:00 [profile] [sql] SELECT * FROM `User` WHERE `id` = "2"
2017/09/14 09:34:00 [profile] [sql] SELECT * FROM `UserPerson` `t` WHERE userId="2"
2017/09/14 09:34:00 [profile] [sql] SELECT * FROM `User` WHERE `id` = "2"
2017/09/14 09:34:00 [profile] [sql] SELECT * FROM `UserPerson` `t` WHERE userId="2"
2017/09/14 09:35:50 [profile] [sql] SELECT * FROM `User` WHERE `id` = "2"
2017/09/14 09:35:50 [profile] [sql] SELECT * FROM `UserPerson` `t` WHERE userId="2"
2017/09/14 09:47:30 [profile] [sql] SELECT * FROM `User` WHERE `id` = "2"
2017/09/14 09:47:30 [profile] [sql] SELECT * FROM `UserPerson` `t` WHERE userId="2"
2017/09/14 09:47:31 [profile] [sql] SELECT * FROM `User` WHERE `id` = "2"
2017/09/14 09:47:31 [profile] [sql] SELECT * FROM `UserPerson` `t` WHERE userId="2"
2017/09/14 09:47:32 [profile] [sql] SELECT * FROM `User` WHERE `id` = "2"
2017/09/14 09:47:32 [profile] [sql] SELECT * FROM `UserPerson` `t` WHERE userId="2"
2017/09/14 09:47:32 [profile] [sql] SELECT * FROM `User` WHERE `id` = "2"
2017/09/14 09:47:32 [profile] [sql] SELECT * FROM `UserPerson` `t` WHERE userId="2"
2017/09/14 09:47:32 [profile] [sql] SELECT * FROM `User` WHERE `id` = "2"
2017/09/14 09:47:32 [profile] [sql] SELECT * FROM `UserPerson` `t` WHERE userId="2"
2017/09/14 09:47:32 [profile] [sql] SELECT * FROM `User` WHERE `id` = "2"
2017/09/14 09:47:32 [profile] [sql] SELECT * FROM `UserPerson` `t` WHERE userId="2"
2017/09/14 09:47:33 [profile] [sql] SELECT * FROM `User` WHERE `id` = "2"
2017/09/14 09:47:33 [profile] [sql] SELECT * FROM `UserPerson` `t` WHERE userId="2"
2017/09/14 09:47:33 [profile] [sql] SELECT * FROM `User` WHERE `id` = "2"
2017/09/14 09:47:33 [profile] [sql] SELECT * FROM `UserPerson` `t` WHERE userId="2"
2017/09/14 09:50:55 [profile] [sql] SELECT * FROM `User` WHERE `id` = "2"
2017/09/14 09:50:55 [profile] [sql] SELECT * FROM `UserPerson` `t` WHERE userId="2"
2017/09/14 09:51:12 [profile] [sql] SELECT * FROM `User` WHERE `id` = "2"
2017/09/14 09:51:12 [profile] [sql] SELECT * FROM `UserPerson` `t` WHERE userId="2"
2017/09/14 09:51:14 [profile] [sql] SELECT * FROM `User` WHERE `id` = "2"
2017/09/14 09:51:14 [profile] [sql] SELECT * FROM `UserPerson` `t` WHERE userId="2"
2017/09/14 09:51:15 [profile] [sql] SELECT * FROM `User` WHERE `id` = "2"
2017/09/14 09:51:15 [profile] [sql] SELECT * FROM `UserPerson` `t` WHERE userId="2"
2017/09/14 09:51:15 [profile] [sql] SELECT * FROM `User` WHERE `id` = "2"
2017/09/14 09:51:15 [profile] [sql] SELECT * FROM `UserPerson` `t` WHERE userId="2"
2017/09/14 09:51:16 [profile] [sql] SELECT * FROM `User` WHERE `id` = "2"
2017/09/14 09:51:16 [profile] [sql] SELECT * FROM `UserPerson` `t` WHERE userId="2"
2017/09/14 09:51:16 [profile] [sql] SELECT * FROM `User` WHERE `id` = "2"
2017/09/14 09:51:16 [profile] [sql] SELECT * FROM `UserPerson` `t` WHERE userId="2"
2017/09/14 09:51:16 [profile] [sql] SELECT * FROM `User` WHERE `id` = "2"
2017/09/14 09:51:16 [profile] [sql] SELECT * FROM `UserPerson` `t` WHERE userId="2"
2017/09/14 09:51:17 [profile] [sql] SELECT * FROM `User` WHERE `id` = "2"
2017/09/14 09:51:17 [profile] [sql] SELECT * FROM `UserPerson` `t` WHERE userId="2"
2017/09/14 09:51:17 [profile] [sql] SELECT * FROM `User` WHERE `id` = "2"
2017/09/14 09:51:17 [profile] [sql] SELECT * FROM `UserPerson` `t` WHERE userId="2"
2017/09/14 09:51:18 [profile] [sql] SELECT * FROM `User` WHERE `id` = "2"
2017/09/14 09:51:18 [profile] [sql] SELECT * FROM `UserPerson` `t` WHERE userId="2"
2017/09/14 09:51:19 [profile] [sql] SELECT * FROM `User` WHERE `id` = "2"
2017/09/14 09:51:19 [profile] [sql] SELECT * FROM `UserPerson` `t` WHERE userId="2"
2017/09/14 09:51:19 [profile] [sql] SELECT * FROM `User` WHERE `id` = "2"
2017/09/14 09:51:19 [profile] [sql] SELECT * FROM `UserPerson` `t` WHERE userId="2"
2017/09/14 09:53:37 [profile] [sql] SELECT * FROM `User` WHERE `id` = "2"
2017/09/14 09:53:37 [profile] [sql] SELECT * FROM `UserPerson` `t` WHERE userId="2"
2017/09/14 10:00:51 [profile] [sql] SELECT * FROM `User` WHERE `id` = "2"
2017/09/14 10:00:51 [profile] [sql] SELECT * FROM `UserPerson` `t` WHERE userId="2"
2017/09/14 10:04:44 [profile] [sql] SELECT * FROM `User` WHERE `id` = "2"
2017/09/14 10:04:44 [profile] [sql] SELECT * FROM `UserPerson` `t` WHERE userId="2"
2017/09/14 10:16:12 [profile] [sql] SELECT * FROM `User` WHERE `id` = "2"
2017/09/14 10:16:12 [profile] [sql] SELECT * FROM `UserPerson` `t` WHERE userId="2"
2017/09/14 10:17:00 [profile] [sql] SELECT * FROM `User` WHERE `id` = "2"
2017/09/14 10:17:00 [profile] [sql] SELECT * FROM `UserPerson` `t` WHERE userId="2"
2017/09/14 10:20:41 [profile] [sql] SELECT * FROM `User` WHERE `id` = "2"
2017/09/14 10:20:41 [profile] [sql] SELECT * FROM `UserPerson` `t` WHERE userId="2"
2017/09/14 10:47:10 [profile] [sql] SELECT * FROM `User` WHERE `id` = "2"
2017/09/14 10:47:10 [profile] [sql] SELECT * FROM `UserPerson` `t` WHERE userId="2"
2017/09/14 10:47:11 [profile] [sql] SELECT * FROM `User` WHERE `id` = "2"
2017/09/14 10:47:11 [profile] [sql] SELECT * FROM `UserPerson` `t` WHERE userId="2"
2017/09/14 10:47:11 [profile] [sql] SELECT * FROM `User` WHERE `id` = "2"
2017/09/14 10:47:11 [profile] [sql] SELECT * FROM `UserPerson` `t` WHERE userId="2"
2017/09/14 10:47:11 [profile] [sql] SELECT * FROM `User` WHERE `id` = "2"
2017/09/14 10:47:11 [profile] [sql] SELECT * FROM `UserPerson` `t` WHERE userId="2"
2017/09/14 10:47:12 [profile] [sql] SELECT * FROM `User` WHERE `id` = "2"
2017/09/14 10:47:12 [profile] [sql] SELECT * FROM `UserPerson` `t` WHERE userId="2"
2017/09/14 10:47:12 [profile] [sql] SELECT * FROM `User` WHERE `id` = "2"
2017/09/14 10:47:12 [profile] [sql] SELECT * FROM `UserPerson` `t` WHERE userId="2"
2017/09/14 10:47:12 [profile] [sql] SELECT * FROM `User` WHERE `id` = "2"
2017/09/14 10:47:12 [profile] [sql] SELECT * FROM `UserPerson` `t` WHERE userId="2"
2017/09/14 10:47:13 [profile] [sql] SELECT * FROM `User` WHERE `id` = "2"
2017/09/14 10:47:13 [profile] [sql] SELECT * FROM `UserPerson` `t` WHERE userId="2"
2017/09/14 10:47:13 [profile] [sql] SELECT * FROM `User` WHERE `id` = "2"
2017/09/14 10:47:13 [profile] [sql] SELECT * FROM `UserPerson` `t` WHERE userId="2"
2017/09/14 10:47:13 [profile] [sql] SELECT * FROM `User` WHERE `id` = "2"
2017/09/14 10:47:13 [profile] [sql] SELECT * FROM `UserPerson` `t` WHERE userId="2"
2017/09/14 10:47:13 [profile] [sql] SELECT * FROM `User` WHERE `id` = "2"
2017/09/14 10:47:13 [profile] [sql] SELECT * FROM `UserPerson` `t` WHERE userId="2"
2017/09/14 10:47:13 [profile] [sql] SELECT * FROM `User` WHERE `id` = "2"
2017/09/14 10:47:13 [profile] [sql] SELECT * FROM `UserPerson` `t` WHERE userId="2"
2017/09/14 10:47:13 [profile] [sql] SELECT * FROM `User` WHERE `id` = "2"
2017/09/14 10:47:13 [profile] [sql] SELECT * FROM `UserPerson` `t` WHERE userId="2"
2017/09/14 10:47:14 [profile] [sql] SELECT * FROM `User` WHERE `id` = "2"
2017/09/14 10:47:14 [profile] [sql] SELECT * FROM `UserPerson` `t` WHERE userId="2"
2017/09/14 10:47:14 [profile] [sql] SELECT * FROM `User` WHERE `id` = "2"
2017/09/14 10:47:14 [profile] [sql] SELECT * FROM `UserPerson` `t` WHERE userId="2"
2017/09/14 10:47:14 [profile] [sql] SELECT * FROM `User` WHERE `id` = "2"
2017/09/14 10:47:14 [profile] [sql] SELECT * FROM `UserPerson` `t` WHERE userId="2"
2017/09/14 10:55:10 [profile] [sql] SELECT * FROM `User` WHERE `id` = "2"
2017/09/14 10:55:10 [profile] [sql] SELECT * FROM `UserPerson` `t` WHERE userId="2"
2017/09/14 10:56:02 [profile] [sql] SELECT * FROM `User` WHERE `id` = "2"
2017/09/14 10:56:02 [profile] [sql] SELECT * FROM `UserPerson` `t` WHERE userId="2"
2017/09/14 10:56:33 [profile] [sql] SELECT * FROM `User` WHERE `id` = "2"
2017/09/14 10:56:33 [profile] [sql] SELECT * FROM `UserPerson` `t` WHERE userId="2"
2017/09/14 11:32:02 [profile] [sql] SELECT * FROM `User` WHERE `id` = "2"
2017/09/14 11:32:02 [profile] [sql] SELECT * FROM `UserPerson` `t` WHERE userId="2"
2017/09/14 11:32:18 [profile] [sql] SELECT * FROM `User` WHERE `id` = "2"
2017/09/14 11:32:18 [profile] [sql] SELECT * FROM `UserPerson` `t` WHERE userId="2"
2017/09/14 11:32:50 [profile] [sql] SELECT * FROM `User` WHERE `id` = "2"
2017/09/14 11:32:50 [profile] [sql] SELECT * FROM `UserPerson` `t` WHERE userId="2"
2017/09/14 11:34:52 [profile] [sql] SELECT * FROM `User` WHERE `id` = "2"
2017/09/14 11:34:52 [profile] [sql] SELECT * FROM `UserPerson` `t` WHERE userId="2"
2017/09/14 11:35:40 [profile] [sql] SELECT * FROM `User` WHERE `id` = "2"
2017/09/14 11:35:40 [profile] [sql] SELECT * FROM `UserPerson` `t` WHERE userId="2"
2017/09/14 11:36:50 [profile] [sql] SELECT * FROM `User` WHERE `id` = "2"
2017/09/14 11:36:50 [profile] [sql] SELECT * FROM `UserPerson` `t` WHERE userId="2"
2017/09/14 11:37:42 [profile] [sql] SELECT * FROM `User` WHERE `id` = "2"
2017/09/14 11:37:42 [profile] [sql] SELECT * FROM `UserPerson` `t` WHERE userId="2"
2017/09/14 11:37:43 [profile] [sql] SELECT * FROM `User` WHERE `id` = "2"
2017/09/14 11:37:43 [profile] [sql] SELECT * FROM `UserPerson` `t` WHERE userId="2"
2017/09/14 11:37:43 [profile] [sql] SELECT * FROM `User` WHERE `id` = "2"
2017/09/14 11:37:43 [profile] [sql] SELECT * FROM `UserPerson` `t` WHERE userId="2"
2017/09/14 11:43:22 [profile] [sql] SELECT * FROM `User` WHERE `id` = "2"
2017/09/14 11:43:22 [profile] [sql] SELECT * FROM `UserPerson` `t` WHERE userId="2"
2017/09/14 11:43:42 [profile] [sql] SELECT * FROM `User` WHERE `id` = "2"
2017/09/14 11:43:42 [profile] [sql] SELECT * FROM `UserPerson` `t` WHERE userId="2"
2017/09/14 11:43:42 [profile] [sql] SELECT * FROM `User` WHERE `id` = "2"
2017/09/14 11:43:42 [profile] [sql] SELECT * FROM `UserPerson` `t` WHERE userId="2"
2017/09/14 11:43:47 [profile] [sql] SELECT * FROM `User` WHERE `id` = "2"
2017/09/14 11:43:47 [profile] [sql] SELECT * FROM `UserPerson` `t` WHERE userId="2"
2017/09/14 11:43:53 [profile] [sql] SELECT * FROM `User` WHERE `id` = "2"
2017/09/14 11:43:53 [profile] [sql] SELECT * FROM `UserPerson` `t` WHERE userId="2"
2017/09/14 13:30:20 [profile] [sql] SELECT * FROM `Admin` `t` WHERE username="admin"
2017/09/14 13:30:20 [profile] [sql] SELECT SQL_CALC_FOUND_ROWS * FROM `UserDemand` `t` LIMIT 15
2017/09/14 13:30:20 [profile] [sql] SELECT FOUND_ROWS()
2017/09/14 13:30:25 [profile] [sql] SELECT * FROM `User` WHERE `id` = "2"
2017/09/14 13:30:25 [profile] [sql] SELECT * FROM `UserPerson` `t` WHERE userId="2"
2017/09/14 13:42:22 [profile] [sql] SELECT * FROM `User` WHERE `id` = "2"
2017/09/14 13:42:22 [profile] [sql] SELECT * FROM `UserPerson` `t` WHERE userId="2"
2017/09/14 13:43:32 [profile] [sql] SELECT * FROM `User` WHERE `id` = "2"
2017/09/14 13:43:32 [profile] [sql] SELECT * FROM `UserPerson` `t` WHERE userId="2"
2017/09/14 13:43:48 [profile] [sql] SELECT * FROM `User` WHERE `id` = "2"
2017/09/14 13:43:48 [profile] [sql] SELECT * FROM `UserPerson` `t` WHERE userId="2"
2017/09/14 13:44:11 [profile] [sql] SELECT * FROM `User` WHERE `id` = "2"
2017/09/14 13:44:11 [profile] [sql] SELECT * FROM `UserPerson` `t` WHERE userId="2"
2017/09/14 13:45:57 [profile] [sql] SELECT * FROM `User` WHERE `id` = "2"
2017/09/14 13:45:57 [profile] [sql] SELECT * FROM `UserPerson` `t` WHERE userId="2"
2017/09/14 13:47:04 [profile] [sql] SELECT * FROM `User` WHERE `id` = "2"
2017/09/14 13:47:04 [profile] [sql] SELECT * FROM `UserPerson` `t` WHERE userId="2"
2017/09/14 13:47:11 [profile] [sql] SELECT * FROM `User` WHERE `id` = "2"
2017/09/14 13:47:11 [profile] [sql] SELECT * FROM `UserPerson` `t` WHERE userId="2"
2017/09/14 13:52:14 [profile] [sql] SELECT * FROM `User` WHERE `id` = "2"
2017/09/14 13:52:14 [profile] [sql] SELECT * FROM `UserPerson` `t` WHERE userId="2"
2017/09/14 13:55:38 [profile] [sql] SELECT * FROM `User` WHERE `id` = "2"
2017/09/14 13:55:38 [profile] [sql] SELECT * FROM `UserPerson` `t` WHERE userId="2"
2017/09/14 14:07:46 [profile] [sql] SELECT * FROM `Admin` `t` WHERE username="admin"
2017/09/14 14:07:46 [profile] [sql] SELECT SQL_CALC_FOUND_ROWS * FROM `UserDemand` `t` LIMIT 15
2017/09/14 14:07:46 [profile] [sql] SELECT FOUND_ROWS()
2017/09/14 14:07:51 [profile] [sql] SELECT * FROM `User` WHERE `id` = "2"
2017/09/14 14:07:51 [profile] [sql] SELECT * FROM `UserPerson` `t` WHERE userId="2"
2017/09/14 14:08:15 [profile] [sql] SELECT * FROM `User` WHERE `id` = "2"
2017/09/14 14:08:15 [profile] [sql] SELECT * FROM `UserPerson` `t` WHERE userId="2"
2017/09/14 14:08:27 [profile] [sql] SELECT * FROM `User` WHERE `id` = "2"
2017/09/14 14:08:27 [profile] [sql] SELECT * FROM `UserPerson` `t` WHERE userId="2"
2017/09/14 14:16:20 [profile] [sql] SELECT * FROM `User` WHERE `id` = "2"
2017/09/14 14:16:20 [profile] [sql] SELECT * FROM `UserPerson` `t` WHERE userId="2"
2017/09/14 14:17:44 [profile] [sql] SELECT * FROM `User` WHERE `id` = "2"
2017/09/14 14:17:44 [profile] [sql] SELECT * FROM `UserPerson` `t` WHERE userId="2"
2017/09/14 14:17:51 [profile] [sql] SELECT * FROM `User` WHERE `id` = "2"
2017/09/14 14:17:51 [profile] [sql] SELECT * FROM `UserPerson` `t` WHERE userId="2"
2017/09/14 14:19:15 [profile] [sql] SELECT * FROM `User` WHERE `id` = "2"
2017/09/14 14:19:15 [profile] [sql] SELECT * FROM `UserPerson` `t` WHERE userId="2"
2017/09/14 14:19:15 [profile] [sql] SELECT * FROM `User` WHERE `id` = "2"
2017/09/14 14:19:15 [profile] [sql] SELECT * FROM `UserPerson` `t` WHERE userId="2"
2017/09/14 14:19:16 [profile] [sql] SELECT * FROM `User` WHERE `id` = "2"
2017/09/14 14:19:16 [profile] [sql] SELECT * FROM `UserPerson` `t` WHERE userId="2"
2017/09/14 14:19:16 [profile] [sql] SELECT * FROM `User` WHERE `id` = "2"
2017/09/14 14:19:16 [profile] [sql] SELECT * FROM `UserPerson` `t` WHERE userId="2"
2017/09/14 14:19:16 [profile] [sql] SELECT * FROM `User` WHERE `id` = "2"
2017/09/14 14:19:16 [profile] [sql] SELECT * FROM `UserPerson` `t` WHERE userId="2"
2017/09/14 14:19:21 [profile] [sql] SELECT * FROM `User` WHERE `id` = "2"
2017/09/14 14:19:21 [profile] [sql] SELECT * FROM `UserPerson` `t` WHERE userId="2"
2017/09/14 14:20:08 [profile] [sql] SELECT * FROM `User` WHERE `id` = "2"
2017/09/14 14:20:08 [profile] [sql] SELECT * FROM `UserPerson` `t` WHERE userId="2"
2017/09/14 14:20:09 [profile] [sql] SELECT * FROM `User` WHERE `id` = "2"
2017/09/14 14:20:09 [profile] [sql] SELECT * FROM `UserPerson` `t` WHERE userId="2"
2017/09/14 14:20:09 [profile] [sql] SELECT * FROM `User` WHERE `id` = "2"
2017/09/14 14:20:09 [profile] [sql] SELECT * FROM `UserPerson` `t` WHERE userId="2"
2017/09/14 14:20:09 [profile] [sql] SELECT * FROM `User` WHERE `id` = "2"
2017/09/14 14:20:09 [profile] [sql] SELECT * FROM `UserPerson` `t` WHERE userId="2"
2017/09/14 14:20:09 [profile] [sql] SELECT * FROM `User` WHERE `id` = "2"
2017/09/14 14:20:09 [profile] [sql] SELECT * FROM `UserPerson` `t` WHERE userId="2"
2017/09/14 14:20:12 [profile] [sql] SELECT * FROM `User` WHERE `id` = "2"
2017/09/14 14:20:12 [profile] [sql] SELECT * FROM `UserPerson` `t` WHERE userId="2"
2017/09/14 14:20:36 [profile] [sql] SELECT * FROM `User` WHERE `id` = "2"
2017/09/14 14:20:36 [profile] [sql] SELECT * FROM `UserPerson` `t` WHERE userId="2"
2017/09/14 14:20:38 [profile] [sql] SELECT * FROM `User` WHERE `id` = "2"
2017/09/14 14:20:38 [profile] [sql] SELECT * FROM `UserPerson` `t` WHERE userId="2"
2017/09/14 14:20:38 [profile] [sql] SELECT * FROM `User` WHERE `id` = "2"
2017/09/14 14:20:38 [profile] [sql] SELECT * FROM `UserPerson` `t` WHERE userId="2"
2017/09/14 14:20:38 [profile] [sql] SELECT * FROM `User` WHERE `id` = "2"
2017/09/14 14:20:38 [profile] [sql] SELECT * FROM `UserPerson` `t` WHERE userId="2"
2017/09/14 14:20:42 [profile] [sql] SELECT * FROM `User` WHERE `id` = "2"
2017/09/14 14:20:42 [profile] [sql] SELECT * FROM `UserPerson` `t` WHERE userId="2"
2017/09/14 14:26:23 [profile] [sql] SELECT * FROM `User` WHERE `id` = "2"
2017/09/14 14:26:23 [profile] [sql] SELECT * FROM `UserPerson` `t` WHERE userId="2"
2017/09/14 14:44:53 [profile] [sql] SELECT * FROM `User` WHERE `id` = "2"
2017/09/14 14:44:53 [profile] [sql] SELECT * FROM `UserPerson` `t` WHERE userId="2"
2017/09/14 14:49:50 [profile] [sql] SELECT * FROM `User` WHERE `id` = "2"
2017/09/14 14:49:50 [profile] [sql] SELECT * FROM `UserPerson` `t` WHERE userId="2"
2017/09/14 14:49:50 [profile] [sql] UPDATE `User` SET `userName`=:userName, `trueName`=:trueName, `nickName`=:nickName, `avatar`=:avatar, `qq`=:qq, `state`=:state, `utoken`=:utoken, `mobile`=:mobile, `email`=:email, `sex`=:sex, `isAuth`=:isAuth, `companyAuth`=:companyAuth, `identityType`=:identityType, `isRole`=:isRole, `uId`=:uId, `createTime`=:createTime, `updateTime`=:updateTime, `telephone`=:telephone WHERE `id` IN(2)
array
(
    'userName' => 'zy19930727'
    'trueName' => '车市'
    'nickName' => 'testd'
    'avatar' => null
    'qq' => 2147483647
    'state' => '1'
    'utoken' => '867d47f2eddcd528033af143e21fad87'
    'mobile' => 2147483647
    'email' => '4025012762@qq.com'
    'sex' => '3'
    'isAuth' => '1'
    'companyAuth' => '0'
    'identityType' => null
    'isRole' => 2
    'uId' => '1536'
    'createTime' => '2017-08-16 10:05:24'
    'updateTime' => '2017-09-14 14:49:50'
    'telephone' => null
)
2017/09/14 14:50:06 [profile] [sql] SELECT * FROM `User` WHERE `id` = "2"
2017/09/14 14:50:06 [profile] [sql] SELECT * FROM `UserPerson` `t` WHERE userId="2"
2017/09/14 14:50:18 [profile] [sql] SELECT * FROM `User` WHERE `id` = "2"
2017/09/14 14:50:18 [profile] [sql] SELECT * FROM `UserPerson` `t` WHERE userId="2"
2017/09/14 16:32:09 [profile] [sql] SELECT * FROM `Admin` `t` WHERE username="admin"
2017/09/14 16:32:09 [profile] [sql] SELECT SQL_CALC_FOUND_ROWS * FROM `UserDemand` `t` LIMIT 15
2017/09/14 16:32:09 [profile] [sql] SELECT FOUND_ROWS()
2017/09/14 16:32:13 [profile] [sql] SELECT * FROM `User` WHERE `id` = "2"
2017/09/14 16:32:13 [profile] [sql] SELECT * FROM `UserPerson` `t` WHERE userId="2"
2017/09/14 16:35:15 [profile] [sql] SELECT * FROM `User` WHERE `id` = "2"
2017/09/14 16:35:15 [profile] [sql] SELECT * FROM `UserPerson` `t` WHERE userId="2"
2017/09/14 16:35:43 [profile] [sql] SELECT * FROM `User` WHERE `id` = "2"
2017/09/14 16:35:43 [profile] [sql] SELECT * FROM `UserPerson` `t` WHERE userId="2"
2017/09/14 16:35:43 [profile] [sql] SELECT * FROM `User` WHERE `id` = "2"
2017/09/14 16:35:43 [profile] [sql] SELECT * FROM `UserPerson` `t` WHERE userId="2"
2017/09/14 16:35:44 [profile] [sql] SELECT * FROM `User` WHERE `id` = "2"
2017/09/14 16:35:44 [profile] [sql] SELECT * FROM `UserPerson` `t` WHERE userId="2"
2017/09/14 16:36:03 [profile] [sql] SELECT * FROM `User` WHERE `id` = "2"
2017/09/14 16:36:03 [profile] [sql] SELECT * FROM `UserPerson` `t` WHERE userId="2"
2017/09/14 16:36:51 [profile] [sql] SELECT * FROM `User` WHERE `id` = "2"
2017/09/14 16:36:51 [profile] [sql] SELECT * FROM `UserPerson` `t` WHERE userId="2"
2017/09/14 16:37:22 [profile] [sql] SELECT * FROM `User` WHERE `id` = "2"
2017/09/14 16:37:22 [profile] [sql] SELECT * FROM `UserPerson` `t` WHERE userId="2"
2017/09/14 16:43:06 [profile] [sql] SELECT * FROM `User` WHERE `id` = "2"
2017/09/14 16:43:06 [profile] [sql] SELECT * FROM `UserPerson` `t` WHERE userId="2"
2017/09/14 16:43:07 [profile] [sql] SELECT * FROM `User` WHERE `id` = "2"
2017/09/14 16:43:07 [profile] [sql] SELECT * FROM `UserPerson` `t` WHERE userId="2"
2017/09/14 16:43:07 [profile] [sql] SELECT * FROM `User` WHERE `id` = "2"
2017/09/14 16:43:07 [profile] [sql] SELECT * FROM `UserPerson` `t` WHERE userId="2"
2017/09/14 16:43:07 [profile] [sql] SELECT * FROM `User` WHERE `id` = "2"
2017/09/14 16:43:07 [profile] [sql] SELECT * FROM `UserPerson` `t` WHERE userId="2"
2017/09/14 16:43:07 [profile] [sql] SELECT * FROM `User` WHERE `id` = "2"
2017/09/14 16:43:07 [profile] [sql] SELECT * FROM `UserPerson` `t` WHERE userId="2"
2017/09/14 16:43:14 [profile] [sql] SELECT * FROM `User` WHERE `id` = "2"
2017/09/14 16:43:14 [profile] [sql] SELECT * FROM `UserPerson` `t` WHERE userId="2"
2017/09/14 16:43:14 [profile] [sql] SELECT * FROM `User` WHERE `id` = "2"
2017/09/14 16:43:14 [profile] [sql] SELECT * FROM `UserPerson` `t` WHERE userId="2"
2017/09/14 16:43:14 [profile] [sql] SELECT * FROM `User` WHERE `id` = "2"
2017/09/14 16:43:14 [profile] [sql] SELECT * FROM `UserPerson` `t` WHERE userId="2"
2017/09/14 16:43:15 [profile] [sql] SELECT * FROM `User` WHERE `id` = "2"
2017/09/14 16:43:15 [profile] [sql] SELECT * FROM `UserPerson` `t` WHERE userId="2"
2017/09/14 16:43:15 [profile] [sql] SELECT * FROM `User` WHERE `id` = "2"
2017/09/14 16:43:15 [profile] [sql] SELECT * FROM `UserPerson` `t` WHERE userId="2"
2017/09/14 16:43:15 [profile] [sql] SELECT * FROM `User` WHERE `id` = "2"
2017/09/14 16:43:15 [profile] [sql] SELECT * FROM `UserPerson` `t` WHERE userId="2"
2017/09/14 16:43:15 [profile] [sql] SELECT * FROM `User` WHERE `id` = "2"
2017/09/14 16:43:15 [profile] [sql] SELECT * FROM `UserPerson` `t` WHERE userId="2"
2017/09/14 16:43:16 [profile] [sql] SELECT * FROM `User` WHERE `id` = "2"
2017/09/14 16:43:16 [profile] [sql] SELECT * FROM `UserPerson` `t` WHERE userId="2"
2017/09/14 16:43:16 [profile] [sql] SELECT * FROM `User` WHERE `id` = "2"
2017/09/14 16:43:16 [profile] [sql] SELECT * FROM `UserPerson` `t` WHERE userId="2"
2017/09/14 16:43:16 [profile] [sql] SELECT * FROM `User` WHERE `id` = "2"
2017/09/14 16:43:16 [profile] [sql] SELECT * FROM `UserPerson` `t` WHERE userId="2"
2017/09/14 16:43:16 [profile] [sql] SELECT * FROM `User` WHERE `id` = "2"
2017/09/14 16:43:16 [profile] [sql] SELECT * FROM `UserPerson` `t` WHERE userId="2"
2017/09/14 16:43:17 [profile] [sql] SELECT * FROM `User` WHERE `id` = "2"
2017/09/14 16:43:17 [profile] [sql] SELECT * FROM `UserPerson` `t` WHERE userId="2"
2017/09/14 16:43:17 [profile] [sql] SELECT * FROM `User` WHERE `id` = "2"
2017/09/14 16:43:17 [profile] [sql] SELECT * FROM `UserPerson` `t` WHERE userId="2"
2017/09/14 16:43:17 [profile] [sql] SELECT * FROM `User` WHERE `id` = "2"
2017/09/14 16:43:17 [profile] [sql] SELECT * FROM `UserPerson` `t` WHERE userId="2"
2017/09/14 16:43:18 [profile] [sql] SELECT * FROM `User` WHERE `id` = "2"
2017/09/14 16:43:18 [profile] [sql] SELECT * FROM `UserPerson` `t` WHERE userId="2"
2017/09/14 16:43:18 [profile] [sql] SELECT * FROM `User` WHERE `id` = "2"
2017/09/14 16:43:18 [profile] [sql] SELECT * FROM `UserPerson` `t` WHERE userId="2"
2017/09/14 16:43:18 [profile] [sql] SELECT * FROM `User` WHERE `id` = "2"
2017/09/14 16:43:18 [profile] [sql] SELECT * FROM `UserPerson` `t` WHERE userId="2"
2017/09/14 16:43:18 [profile] [sql] SELECT * FROM `User` WHERE `id` = "2"
2017/09/14 16:43:18 [profile] [sql] SELECT * FROM `UserPerson` `t` WHERE userId="2"
2017/09/14 16:43:19 [profile] [sql] SELECT * FROM `User` WHERE `id` = "2"
2017/09/14 16:43:19 [profile] [sql] SELECT * FROM `UserPerson` `t` WHERE userId="2"
2017/09/14 16:43:19 [profile] [sql] SELECT * FROM `User` WHERE `id` = "2"
2017/09/14 16:43:19 [profile] [sql] SELECT * FROM `UserPerson` `t` WHERE userId="2"
2017/09/14 16:43:19 [profile] [sql] SELECT * FROM `User` WHERE `id` = "2"
2017/09/14 16:43:19 [profile] [sql] SELECT * FROM `UserPerson` `t` WHERE userId="2"
2017/09/14 16:43:20 [profile] [sql] SELECT * FROM `User` WHERE `id` = "2"
2017/09/14 16:43:20 [profile] [sql] SELECT * FROM `UserPerson` `t` WHERE userId="2"
2017/09/14 16:43:20 [profile] [sql] SELECT * FROM `User` WHERE `id` = "2"
2017/09/14 16:43:20 [profile] [sql] SELECT * FROM `UserPerson` `t` WHERE userId="2"
2017/09/14 16:43:20 [profile] [sql] SELECT * FROM `User` WHERE `id` = "2"
2017/09/14 16:43:20 [profile] [sql] SELECT * FROM `UserPerson` `t` WHERE userId="2"
2017/09/14 16:43:20 [profile] [sql] SELECT * FROM `User` WHERE `id` = "2"
2017/09/14 16:43:20 [profile] [sql] SELECT * FROM `UserPerson` `t` WHERE userId="2"
2017/09/14 16:43:20 [profile] [sql] SELECT * FROM `User` WHERE `id` = "2"
2017/09/14 16:43:20 [profile] [sql] SELECT * FROM `UserPerson` `t` WHERE userId="2"
2017/09/14 16:43:21 [profile] [sql] SELECT * FROM `User` WHERE `id` = "2"
2017/09/14 16:43:21 [profile] [sql] SELECT * FROM `UserPerson` `t` WHERE userId="2"
2017/09/14 16:43:21 [profile] [sql] SELECT * FROM `User` WHERE `id` = "2"
2017/09/14 16:43:21 [profile] [sql] SELECT * FROM `UserPerson` `t` WHERE userId="2"
2017/09/14 16:43:21 [profile] [sql] SELECT * FROM `User` WHERE `id` = "2"
2017/09/14 16:43:21 [profile] [sql] SELECT * FROM `UserPerson` `t` WHERE userId="2"
2017/09/14 16:43:21 [profile] [sql] SELECT * FROM `User` WHERE `id` = "2"
2017/09/14 16:43:21 [profile] [sql] SELECT * FROM `UserPerson` `t` WHERE userId="2"
2017/09/14 16:43:21 [profile] [sql] SELECT * FROM `User` WHERE `id` = "2"
2017/09/14 16:43:21 [profile] [sql] SELECT * FROM `UserPerson` `t` WHERE userId="2"
2017/09/14 16:43:22 [profile] [sql] SELECT * FROM `User` WHERE `id` = "2"
2017/09/14 16:43:22 [profile] [sql] SELECT * FROM `UserPerson` `t` WHERE userId="2"
2017/09/14 16:50:21 [profile] [sql] SELECT * FROM `User` WHERE `id` = "2"
2017/09/14 16:50:21 [profile] [sql] SELECT * FROM `UserPerson` `t` WHERE userId="2"
2017/09/14 16:50:21 [profile] [sql] UPDATE `User` SET `userName`=:userName, `trueName`=:trueName, `nickName`=:nickName, `avatar`=:avatar, `qq`=:qq, `state`=:state, `utoken`=:utoken, `mobile`=:mobile, `email`=:email, `sex`=:sex, `isAuth`=:isAuth, `companyAuth`=:companyAuth, `identityType`=:identityType, `isRole`=:isRole, `uId`=:uId, `createTime`=:createTime, `updateTime`=:updateTime, `telephone`=:telephone WHERE `id` IN(2)
array
(
    'userName' => 'zy19930727'
    'trueName' => '车市'
    'nickName' => 'testd'
    'avatar' => null
    'qq' => 2147483647
    'state' => '1'
    'utoken' => '867d47f2eddcd528033af143e21fad87'
    'mobile' => 2147483647
    'email' => '4025012762@qq.com'
    'sex' => 1
    'isAuth' => '1'
    'companyAuth' => '0'
    'identityType' => null
    'isRole' => 2
    'uId' => '1536'
    'createTime' => '2017-08-16 10:05:24'
    'updateTime' => '2017-09-14 16:50:21'
    'telephone' => null
)
2017/09/14 16:50:23 [profile] [sql] SELECT * FROM `User` WHERE `id` = "2"
2017/09/14 16:50:23 [profile] [sql] SELECT * FROM `UserPerson` `t` WHERE userId="2"
2017/09/14 16:50:23 [profile] [sql] UPDATE `User` SET `userName`=:userName, `trueName`=:trueName, `nickName`=:nickName, `avatar`=:avatar, `qq`=:qq, `state`=:state, `utoken`=:utoken, `mobile`=:mobile, `email`=:email, `sex`=:sex, `isAuth`=:isAuth, `companyAuth`=:companyAuth, `identityType`=:identityType, `isRole`=:isRole, `uId`=:uId, `createTime`=:createTime, `updateTime`=:updateTime, `telephone`=:telephone WHERE `id` IN(2)
array
(
    'userName' => 'zy19930727'
    'trueName' => '车市'
    'nickName' => 'testd'
    'avatar' => null
    'qq' => 2147483647
    'state' => '1'
    'utoken' => '867d47f2eddcd528033af143e21fad87'
    'mobile' => 2147483647
    'email' => '4025012762@qq.com'
    'sex' => '1'
    'isAuth' => '1'
    'companyAuth' => '0'
    'identityType' => null
    'isRole' => 2
    'uId' => '1536'
    'createTime' => '2017-08-16 10:05:24'
    'updateTime' => '2017-09-14 16:50:23'
    'telephone' => null
)
2017/09/14 16:50:23 [profile] [sql] SELECT * FROM `User` WHERE `id` = "2"
2017/09/14 16:50:23 [profile] [sql] SELECT * FROM `UserPerson` `t` WHERE userId="2"
2017/09/14 16:50:24 [profile] [sql] UPDATE `User` SET `userName`=:userName, `trueName`=:trueName, `nickName`=:nickName, `avatar`=:avatar, `qq`=:qq, `state`=:state, `utoken`=:utoken, `mobile`=:mobile, `email`=:email, `sex`=:sex, `isAuth`=:isAuth, `companyAuth`=:companyAuth, `identityType`=:identityType, `isRole`=:isRole, `uId`=:uId, `createTime`=:createTime, `updateTime`=:updateTime, `telephone`=:telephone WHERE `id` IN(2)
array
(
    'userName' => 'zy19930727'
    'trueName' => '车市'
    'nickName' => 'testd'
    'avatar' => null
    'qq' => 2147483647
    'state' => '1'
    'utoken' => '867d47f2eddcd528033af143e21fad87'
    'mobile' => 2147483647
    'email' => '4025012762@qq.com'
    'sex' => '1'
    'isAuth' => '1'
    'companyAuth' => '0'
    'identityType' => null
    'isRole' => 2
    'uId' => '1536'
    'createTime' => '2017-08-16 10:05:24'
    'updateTime' => '2017-09-14 16:50:24'
    'telephone' => null
)
2017/09/14 16:50:24 [profile] [sql] SELECT * FROM `User` WHERE `id` = "2"
2017/09/14 16:50:24 [profile] [sql] SELECT * FROM `UserPerson` `t` WHERE userId="2"
2017/09/14 16:50:24 [profile] [sql] UPDATE `User` SET `userName`=:userName, `trueName`=:trueName, `nickName`=:nickName, `avatar`=:avatar, `qq`=:qq, `state`=:state, `utoken`=:utoken, `mobile`=:mobile, `email`=:email, `sex`=:sex, `isAuth`=:isAuth, `companyAuth`=:companyAuth, `identityType`=:identityType, `isRole`=:isRole, `uId`=:uId, `createTime`=:createTime, `updateTime`=:updateTime, `telephone`=:telephone WHERE `id` IN(2)
array
(
    'userName' => 'zy19930727'
    'trueName' => '车市'
    'nickName' => 'testd'
    'avatar' => null
    'qq' => 2147483647
    'state' => '1'
    'utoken' => '867d47f2eddcd528033af143e21fad87'
    'mobile' => 2147483647
    'email' => '4025012762@qq.com'
    'sex' => '1'
    'isAuth' => '1'
    'companyAuth' => '0'
    'identityType' => null
    'isRole' => 2
    'uId' => '1536'
    'createTime' => '2017-08-16 10:05:24'
    'updateTime' => '2017-09-14 16:50:24'
    'telephone' => null
)
2017/09/14 16:51:21 [profile] [sql] SELECT * FROM `User` WHERE `id` = "2"
2017/09/14 16:51:21 [profile] [sql] SELECT * FROM `UserPerson` `t` WHERE userId="2"
2017/09/14 16:51:30 [profile] [sql] SELECT * FROM `User` WHERE `id` = "2"
2017/09/14 16:51:30 [profile] [sql] SELECT * FROM `UserPerson` `t` WHERE userId="2"
2017/09/14 16:51:30 [profile] [sql] SELECT SQL_CALC_FOUND_ROWS * FROM `UserDemand` `t` LIMIT 15
2017/09/14 16:51:30 [profile] [sql] SELECT FOUND_ROWS()
2017/09/14 16:51:32 [profile] [sql] SELECT * FROM `User` WHERE `id` = "2"
2017/09/14 16:51:32 [profile] [sql] SELECT * FROM `UserPerson` `t` WHERE userId="2"
2017/09/14 16:51:50 [profile] [sql] SELECT * FROM `User` WHERE `id` = "2"
2017/09/14 16:51:50 [profile] [sql] SELECT * FROM `UserPerson` `t` WHERE userId="2"
2017/09/14 16:51:52 [profile] [sql] SELECT * FROM `User` WHERE `id` = "2"
2017/09/14 16:51:52 [profile] [sql] SELECT * FROM `UserPerson` `t` WHERE userId="2"
2017/09/14 16:52:20 [profile] [sql] SELECT * FROM `User` WHERE `id` = "2"
2017/09/14 16:52:20 [profile] [sql] SELECT * FROM `UserPerson` `t` WHERE userId="2"
2017/09/14 16:52:25 [profile] [sql] SELECT * FROM `User` WHERE `id` = "2"
2017/09/14 16:52:25 [profile] [sql] SELECT * FROM `UserPerson` `t` WHERE userId="2"
2017/09/14 16:52:25 [profile] [sql] SELECT * FROM `User` WHERE `id` = "2"
2017/09/14 16:52:25 [profile] [sql] SELECT * FROM `UserPerson` `t` WHERE userId="2"
2017/09/14 16:52:25 [profile] [sql] SELECT * FROM `User` WHERE `id` = "2"
2017/09/14 16:52:25 [profile] [sql] SELECT * FROM `UserPerson` `t` WHERE userId="2"
2017/09/14 16:52:26 [profile] [sql] SELECT * FROM `User` WHERE `id` = "2"
2017/09/14 16:52:26 [profile] [sql] SELECT * FROM `UserPerson` `t` WHERE userId="2"
2017/09/14 16:52:26 [profile] [sql] SELECT * FROM `User` WHERE `id` = "2"
2017/09/14 16:52:26 [profile] [sql] SELECT * FROM `UserPerson` `t` WHERE userId="2"
2017/09/14 16:53:27 [profile] [sql] SELECT * FROM `User` WHERE `id` = "2"
2017/09/14 16:53:27 [profile] [sql] SELECT * FROM `UserPerson` `t` WHERE userId="2"
2017/09/14 16:53:53 [profile] [sql] SELECT * FROM `User` WHERE `id` = "2"
2017/09/14 16:53:53 [profile] [sql] SELECT * FROM `UserPerson` `t` WHERE userId="2"
2017/09/14 16:53:58 [profile] [sql] SELECT * FROM `User` WHERE `id` = "2"
2017/09/14 16:53:58 [profile] [sql] SELECT * FROM `UserPerson` `t` WHERE userId="2"
2017/09/14 16:54:08 [profile] [sql] SELECT * FROM `User` WHERE `id` = "2"
2017/09/14 16:54:08 [profile] [sql] SELECT * FROM `UserPerson` `t` WHERE userId="2"
2017/09/14 16:54:27 [profile] [sql] SELECT * FROM `User` WHERE `id` = "2"
2017/09/14 16:54:27 [profile] [sql] SELECT * FROM `UserPerson` `t` WHERE userId="2"
2017/09/14 16:55:14 [profile] [sql] SELECT * FROM `User` WHERE `id` = "2"
2017/09/14 16:55:14 [profile] [sql] SELECT * FROM `UserPerson` `t` WHERE userId="2"
2017/09/14 16:55:16 [profile] [sql] SELECT * FROM `User` WHERE `id` = "2"
2017/09/14 16:55:16 [profile] [sql] SELECT * FROM `UserPerson` `t` WHERE userId="2"
