2017/10/17 10:15:54 [error] [exception.CHttpException.404] exception 'CHttpException' with message 'Unable to resolve the request "favicon.ico".' in D:\zyweb\Yii1\web\CWebApplication.php:286
Stack trace:
#0 D:\zyweb\Yii1\web\CWebApplication.php(141): CWebApplication->runController('favicon.ico')
#1 D:\zyweb\Yii1\base\CApplication.php(180): CWebApplication->processRequest()
#2 D:\zyweb\pcb_wl\website\admin\index.php(32): CApplication->run()
#3 {main}
REQUEST_URI=/favicon.ico
HTTP_REFERER=http://admin.logistics.com/
---
2017/10/17 10:16:01 [error] [php] Undefined variable: vo (D:\zyweb\pcb_wl\applications\admin\views\userDemand\index.php:17)
Stack trace:
#0 D:\zyweb\Yii1\web\CController.php(869): UserDemandController->renderFile()
#1 D:\zyweb\Yii1\web\CController.php(782): UserDemandController->renderPartial()
#2 D:\zyweb\pcb_wl\applications\admin\controllers\UserDemandController.php(22): UserDemandController->render()
#3 D:\zyweb\Yii1\web\actions\CInlineAction.php(49): UserDemandController->actionList()
#4 D:\zyweb\Yii1\web\CController.php(308): CInlineAction->runWithParams()
#5 D:\zyweb\Yii1\web\CController.php(286): UserDemandController->runAction()
#6 D:\zyweb\Yii1\web\CController.php(265): UserDemandController->runActionWithFilters()
#7 D:\zyweb\pcb_wl\applications\admin\components\Controller.php(43): UserDemandController->run()
#8 D:\zyweb\Yii1\web\CWebApplication.php(282): UserDemandController->run()
#9 D:\zyweb\Yii1\web\CWebApplication.php(141): CWebApplication->runController()
#10 D:\zyweb\Yii1\base\CApplication.php(180): CWebApplication->processRequest()
#11 D:\zyweb\pcb_wl\website\admin\index.php(32): CWebApplication->run()
REQUEST_URI=/UserDemand/List
in D:\zyweb\pcb_wl\applications\admin\views\userDemand\index.php (17)
in D:\zyweb\pcb_wl\applications\admin\controllers\UserDemandController.php (22)
in D:\zyweb\pcb_wl\applications\admin\components\Controller.php (43)
2017/10/17 10:16:06 [error] [php] Undefined variable: vo (D:\zyweb\pcb_wl\applications\admin\views\user\index.php:13)
Stack trace:
#0 D:\zyweb\Yii1\web\CController.php(869): UserController->renderFile()
#1 D:\zyweb\Yii1\web\CController.php(782): UserController->renderPartial()
#2 D:\zyweb\pcb_wl\applications\admin\controllers\UserController.php(152): UserController->render()
#3 D:\zyweb\Yii1\web\actions\CInlineAction.php(49): UserController->actionList()
#4 D:\zyweb\Yii1\web\CController.php(308): CInlineAction->runWithParams()
#5 D:\zyweb\Yii1\web\CController.php(286): UserController->runAction()
#6 D:\zyweb\Yii1\web\CController.php(265): UserController->runActionWithFilters()
#7 D:\zyweb\pcb_wl\applications\admin\components\Controller.php(43): UserController->run()
#8 D:\zyweb\Yii1\web\CWebApplication.php(282): UserController->run()
#9 D:\zyweb\Yii1\web\CWebApplication.php(141): CWebApplication->runController()
#10 D:\zyweb\Yii1\base\CApplication.php(180): CWebApplication->processRequest()
#11 D:\zyweb\pcb_wl\website\admin\index.php(32): CWebApplication->run()
REQUEST_URI=/User/List
in D:\zyweb\pcb_wl\applications\admin\views\user\index.php (13)
in D:\zyweb\pcb_wl\applications\admin\controllers\UserController.php (152)
in D:\zyweb\pcb_wl\applications\admin\components\Controller.php (43)
2017/10/17 10:17:54 [error] [php] Undefined variable: vo (D:\zyweb\pcb_wl\applications\admin\views\user\index.php:13)
Stack trace:
#0 D:\zyweb\Yii1\web\CController.php(869): UserController->renderFile()
#1 D:\zyweb\Yii1\web\CController.php(782): UserController->renderPartial()
#2 D:\zyweb\pcb_wl\applications\admin\controllers\UserController.php(152): UserController->render()
#3 D:\zyweb\Yii1\web\actions\CInlineAction.php(49): UserController->actionList()
#4 D:\zyweb\Yii1\web\CController.php(308): CInlineAction->runWithParams()
#5 D:\zyweb\Yii1\web\CController.php(286): UserController->runAction()
#6 D:\zyweb\Yii1\web\CController.php(265): UserController->runActionWithFilters()
#7 D:\zyweb\pcb_wl\applications\admin\components\Controller.php(43): UserController->run()
#8 D:\zyweb\Yii1\web\CWebApplication.php(282): UserController->run()
#9 D:\zyweb\Yii1\web\CWebApplication.php(141): CWebApplication->runController()
#10 D:\zyweb\Yii1\base\CApplication.php(180): CWebApplication->processRequest()
#11 D:\zyweb\pcb_wl\website\admin\index.php(32): CWebApplication->run()
REQUEST_URI=/User/List
in D:\zyweb\pcb_wl\applications\admin\views\user\index.php (13)
in D:\zyweb\pcb_wl\applications\admin\controllers\UserController.php (152)
in D:\zyweb\pcb_wl\applications\admin\components\Controller.php (43)
2017/10/17 10:26:10 [error] [php] Undefined variable: vo (D:\zyweb\pcb_wl\applications\admin\views\user\index.php:13)
Stack trace:
#0 D:\zyweb\Yii1\web\CController.php(869): UserController->renderFile()
#1 D:\zyweb\Yii1\web\CController.php(782): UserController->renderPartial()
#2 D:\zyweb\pcb_wl\applications\admin\controllers\UserController.php(152): UserController->render()
#3 D:\zyweb\Yii1\web\actions\CInlineAction.php(49): UserController->actionList()
#4 D:\zyweb\Yii1\web\CController.php(308): CInlineAction->runWithParams()
#5 D:\zyweb\Yii1\web\CController.php(286): UserController->runAction()
#6 D:\zyweb\Yii1\web\CController.php(265): UserController->runActionWithFilters()
#7 D:\zyweb\pcb_wl\applications\admin\components\Controller.php(43): UserController->run()
#8 D:\zyweb\Yii1\web\CWebApplication.php(282): UserController->run()
#9 D:\zyweb\Yii1\web\CWebApplication.php(141): CWebApplication->runController()
#10 D:\zyweb\Yii1\base\CApplication.php(180): CWebApplication->processRequest()
#11 D:\zyweb\pcb_wl\website\admin\index.php(32): CWebApplication->run()
REQUEST_URI=/User/List
in D:\zyweb\pcb_wl\applications\admin\views\user\index.php (13)
in D:\zyweb\pcb_wl\applications\admin\controllers\UserController.php (152)
in D:\zyweb\pcb_wl\applications\admin\components\Controller.php (43)
2017/10/17 10:27:51 [error] [php] Undefined variable: vo (D:\zyweb\pcb_wl\applications\admin\views\user\index.php:13)
Stack trace:
#0 D:\zyweb\Yii1\web\CController.php(869): UserController->renderFile()
#1 D:\zyweb\Yii1\web\CController.php(782): UserController->renderPartial()
#2 D:\zyweb\pcb_wl\applications\admin\controllers\UserController.php(152): UserController->render()
#3 D:\zyweb\Yii1\web\actions\CInlineAction.php(49): UserController->actionList()
#4 D:\zyweb\Yii1\web\CController.php(308): CInlineAction->runWithParams()
#5 D:\zyweb\Yii1\web\CController.php(286): UserController->runAction()
#6 D:\zyweb\Yii1\web\CController.php(265): UserController->runActionWithFilters()
#7 D:\zyweb\pcb_wl\applications\admin\components\Controller.php(43): UserController->run()
#8 D:\zyweb\Yii1\web\CWebApplication.php(282): UserController->run()
#9 D:\zyweb\Yii1\web\CWebApplication.php(141): CWebApplication->runController()
#10 D:\zyweb\Yii1\base\CApplication.php(180): CWebApplication->processRequest()
#11 D:\zyweb\pcb_wl\website\admin\index.php(32): CWebApplication->run()
REQUEST_URI=/User/List
in D:\zyweb\pcb_wl\applications\admin\views\user\index.php (13)
in D:\zyweb\pcb_wl\applications\admin\controllers\UserController.php (152)
in D:\zyweb\pcb_wl\applications\admin\components\Controller.php (43)
2017/10/17 10:28:23 [error] [php] Undefined variable: vo (D:\zyweb\pcb_wl\applications\admin\views\user\index.php:13)
Stack trace:
#0 D:\zyweb\Yii1\web\CController.php(869): UserController->renderFile()
#1 D:\zyweb\Yii1\web\CController.php(782): UserController->renderPartial()
#2 D:\zyweb\pcb_wl\applications\admin\controllers\UserController.php(152): UserController->render()
#3 D:\zyweb\Yii1\web\actions\CInlineAction.php(49): UserController->actionList()
#4 D:\zyweb\Yii1\web\CController.php(308): CInlineAction->runWithParams()
#5 D:\zyweb\Yii1\web\CController.php(286): UserController->runAction()
#6 D:\zyweb\Yii1\web\CController.php(265): UserController->runActionWithFilters()
#7 D:\zyweb\pcb_wl\applications\admin\components\Controller.php(43): UserController->run()
#8 D:\zyweb\Yii1\web\CWebApplication.php(282): UserController->run()
#9 D:\zyweb\Yii1\web\CWebApplication.php(141): CWebApplication->runController()
#10 D:\zyweb\Yii1\base\CApplication.php(180): CWebApplication->processRequest()
#11 D:\zyweb\pcb_wl\website\admin\index.php(32): CWebApplication->run()
REQUEST_URI=/User/List
in D:\zyweb\pcb_wl\applications\admin\views\user\index.php (13)
in D:\zyweb\pcb_wl\applications\admin\controllers\UserController.php (152)
in D:\zyweb\pcb_wl\applications\admin\components\Controller.php (43)
2017/10/17 10:30:00 [error] [php] Undefined variable: vo (D:\zyweb\pcb_wl\applications\admin\views\user\index.php:14)
Stack trace:
#0 D:\zyweb\Yii1\web\CController.php(869): UserController->renderFile()
#1 D:\zyweb\Yii1\web\CController.php(782): UserController->renderPartial()
#2 D:\zyweb\pcb_wl\applications\admin\controllers\UserController.php(152): UserController->render()
#3 D:\zyweb\Yii1\web\actions\CInlineAction.php(49): UserController->actionList()
#4 D:\zyweb\Yii1\web\CController.php(308): CInlineAction->runWithParams()
#5 D:\zyweb\Yii1\web\CController.php(286): UserController->runAction()
#6 D:\zyweb\Yii1\web\CController.php(265): UserController->runActionWithFilters()
#7 D:\zyweb\pcb_wl\applications\admin\components\Controller.php(43): UserController->run()
#8 D:\zyweb\Yii1\web\CWebApplication.php(282): UserController->run()
#9 D:\zyweb\Yii1\web\CWebApplication.php(141): CWebApplication->runController()
#10 D:\zyweb\Yii1\base\CApplication.php(180): CWebApplication->processRequest()
#11 D:\zyweb\pcb_wl\website\admin\index.php(32): CWebApplication->run()
REQUEST_URI=/User/List
in D:\zyweb\pcb_wl\applications\admin\views\user\index.php (14)
in D:\zyweb\pcb_wl\applications\admin\controllers\UserController.php (152)
in D:\zyweb\pcb_wl\applications\admin\components\Controller.php (43)
2017/10/17 10:52:53 [error] [php] Undefined variable: vo (D:\zyweb\pcb_wl\applications\admin\views\user\index.php:14)
Stack trace:
#0 D:\zyweb\Yii1\web\CController.php(869): UserController->renderFile()
#1 D:\zyweb\Yii1\web\CController.php(782): UserController->renderPartial()
#2 D:\zyweb\pcb_wl\applications\admin\controllers\UserController.php(152): UserController->render()
#3 D:\zyweb\Yii1\web\actions\CInlineAction.php(49): UserController->actionList()
#4 D:\zyweb\Yii1\web\CController.php(308): CInlineAction->runWithParams()
#5 D:\zyweb\Yii1\web\CController.php(286): UserController->runAction()
#6 D:\zyweb\Yii1\web\CController.php(265): UserController->runActionWithFilters()
#7 D:\zyweb\pcb_wl\applications\admin\components\Controller.php(43): UserController->run()
#8 D:\zyweb\Yii1\web\CWebApplication.php(282): UserController->run()
#9 D:\zyweb\Yii1\web\CWebApplication.php(141): CWebApplication->runController()
#10 D:\zyweb\Yii1\base\CApplication.php(180): CWebApplication->processRequest()
#11 D:\zyweb\pcb_wl\website\admin\index.php(32): CWebApplication->run()
REQUEST_URI=/User/List
in D:\zyweb\pcb_wl\applications\admin\views\user\index.php (14)
in D:\zyweb\pcb_wl\applications\admin\controllers\UserController.php (152)
in D:\zyweb\pcb_wl\applications\admin\components\Controller.php (43)
2017/10/17 10:52:54 [error] [php] Undefined variable: vo (D:\zyweb\pcb_wl\applications\admin\views\user\index.php:14)
Stack trace:
#0 D:\zyweb\Yii1\web\CController.php(869): UserController->renderFile()
#1 D:\zyweb\Yii1\web\CController.php(782): UserController->renderPartial()
#2 D:\zyweb\pcb_wl\applications\admin\controllers\UserController.php(152): UserController->render()
#3 D:\zyweb\Yii1\web\actions\CInlineAction.php(49): UserController->actionList()
#4 D:\zyweb\Yii1\web\CController.php(308): CInlineAction->runWithParams()
#5 D:\zyweb\Yii1\web\CController.php(286): UserController->runAction()
#6 D:\zyweb\Yii1\web\CController.php(265): UserController->runActionWithFilters()
#7 D:\zyweb\pcb_wl\applications\admin\components\Controller.php(43): UserController->run()
#8 D:\zyweb\Yii1\web\CWebApplication.php(282): UserController->run()
#9 D:\zyweb\Yii1\web\CWebApplication.php(141): CWebApplication->runController()
#10 D:\zyweb\Yii1\base\CApplication.php(180): CWebApplication->processRequest()
#11 D:\zyweb\pcb_wl\website\admin\index.php(32): CWebApplication->run()
REQUEST_URI=/User/List
in D:\zyweb\pcb_wl\applications\admin\views\user\index.php (14)
in D:\zyweb\pcb_wl\applications\admin\controllers\UserController.php (152)
in D:\zyweb\pcb_wl\applications\admin\components\Controller.php (43)
2017/10/17 10:52:54 [error] [php] Undefined variable: vo (D:\zyweb\pcb_wl\applications\admin\views\user\index.php:14)
Stack trace:
#0 D:\zyweb\Yii1\web\CController.php(869): UserController->renderFile()
#1 D:\zyweb\Yii1\web\CController.php(782): UserController->renderPartial()
#2 D:\zyweb\pcb_wl\applications\admin\controllers\UserController.php(152): UserController->render()
#3 D:\zyweb\Yii1\web\actions\CInlineAction.php(49): UserController->actionList()
#4 D:\zyweb\Yii1\web\CController.php(308): CInlineAction->runWithParams()
#5 D:\zyweb\Yii1\web\CController.php(286): UserController->runAction()
#6 D:\zyweb\Yii1\web\CController.php(265): UserController->runActionWithFilters()
#7 D:\zyweb\pcb_wl\applications\admin\components\Controller.php(43): UserController->run()
#8 D:\zyweb\Yii1\web\CWebApplication.php(282): UserController->run()
#9 D:\zyweb\Yii1\web\CWebApplication.php(141): CWebApplication->runController()
#10 D:\zyweb\Yii1\base\CApplication.php(180): CWebApplication->processRequest()
#11 D:\zyweb\pcb_wl\website\admin\index.php(32): CWebApplication->run()
REQUEST_URI=/User/List
in D:\zyweb\pcb_wl\applications\admin\views\user\index.php (14)
in D:\zyweb\pcb_wl\applications\admin\controllers\UserController.php (152)
in D:\zyweb\pcb_wl\applications\admin\components\Controller.php (43)
2017/10/17 10:52:55 [error] [php] Undefined variable: vo (D:\zyweb\pcb_wl\applications\admin\views\user\index.php:14)
Stack trace:
#0 D:\zyweb\Yii1\web\CController.php(869): UserController->renderFile()
#1 D:\zyweb\Yii1\web\CController.php(782): UserController->renderPartial()
#2 D:\zyweb\pcb_wl\applications\admin\controllers\UserController.php(152): UserController->render()
#3 D:\zyweb\Yii1\web\actions\CInlineAction.php(49): UserController->actionList()
#4 D:\zyweb\Yii1\web\CController.php(308): CInlineAction->runWithParams()
#5 D:\zyweb\Yii1\web\CController.php(286): UserController->runAction()
#6 D:\zyweb\Yii1\web\CController.php(265): UserController->runActionWithFilters()
#7 D:\zyweb\pcb_wl\applications\admin\components\Controller.php(43): UserController->run()
#8 D:\zyweb\Yii1\web\CWebApplication.php(282): UserController->run()
#9 D:\zyweb\Yii1\web\CWebApplication.php(141): CWebApplication->runController()
#10 D:\zyweb\Yii1\base\CApplication.php(180): CWebApplication->processRequest()
#11 D:\zyweb\pcb_wl\website\admin\index.php(32): CWebApplication->run()
REQUEST_URI=/User/List
in D:\zyweb\pcb_wl\applications\admin\views\user\index.php (14)
in D:\zyweb\pcb_wl\applications\admin\controllers\UserController.php (152)
in D:\zyweb\pcb_wl\applications\admin\components\Controller.php (43)
2017/10/17 11:01:27 [error] [php] Undefined variable: vo (D:\zyweb\pcb_wl\applications\admin\views\user\index.php:14)
Stack trace:
#0 D:\zyweb\Yii1\web\CController.php(869): UserController->renderFile()
#1 D:\zyweb\Yii1\web\CController.php(782): UserController->renderPartial()
#2 D:\zyweb\pcb_wl\applications\admin\controllers\UserController.php(152): UserController->render()
#3 D:\zyweb\Yii1\web\actions\CInlineAction.php(49): UserController->actionList()
#4 D:\zyweb\Yii1\web\CController.php(308): CInlineAction->runWithParams()
#5 D:\zyweb\Yii1\web\CController.php(286): UserController->runAction()
#6 D:\zyweb\Yii1\web\CController.php(265): UserController->runActionWithFilters()
#7 D:\zyweb\pcb_wl\applications\admin\components\Controller.php(43): UserController->run()
#8 D:\zyweb\Yii1\web\CWebApplication.php(282): UserController->run()
#9 D:\zyweb\Yii1\web\CWebApplication.php(141): CWebApplication->runController()
#10 D:\zyweb\Yii1\base\CApplication.php(180): CWebApplication->processRequest()
#11 D:\zyweb\pcb_wl\website\admin\index.php(32): CWebApplication->run()
REQUEST_URI=/User/List
in D:\zyweb\pcb_wl\applications\admin\views\user\index.php (14)
in D:\zyweb\pcb_wl\applications\admin\controllers\UserController.php (152)
in D:\zyweb\pcb_wl\applications\admin\components\Controller.php (43)
2017/10/17 11:12:34 [error] [php] Undefined variable: vo (D:\zyweb\pcb_wl\applications\admin\views\user\index.php:14)
Stack trace:
#0 D:\zyweb\Yii1\web\CController.php(869): UserController->renderFile()
#1 D:\zyweb\Yii1\web\CController.php(782): UserController->renderPartial()
#2 D:\zyweb\pcb_wl\applications\admin\controllers\UserController.php(152): UserController->render()
#3 D:\zyweb\Yii1\web\actions\CInlineAction.php(49): UserController->actionList()
#4 D:\zyweb\Yii1\web\CController.php(308): CInlineAction->runWithParams()
#5 D:\zyweb\Yii1\web\CController.php(286): UserController->runAction()
#6 D:\zyweb\Yii1\web\CController.php(265): UserController->runActionWithFilters()
#7 D:\zyweb\pcb_wl\applications\admin\components\Controller.php(43): UserController->run()
#8 D:\zyweb\Yii1\web\CWebApplication.php(282): UserController->run()
#9 D:\zyweb\Yii1\web\CWebApplication.php(141): CWebApplication->runController()
#10 D:\zyweb\Yii1\base\CApplication.php(180): CWebApplication->processRequest()
#11 D:\zyweb\pcb_wl\website\admin\index.php(32): CWebApplication->run()
REQUEST_URI=/User/List
in D:\zyweb\pcb_wl\applications\admin\views\user\index.php (14)
in D:\zyweb\pcb_wl\applications\admin\controllers\UserController.php (152)
in D:\zyweb\pcb_wl\applications\admin\components\Controller.php (43)
2017/10/17 11:23:52 [error] [php] Undefined variable: vo (D:\zyweb\pcb_wl\applications\admin\views\user\index.php:15)
Stack trace:
#0 D:\zyweb\Yii1\web\CController.php(869): UserController->renderFile()
#1 D:\zyweb\Yii1\web\CController.php(782): UserController->renderPartial()
#2 D:\zyweb\pcb_wl\applications\admin\controllers\UserController.php(152): UserController->render()
#3 D:\zyweb\Yii1\web\actions\CInlineAction.php(49): UserController->actionList()
#4 D:\zyweb\Yii1\web\CController.php(308): CInlineAction->runWithParams()
#5 D:\zyweb\Yii1\web\CController.php(286): UserController->runAction()
#6 D:\zyweb\Yii1\web\CController.php(265): UserController->runActionWithFilters()
#7 D:\zyweb\pcb_wl\applications\admin\components\Controller.php(43): UserController->run()
#8 D:\zyweb\Yii1\web\CWebApplication.php(282): UserController->run()
#9 D:\zyweb\Yii1\web\CWebApplication.php(141): CWebApplication->runController()
#10 D:\zyweb\Yii1\base\CApplication.php(180): CWebApplication->processRequest()
#11 D:\zyweb\pcb_wl\website\admin\index.php(32): CWebApplication->run()
REQUEST_URI=/User/List
in D:\zyweb\pcb_wl\applications\admin\views\user\index.php (15)
in D:\zyweb\pcb_wl\applications\admin\controllers\UserController.php (152)
in D:\zyweb\pcb_wl\applications\admin\components\Controller.php (43)
2017/10/17 11:30:15 [error] [php] Undefined variable: vo (D:\zyweb\pcb_wl\applications\admin\views\user\index.php:15)
Stack trace:
#0 D:\zyweb\Yii1\web\CController.php(869): UserController->renderFile()
#1 D:\zyweb\Yii1\web\CController.php(782): UserController->renderPartial()
#2 D:\zyweb\pcb_wl\applications\admin\controllers\UserController.php(152): UserController->render()
#3 D:\zyweb\Yii1\web\actions\CInlineAction.php(49): UserController->actionList()
#4 D:\zyweb\Yii1\web\CController.php(308): CInlineAction->runWithParams()
#5 D:\zyweb\Yii1\web\CController.php(286): UserController->runAction()
#6 D:\zyweb\Yii1\web\CController.php(265): UserController->runActionWithFilters()
#7 D:\zyweb\pcb_wl\applications\admin\components\Controller.php(43): UserController->run()
#8 D:\zyweb\Yii1\web\CWebApplication.php(282): UserController->run()
#9 D:\zyweb\Yii1\web\CWebApplication.php(141): CWebApplication->runController()
#10 D:\zyweb\Yii1\base\CApplication.php(180): CWebApplication->processRequest()
#11 D:\zyweb\pcb_wl\website\admin\index.php(32): CWebApplication->run()
REQUEST_URI=/User/List
in D:\zyweb\pcb_wl\applications\admin\views\user\index.php (15)
in D:\zyweb\pcb_wl\applications\admin\controllers\UserController.php (152)
in D:\zyweb\pcb_wl\applications\admin\components\Controller.php (43)
2017/10/17 11:34:02 [error] [php] Undefined variable: vo (D:\zyweb\pcb_wl\applications\admin\views\user\index.php:15)
Stack trace:
#0 D:\zyweb\Yii1\web\CController.php(869): UserController->renderFile()
#1 D:\zyweb\Yii1\web\CController.php(782): UserController->renderPartial()
#2 D:\zyweb\pcb_wl\applications\admin\controllers\UserController.php(152): UserController->render()
#3 D:\zyweb\Yii1\web\actions\CInlineAction.php(49): UserController->actionList()
#4 D:\zyweb\Yii1\web\CController.php(308): CInlineAction->runWithParams()
#5 D:\zyweb\Yii1\web\CController.php(286): UserController->runAction()
#6 D:\zyweb\Yii1\web\CController.php(265): UserController->runActionWithFilters()
#7 D:\zyweb\pcb_wl\applications\admin\components\Controller.php(43): UserController->run()
#8 D:\zyweb\Yii1\web\CWebApplication.php(282): UserController->run()
#9 D:\zyweb\Yii1\web\CWebApplication.php(141): CWebApplication->runController()
#10 D:\zyweb\Yii1\base\CApplication.php(180): CWebApplication->processRequest()
#11 D:\zyweb\pcb_wl\website\admin\index.php(32): CWebApplication->run()
REQUEST_URI=/User/List
in D:\zyweb\pcb_wl\applications\admin\views\user\index.php (15)
in D:\zyweb\pcb_wl\applications\admin\controllers\UserController.php (152)
in D:\zyweb\pcb_wl\applications\admin\components\Controller.php (43)
2017/10/17 11:34:09 [error] [php] Undefined variable: vo (D:\zyweb\pcb_wl\applications\admin\views\user\index.php:15)
Stack trace:
#0 D:\zyweb\Yii1\web\CController.php(869): UserController->renderFile()
#1 D:\zyweb\Yii1\web\CController.php(782): UserController->renderPartial()
#2 D:\zyweb\pcb_wl\applications\admin\controllers\UserController.php(152): UserController->render()
#3 D:\zyweb\Yii1\web\actions\CInlineAction.php(49): UserController->actionList()
#4 D:\zyweb\Yii1\web\CController.php(308): CInlineAction->runWithParams()
#5 D:\zyweb\Yii1\web\CController.php(286): UserController->runAction()
#6 D:\zyweb\Yii1\web\CController.php(265): UserController->runActionWithFilters()
#7 D:\zyweb\pcb_wl\applications\admin\components\Controller.php(43): UserController->run()
#8 D:\zyweb\Yii1\web\CWebApplication.php(282): UserController->run()
#9 D:\zyweb\Yii1\web\CWebApplication.php(141): CWebApplication->runController()
#10 D:\zyweb\Yii1\base\CApplication.php(180): CWebApplication->processRequest()
#11 D:\zyweb\pcb_wl\website\admin\index.php(32): CWebApplication->run()
REQUEST_URI=/User/List
in D:\zyweb\pcb_wl\applications\admin\views\user\index.php (15)
in D:\zyweb\pcb_wl\applications\admin\controllers\UserController.php (152)
in D:\zyweb\pcb_wl\applications\admin\components\Controller.php (43)
2017/10/17 11:36:39 [error] [php] Undefined variable: vo (D:\zyweb\pcb_wl\applications\admin\views\user\index.php:15)
Stack trace:
#0 D:\zyweb\Yii1\web\CController.php(869): UserController->renderFile()
#1 D:\zyweb\Yii1\web\CController.php(782): UserController->renderPartial()
#2 D:\zyweb\pcb_wl\applications\admin\controllers\UserController.php(152): UserController->render()
#3 D:\zyweb\Yii1\web\actions\CInlineAction.php(49): UserController->actionList()
#4 D:\zyweb\Yii1\web\CController.php(308): CInlineAction->runWithParams()
#5 D:\zyweb\Yii1\web\CController.php(286): UserController->runAction()
#6 D:\zyweb\Yii1\web\CController.php(265): UserController->runActionWithFilters()
#7 D:\zyweb\pcb_wl\applications\admin\components\Controller.php(43): UserController->run()
#8 D:\zyweb\Yii1\web\CWebApplication.php(282): UserController->run()
#9 D:\zyweb\Yii1\web\CWebApplication.php(141): CWebApplication->runController()
#10 D:\zyweb\Yii1\base\CApplication.php(180): CWebApplication->processRequest()
#11 D:\zyweb\pcb_wl\website\admin\index.php(32): CWebApplication->run()
REQUEST_URI=/User/List
in D:\zyweb\pcb_wl\applications\admin\views\user\index.php (15)
in D:\zyweb\pcb_wl\applications\admin\controllers\UserController.php (152)
in D:\zyweb\pcb_wl\applications\admin\components\Controller.php (43)
2017/10/17 11:38:18 [error] [php] Undefined variable: vo (D:\zyweb\pcb_wl\applications\admin\views\user\index.php:18)
Stack trace:
#0 D:\zyweb\Yii1\web\CController.php(869): UserController->renderFile()
#1 D:\zyweb\Yii1\web\CController.php(782): UserController->renderPartial()
#2 D:\zyweb\pcb_wl\applications\admin\controllers\UserController.php(152): UserController->render()
#3 D:\zyweb\Yii1\web\actions\CInlineAction.php(49): UserController->actionList()
#4 D:\zyweb\Yii1\web\CController.php(308): CInlineAction->runWithParams()
#5 D:\zyweb\Yii1\web\CController.php(286): UserController->runAction()
#6 D:\zyweb\Yii1\web\CController.php(265): UserController->runActionWithFilters()
#7 D:\zyweb\pcb_wl\applications\admin\components\Controller.php(43): UserController->run()
#8 D:\zyweb\Yii1\web\CWebApplication.php(282): UserController->run()
#9 D:\zyweb\Yii1\web\CWebApplication.php(141): CWebApplication->runController()
#10 D:\zyweb\Yii1\base\CApplication.php(180): CWebApplication->processRequest()
#11 D:\zyweb\pcb_wl\website\admin\index.php(32): CWebApplication->run()
REQUEST_URI=/User/List
in D:\zyweb\pcb_wl\applications\admin\views\user\index.php (18)
in D:\zyweb\pcb_wl\applications\admin\controllers\UserController.php (152)
in D:\zyweb\pcb_wl\applications\admin\components\Controller.php (43)
2017/10/17 11:40:24 [error] [php] Undefined variable: vo (D:\zyweb\pcb_wl\applications\admin\views\user\index.php:19)
Stack trace:
#0 D:\zyweb\Yii1\web\CController.php(869): UserController->renderFile()
#1 D:\zyweb\Yii1\web\CController.php(782): UserController->renderPartial()
#2 D:\zyweb\pcb_wl\applications\admin\controllers\UserController.php(152): UserController->render()
#3 D:\zyweb\Yii1\web\actions\CInlineAction.php(49): UserController->actionList()
#4 D:\zyweb\Yii1\web\CController.php(308): CInlineAction->runWithParams()
#5 D:\zyweb\Yii1\web\CController.php(286): UserController->runAction()
#6 D:\zyweb\Yii1\web\CController.php(265): UserController->runActionWithFilters()
#7 D:\zyweb\pcb_wl\applications\admin\components\Controller.php(43): UserController->run()
#8 D:\zyweb\Yii1\web\CWebApplication.php(282): UserController->run()
#9 D:\zyweb\Yii1\web\CWebApplication.php(141): CWebApplication->runController()
#10 D:\zyweb\Yii1\base\CApplication.php(180): CWebApplication->processRequest()
#11 D:\zyweb\pcb_wl\website\admin\index.php(32): CWebApplication->run()
REQUEST_URI=/User/List
in D:\zyweb\pcb_wl\applications\admin\views\user\index.php (19)
in D:\zyweb\pcb_wl\applications\admin\controllers\UserController.php (152)
in D:\zyweb\pcb_wl\applications\admin\components\Controller.php (43)
2017/10/17 11:40:40 [error] [php] Undefined variable: vo (D:\zyweb\pcb_wl\applications\admin\views\user\index.php:19)
Stack trace:
#0 D:\zyweb\Yii1\web\CController.php(869): UserController->renderFile()
#1 D:\zyweb\Yii1\web\CController.php(782): UserController->renderPartial()
#2 D:\zyweb\pcb_wl\applications\admin\controllers\UserController.php(152): UserController->render()
#3 D:\zyweb\Yii1\web\actions\CInlineAction.php(49): UserController->actionList()
#4 D:\zyweb\Yii1\web\CController.php(308): CInlineAction->runWithParams()
#5 D:\zyweb\Yii1\web\CController.php(286): UserController->runAction()
#6 D:\zyweb\Yii1\web\CController.php(265): UserController->runActionWithFilters()
#7 D:\zyweb\pcb_wl\applications\admin\components\Controller.php(43): UserController->run()
#8 D:\zyweb\Yii1\web\CWebApplication.php(282): UserController->run()
#9 D:\zyweb\Yii1\web\CWebApplication.php(141): CWebApplication->runController()
#10 D:\zyweb\Yii1\base\CApplication.php(180): CWebApplication->processRequest()
#11 D:\zyweb\pcb_wl\website\admin\index.php(32): CWebApplication->run()
REQUEST_URI=/User/List
in D:\zyweb\pcb_wl\applications\admin\views\user\index.php (19)
in D:\zyweb\pcb_wl\applications\admin\controllers\UserController.php (152)
in D:\zyweb\pcb_wl\applications\admin\components\Controller.php (43)
2017/10/17 13:36:41 [error] [php] Undefined variable: vo (D:\zyweb\pcb_wl\applications\admin\views\userDemand\index.php:17)
Stack trace:
#0 D:\zyweb\Yii1\web\CController.php(869): UserDemandController->renderFile()
#1 D:\zyweb\Yii1\web\CController.php(782): UserDemandController->renderPartial()
#2 D:\zyweb\pcb_wl\applications\admin\controllers\UserDemandController.php(22): UserDemandController->render()
#3 D:\zyweb\Yii1\web\actions\CInlineAction.php(49): UserDemandController->actionList()
#4 D:\zyweb\Yii1\web\CController.php(308): CInlineAction->runWithParams()
#5 D:\zyweb\Yii1\web\CController.php(286): UserDemandController->runAction()
#6 D:\zyweb\Yii1\web\CController.php(265): UserDemandController->runActionWithFilters()
#7 D:\zyweb\pcb_wl\applications\admin\components\Controller.php(43): UserDemandController->run()
#8 D:\zyweb\Yii1\web\CWebApplication.php(282): UserDemandController->run()
#9 D:\zyweb\Yii1\web\CWebApplication.php(141): CWebApplication->runController()
#10 D:\zyweb\Yii1\base\CApplication.php(180): CWebApplication->processRequest()
#11 D:\zyweb\pcb_wl\website\admin\index.php(32): CWebApplication->run()
REQUEST_URI=/UserDemand/List
in D:\zyweb\pcb_wl\applications\admin\views\userDemand\index.php (17)
in D:\zyweb\pcb_wl\applications\admin\controllers\UserDemandController.php (22)
in D:\zyweb\pcb_wl\applications\admin\components\Controller.php (43)
2017/10/17 13:36:44 [error] [php] Undefined variable: vo (D:\zyweb\pcb_wl\applications\admin\views\userDemand\index.php:17)
Stack trace:
#0 D:\zyweb\Yii1\web\CController.php(869): UserDemandController->renderFile()
#1 D:\zyweb\Yii1\web\CController.php(782): UserDemandController->renderPartial()
#2 D:\zyweb\pcb_wl\applications\admin\controllers\UserDemandController.php(22): UserDemandController->render()
#3 D:\zyweb\Yii1\web\actions\CInlineAction.php(49): UserDemandController->actionList()
#4 D:\zyweb\Yii1\web\CController.php(308): CInlineAction->runWithParams()
#5 D:\zyweb\Yii1\web\CController.php(286): UserDemandController->runAction()
#6 D:\zyweb\Yii1\web\CController.php(265): UserDemandController->runActionWithFilters()
#7 D:\zyweb\pcb_wl\applications\admin\components\Controller.php(43): UserDemandController->run()
#8 D:\zyweb\Yii1\web\CWebApplication.php(282): UserDemandController->run()
#9 D:\zyweb\Yii1\web\CWebApplication.php(141): CWebApplication->runController()
#10 D:\zyweb\Yii1\base\CApplication.php(180): CWebApplication->processRequest()
#11 D:\zyweb\pcb_wl\website\admin\index.php(32): CWebApplication->run()
REQUEST_URI=/UserDemand/List
in D:\zyweb\pcb_wl\applications\admin\views\userDemand\index.php (17)
in D:\zyweb\pcb_wl\applications\admin\controllers\UserDemandController.php (22)
in D:\zyweb\pcb_wl\applications\admin\components\Controller.php (43)
2017/10/17 13:36:47 [error] [php] Undefined variable: vo (D:\zyweb\pcb_wl\applications\admin\views\user\index.php:19)
Stack trace:
#0 D:\zyweb\Yii1\web\CController.php(869): UserController->renderFile()
#1 D:\zyweb\Yii1\web\CController.php(782): UserController->renderPartial()
#2 D:\zyweb\pcb_wl\applications\admin\controllers\UserController.php(152): UserController->render()
#3 D:\zyweb\Yii1\web\actions\CInlineAction.php(49): UserController->actionList()
#4 D:\zyweb\Yii1\web\CController.php(308): CInlineAction->runWithParams()
#5 D:\zyweb\Yii1\web\CController.php(286): UserController->runAction()
#6 D:\zyweb\Yii1\web\CController.php(265): UserController->runActionWithFilters()
#7 D:\zyweb\pcb_wl\applications\admin\components\Controller.php(43): UserController->run()
#8 D:\zyweb\Yii1\web\CWebApplication.php(282): UserController->run()
#9 D:\zyweb\Yii1\web\CWebApplication.php(141): CWebApplication->runController()
#10 D:\zyweb\Yii1\base\CApplication.php(180): CWebApplication->processRequest()
#11 D:\zyweb\pcb_wl\website\admin\index.php(32): CWebApplication->run()
REQUEST_URI=/User/List
in D:\zyweb\pcb_wl\applications\admin\views\user\index.php (19)
in D:\zyweb\pcb_wl\applications\admin\controllers\UserController.php (152)
in D:\zyweb\pcb_wl\applications\admin\components\Controller.php (43)
2017/10/17 13:39:01 [error] [php] Undefined variable: vo (D:\zyweb\pcb_wl\applications\admin\views\user\index.php:19)
Stack trace:
#0 D:\zyweb\Yii1\web\CController.php(869): UserController->renderFile()
#1 D:\zyweb\Yii1\web\CController.php(782): UserController->renderPartial()
#2 D:\zyweb\pcb_wl\applications\admin\controllers\UserController.php(152): UserController->render()
#3 D:\zyweb\Yii1\web\actions\CInlineAction.php(49): UserController->actionList()
#4 D:\zyweb\Yii1\web\CController.php(308): CInlineAction->runWithParams()
#5 D:\zyweb\Yii1\web\CController.php(286): UserController->runAction()
#6 D:\zyweb\Yii1\web\CController.php(265): UserController->runActionWithFilters()
#7 D:\zyweb\pcb_wl\applications\admin\components\Controller.php(43): UserController->run()
#8 D:\zyweb\Yii1\web\CWebApplication.php(282): UserController->run()
#9 D:\zyweb\Yii1\web\CWebApplication.php(141): CWebApplication->runController()
#10 D:\zyweb\Yii1\base\CApplication.php(180): CWebApplication->processRequest()
#11 D:\zyweb\pcb_wl\website\admin\index.php(32): CWebApplication->run()
REQUEST_URI=/User/List
in D:\zyweb\pcb_wl\applications\admin\views\user\index.php (19)
in D:\zyweb\pcb_wl\applications\admin\controllers\UserController.php (152)
in D:\zyweb\pcb_wl\applications\admin\components\Controller.php (43)
2017/10/17 13:42:57 [error] [php] Undefined variable: vo (D:\zyweb\pcb_wl\applications\admin\views\user\index.php:19)
Stack trace:
#0 D:\zyweb\Yii1\web\CController.php(869): UserController->renderFile()
#1 D:\zyweb\Yii1\web\CController.php(782): UserController->renderPartial()
#2 D:\zyweb\pcb_wl\applications\admin\controllers\UserController.php(152): UserController->render()
#3 D:\zyweb\Yii1\web\actions\CInlineAction.php(49): UserController->actionList()
#4 D:\zyweb\Yii1\web\CController.php(308): CInlineAction->runWithParams()
#5 D:\zyweb\Yii1\web\CController.php(286): UserController->runAction()
#6 D:\zyweb\Yii1\web\CController.php(265): UserController->runActionWithFilters()
#7 D:\zyweb\pcb_wl\applications\admin\components\Controller.php(43): UserController->run()
#8 D:\zyweb\Yii1\web\CWebApplication.php(282): UserController->run()
#9 D:\zyweb\Yii1\web\CWebApplication.php(141): CWebApplication->runController()
#10 D:\zyweb\Yii1\base\CApplication.php(180): CWebApplication->processRequest()
#11 D:\zyweb\pcb_wl\website\admin\index.php(32): CWebApplication->run()
REQUEST_URI=/User/List
in D:\zyweb\pcb_wl\applications\admin\views\user\index.php (19)
in D:\zyweb\pcb_wl\applications\admin\controllers\UserController.php (152)
in D:\zyweb\pcb_wl\applications\admin\components\Controller.php (43)
2017/10/17 13:43:03 [error] [php] Undefined variable: genderArr (D:\zyweb\pcb_wl\applications\admin\views\user\index.php:20)
Stack trace:
#0 D:\zyweb\Yii1\web\CController.php(869): UserController->renderFile()
#1 D:\zyweb\Yii1\web\CController.php(782): UserController->renderPartial()
#2 D:\zyweb\pcb_wl\applications\admin\controllers\UserController.php(151): UserController->render()
#3 D:\zyweb\Yii1\web\actions\CInlineAction.php(49): UserController->actionList()
#4 D:\zyweb\Yii1\web\CController.php(308): CInlineAction->runWithParams()
#5 D:\zyweb\Yii1\web\CController.php(286): UserController->runAction()
#6 D:\zyweb\Yii1\web\CController.php(265): UserController->runActionWithFilters()
#7 D:\zyweb\pcb_wl\applications\admin\components\Controller.php(43): UserController->run()
#8 D:\zyweb\Yii1\web\CWebApplication.php(282): UserController->run()
#9 D:\zyweb\Yii1\web\CWebApplication.php(141): CWebApplication->runController()
#10 D:\zyweb\Yii1\base\CApplication.php(180): CWebApplication->processRequest()
#11 D:\zyweb\pcb_wl\website\admin\index.php(32): CWebApplication->run()
REQUEST_URI=/User/List
in D:\zyweb\pcb_wl\applications\admin\views\user\index.php (20)
in D:\zyweb\pcb_wl\applications\admin\controllers\UserController.php (151)
in D:\zyweb\pcb_wl\applications\admin\components\Controller.php (43)
2017/10/17 13:43:30 [error] [php] Undefined variable: vo (D:\zyweb\pcb_wl\applications\admin\views\user\index.php:15)
Stack trace:
#0 D:\zyweb\Yii1\web\CController.php(869): UserController->renderFile()
#1 D:\zyweb\Yii1\web\CController.php(782): UserController->renderPartial()
#2 D:\zyweb\pcb_wl\applications\admin\controllers\UserController.php(152): UserController->render()
#3 D:\zyweb\Yii1\web\actions\CInlineAction.php(49): UserController->actionList()
#4 D:\zyweb\Yii1\web\CController.php(308): CInlineAction->runWithParams()
#5 D:\zyweb\Yii1\web\CController.php(286): UserController->runAction()
#6 D:\zyweb\Yii1\web\CController.php(265): UserController->runActionWithFilters()
#7 D:\zyweb\pcb_wl\applications\admin\components\Controller.php(43): UserController->run()
#8 D:\zyweb\Yii1\web\CWebApplication.php(282): UserController->run()
#9 D:\zyweb\Yii1\web\CWebApplication.php(141): CWebApplication->runController()
#10 D:\zyweb\Yii1\base\CApplication.php(180): CWebApplication->processRequest()
#11 D:\zyweb\pcb_wl\website\admin\index.php(32): CWebApplication->run()
REQUEST_URI=/User/List
in D:\zyweb\pcb_wl\applications\admin\views\user\index.php (15)
in D:\zyweb\pcb_wl\applications\admin\controllers\UserController.php (152)
in D:\zyweb\pcb_wl\applications\admin\components\Controller.php (43)
2017/10/17 13:43:59 [error] [php] Undefined variable: vo (D:\zyweb\pcb_wl\applications\admin\views\user\index.php:15)
Stack trace:
#0 D:\zyweb\Yii1\web\CController.php(869): UserController->renderFile()
#1 D:\zyweb\Yii1\web\CController.php(782): UserController->renderPartial()
#2 D:\zyweb\pcb_wl\applications\admin\controllers\UserController.php(152): UserController->render()
#3 D:\zyweb\Yii1\web\actions\CInlineAction.php(49): UserController->actionList()
#4 D:\zyweb\Yii1\web\CController.php(308): CInlineAction->runWithParams()
#5 D:\zyweb\Yii1\web\CController.php(286): UserController->runAction()
#6 D:\zyweb\Yii1\web\CController.php(265): UserController->runActionWithFilters()
#7 D:\zyweb\pcb_wl\applications\admin\components\Controller.php(43): UserController->run()
#8 D:\zyweb\Yii1\web\CWebApplication.php(282): UserController->run()
#9 D:\zyweb\Yii1\web\CWebApplication.php(141): CWebApplication->runController()
#10 D:\zyweb\Yii1\base\CApplication.php(180): CWebApplication->processRequest()
#11 D:\zyweb\pcb_wl\website\admin\index.php(32): CWebApplication->run()
REQUEST_URI=/User/List
in D:\zyweb\pcb_wl\applications\admin\views\user\index.php (15)
in D:\zyweb\pcb_wl\applications\admin\controllers\UserController.php (152)
in D:\zyweb\pcb_wl\applications\admin\components\Controller.php (43)
2017/10/17 14:06:06 [error] [exception.CException] exception 'CException' with message '属性 "UserForm.type" 未被定义.' in D:\zyweb\Yii1\base\CComponent.php:130
Stack trace:
#0 D:\zyweb\Yii1\web\helpers\CHtml.php(2529): CComponent->__get('type')
#1 D:\zyweb\Yii1\web\helpers\CHtml.php(2252): CHtml::resolveValue(Object(UserForm), 'type')
#2 D:\zyweb\Yii1\web\helpers\CHtml.php(1434): CHtml::activeInputField('text', Object(UserForm), 'type', Array)
#3 D:\zyweb\Yii1\web\widgets\CActiveForm.php(725): CHtml::activeTextField(Object(UserForm), 'type', Array)
#4 D:\zyweb\pcb_wl\applications\admin\views\user\index.php(11): CActiveForm->textField(Object(UserForm), 'type')
#5 D:\zyweb\Yii1\web\CBaseController.php(126): require('D:\\zyweb\\pcb_wl...')
#6 D:\zyweb\Yii1\web\CBaseController.php(95): CBaseController->renderInternal('D:\\zyweb\\pcb_wl...', Array, true)
#7 D:\zyweb\Yii1\web\CController.php(869): CBaseController->renderFile('D:\\zyweb\\pcb_wl...', Array, true)
#8 D:\zyweb\Yii1\web\CController.php(782): CController->renderPartial('index', Array, true)
#9 D:\zyweb\pcb_wl\applications\admin\controllers\UserController.php(154): CController->render('index', Array)
#10 D:\zyweb\Yii1\web\actions\CInlineAction.php(49): UserController->actionList()
#11 D:\zyweb\Yii1\web\CController.php(308): CInlineAction->runWithParams(Array)
#12 D:\zyweb\Yii1\web\CController.php(286): CController->runAction(Object(CInlineAction))
#13 D:\zyweb\Yii1\web\CController.php(265): CController->runActionWithFilters(Object(CInlineAction), Array)
#14 D:\zyweb\pcb_wl\applications\admin\components\Controller.php(43): CController->run('List')
#15 D:\zyweb\Yii1\web\CWebApplication.php(282): Controller->run('List')
#16 D:\zyweb\Yii1\web\CWebApplication.php(141): CWebApplication->runController('User/List')
#17 D:\zyweb\Yii1\base\CApplication.php(180): CWebApplication->processRequest()
#18 D:\zyweb\pcb_wl\website\admin\index.php(32): CApplication->run()
#19 {main}
REQUEST_URI=/User/List
HTTP_REFERER=http://admin.logistics.com/Vehicle/List
---
2017/10/17 14:19:34 [error] [exception.CException] exception 'CException' with message '属性 "UserForm.type" 未被定义.' in D:\zyweb\Yii1\base\CComponent.php:130
Stack trace:
#0 D:\zyweb\Yii1\web\helpers\CHtml.php(2529): CComponent->__get('type')
#1 D:\zyweb\Yii1\web\helpers\CHtml.php(1802): CHtml::resolveValue(Object(UserForm), 'type')
#2 D:\zyweb\Yii1\web\widgets\CActiveForm.php(847): CHtml::activeDropDownList(Object(UserForm), 'type', Array, Array)
#3 D:\zyweb\pcb_wl\applications\admin\views\user\index.php(16): CActiveForm->dropDownList(Object(UserForm), 'type', Array, Array)
#4 D:\zyweb\Yii1\web\CBaseController.php(126): require('D:\\zyweb\\pcb_wl...')
#5 D:\zyweb\Yii1\web\CBaseController.php(95): CBaseController->renderInternal('D:\\zyweb\\pcb_wl...', Array, true)
#6 D:\zyweb\Yii1\web\CController.php(869): CBaseController->renderFile('D:\\zyweb\\pcb_wl...', Array, true)
#7 D:\zyweb\Yii1\web\CController.php(782): CController->renderPartial('index', Array, true)
#8 D:\zyweb\pcb_wl\applications\admin\controllers\UserController.php(154): CController->render('index', Array)
#9 D:\zyweb\Yii1\web\actions\CInlineAction.php(49): UserController->actionList()
#10 D:\zyweb\Yii1\web\CController.php(308): CInlineAction->runWithParams(Array)
#11 D:\zyweb\Yii1\web\CController.php(286): CController->runAction(Object(CInlineAction))
#12 D:\zyweb\Yii1\web\CController.php(265): CController->runActionWithFilters(Object(CInlineAction), Array)
#13 D:\zyweb\pcb_wl\applications\admin\components\Controller.php(43): CController->run('List')
#14 D:\zyweb\Yii1\web\CWebApplication.php(282): Controller->run('List')
#15 D:\zyweb\Yii1\web\CWebApplication.php(141): CWebApplication->runController('User/List')
#16 D:\zyweb\Yii1\base\CApplication.php(180): CWebApplication->processRequest()
#17 D:\zyweb\pcb_wl\website\admin\index.php(32): CApplication->run()
#18 {main}
REQUEST_URI=/User/List
HTTP_REFERER=http://admin.logistics.com/Vehicle/List
---
2017/10/17 14:49:55 [error] [php] Invalid argument supplied for foreach() (D:\zyweb\Yii1\web\helpers\CHtml.php:2325)
Stack trace:
#0 D:\zyweb\pcb_wl\applications\admin\views\user\index.php(14): CActiveForm->dropDownList()
#1 D:\zyweb\Yii1\web\CBaseController.php(126): require()
#2 D:\zyweb\Yii1\web\CBaseController.php(95): UserController->renderInternal()
#3 D:\zyweb\Yii1\web\CController.php(869): UserController->renderFile()
#4 D:\zyweb\Yii1\web\CController.php(782): UserController->renderPartial()
#5 D:\zyweb\pcb_wl\applications\admin\controllers\UserController.php(154): UserController->render()
#6 D:\zyweb\Yii1\web\actions\CInlineAction.php(49): UserController->actionList()
#7 D:\zyweb\Yii1\web\CController.php(308): CInlineAction->runWithParams()
#8 D:\zyweb\Yii1\web\CController.php(286): UserController->runAction()
#9 D:\zyweb\Yii1\web\CController.php(265): UserController->runActionWithFilters()
#10 D:\zyweb\pcb_wl\applications\admin\components\Controller.php(43): UserController->run()
#11 D:\zyweb\Yii1\web\CWebApplication.php(282): UserController->run()
#12 D:\zyweb\Yii1\web\CWebApplication.php(141): CWebApplication->runController()
#13 D:\zyweb\Yii1\base\CApplication.php(180): CWebApplication->processRequest()
#14 D:\zyweb\pcb_wl\website\admin\index.php(32): CWebApplication->run()
REQUEST_URI=/User/List
in D:\zyweb\pcb_wl\applications\admin\views\user\index.php (14)
in D:\zyweb\pcb_wl\applications\admin\controllers\UserController.php (154)
in D:\zyweb\pcb_wl\applications\admin\components\Controller.php (43)
2017/10/17 15:10:58 [error] [php] Undefined variable: vo (D:\zyweb\pcb_wl\applications\admin\views\userDemand\index.php:17)
Stack trace:
#0 D:\zyweb\Yii1\web\CController.php(869): UserDemandController->renderFile()
#1 D:\zyweb\Yii1\web\CController.php(782): UserDemandController->renderPartial()
#2 D:\zyweb\pcb_wl\applications\admin\controllers\UserDemandController.php(22): UserDemandController->render()
#3 D:\zyweb\Yii1\web\actions\CInlineAction.php(49): UserDemandController->actionList()
#4 D:\zyweb\Yii1\web\CController.php(308): CInlineAction->runWithParams()
#5 D:\zyweb\Yii1\web\CController.php(286): UserDemandController->runAction()
#6 D:\zyweb\Yii1\web\CController.php(265): UserDemandController->runActionWithFilters()
#7 D:\zyweb\pcb_wl\applications\admin\components\Controller.php(43): UserDemandController->run()
#8 D:\zyweb\Yii1\web\CWebApplication.php(282): UserDemandController->run()
#9 D:\zyweb\Yii1\web\CWebApplication.php(141): CWebApplication->runController()
#10 D:\zyweb\Yii1\base\CApplication.php(180): CWebApplication->processRequest()
#11 D:\zyweb\pcb_wl\website\admin\index.php(32): CWebApplication->run()
REQUEST_URI=/UserDemand/List
in D:\zyweb\pcb_wl\applications\admin\views\userDemand\index.php (17)
in D:\zyweb\pcb_wl\applications\admin\controllers\UserDemandController.php (22)
in D:\zyweb\pcb_wl\applications\admin\components\Controller.php (43)
2017/10/17 15:13:03 [error] [php] Undefined variable: vo (D:\zyweb\pcb_wl\applications\admin\views\userDemand\index.php:17)
Stack trace:
#0 D:\zyweb\Yii1\web\CController.php(869): UserDemandController->renderFile()
#1 D:\zyweb\Yii1\web\CController.php(782): UserDemandController->renderPartial()
#2 D:\zyweb\pcb_wl\applications\admin\controllers\UserDemandController.php(22): UserDemandController->render()
#3 D:\zyweb\Yii1\web\actions\CInlineAction.php(49): UserDemandController->actionList()
#4 D:\zyweb\Yii1\web\CController.php(308): CInlineAction->runWithParams()
#5 D:\zyweb\Yii1\web\CController.php(286): UserDemandController->runAction()
#6 D:\zyweb\Yii1\web\CController.php(265): UserDemandController->runActionWithFilters()
#7 D:\zyweb\pcb_wl\applications\admin\components\Controller.php(43): UserDemandController->run()
#8 D:\zyweb\Yii1\web\CWebApplication.php(282): UserDemandController->run()
#9 D:\zyweb\Yii1\web\CWebApplication.php(141): CWebApplication->runController()
#10 D:\zyweb\Yii1\base\CApplication.php(180): CWebApplication->processRequest()
#11 D:\zyweb\pcb_wl\website\admin\index.php(32): CWebApplication->run()
REQUEST_URI=/UserDemand/List
in D:\zyweb\pcb_wl\applications\admin\views\userDemand\index.php (17)
in D:\zyweb\pcb_wl\applications\admin\controllers\UserDemandController.php (22)
in D:\zyweb\pcb_wl\applications\admin\components\Controller.php (43)
2017/10/17 15:22:14 [error] [php] Undefined variable: vo (D:\zyweb\pcb_wl\applications\admin\views\userDemand\index.php:17)
Stack trace:
#0 D:\zyweb\Yii1\web\CController.php(869): UserDemandController->renderFile()
#1 D:\zyweb\Yii1\web\CController.php(782): UserDemandController->renderPartial()
#2 D:\zyweb\pcb_wl\applications\admin\controllers\UserDemandController.php(22): UserDemandController->render()
#3 D:\zyweb\Yii1\web\actions\CInlineAction.php(49): UserDemandController->actionList()
#4 D:\zyweb\Yii1\web\CController.php(308): CInlineAction->runWithParams()
#5 D:\zyweb\Yii1\web\CController.php(286): UserDemandController->runAction()
#6 D:\zyweb\Yii1\web\CController.php(265): UserDemandController->runActionWithFilters()
#7 D:\zyweb\pcb_wl\applications\admin\components\Controller.php(43): UserDemandController->run()
#8 D:\zyweb\Yii1\web\CWebApplication.php(282): UserDemandController->run()
#9 D:\zyweb\Yii1\web\CWebApplication.php(141): CWebApplication->runController()
#10 D:\zyweb\Yii1\base\CApplication.php(180): CWebApplication->processRequest()
#11 D:\zyweb\pcb_wl\website\admin\index.php(32): CWebApplication->run()
REQUEST_URI=/UserDemand/List
in D:\zyweb\pcb_wl\applications\admin\views\userDemand\index.php (17)
in D:\zyweb\pcb_wl\applications\admin\controllers\UserDemandController.php (22)
in D:\zyweb\pcb_wl\applications\admin\components\Controller.php (43)
2017/10/17 15:22:49 [error] [php] Undefined variable: vo (D:\zyweb\pcb_wl\applications\admin\views\userDemand\index.php:17)
Stack trace:
#0 D:\zyweb\Yii1\web\CController.php(869): UserDemandController->renderFile()
#1 D:\zyweb\Yii1\web\CController.php(782): UserDemandController->renderPartial()
#2 D:\zyweb\pcb_wl\applications\admin\controllers\UserDemandController.php(22): UserDemandController->render()
#3 D:\zyweb\Yii1\web\actions\CInlineAction.php(49): UserDemandController->actionList()
#4 D:\zyweb\Yii1\web\CController.php(308): CInlineAction->runWithParams()
#5 D:\zyweb\Yii1\web\CController.php(286): UserDemandController->runAction()
#6 D:\zyweb\Yii1\web\CController.php(265): UserDemandController->runActionWithFilters()
#7 D:\zyweb\pcb_wl\applications\admin\components\Controller.php(43): UserDemandController->run()
#8 D:\zyweb\Yii1\web\CWebApplication.php(282): UserDemandController->run()
#9 D:\zyweb\Yii1\web\CWebApplication.php(141): CWebApplication->runController()
#10 D:\zyweb\Yii1\base\CApplication.php(180): CWebApplication->processRequest()
#11 D:\zyweb\pcb_wl\website\admin\index.php(32): CWebApplication->run()
REQUEST_URI=/UserDemand/List
in D:\zyweb\pcb_wl\applications\admin\views\userDemand\index.php (17)
in D:\zyweb\pcb_wl\applications\admin\controllers\UserDemandController.php (22)
in D:\zyweb\pcb_wl\applications\admin\components\Controller.php (43)
2017/10/17 15:26:49 [error] [php] Undefined variable: vo (D:\zyweb\pcb_wl\applications\admin\views\userDemand\index.php:17)
Stack trace:
#0 D:\zyweb\Yii1\web\CController.php(869): UserDemandController->renderFile()
#1 D:\zyweb\Yii1\web\CController.php(782): UserDemandController->renderPartial()
#2 D:\zyweb\pcb_wl\applications\admin\controllers\UserDemandController.php(22): UserDemandController->render()
#3 D:\zyweb\Yii1\web\actions\CInlineAction.php(49): UserDemandController->actionList()
#4 D:\zyweb\Yii1\web\CController.php(308): CInlineAction->runWithParams()
#5 D:\zyweb\Yii1\web\CController.php(286): UserDemandController->runAction()
#6 D:\zyweb\Yii1\web\CController.php(265): UserDemandController->runActionWithFilters()
#7 D:\zyweb\pcb_wl\applications\admin\components\Controller.php(43): UserDemandController->run()
#8 D:\zyweb\Yii1\web\CWebApplication.php(282): UserDemandController->run()
#9 D:\zyweb\Yii1\web\CWebApplication.php(141): CWebApplication->runController()
#10 D:\zyweb\Yii1\base\CApplication.php(180): CWebApplication->processRequest()
#11 D:\zyweb\pcb_wl\website\admin\index.php(32): CWebApplication->run()
REQUEST_URI=/UserDemand/List
in D:\zyweb\pcb_wl\applications\admin\views\userDemand\index.php (17)
in D:\zyweb\pcb_wl\applications\admin\controllers\UserDemandController.php (22)
in D:\zyweb\pcb_wl\applications\admin\components\Controller.php (43)
2017/10/17 15:26:53 [error] [php] Undefined variable: vo (D:\zyweb\pcb_wl\applications\admin\views\userDemand\index.php:17)
Stack trace:
#0 D:\zyweb\Yii1\web\CController.php(869): UserDemandController->renderFile()
#1 D:\zyweb\Yii1\web\CController.php(782): UserDemandController->renderPartial()
#2 D:\zyweb\pcb_wl\applications\admin\controllers\UserDemandController.php(22): UserDemandController->render()
#3 D:\zyweb\Yii1\web\actions\CInlineAction.php(49): UserDemandController->actionList()
#4 D:\zyweb\Yii1\web\CController.php(308): CInlineAction->runWithParams()
#5 D:\zyweb\Yii1\web\CController.php(286): UserDemandController->runAction()
#6 D:\zyweb\Yii1\web\CController.php(265): UserDemandController->runActionWithFilters()
#7 D:\zyweb\pcb_wl\applications\admin\components\Controller.php(43): UserDemandController->run()
#8 D:\zyweb\Yii1\web\CWebApplication.php(282): UserDemandController->run()
#9 D:\zyweb\Yii1\web\CWebApplication.php(141): CWebApplication->runController()
#10 D:\zyweb\Yii1\base\CApplication.php(180): CWebApplication->processRequest()
#11 D:\zyweb\pcb_wl\website\admin\index.php(32): CWebApplication->run()
REQUEST_URI=/UserDemand/List
in D:\zyweb\pcb_wl\applications\admin\views\userDemand\index.php (17)
in D:\zyweb\pcb_wl\applications\admin\controllers\UserDemandController.php (22)
in D:\zyweb\pcb_wl\applications\admin\components\Controller.php (43)
2017/10/17 15:26:53 [error] [php] Undefined variable: vo (D:\zyweb\pcb_wl\applications\admin\views\userDemand\index.php:17)
Stack trace:
#0 D:\zyweb\Yii1\web\CController.php(869): UserDemandController->renderFile()
#1 D:\zyweb\Yii1\web\CController.php(782): UserDemandController->renderPartial()
#2 D:\zyweb\pcb_wl\applications\admin\controllers\UserDemandController.php(22): UserDemandController->render()
#3 D:\zyweb\Yii1\web\actions\CInlineAction.php(49): UserDemandController->actionList()
#4 D:\zyweb\Yii1\web\CController.php(308): CInlineAction->runWithParams()
#5 D:\zyweb\Yii1\web\CController.php(286): UserDemandController->runAction()
#6 D:\zyweb\Yii1\web\CController.php(265): UserDemandController->runActionWithFilters()
#7 D:\zyweb\pcb_wl\applications\admin\components\Controller.php(43): UserDemandController->run()
#8 D:\zyweb\Yii1\web\CWebApplication.php(282): UserDemandController->run()
#9 D:\zyweb\Yii1\web\CWebApplication.php(141): CWebApplication->runController()
#10 D:\zyweb\Yii1\base\CApplication.php(180): CWebApplication->processRequest()
#11 D:\zyweb\pcb_wl\website\admin\index.php(32): CWebApplication->run()
REQUEST_URI=/UserDemand/List
in D:\zyweb\pcb_wl\applications\admin\views\userDemand\index.php (17)
in D:\zyweb\pcb_wl\applications\admin\controllers\UserDemandController.php (22)
in D:\zyweb\pcb_wl\applications\admin\components\Controller.php (43)
2017/10/17 15:26:54 [error] [php] Undefined variable: vo (D:\zyweb\pcb_wl\applications\admin\views\userDemand\index.php:17)
Stack trace:
#0 D:\zyweb\Yii1\web\CController.php(869): UserDemandController->renderFile()
#1 D:\zyweb\Yii1\web\CController.php(782): UserDemandController->renderPartial()
#2 D:\zyweb\pcb_wl\applications\admin\controllers\UserDemandController.php(22): UserDemandController->render()
#3 D:\zyweb\Yii1\web\actions\CInlineAction.php(49): UserDemandController->actionList()
#4 D:\zyweb\Yii1\web\CController.php(308): CInlineAction->runWithParams()
#5 D:\zyweb\Yii1\web\CController.php(286): UserDemandController->runAction()
#6 D:\zyweb\Yii1\web\CController.php(265): UserDemandController->runActionWithFilters()
#7 D:\zyweb\pcb_wl\applications\admin\components\Controller.php(43): UserDemandController->run()
#8 D:\zyweb\Yii1\web\CWebApplication.php(282): UserDemandController->run()
#9 D:\zyweb\Yii1\web\CWebApplication.php(141): CWebApplication->runController()
#10 D:\zyweb\Yii1\base\CApplication.php(180): CWebApplication->processRequest()
#11 D:\zyweb\pcb_wl\website\admin\index.php(32): CWebApplication->run()
REQUEST_URI=/UserDemand/List
in D:\zyweb\pcb_wl\applications\admin\views\userDemand\index.php (17)
in D:\zyweb\pcb_wl\applications\admin\controllers\UserDemandController.php (22)
in D:\zyweb\pcb_wl\applications\admin\components\Controller.php (43)
2017/10/17 15:26:54 [error] [php] Undefined variable: vo (D:\zyweb\pcb_wl\applications\admin\views\userDemand\index.php:17)
Stack trace:
#0 D:\zyweb\Yii1\web\CController.php(869): UserDemandController->renderFile()
#1 D:\zyweb\Yii1\web\CController.php(782): UserDemandController->renderPartial()
#2 D:\zyweb\pcb_wl\applications\admin\controllers\UserDemandController.php(22): UserDemandController->render()
#3 D:\zyweb\Yii1\web\actions\CInlineAction.php(49): UserDemandController->actionList()
#4 D:\zyweb\Yii1\web\CController.php(308): CInlineAction->runWithParams()
#5 D:\zyweb\Yii1\web\CController.php(286): UserDemandController->runAction()
#6 D:\zyweb\Yii1\web\CController.php(265): UserDemandController->runActionWithFilters()
#7 D:\zyweb\pcb_wl\applications\admin\components\Controller.php(43): UserDemandController->run()
#8 D:\zyweb\Yii1\web\CWebApplication.php(282): UserDemandController->run()
#9 D:\zyweb\Yii1\web\CWebApplication.php(141): CWebApplication->runController()
#10 D:\zyweb\Yii1\base\CApplication.php(180): CWebApplication->processRequest()
#11 D:\zyweb\pcb_wl\website\admin\index.php(32): CWebApplication->run()
REQUEST_URI=/UserDemand/List
in D:\zyweb\pcb_wl\applications\admin\views\userDemand\index.php (17)
in D:\zyweb\pcb_wl\applications\admin\controllers\UserDemandController.php (22)
in D:\zyweb\pcb_wl\applications\admin\components\Controller.php (43)
2017/10/17 15:26:59 [error] [php] Undefined variable: vo (D:\zyweb\pcb_wl\applications\admin\views\userDemand\index.php:17)
Stack trace:
#0 D:\zyweb\Yii1\web\CController.php(869): UserDemandController->renderFile()
#1 D:\zyweb\Yii1\web\CController.php(782): UserDemandController->renderPartial()
#2 D:\zyweb\pcb_wl\applications\admin\controllers\UserDemandController.php(22): UserDemandController->render()
#3 D:\zyweb\Yii1\web\actions\CInlineAction.php(49): UserDemandController->actionList()
#4 D:\zyweb\Yii1\web\CController.php(308): CInlineAction->runWithParams()
#5 D:\zyweb\Yii1\web\CController.php(286): UserDemandController->runAction()
#6 D:\zyweb\Yii1\web\CController.php(265): UserDemandController->runActionWithFilters()
#7 D:\zyweb\pcb_wl\applications\admin\components\Controller.php(43): UserDemandController->run()
#8 D:\zyweb\Yii1\web\CWebApplication.php(282): UserDemandController->run()
#9 D:\zyweb\Yii1\web\CWebApplication.php(141): CWebApplication->runController()
#10 D:\zyweb\Yii1\base\CApplication.php(180): CWebApplication->processRequest()
#11 D:\zyweb\pcb_wl\website\admin\index.php(32): CWebApplication->run()
REQUEST_URI=/UserDemand/List
in D:\zyweb\pcb_wl\applications\admin\views\userDemand\index.php (17)
in D:\zyweb\pcb_wl\applications\admin\controllers\UserDemandController.php (22)
in D:\zyweb\pcb_wl\applications\admin\components\Controller.php (43)
2017/10/17 15:28:18 [error] [php] Undefined variable: vo (D:\zyweb\pcb_wl\applications\admin\views\userDemand\index.php:17)
Stack trace:
#0 D:\zyweb\Yii1\web\CController.php(869): UserDemandController->renderFile()
#1 D:\zyweb\Yii1\web\CController.php(782): UserDemandController->renderPartial()
#2 D:\zyweb\pcb_wl\applications\admin\controllers\UserDemandController.php(22): UserDemandController->render()
#3 D:\zyweb\Yii1\web\actions\CInlineAction.php(49): UserDemandController->actionList()
#4 D:\zyweb\Yii1\web\CController.php(308): CInlineAction->runWithParams()
#5 D:\zyweb\Yii1\web\CController.php(286): UserDemandController->runAction()
#6 D:\zyweb\Yii1\web\CController.php(265): UserDemandController->runActionWithFilters()
#7 D:\zyweb\pcb_wl\applications\admin\components\Controller.php(43): UserDemandController->run()
#8 D:\zyweb\Yii1\web\CWebApplication.php(282): UserDemandController->run()
#9 D:\zyweb\Yii1\web\CWebApplication.php(141): CWebApplication->runController()
#10 D:\zyweb\Yii1\base\CApplication.php(180): CWebApplication->processRequest()
#11 D:\zyweb\pcb_wl\website\admin\index.php(32): CWebApplication->run()
REQUEST_URI=/UserDemand/List
in D:\zyweb\pcb_wl\applications\admin\views\userDemand\index.php (17)
in D:\zyweb\pcb_wl\applications\admin\controllers\UserDemandController.php (22)
in D:\zyweb\pcb_wl\applications\admin\components\Controller.php (43)
2017/10/17 15:30:00 [error] [php] Undefined variable: vo (D:\zyweb\pcb_wl\applications\admin\views\userDemand\index.php:17)
Stack trace:
#0 D:\zyweb\Yii1\web\CController.php(869): UserDemandController->renderFile()
#1 D:\zyweb\Yii1\web\CController.php(782): UserDemandController->renderPartial()
#2 D:\zyweb\pcb_wl\applications\admin\controllers\UserDemandController.php(22): UserDemandController->render()
#3 D:\zyweb\Yii1\web\actions\CInlineAction.php(49): UserDemandController->actionList()
#4 D:\zyweb\Yii1\web\CController.php(308): CInlineAction->runWithParams()
#5 D:\zyweb\Yii1\web\CController.php(286): UserDemandController->runAction()
#6 D:\zyweb\Yii1\web\CController.php(265): UserDemandController->runActionWithFilters()
#7 D:\zyweb\pcb_wl\applications\admin\components\Controller.php(43): UserDemandController->run()
#8 D:\zyweb\Yii1\web\CWebApplication.php(282): UserDemandController->run()
#9 D:\zyweb\Yii1\web\CWebApplication.php(141): CWebApplication->runController()
#10 D:\zyweb\Yii1\base\CApplication.php(180): CWebApplication->processRequest()
#11 D:\zyweb\pcb_wl\website\admin\index.php(32): CWebApplication->run()
REQUEST_URI=/UserDemand/List
in D:\zyweb\pcb_wl\applications\admin\views\userDemand\index.php (17)
in D:\zyweb\pcb_wl\applications\admin\controllers\UserDemandController.php (22)
in D:\zyweb\pcb_wl\applications\admin\components\Controller.php (43)
2017/10/17 15:45:39 [error] [exception.CHttpException.404] exception 'CHttpException' with message 'Unable to resolve the request "favicon.ico".' in D:\zyweb\Yii1\web\CWebApplication.php:286
Stack trace:
#0 D:\zyweb\Yii1\web\CWebApplication.php(141): CWebApplication->runController('favicon.ico')
#1 D:\zyweb\Yii1\base\CApplication.php(180): CWebApplication->processRequest()
#2 D:\zyweb\pcb_wl\website\admin\index.php(32): CApplication->run()
#3 {main}
REQUEST_URI=/favicon.ico
HTTP_REFERER=http://admin.logistics.com/User/UserInfo/id/2
---
2017/10/17 15:45:39 [error] [exception.CHttpException.404] exception 'CHttpException' with message 'Unable to resolve the request "favicon.ico".' in D:\zyweb\Yii1\web\CWebApplication.php:286
Stack trace:
#0 D:\zyweb\Yii1\web\CWebApplication.php(141): CWebApplication->runController('favicon.ico')
#1 D:\zyweb\Yii1\base\CApplication.php(180): CWebApplication->processRequest()
#2 D:\zyweb\pcb_wl\website\admin\index.php(32): CApplication->run()
#3 {main}
REQUEST_URI=/favicon.ico
HTTP_REFERER=http://admin.logistics.com/User/UserInfo/id/2
---
2017/10/17 15:45:39 [error] [exception.CHttpException.404] exception 'CHttpException' with message 'Unable to resolve the request "favicon.ico".' in D:\zyweb\Yii1\web\CWebApplication.php:286
Stack trace:
#0 D:\zyweb\Yii1\web\CWebApplication.php(141): CWebApplication->runController('favicon.ico')
#1 D:\zyweb\Yii1\base\CApplication.php(180): CWebApplication->processRequest()
#2 D:\zyweb\pcb_wl\website\admin\index.php(32): CApplication->run()
#3 {main}
REQUEST_URI=/favicon.ico
HTTP_REFERER=http://admin.logistics.com/User/UserInfo/id/2
---
2017/10/17 15:45:40 [error] [exception.CHttpException.404] exception 'CHttpException' with message 'Unable to resolve the request "favicon.ico".' in D:\zyweb\Yii1\web\CWebApplication.php:286
Stack trace:
#0 D:\zyweb\Yii1\web\CWebApplication.php(141): CWebApplication->runController('favicon.ico')
#1 D:\zyweb\Yii1\base\CApplication.php(180): CWebApplication->processRequest()
#2 D:\zyweb\pcb_wl\website\admin\index.php(32): CApplication->run()
#3 {main}
REQUEST_URI=/favicon.ico
HTTP_REFERER=http://admin.logistics.com/User/UserInfo/id/2
---
2017/10/17 15:45:40 [error] [exception.CHttpException.404] exception 'CHttpException' with message 'Unable to resolve the request "favicon.ico".' in D:\zyweb\Yii1\web\CWebApplication.php:286
Stack trace:
#0 D:\zyweb\Yii1\web\CWebApplication.php(141): CWebApplication->runController('favicon.ico')
#1 D:\zyweb\Yii1\base\CApplication.php(180): CWebApplication->processRequest()
#2 D:\zyweb\pcb_wl\website\admin\index.php(32): CApplication->run()
#3 {main}
REQUEST_URI=/favicon.ico
HTTP_REFERER=http://admin.logistics.com/User/UserInfo/id/2
---
2017/10/17 15:45:40 [error] [exception.CHttpException.404] exception 'CHttpException' with message 'Unable to resolve the request "favicon.ico".' in D:\zyweb\Yii1\web\CWebApplication.php:286
Stack trace:
#0 D:\zyweb\Yii1\web\CWebApplication.php(141): CWebApplication->runController('favicon.ico')
#1 D:\zyweb\Yii1\base\CApplication.php(180): CWebApplication->processRequest()
#2 D:\zyweb\pcb_wl\website\admin\index.php(32): CApplication->run()
#3 {main}
REQUEST_URI=/favicon.ico
HTTP_REFERER=http://admin.logistics.com/User/UserInfo/id/2
---
2017/10/17 15:45:40 [error] [exception.CHttpException.404] exception 'CHttpException' with message 'Unable to resolve the request "favicon.ico".' in D:\zyweb\Yii1\web\CWebApplication.php:286
Stack trace:
#0 D:\zyweb\Yii1\web\CWebApplication.php(141): CWebApplication->runController('favicon.ico')
#1 D:\zyweb\Yii1\base\CApplication.php(180): CWebApplication->processRequest()
#2 D:\zyweb\pcb_wl\website\admin\index.php(32): CApplication->run()
#3 {main}
REQUEST_URI=/favicon.ico
HTTP_REFERER=http://admin.logistics.com/User/UserInfo/id/2
---
2017/10/17 15:45:40 [error] [exception.CHttpException.404] exception 'CHttpException' with message 'Unable to resolve the request "favicon.ico".' in D:\zyweb\Yii1\web\CWebApplication.php:286
Stack trace:
#0 D:\zyweb\Yii1\web\CWebApplication.php(141): CWebApplication->runController('favicon.ico')
#1 D:\zyweb\Yii1\base\CApplication.php(180): CWebApplication->processRequest()
#2 D:\zyweb\pcb_wl\website\admin\index.php(32): CApplication->run()
#3 {main}
REQUEST_URI=/favicon.ico
HTTP_REFERER=http://admin.logistics.com/User/UserInfo/id/2
---
2017/10/17 17:01:52 [error] [php] Undefined variable: personModel (D:\zyweb\pcb_wl\applications\admin\views\user\person.php:12)
Stack trace:
#0 D:\zyweb\Yii1\web\CController.php(869): UserController->renderFile()
#1 D:\zyweb\pcb_wl\applications\admin\views\user\chooseType.php(16): UserController->renderPartial()
#2 D:\zyweb\Yii1\web\CBaseController.php(126): require()
#3 D:\zyweb\Yii1\web\CBaseController.php(95): UserController->renderInternal()
#4 D:\zyweb\Yii1\web\CController.php(869): UserController->renderFile()
#5 D:\zyweb\pcb_wl\applications\admin\views\user\edit.php(111): UserController->renderPartial()
#6 D:\zyweb\Yii1\web\CBaseController.php(126): require()
#7 D:\zyweb\Yii1\web\CBaseController.php(95): UserController->renderInternal()
#8 D:\zyweb\Yii1\web\CController.php(869): UserController->renderFile()
#9 D:\zyweb\Yii1\web\CController.php(782): UserController->renderPartial()
#10 D:\zyweb\pcb_wl\applications\admin\controllers\UserController.php(56): UserController->render()
#11 D:\zyweb\Yii1\web\actions\CInlineAction.php(49): UserController->actionUserInfo()
#12 D:\zyweb\Yii1\web\CController.php(308): CInlineAction->runWithParams()
#13 D:\zyweb\Yii1\web\CController.php(286): UserController->runAction()
#14 D:\zyweb\Yii1\web\CController.php(265): UserController->runActionWithFilters()
#15 D:\zyweb\pcb_wl\applications\admin\components\Controller.php(43): UserController->run()
#16 D:\zyweb\Yii1\web\CWebApplication.php(282): UserController->run()
#17 D:\zyweb\Yii1\web\CWebApplication.php(141): CWebApplication->runController()
#18 D:\zyweb\Yii1\base\CApplication.php(180): CWebApplication->processRequest()
#19 D:\zyweb\pcb_wl\website\admin\index.php(32): CWebApplication->run()
REQUEST_URI=/User/UserInfo/id/2
in D:\zyweb\pcb_wl\applications\admin\views\user\person.php (12)
in D:\zyweb\pcb_wl\applications\admin\views\user\chooseType.php (16)
in D:\zyweb\pcb_wl\applications\admin\views\user\edit.php (111)
2017/10/17 17:02:59 [error] [php] Undefined variable: userId (D:\zyweb\pcb_wl\applications\admin\views\user\chooseType.php:21)
Stack trace:
#0 D:\zyweb\Yii1\web\CController.php(869): UserController->renderFile()
#1 D:\zyweb\pcb_wl\applications\admin\views\user\edit.php(111): UserController->renderPartial()
#2 D:\zyweb\Yii1\web\CBaseController.php(126): require()
#3 D:\zyweb\Yii1\web\CBaseController.php(95): UserController->renderInternal()
#4 D:\zyweb\Yii1\web\CController.php(869): UserController->renderFile()
#5 D:\zyweb\Yii1\web\CController.php(782): UserController->renderPartial()
#6 D:\zyweb\pcb_wl\applications\admin\controllers\UserController.php(56): UserController->render()
#7 D:\zyweb\Yii1\web\actions\CInlineAction.php(49): UserController->actionUserInfo()
#8 D:\zyweb\Yii1\web\CController.php(308): CInlineAction->runWithParams()
#9 D:\zyweb\Yii1\web\CController.php(286): UserController->runAction()
#10 D:\zyweb\Yii1\web\CController.php(265): UserController->runActionWithFilters()
#11 D:\zyweb\pcb_wl\applications\admin\components\Controller.php(43): UserController->run()
#12 D:\zyweb\Yii1\web\CWebApplication.php(282): UserController->run()
#13 D:\zyweb\Yii1\web\CWebApplication.php(141): CWebApplication->runController()
#14 D:\zyweb\Yii1\base\CApplication.php(180): CWebApplication->processRequest()
#15 D:\zyweb\pcb_wl\website\admin\index.php(32): CWebApplication->run()
REQUEST_URI=/User/UserInfo/id/2
in D:\zyweb\pcb_wl\applications\admin\views\user\chooseType.php (21)
in D:\zyweb\pcb_wl\applications\admin\views\user\edit.php (111)
in D:\zyweb\pcb_wl\applications\admin\controllers\UserController.php (56)
2017/10/17 17:31:43 [error] [php] Undefined variable: personModel (D:\zyweb\pcb_wl\applications\admin\views\user\driverEdit.php:12)
Stack trace:
#0 D:\zyweb\Yii1\web\CController.php(869): UserController->renderFile()
#1 D:\zyweb\pcb_wl\applications\admin\controllers\UserController.php(101): UserController->renderPartial()
#2 D:\zyweb\Yii1\web\actions\CInlineAction.php(49): UserController->actionChooseRole()
#3 D:\zyweb\Yii1\web\CController.php(308): CInlineAction->runWithParams()
#4 D:\zyweb\Yii1\web\CController.php(286): UserController->runAction()
#5 D:\zyweb\Yii1\web\CController.php(265): UserController->runActionWithFilters()
#6 D:\zyweb\pcb_wl\applications\admin\components\Controller.php(43): UserController->run()
#7 D:\zyweb\Yii1\web\CWebApplication.php(282): UserController->run()
#8 D:\zyweb\Yii1\web\CWebApplication.php(141): CWebApplication->runController()
#9 D:\zyweb\Yii1\base\CApplication.php(180): CWebApplication->processRequest()
#10 D:\zyweb\pcb_wl\website\admin\index.php(32): CWebApplication->run()
REQUEST_URI=/user/ChooseRole?typeId=1&userId=2
in D:\zyweb\pcb_wl\applications\admin\views\user\driverEdit.php (12)
in D:\zyweb\pcb_wl\applications\admin\controllers\UserController.php (101)
in D:\zyweb\pcb_wl\applications\admin\components\Controller.php (43)
2017/10/17 17:31:45 [error] [php] Undefined variable: personModel (D:\zyweb\pcb_wl\applications\admin\views\user\driverEdit.php:12)
Stack trace:
#0 D:\zyweb\Yii1\web\CController.php(869): UserController->renderFile()
#1 D:\zyweb\pcb_wl\applications\admin\controllers\UserController.php(101): UserController->renderPartial()
#2 D:\zyweb\Yii1\web\actions\CInlineAction.php(49): UserController->actionChooseRole()
#3 D:\zyweb\Yii1\web\CController.php(308): CInlineAction->runWithParams()
#4 D:\zyweb\Yii1\web\CController.php(286): UserController->runAction()
#5 D:\zyweb\Yii1\web\CController.php(265): UserController->runActionWithFilters()
#6 D:\zyweb\pcb_wl\applications\admin\components\Controller.php(43): UserController->run()
#7 D:\zyweb\Yii1\web\CWebApplication.php(282): UserController->run()
#8 D:\zyweb\Yii1\web\CWebApplication.php(141): CWebApplication->runController()
#9 D:\zyweb\Yii1\base\CApplication.php(180): CWebApplication->processRequest()
#10 D:\zyweb\pcb_wl\website\admin\index.php(32): CWebApplication->run()
REQUEST_URI=/user/ChooseRole?typeId=1&userId=2
in D:\zyweb\pcb_wl\applications\admin\views\user\driverEdit.php (12)
in D:\zyweb\pcb_wl\applications\admin\controllers\UserController.php (101)
in D:\zyweb\pcb_wl\applications\admin\components\Controller.php (43)
2017/10/17 17:31:47 [error] [php] Undefined variable: personModel (D:\zyweb\pcb_wl\applications\admin\views\user\driverEdit.php:12)
Stack trace:
#0 D:\zyweb\Yii1\web\CController.php(869): UserController->renderFile()
#1 D:\zyweb\pcb_wl\applications\admin\controllers\UserController.php(101): UserController->renderPartial()
#2 D:\zyweb\Yii1\web\actions\CInlineAction.php(49): UserController->actionChooseRole()
#3 D:\zyweb\Yii1\web\CController.php(308): CInlineAction->runWithParams()
#4 D:\zyweb\Yii1\web\CController.php(286): UserController->runAction()
#5 D:\zyweb\Yii1\web\CController.php(265): UserController->runActionWithFilters()
#6 D:\zyweb\pcb_wl\applications\admin\components\Controller.php(43): UserController->run()
#7 D:\zyweb\Yii1\web\CWebApplication.php(282): UserController->run()
#8 D:\zyweb\Yii1\web\CWebApplication.php(141): CWebApplication->runController()
#9 D:\zyweb\Yii1\base\CApplication.php(180): CWebApplication->processRequest()
#10 D:\zyweb\pcb_wl\website\admin\index.php(32): CWebApplication->run()
REQUEST_URI=/user/ChooseRole?typeId=1&userId=2
in D:\zyweb\pcb_wl\applications\admin\views\user\driverEdit.php (12)
in D:\zyweb\pcb_wl\applications\admin\controllers\UserController.php (101)
in D:\zyweb\pcb_wl\applications\admin\components\Controller.php (43)
2017/10/17 17:31:49 [error] [php] Undefined variable: personModel (D:\zyweb\pcb_wl\applications\admin\views\user\driverEdit.php:12)
Stack trace:
#0 D:\zyweb\Yii1\web\CController.php(869): UserController->renderFile()
#1 D:\zyweb\pcb_wl\applications\admin\controllers\UserController.php(101): UserController->renderPartial()
#2 D:\zyweb\Yii1\web\actions\CInlineAction.php(49): UserController->actionChooseRole()
#3 D:\zyweb\Yii1\web\CController.php(308): CInlineAction->runWithParams()
#4 D:\zyweb\Yii1\web\CController.php(286): UserController->runAction()
#5 D:\zyweb\Yii1\web\CController.php(265): UserController->runActionWithFilters()
#6 D:\zyweb\pcb_wl\applications\admin\components\Controller.php(43): UserController->run()
#7 D:\zyweb\Yii1\web\CWebApplication.php(282): UserController->run()
#8 D:\zyweb\Yii1\web\CWebApplication.php(141): CWebApplication->runController()
#9 D:\zyweb\Yii1\base\CApplication.php(180): CWebApplication->processRequest()
#10 D:\zyweb\pcb_wl\website\admin\index.php(32): CWebApplication->run()
REQUEST_URI=/user/ChooseRole?typeId=1&userId=2
in D:\zyweb\pcb_wl\applications\admin\views\user\driverEdit.php (12)
in D:\zyweb\pcb_wl\applications\admin\controllers\UserController.php (101)
in D:\zyweb\pcb_wl\applications\admin\components\Controller.php (43)
