2017/09/15 09:33:32 [profile] [sql] SELECT * FROM `Admin` `t` WHERE username="admin"
2017/09/15 09:33:32 [profile] [sql] SELECT SQL_CALC_FOUND_ROWS * FROM `UserDemand` `t` LIMIT 15
2017/09/15 09:33:32 [profile] [sql] SELECT FOUND_ROWS()
2017/09/15 09:33:40 [profile] [sql] SELECT * FROM `User` WHERE `id` = "2"
2017/09/15 09:33:40 [profile] [sql] SELECT * FROM `UserPerson` `t` WHERE userId="2"
2017/09/15 09:33:51 [profile] [sql] SELECT * FROM `User` WHERE `id` = "2"
2017/09/15 09:33:51 [profile] [sql] SELECT * FROM `UserPerson` `t` WHERE userId="2"
2017/09/15 09:41:04 [profile] [sql] SELECT * FROM `Admin` `t` WHERE username="admin"
2017/09/15 09:41:04 [profile] [sql] SELECT SQL_CALC_FOUND_ROWS * FROM `UserDemand` `t` LIMIT 15
2017/09/15 09:41:04 [profile] [sql] SELECT FOUND_ROWS()
2017/09/15 09:41:11 [profile] [sql] SELECT * FROM `User` WHERE `id` = "2"
2017/09/15 09:41:11 [profile] [sql] SELECT * FROM `UserPerson` `t` WHERE userId="2"
2017/09/15 13:53:57 [profile] [sql] SELECT id,name FROM `Insurance` `t` WHERE state="1"
2017/09/15 13:54:36 [profile] [sql] SELECT id,name,price FROM `Insurance` `t` WHERE state="1"
2017/09/15 13:56:51 [profile] [sql] SELECT id,name,price FROM `Insurance` `t` WHERE state="1"
2017/09/15 14:03:12 [profile] [sql] SELECT * FROM `Admin` `t` WHERE username="admin"
2017/09/15 14:03:12 [profile] [sql] SELECT SQL_CALC_FOUND_ROWS * FROM `UserDemand` `t` LIMIT 15
2017/09/15 14:03:12 [profile] [sql] SELECT FOUND_ROWS()
2017/09/15 14:03:24 [profile] [sql] SELECT * FROM `UserDemand` WHERE `id` = "8"
2017/09/15 14:03:24 [profile] [sql] SELECT * FROM `ItemType` WHERE `id` = "1"
2017/09/15 14:03:24 [profile] [sql] SELECT * FROM `ItemType` WHERE `id` = "2"
2017/09/15 16:08:08 [profile] [sql] SELECT * FROM `User` `t` WHERE utoken="867d47f2eddcd528033af143e21fad87"
2017/09/15 16:08:08 [profile] [sql] SELECT * FROM `UserDemand` `t` WHERE (userId="2") AND (state="1")
2017/09/15 16:08:08 [profile] [sql] SELECT * FROM `Cost` `t` WHERE demandId="8"
2017/09/15 16:08:08 [profile] [sql] SELECT * FROM `Cost` `t` WHERE demandId="9"
2017/09/15 16:08:31 [profile] [sql] SELECT * FROM `Cost` WHERE `id` = "1"
2017/09/15 16:08:31 [profile] [sql] SELECT * FROM `UserDemand` WHERE `id` = "8"
2017/09/15 16:08:31 [profile] [sql] SELECT * FROM `Vehicle` WHERE `tId` = "1"
2017/09/15 16:08:31 [profile] [sql] SELECT * FROM `Insurance` WHERE `id` = "1"
2017/09/15 16:08:58 [profile] [sql] SELECT * FROM `Cost` WHERE `id` = "1"
2017/09/15 16:08:58 [profile] [sql] SELECT * FROM `UserDemand` WHERE `id` = "8"
2017/09/15 16:08:58 [profile] [sql] SELECT * FROM `Vehicle` WHERE `tId` = "1"
2017/09/15 16:08:58 [profile] [sql] SELECT * FROM `Insurance` WHERE `id` = "1"
2017/09/15 16:09:07 [profile] [sql] SELECT * FROM `Cost` WHERE `id` = "1"
2017/09/15 16:09:07 [profile] [sql] SELECT * FROM `UserDemand` WHERE `id` = "8"
2017/09/15 16:09:07 [profile] [sql] SELECT * FROM `Vehicle` WHERE `tId` = "1"
2017/09/15 16:09:07 [profile] [sql] SELECT * FROM `Insurance` WHERE `id` = "1"
2017/09/15 16:09:28 [profile] [sql] SELECT * FROM `Cost` WHERE `id` = "1"
2017/09/15 16:09:28 [profile] [sql] SELECT * FROM `UserDemand` WHERE `id` = "8"
2017/09/15 16:09:28 [profile] [sql] SELECT * FROM `Vehicle` WHERE `tId` = "1"
2017/09/15 16:09:28 [profile] [sql] SELECT * FROM `Insurance` WHERE `id` = "1"
2017/09/15 17:14:38 [profile] [sql] SELECT * FROM `Admin` `t` WHERE username="admin"
2017/09/15 17:14:38 [profile] [sql] SELECT SQL_CALC_FOUND_ROWS * FROM `UserDemand` `t` LIMIT 15
2017/09/15 17:14:38 [profile] [sql] SELECT FOUND_ROWS()
2017/09/15 17:14:42 [profile] [sql] SELECT * FROM `User` WHERE `id` = "2"
2017/09/15 17:14:42 [profile] [sql] SELECT * FROM `UserPerson` `t` WHERE userId="2"
2017/09/15 17:18:07 [profile] [sql] SELECT * FROM `User` WHERE `id` = "2"
2017/09/15 17:18:07 [profile] [sql] SELECT * FROM `UserPerson` `t` WHERE userId="2"
2017/09/15 17:22:06 [profile] [sql] SELECT * FROM `User` WHERE `id` = "2"
2017/09/15 17:22:06 [profile] [sql] SELECT * FROM `UserPerson` `t` WHERE userId="2"
2017/09/15 17:24:20 [profile] [sql] SELECT * FROM `User` WHERE `id` = "2"
2017/09/15 17:24:20 [profile] [sql] SELECT * FROM `UserPerson` `t` WHERE userId="2"
2017/09/15 17:24:21 [profile] [sql] SELECT * FROM `User` WHERE `id` = "2"
2017/09/15 17:24:21 [profile] [sql] SELECT * FROM `UserPerson` `t` WHERE userId="2"
2017/09/15 17:24:21 [profile] [sql] SELECT * FROM `User` WHERE `id` = "2"
2017/09/15 17:24:21 [profile] [sql] SELECT * FROM `UserPerson` `t` WHERE userId="2"
2017/09/15 17:24:21 [profile] [sql] SELECT * FROM `User` WHERE `id` = "2"
2017/09/15 17:24:21 [profile] [sql] SELECT * FROM `UserPerson` `t` WHERE userId="2"
2017/09/15 17:24:22 [profile] [sql] SELECT * FROM `User` WHERE `id` = "2"
2017/09/15 17:24:22 [profile] [sql] SELECT * FROM `UserPerson` `t` WHERE userId="2"
2017/09/15 17:24:22 [profile] [sql] SELECT * FROM `User` WHERE `id` = "2"
2017/09/15 17:24:22 [profile] [sql] SELECT * FROM `UserPerson` `t` WHERE userId="2"
2017/09/15 17:24:22 [profile] [sql] SELECT * FROM `User` WHERE `id` = "2"
2017/09/15 17:24:22 [profile] [sql] SELECT * FROM `UserPerson` `t` WHERE userId="2"
2017/09/15 17:24:22 [profile] [sql] SELECT * FROM `User` WHERE `id` = "2"
2017/09/15 17:24:22 [profile] [sql] SELECT * FROM `UserPerson` `t` WHERE userId="2"
2017/09/15 17:24:23 [profile] [sql] SELECT * FROM `User` WHERE `id` = "2"
2017/09/15 17:24:23 [profile] [sql] SELECT * FROM `UserPerson` `t` WHERE userId="2"
2017/09/15 17:24:23 [profile] [sql] SELECT * FROM `User` WHERE `id` = "2"
2017/09/15 17:24:23 [profile] [sql] SELECT * FROM `UserPerson` `t` WHERE userId="2"
2017/09/15 17:24:23 [profile] [sql] SELECT * FROM `User` WHERE `id` = "2"
2017/09/15 17:24:23 [profile] [sql] SELECT * FROM `UserPerson` `t` WHERE userId="2"
2017/09/15 17:24:23 [profile] [sql] SELECT * FROM `User` WHERE `id` = "2"
2017/09/15 17:24:23 [profile] [sql] SELECT * FROM `UserPerson` `t` WHERE userId="2"
2017/09/15 17:24:24 [profile] [sql] SELECT * FROM `User` WHERE `id` = "2"
2017/09/15 17:24:24 [profile] [sql] SELECT * FROM `UserPerson` `t` WHERE userId="2"
2017/09/15 17:24:24 [profile] [sql] SELECT * FROM `User` WHERE `id` = "2"
2017/09/15 17:24:24 [profile] [sql] SELECT * FROM `UserPerson` `t` WHERE userId="2"
2017/09/15 17:27:50 [profile] [sql] SELECT * FROM `User` WHERE `id` = "2"
2017/09/15 17:27:50 [profile] [sql] SELECT * FROM `UserPerson` `t` WHERE userId="2"
